<?xml version="1.0" encoding="UTF-8"?>
<!-- Generated by org.testng.reporters.JUnitXMLReporter -->
<testsuite hostname="INAS-LP024" ignored="0" name="Asset" tests="486" failures="14" timestamp="2021-08-07T19:57:08 IST" time="14520.597" errors="0">
  <testcase name="@BeforeMethod Setup" time="201.582" classname="com.vrt.testcases.assetHubTest">
    <failure type="org.openqa.selenium.SessionNotCreatedException" message="Unable to create a new remote session. Please check the server log for more details. Original error: Failed to locate opened application window with appId: Kaye.ValProbeRT_racmveb2qnwa8!App, and processId: 10344 (WARNING: The server did not provide any stacktrace information)
Command duration or timeout: 201.57 seconds
Build info: version: &amp;apos;3.141.59&amp;apos;, revision: &amp;apos;e82be7d358&amp;apos;, time: &amp;apos;2018-11-14T08:17:03&amp;apos;
System info: host: &amp;apos;INAS-LP024&amp;apos;, ip: &amp;apos;127.0.0.1&amp;apos;, os.name: &amp;apos;Windows 10&amp;apos;, os.arch: &amp;apos;amd64&amp;apos;, os.version: &amp;apos;10.0&amp;apos;, java.version: &amp;apos;1.8.0_181&amp;apos;
Driver info: driver.version: WindowsDriver
Build info: version: &amp;apos;3.141.59&amp;apos;, revision: &amp;apos;e82be7d358&amp;apos;, time: &amp;apos;2018-11-14T08:17:03&amp;apos;
System info: host: &amp;apos;INAS-LP024&amp;apos;, ip: &amp;apos;127.0.0.1&amp;apos;, os.name: &amp;apos;Windows 10&amp;apos;, os.arch: &amp;apos;amd64&amp;apos;, os.version: &amp;apos;10.0&amp;apos;, java.version: &amp;apos;1.8.0_181&amp;apos;
Driver info: driver.version: WindowsDriver">
      <![CDATA[org.openqa.selenium.SessionNotCreatedException: Unable to create a new remote session. Please check the server log for more details. Original error: Failed to locate opened application window with appId: Kaye.ValProbeRT_racmveb2qnwa8!App, and processId: 10344 (WARNING: The server did not provide any stacktrace information)
Command duration or timeout: 201.57 seconds
Build info: version: '3.141.59', revision: 'e82be7d358', time: '2018-11-14T08:17:03'
System info: host: 'INAS-LP024', ip: '127.0.0.1', os.name: 'Windows 10', os.arch: 'amd64', os.version: '10.0', java.version: '1.8.0_181'
Driver info: driver.version: WindowsDriver
Build info: version: '3.141.59', revision: 'e82be7d358', time: '2018-11-14T08:17:03'
System info: host: 'INAS-LP024', ip: '127.0.0.1', os.name: 'Windows 10', os.arch: 'amd64', os.version: '10.0', java.version: '1.8.0_181'
Driver info: driver.version: WindowsDriver
at io.appium.java_client.remote.AppiumCommandExecutor$1.createSession(AppiumCommandExecutor.java:208)
at io.appium.java_client.remote.AppiumCommandExecutor.createSession(AppiumCommandExecutor.java:217)
at io.appium.java_client.remote.AppiumCommandExecutor.execute(AppiumCommandExecutor.java:239)
at org.openqa.selenium.remote.RemoteWebDriver.execute(RemoteWebDriver.java:552)
at io.appium.java_client.DefaultGenericMobileDriver.execute(DefaultGenericMobileDriver.java:42)
at io.appium.java_client.AppiumDriver.execute(AppiumDriver.java:1)
at io.appium.java_client.windows.WindowsDriver.execute(WindowsDriver.java:1)
at org.openqa.selenium.remote.RemoteWebDriver.startSession(RemoteWebDriver.java:213)
at org.openqa.selenium.remote.RemoteWebDriver.<init>(RemoteWebDriver.java:131)
at io.appium.java_client.DefaultGenericMobileDriver.<init>(DefaultGenericMobileDriver.java:38)
at io.appium.java_client.AppiumDriver.<init>(AppiumDriver.java:84)
at io.appium.java_client.AppiumDriver.<init>(AppiumDriver.java:94)
at io.appium.java_client.windows.WindowsDriver.<init>(WindowsDriver.java:42)
at com.vrt.base.BaseClass.LaunchApp(BaseClass.java:80)
at com.vrt.testcases.assetHubTest.Setup(assetHubTest.java:123)
at sun.reflect.NativeMethodAccessorImpl.invoke0(Native Method)
at sun.reflect.NativeMethodAccessorImpl.invoke(NativeMethodAccessorImpl.java:62)
at sun.reflect.DelegatingMethodAccessorImpl.invoke(DelegatingMethodAccessorImpl.java:43)
at java.lang.reflect.Method.invoke(Method.java:498)
at org.testng.internal.MethodInvocationHelper.invokeMethod(MethodInvocationHelper.java:132)
at org.testng.internal.MethodInvocationHelper.invokeMethodConsideringTimeout(MethodInvocationHelper.java:61)
at org.testng.internal.ConfigInvoker.invokeConfigurationMethod(ConfigInvoker.java:366)
at org.testng.internal.ConfigInvoker.invokeConfigurations(ConfigInvoker.java:320)
at org.testng.internal.TestInvoker.runConfigMethods(TestInvoker.java:701)
at org.testng.internal.TestInvoker.invokeMethod(TestInvoker.java:527)
at org.testng.internal.TestInvoker.retryFailed(TestInvoker.java:214)
at org.testng.internal.MethodRunner.runInSequence(MethodRunner.java:58)
at org.testng.internal.TestInvoker$MethodInvocationAgent.invoke(TestInvoker.java:822)
at org.testng.internal.TestInvoker.invokeTestMethods(TestInvoker.java:147)
at org.testng.internal.TestMethodWorker.invokeTestMethods(TestMethodWorker.java:146)
at org.testng.internal.TestMethodWorker.run(TestMethodWorker.java:128)
at java.util.ArrayList.forEach(ArrayList.java:1257)
at org.testng.TestRunner.privateRun(TestRunner.java:764)
at org.testng.TestRunner.run(TestRunner.java:585)
at org.testng.SuiteRunner.runTest(SuiteRunner.java:384)
at org.testng.SuiteRunner.runSequentially(SuiteRunner.java:378)
at org.testng.SuiteRunner.privateRun(SuiteRunner.java:337)
at org.testng.SuiteRunner.run(SuiteRunner.java:286)
at org.testng.SuiteRunnerWorker.runSuite(SuiteRunnerWorker.java:53)
at org.testng.SuiteRunnerWorker.run(SuiteRunnerWorker.java:96)
at org.testng.TestNG.runSuitesSequentially(TestNG.java:1218)
at org.testng.TestNG.runSuitesLocally(TestNG.java:1140)
at org.testng.TestNG.runSuites(TestNG.java:1069)
at org.testng.TestNG.run(TestNG.java:1037)
at org.testng.remote.AbstractRemoteTestNG.run(AbstractRemoteTestNG.java:115)
at org.testng.remote.RemoteTestNG.initAndRun(RemoteTestNG.java:251)
at org.testng.remote.RemoteTestNG.main(RemoteTestNG.java:77)
Caused by: java.lang.reflect.InvocationTargetException
at sun.reflect.GeneratedMethodAccessor2.invoke(Unknown Source)
at sun.reflect.DelegatingMethodAccessorImpl.invoke(DelegatingMethodAccessorImpl.java:43)
at java.lang.reflect.Method.invoke(Method.java:498)
at io.appium.java_client.remote.AppiumCommandExecutor$1.createSession(AppiumCommandExecutor.java:186)
... 46 more
Caused by: org.openqa.selenium.WebDriverException: Failed to locate opened application window with appId: Kaye.ValProbeRT_racmveb2qnwa8!App, and processId: 10344 (WARNING: The server did not provide any stacktrace information)
Command duration or timeout: 201.57 seconds
Build info: version: '3.141.59', revision: 'e82be7d358', time: '2018-11-14T08:17:03'
System info: host: 'INAS-LP024', ip: '127.0.0.1', os.name: 'Windows 10', os.arch: 'amd64', os.version: '10.0', java.version: '1.8.0_181'
Driver info: driver.version: WindowsDriver
at sun.reflect.NativeConstructorAccessorImpl.newInstance0(Native Method)
at sun.reflect.NativeConstructorAccessorImpl.newInstance(NativeConstructorAccessorImpl.java:62)
at sun.reflect.DelegatingConstructorAccessorImpl.newInstance(DelegatingConstructorAccessorImpl.java:45)
at java.lang.reflect.Constructor.newInstance(Constructor.java:423)
at org.openqa.selenium.remote.ErrorHandler.createThrowable(ErrorHandler.java:214)
at org.openqa.selenium.remote.ErrorHandler.throwIfResponseFailed(ErrorHandler.java:166)
at org.openqa.selenium.remote.JsonWireProtocolResponse.lambda$errorHandler$0(JsonWireProtocolResponse.java:54)
at org.openqa.selenium.remote.HandshakeResponse.lambda$getResponseFunction$0(HandshakeResponse.java:30)
at org.openqa.selenium.remote.ProtocolHandshake.lambda$createSession$0(ProtocolHandshake.java:126)
at java.util.stream.ReferencePipeline$3$1.accept(ReferencePipeline.java:193)
at java.util.Spliterators$ArraySpliterator.tryAdvance(Spliterators.java:958)
at java.util.stream.ReferencePipeline.forEachWithCancel(ReferencePipeline.java:126)
at java.util.stream.AbstractPipeline.copyIntoWithCancel(AbstractPipeline.java:498)
at java.util.stream.AbstractPipeline.copyInto(AbstractPipeline.java:485)
at java.util.stream.AbstractPipeline.wrapAndCopyInto(AbstractPipeline.java:471)
at java.util.stream.FindOps$FindOp.evaluateSequential(FindOps.java:152)
at java.util.stream.AbstractPipeline.evaluate(AbstractPipeline.java:234)
at java.util.stream.ReferencePipeline.findFirst(ReferencePipeline.java:464)
at org.openqa.selenium.remote.ProtocolHandshake.createSession(ProtocolHandshake.java:128)
... 50 more
]]>
    </failure>
  </testcase> <!-- @BeforeMethod Setup -->
  <testcase name="@AfterMethod Teardown" time="0.0" classname="com.vrt.testcases.assetHubTest">
    <failure type="java.lang.NullPointerException">
      <![CDATA[java.lang.NullPointerException
at com.vrt.testcases.assetHubTest.Teardown(assetHubTest.java:150)
at sun.reflect.NativeMethodAccessorImpl.invoke0(Native Method)
at sun.reflect.NativeMethodAccessorImpl.invoke(NativeMethodAccessorImpl.java:62)
at sun.reflect.DelegatingMethodAccessorImpl.invoke(DelegatingMethodAccessorImpl.java:43)
at java.lang.reflect.Method.invoke(Method.java:498)
at org.testng.internal.MethodInvocationHelper.invokeMethod(MethodInvocationHelper.java:132)
at org.testng.internal.MethodInvocationHelper.invokeMethodConsideringTimeout(MethodInvocationHelper.java:61)
at org.testng.internal.ConfigInvoker.invokeConfigurationMethod(ConfigInvoker.java:366)
at org.testng.internal.ConfigInvoker.invokeConfigurations(ConfigInvoker.java:320)
at org.testng.internal.TestInvoker.runConfigMethods(TestInvoker.java:701)
at org.testng.internal.TestInvoker.runAfterGroupsConfigurations(TestInvoker.java:677)
at org.testng.internal.TestInvoker.invokeMethod(TestInvoker.java:661)
at org.testng.internal.TestInvoker.retryFailed(TestInvoker.java:214)
at org.testng.internal.MethodRunner.runInSequence(MethodRunner.java:58)
at org.testng.internal.TestInvoker$MethodInvocationAgent.invoke(TestInvoker.java:822)
at org.testng.internal.TestInvoker.invokeTestMethods(TestInvoker.java:147)
at org.testng.internal.TestMethodWorker.invokeTestMethods(TestMethodWorker.java:146)
at org.testng.internal.TestMethodWorker.run(TestMethodWorker.java:128)
at java.util.ArrayList.forEach(ArrayList.java:1257)
at org.testng.TestRunner.privateRun(TestRunner.java:764)
at org.testng.TestRunner.run(TestRunner.java:585)
at org.testng.SuiteRunner.runTest(SuiteRunner.java:384)
at org.testng.SuiteRunner.runSequentially(SuiteRunner.java:378)
at org.testng.SuiteRunner.privateRun(SuiteRunner.java:337)
at org.testng.SuiteRunner.run(SuiteRunner.java:286)
at org.testng.SuiteRunnerWorker.runSuite(SuiteRunnerWorker.java:53)
at org.testng.SuiteRunnerWorker.run(SuiteRunnerWorker.java:96)
at org.testng.TestNG.runSuitesSequentially(TestNG.java:1218)
at org.testng.TestNG.runSuitesLocally(TestNG.java:1140)
at org.testng.TestNG.runSuites(TestNG.java:1069)
at org.testng.TestNG.run(TestNG.java:1037)
at org.testng.remote.AbstractRemoteTestNG.run(AbstractRemoteTestNG.java:115)
at org.testng.remote.RemoteTestNG.initAndRun(RemoteTestNG.java:251)
at org.testng.remote.RemoteTestNG.main(RemoteTestNG.java:77)
]]>
    </failure>
  </testcase> <!-- @AfterMethod Teardown -->
  <testcase name="@BeforeMethod Setup" time="16.24" classname="com.vrt.testcases.assetHubTest">
    <failure type="org.openqa.selenium.SessionNotCreatedException" message="Unable to create a new remote session. Please check the server log for more details. Original error: Failed to locate opened application window with appId: Kaye.ValProbeRT_racmveb2qnwa8!App, and processId: 10344 (WARNING: The server did not provide any stacktrace information)
Command duration or timeout: 16.23 seconds
Build info: version: &amp;apos;3.141.59&amp;apos;, revision: &amp;apos;e82be7d358&amp;apos;, time: &amp;apos;2018-11-14T08:17:03&amp;apos;
System info: host: &amp;apos;INAS-LP024&amp;apos;, ip: &amp;apos;127.0.0.1&amp;apos;, os.name: &amp;apos;Windows 10&amp;apos;, os.arch: &amp;apos;amd64&amp;apos;, os.version: &amp;apos;10.0&amp;apos;, java.version: &amp;apos;1.8.0_181&amp;apos;
Driver info: driver.version: WindowsDriver
Build info: version: &amp;apos;3.141.59&amp;apos;, revision: &amp;apos;e82be7d358&amp;apos;, time: &amp;apos;2018-11-14T08:17:03&amp;apos;
System info: host: &amp;apos;INAS-LP024&amp;apos;, ip: &amp;apos;127.0.0.1&amp;apos;, os.name: &amp;apos;Windows 10&amp;apos;, os.arch: &amp;apos;amd64&amp;apos;, os.version: &amp;apos;10.0&amp;apos;, java.version: &amp;apos;1.8.0_181&amp;apos;
Driver info: driver.version: WindowsDriver">
      <![CDATA[org.openqa.selenium.SessionNotCreatedException: Unable to create a new remote session. Please check the server log for more details. Original error: Failed to locate opened application window with appId: Kaye.ValProbeRT_racmveb2qnwa8!App, and processId: 10344 (WARNING: The server did not provide any stacktrace information)
Command duration or timeout: 16.23 seconds
Build info: version: '3.141.59', revision: 'e82be7d358', time: '2018-11-14T08:17:03'
System info: host: 'INAS-LP024', ip: '127.0.0.1', os.name: 'Windows 10', os.arch: 'amd64', os.version: '10.0', java.version: '1.8.0_181'
Driver info: driver.version: WindowsDriver
Build info: version: '3.141.59', revision: 'e82be7d358', time: '2018-11-14T08:17:03'
System info: host: 'INAS-LP024', ip: '127.0.0.1', os.name: 'Windows 10', os.arch: 'amd64', os.version: '10.0', java.version: '1.8.0_181'
Driver info: driver.version: WindowsDriver
at io.appium.java_client.remote.AppiumCommandExecutor$1.createSession(AppiumCommandExecutor.java:208)
at io.appium.java_client.remote.AppiumCommandExecutor.createSession(AppiumCommandExecutor.java:217)
at io.appium.java_client.remote.AppiumCommandExecutor.execute(AppiumCommandExecutor.java:239)
at org.openqa.selenium.remote.RemoteWebDriver.execute(RemoteWebDriver.java:552)
at io.appium.java_client.DefaultGenericMobileDriver.execute(DefaultGenericMobileDriver.java:42)
at io.appium.java_client.AppiumDriver.execute(AppiumDriver.java:1)
at io.appium.java_client.windows.WindowsDriver.execute(WindowsDriver.java:1)
at org.openqa.selenium.remote.RemoteWebDriver.startSession(RemoteWebDriver.java:213)
at org.openqa.selenium.remote.RemoteWebDriver.<init>(RemoteWebDriver.java:131)
at io.appium.java_client.DefaultGenericMobileDriver.<init>(DefaultGenericMobileDriver.java:38)
at io.appium.java_client.AppiumDriver.<init>(AppiumDriver.java:84)
at io.appium.java_client.AppiumDriver.<init>(AppiumDriver.java:94)
at io.appium.java_client.windows.WindowsDriver.<init>(WindowsDriver.java:42)
at com.vrt.base.BaseClass.LaunchApp(BaseClass.java:80)
at com.vrt.testcases.assetHubTest.Setup(assetHubTest.java:123)
at sun.reflect.NativeMethodAccessorImpl.invoke0(Native Method)
at sun.reflect.NativeMethodAccessorImpl.invoke(NativeMethodAccessorImpl.java:62)
at sun.reflect.DelegatingMethodAccessorImpl.invoke(DelegatingMethodAccessorImpl.java:43)
at java.lang.reflect.Method.invoke(Method.java:498)
at org.testng.internal.MethodInvocationHelper.invokeMethod(MethodInvocationHelper.java:132)
at org.testng.internal.MethodInvocationHelper.invokeMethodConsideringTimeout(MethodInvocationHelper.java:61)
at org.testng.internal.ConfigInvoker.invokeConfigurationMethod(ConfigInvoker.java:366)
at org.testng.internal.ConfigInvoker.invokeConfigurations(ConfigInvoker.java:320)
at org.testng.internal.TestInvoker.runConfigMethods(TestInvoker.java:701)
at org.testng.internal.TestInvoker.invokeMethod(TestInvoker.java:527)
at org.testng.internal.TestInvoker.retryFailed(TestInvoker.java:214)
at org.testng.internal.MethodRunner.runInSequence(MethodRunner.java:58)
at org.testng.internal.TestInvoker$MethodInvocationAgent.invoke(TestInvoker.java:822)
at org.testng.internal.TestInvoker.invokeTestMethods(TestInvoker.java:147)
at org.testng.internal.TestMethodWorker.invokeTestMethods(TestMethodWorker.java:146)
at org.testng.internal.TestMethodWorker.run(TestMethodWorker.java:128)
at java.util.ArrayList.forEach(ArrayList.java:1257)
at org.testng.TestRunner.privateRun(TestRunner.java:764)
at org.testng.TestRunner.run(TestRunner.java:585)
at org.testng.SuiteRunner.runTest(SuiteRunner.java:384)
at org.testng.SuiteRunner.runSequentially(SuiteRunner.java:378)
at org.testng.SuiteRunner.privateRun(SuiteRunner.java:337)
at org.testng.SuiteRunner.run(SuiteRunner.java:286)
at org.testng.SuiteRunnerWorker.runSuite(SuiteRunnerWorker.java:53)
at org.testng.SuiteRunnerWorker.run(SuiteRunnerWorker.java:96)
at org.testng.TestNG.runSuitesSequentially(TestNG.java:1218)
at org.testng.TestNG.runSuitesLocally(TestNG.java:1140)
at org.testng.TestNG.runSuites(TestNG.java:1069)
at org.testng.TestNG.run(TestNG.java:1037)
at org.testng.remote.AbstractRemoteTestNG.run(AbstractRemoteTestNG.java:115)
at org.testng.remote.RemoteTestNG.initAndRun(RemoteTestNG.java:251)
at org.testng.remote.RemoteTestNG.main(RemoteTestNG.java:77)
Caused by: java.lang.reflect.InvocationTargetException
at sun.reflect.GeneratedMethodAccessor2.invoke(Unknown Source)
at sun.reflect.DelegatingMethodAccessorImpl.invoke(DelegatingMethodAccessorImpl.java:43)
at java.lang.reflect.Method.invoke(Method.java:498)
at io.appium.java_client.remote.AppiumCommandExecutor$1.createSession(AppiumCommandExecutor.java:186)
... 46 more
Caused by: org.openqa.selenium.WebDriverException: Failed to locate opened application window with appId: Kaye.ValProbeRT_racmveb2qnwa8!App, and processId: 10344 (WARNING: The server did not provide any stacktrace information)
Command duration or timeout: 16.23 seconds
Build info: version: '3.141.59', revision: 'e82be7d358', time: '2018-11-14T08:17:03'
System info: host: 'INAS-LP024', ip: '127.0.0.1', os.name: 'Windows 10', os.arch: 'amd64', os.version: '10.0', java.version: '1.8.0_181'
Driver info: driver.version: WindowsDriver
at sun.reflect.NativeConstructorAccessorImpl.newInstance0(Native Method)
at sun.reflect.NativeConstructorAccessorImpl.newInstance(NativeConstructorAccessorImpl.java:62)
at sun.reflect.DelegatingConstructorAccessorImpl.newInstance(DelegatingConstructorAccessorImpl.java:45)
at java.lang.reflect.Constructor.newInstance(Constructor.java:423)
at org.openqa.selenium.remote.ErrorHandler.createThrowable(ErrorHandler.java:214)
at org.openqa.selenium.remote.ErrorHandler.throwIfResponseFailed(ErrorHandler.java:166)
at org.openqa.selenium.remote.JsonWireProtocolResponse.lambda$errorHandler$0(JsonWireProtocolResponse.java:54)
at org.openqa.selenium.remote.HandshakeResponse.lambda$getResponseFunction$0(HandshakeResponse.java:30)
at org.openqa.selenium.remote.ProtocolHandshake.lambda$createSession$0(ProtocolHandshake.java:126)
at java.util.stream.ReferencePipeline$3$1.accept(ReferencePipeline.java:193)
at java.util.Spliterators$ArraySpliterator.tryAdvance(Spliterators.java:958)
at java.util.stream.ReferencePipeline.forEachWithCancel(ReferencePipeline.java:126)
at java.util.stream.AbstractPipeline.copyIntoWithCancel(AbstractPipeline.java:498)
at java.util.stream.AbstractPipeline.copyInto(AbstractPipeline.java:485)
at java.util.stream.AbstractPipeline.wrapAndCopyInto(AbstractPipeline.java:471)
at java.util.stream.FindOps$FindOp.evaluateSequential(FindOps.java:152)
at java.util.stream.AbstractPipeline.evaluate(AbstractPipeline.java:234)
at java.util.stream.ReferencePipeline.findFirst(ReferencePipeline.java:464)
at org.openqa.selenium.remote.ProtocolHandshake.createSession(ProtocolHandshake.java:128)
... 50 more
]]>
    </failure>
  </testcase> <!-- @BeforeMethod Setup -->
  <testcase name="@AfterMethod Teardown" time="0.0" classname="com.vrt.testcases.assetHubTest">
    <failure type="java.lang.NullPointerException">
      <![CDATA[java.lang.NullPointerException
at com.vrt.utility.TestUtilities.getFailedTCScreenshot(TestUtilities.java:278)
at com.vrt.testcases.assetHubTest.Teardown(assetHubTest.java:136)
at sun.reflect.NativeMethodAccessorImpl.invoke0(Native Method)
at sun.reflect.NativeMethodAccessorImpl.invoke(NativeMethodAccessorImpl.java:62)
at sun.reflect.DelegatingMethodAccessorImpl.invoke(DelegatingMethodAccessorImpl.java:43)
at java.lang.reflect.Method.invoke(Method.java:498)
at org.testng.internal.MethodInvocationHelper.invokeMethod(MethodInvocationHelper.java:132)
at org.testng.internal.MethodInvocationHelper.invokeMethodConsideringTimeout(MethodInvocationHelper.java:61)
at org.testng.internal.ConfigInvoker.invokeConfigurationMethod(ConfigInvoker.java:366)
at org.testng.internal.ConfigInvoker.invokeConfigurations(ConfigInvoker.java:320)
at org.testng.internal.TestInvoker.runConfigMethods(TestInvoker.java:701)
at org.testng.internal.TestInvoker.runAfterGroupsConfigurations(TestInvoker.java:677)
at org.testng.internal.TestInvoker.invokeMethod(TestInvoker.java:661)
at org.testng.internal.TestInvoker.retryFailed(TestInvoker.java:214)
at org.testng.internal.MethodRunner.runInSequence(MethodRunner.java:58)
at org.testng.internal.TestInvoker$MethodInvocationAgent.invoke(TestInvoker.java:822)
at org.testng.internal.TestInvoker.invokeTestMethods(TestInvoker.java:147)
at org.testng.internal.TestMethodWorker.invokeTestMethods(TestMethodWorker.java:146)
at org.testng.internal.TestMethodWorker.run(TestMethodWorker.java:128)
at java.util.ArrayList.forEach(ArrayList.java:1257)
at org.testng.TestRunner.privateRun(TestRunner.java:764)
at org.testng.TestRunner.run(TestRunner.java:585)
at org.testng.SuiteRunner.runTest(SuiteRunner.java:384)
at org.testng.SuiteRunner.runSequentially(SuiteRunner.java:378)
at org.testng.SuiteRunner.privateRun(SuiteRunner.java:337)
at org.testng.SuiteRunner.run(SuiteRunner.java:286)
at org.testng.SuiteRunnerWorker.runSuite(SuiteRunnerWorker.java:53)
at org.testng.SuiteRunnerWorker.run(SuiteRunnerWorker.java:96)
at org.testng.TestNG.runSuitesSequentially(TestNG.java:1218)
at org.testng.TestNG.runSuitesLocally(TestNG.java:1140)
at org.testng.TestNG.runSuites(TestNG.java:1069)
at org.testng.TestNG.run(TestNG.java:1037)
at org.testng.remote.AbstractRemoteTestNG.run(AbstractRemoteTestNG.java:115)
at org.testng.remote.RemoteTestNG.initAndRun(RemoteTestNG.java:251)
at org.testng.remote.RemoteTestNG.main(RemoteTestNG.java:77)
]]>
    </failure>
  </testcase> <!-- @AfterMethod Teardown -->
  <testcase name="@BeforeMethod Setup" time="16.231" classname="com.vrt.testcases.assetHubTest">
    <failure type="org.openqa.selenium.SessionNotCreatedException" message="Unable to create a new remote session. Please check the server log for more details. Original error: Failed to locate opened application window with appId: Kaye.ValProbeRT_racmveb2qnwa8!App, and processId: 10344 (WARNING: The server did not provide any stacktrace information)
Command duration or timeout: 16.23 seconds
Build info: version: &amp;apos;3.141.59&amp;apos;, revision: &amp;apos;e82be7d358&amp;apos;, time: &amp;apos;2018-11-14T08:17:03&amp;apos;
System info: host: &amp;apos;INAS-LP024&amp;apos;, ip: &amp;apos;127.0.0.1&amp;apos;, os.name: &amp;apos;Windows 10&amp;apos;, os.arch: &amp;apos;amd64&amp;apos;, os.version: &amp;apos;10.0&amp;apos;, java.version: &amp;apos;1.8.0_181&amp;apos;
Driver info: driver.version: WindowsDriver
Build info: version: &amp;apos;3.141.59&amp;apos;, revision: &amp;apos;e82be7d358&amp;apos;, time: &amp;apos;2018-11-14T08:17:03&amp;apos;
System info: host: &amp;apos;INAS-LP024&amp;apos;, ip: &amp;apos;127.0.0.1&amp;apos;, os.name: &amp;apos;Windows 10&amp;apos;, os.arch: &amp;apos;amd64&amp;apos;, os.version: &amp;apos;10.0&amp;apos;, java.version: &amp;apos;1.8.0_181&amp;apos;
Driver info: driver.version: WindowsDriver">
      <![CDATA[org.openqa.selenium.SessionNotCreatedException: Unable to create a new remote session. Please check the server log for more details. Original error: Failed to locate opened application window with appId: Kaye.ValProbeRT_racmveb2qnwa8!App, and processId: 10344 (WARNING: The server did not provide any stacktrace information)
Command duration or timeout: 16.23 seconds
Build info: version: '3.141.59', revision: 'e82be7d358', time: '2018-11-14T08:17:03'
System info: host: 'INAS-LP024', ip: '127.0.0.1', os.name: 'Windows 10', os.arch: 'amd64', os.version: '10.0', java.version: '1.8.0_181'
Driver info: driver.version: WindowsDriver
Build info: version: '3.141.59', revision: 'e82be7d358', time: '2018-11-14T08:17:03'
System info: host: 'INAS-LP024', ip: '127.0.0.1', os.name: 'Windows 10', os.arch: 'amd64', os.version: '10.0', java.version: '1.8.0_181'
Driver info: driver.version: WindowsDriver
at io.appium.java_client.remote.AppiumCommandExecutor$1.createSession(AppiumCommandExecutor.java:208)
at io.appium.java_client.remote.AppiumCommandExecutor.createSession(AppiumCommandExecutor.java:217)
at io.appium.java_client.remote.AppiumCommandExecutor.execute(AppiumCommandExecutor.java:239)
at org.openqa.selenium.remote.RemoteWebDriver.execute(RemoteWebDriver.java:552)
at io.appium.java_client.DefaultGenericMobileDriver.execute(DefaultGenericMobileDriver.java:42)
at io.appium.java_client.AppiumDriver.execute(AppiumDriver.java:1)
at io.appium.java_client.windows.WindowsDriver.execute(WindowsDriver.java:1)
at org.openqa.selenium.remote.RemoteWebDriver.startSession(RemoteWebDriver.java:213)
at org.openqa.selenium.remote.RemoteWebDriver.<init>(RemoteWebDriver.java:131)
at io.appium.java_client.DefaultGenericMobileDriver.<init>(DefaultGenericMobileDriver.java:38)
at io.appium.java_client.AppiumDriver.<init>(AppiumDriver.java:84)
at io.appium.java_client.AppiumDriver.<init>(AppiumDriver.java:94)
at io.appium.java_client.windows.WindowsDriver.<init>(WindowsDriver.java:42)
at com.vrt.base.BaseClass.LaunchApp(BaseClass.java:80)
at com.vrt.testcases.assetHubTest.Setup(assetHubTest.java:123)
at sun.reflect.NativeMethodAccessorImpl.invoke0(Native Method)
at sun.reflect.NativeMethodAccessorImpl.invoke(NativeMethodAccessorImpl.java:62)
at sun.reflect.DelegatingMethodAccessorImpl.invoke(DelegatingMethodAccessorImpl.java:43)
at java.lang.reflect.Method.invoke(Method.java:498)
at org.testng.internal.MethodInvocationHelper.invokeMethod(MethodInvocationHelper.java:132)
at org.testng.internal.MethodInvocationHelper.invokeMethodConsideringTimeout(MethodInvocationHelper.java:61)
at org.testng.internal.ConfigInvoker.invokeConfigurationMethod(ConfigInvoker.java:366)
at org.testng.internal.ConfigInvoker.invokeConfigurations(ConfigInvoker.java:320)
at org.testng.internal.TestInvoker.runConfigMethods(TestInvoker.java:701)
at org.testng.internal.TestInvoker.invokeMethod(TestInvoker.java:527)
at org.testng.internal.TestInvoker.invokeTestMethod(TestInvoker.java:174)
at org.testng.internal.MethodRunner.runInSequence(MethodRunner.java:46)
at org.testng.internal.TestInvoker$MethodInvocationAgent.invoke(TestInvoker.java:822)
at org.testng.internal.TestInvoker.invokeTestMethods(TestInvoker.java:147)
at org.testng.internal.TestMethodWorker.invokeTestMethods(TestMethodWorker.java:146)
at org.testng.internal.TestMethodWorker.run(TestMethodWorker.java:128)
at java.util.ArrayList.forEach(ArrayList.java:1257)
at org.testng.TestRunner.privateRun(TestRunner.java:764)
at org.testng.TestRunner.run(TestRunner.java:585)
at org.testng.SuiteRunner.runTest(SuiteRunner.java:384)
at org.testng.SuiteRunner.runSequentially(SuiteRunner.java:378)
at org.testng.SuiteRunner.privateRun(SuiteRunner.java:337)
at org.testng.SuiteRunner.run(SuiteRunner.java:286)
at org.testng.SuiteRunnerWorker.runSuite(SuiteRunnerWorker.java:53)
at org.testng.SuiteRunnerWorker.run(SuiteRunnerWorker.java:96)
at org.testng.TestNG.runSuitesSequentially(TestNG.java:1218)
at org.testng.TestNG.runSuitesLocally(TestNG.java:1140)
at org.testng.TestNG.runSuites(TestNG.java:1069)
at org.testng.TestNG.run(TestNG.java:1037)
at org.testng.remote.AbstractRemoteTestNG.run(AbstractRemoteTestNG.java:115)
at org.testng.remote.RemoteTestNG.initAndRun(RemoteTestNG.java:251)
at org.testng.remote.RemoteTestNG.main(RemoteTestNG.java:77)
Caused by: java.lang.reflect.InvocationTargetException
at sun.reflect.GeneratedMethodAccessor2.invoke(Unknown Source)
at sun.reflect.DelegatingMethodAccessorImpl.invoke(DelegatingMethodAccessorImpl.java:43)
at java.lang.reflect.Method.invoke(Method.java:498)
at io.appium.java_client.remote.AppiumCommandExecutor$1.createSession(AppiumCommandExecutor.java:186)
... 46 more
Caused by: org.openqa.selenium.WebDriverException: Failed to locate opened application window with appId: Kaye.ValProbeRT_racmveb2qnwa8!App, and processId: 10344 (WARNING: The server did not provide any stacktrace information)
Command duration or timeout: 16.23 seconds
Build info: version: '3.141.59', revision: 'e82be7d358', time: '2018-11-14T08:17:03'
System info: host: 'INAS-LP024', ip: '127.0.0.1', os.name: 'Windows 10', os.arch: 'amd64', os.version: '10.0', java.version: '1.8.0_181'
Driver info: driver.version: WindowsDriver
at sun.reflect.NativeConstructorAccessorImpl.newInstance0(Native Method)
at sun.reflect.NativeConstructorAccessorImpl.newInstance(NativeConstructorAccessorImpl.java:62)
at sun.reflect.DelegatingConstructorAccessorImpl.newInstance(DelegatingConstructorAccessorImpl.java:45)
at java.lang.reflect.Constructor.newInstance(Constructor.java:423)
at org.openqa.selenium.remote.ErrorHandler.createThrowable(ErrorHandler.java:214)
at org.openqa.selenium.remote.ErrorHandler.throwIfResponseFailed(ErrorHandler.java:166)
at org.openqa.selenium.remote.JsonWireProtocolResponse.lambda$errorHandler$0(JsonWireProtocolResponse.java:54)
at org.openqa.selenium.remote.HandshakeResponse.lambda$getResponseFunction$0(HandshakeResponse.java:30)
at org.openqa.selenium.remote.ProtocolHandshake.lambda$createSession$0(ProtocolHandshake.java:126)
at java.util.stream.ReferencePipeline$3$1.accept(ReferencePipeline.java:193)
at java.util.Spliterators$ArraySpliterator.tryAdvance(Spliterators.java:958)
at java.util.stream.ReferencePipeline.forEachWithCancel(ReferencePipeline.java:126)
at java.util.stream.AbstractPipeline.copyIntoWithCancel(AbstractPipeline.java:498)
at java.util.stream.AbstractPipeline.copyInto(AbstractPipeline.java:485)
at java.util.stream.AbstractPipeline.wrapAndCopyInto(AbstractPipeline.java:471)
at java.util.stream.FindOps$FindOp.evaluateSequential(FindOps.java:152)
at java.util.stream.AbstractPipeline.evaluate(AbstractPipeline.java:234)
at java.util.stream.ReferencePipeline.findFirst(ReferencePipeline.java:464)
at org.openqa.selenium.remote.ProtocolHandshake.createSession(ProtocolHandshake.java:128)
... 50 more
]]>
    </failure>
  </testcase> <!-- @BeforeMethod Setup -->
  <testcase name="@AfterMethod Teardown" time="0.0" classname="com.vrt.testcases.assetHubTest">
    <failure type="java.lang.NullPointerException">
      <![CDATA[java.lang.NullPointerException
at com.vrt.testcases.assetHubTest.Teardown(assetHubTest.java:150)
at sun.reflect.NativeMethodAccessorImpl.invoke0(Native Method)
at sun.reflect.NativeMethodAccessorImpl.invoke(NativeMethodAccessorImpl.java:62)
at sun.reflect.DelegatingMethodAccessorImpl.invoke(DelegatingMethodAccessorImpl.java:43)
at java.lang.reflect.Method.invoke(Method.java:498)
at org.testng.internal.MethodInvocationHelper.invokeMethod(MethodInvocationHelper.java:132)
at org.testng.internal.MethodInvocationHelper.invokeMethodConsideringTimeout(MethodInvocationHelper.java:61)
at org.testng.internal.ConfigInvoker.invokeConfigurationMethod(ConfigInvoker.java:366)
at org.testng.internal.ConfigInvoker.invokeConfigurations(ConfigInvoker.java:320)
at org.testng.internal.TestInvoker.runConfigMethods(TestInvoker.java:701)
at org.testng.internal.TestInvoker.runAfterGroupsConfigurations(TestInvoker.java:677)
at org.testng.internal.TestInvoker.invokeMethod(TestInvoker.java:548)
at org.testng.internal.TestInvoker.invokeTestMethod(TestInvoker.java:174)
at org.testng.internal.MethodRunner.runInSequence(MethodRunner.java:46)
at org.testng.internal.TestInvoker$MethodInvocationAgent.invoke(TestInvoker.java:822)
at org.testng.internal.TestInvoker.invokeTestMethods(TestInvoker.java:147)
at org.testng.internal.TestMethodWorker.invokeTestMethods(TestMethodWorker.java:146)
at org.testng.internal.TestMethodWorker.run(TestMethodWorker.java:128)
at java.util.ArrayList.forEach(ArrayList.java:1257)
at org.testng.TestRunner.privateRun(TestRunner.java:764)
at org.testng.TestRunner.run(TestRunner.java:585)
at org.testng.SuiteRunner.runTest(SuiteRunner.java:384)
at org.testng.SuiteRunner.runSequentially(SuiteRunner.java:378)
at org.testng.SuiteRunner.privateRun(SuiteRunner.java:337)
at org.testng.SuiteRunner.run(SuiteRunner.java:286)
at org.testng.SuiteRunnerWorker.runSuite(SuiteRunnerWorker.java:53)
at org.testng.SuiteRunnerWorker.run(SuiteRunnerWorker.java:96)
at org.testng.TestNG.runSuitesSequentially(TestNG.java:1218)
at org.testng.TestNG.runSuitesLocally(TestNG.java:1140)
at org.testng.TestNG.runSuites(TestNG.java:1069)
at org.testng.TestNG.run(TestNG.java:1037)
at org.testng.remote.AbstractRemoteTestNG.run(AbstractRemoteTestNG.java:115)
at org.testng.remote.RemoteTestNG.initAndRun(RemoteTestNG.java:251)
at org.testng.remote.RemoteTestNG.main(RemoteTestNG.java:77)
]]>
    </failure>
  </testcase> <!-- @AfterMethod Teardown -->
  <testcase name="@AfterClass endReport_releaseMomory" time="-1.628342865871E9" classname="com.vrt.testcases.assetHubTest">
    <skipped/>
  </testcase> <!-- @AfterClass endReport_releaseMomory -->
  <testcase name="@BeforeMethod Setup" time="10.02" classname="com.vrt.testcases.assetDetailsTest1">
    <failure type="org.openqa.selenium.StaleElementReferenceException" message="An element command failed because the referenced element is no longer attached to the DOM. (WARNING: The server did not provide any stacktrace information)
Command duration or timeout: 0 milliseconds
For documentation on this error, please visit: https://www.seleniumhq.org/exceptions/stale_element_reference.html
Build info: version: &amp;apos;3.141.59&amp;apos;, revision: &amp;apos;e82be7d358&amp;apos;, time: &amp;apos;2018-11-14T08:17:03&amp;apos;
System info: host: &amp;apos;INAS-LP024&amp;apos;, ip: &amp;apos;127.0.0.1&amp;apos;, os.name: &amp;apos;Windows 10&amp;apos;, os.arch: &amp;apos;amd64&amp;apos;, os.version: &amp;apos;10.0&amp;apos;, java.version: &amp;apos;1.8.0_181&amp;apos;
Driver info: io.appium.java_client.windows.WindowsDriver
Capabilities {app: Kaye.ValProbeRT_racmveb2qnw..., javascriptEnabled: true, ms:waitForAppLaunch: 10, platform: WINDOWS, platformName: WINDOWS}
Session ID: BBCA1DAF-ECDB-4C99-BA15-7EC9F31C3374
*** Element info: {Using=class name, value=TextBlock}">
      <![CDATA[org.openqa.selenium.StaleElementReferenceException: An element command failed because the referenced element is no longer attached to the DOM. (WARNING: The server did not provide any stacktrace information)
Command duration or timeout: 0 milliseconds
For documentation on this error, please visit: https://www.seleniumhq.org/exceptions/stale_element_reference.html
Build info: version: '3.141.59', revision: 'e82be7d358', time: '2018-11-14T08:17:03'
System info: host: 'INAS-LP024', ip: '127.0.0.1', os.name: 'Windows 10', os.arch: 'amd64', os.version: '10.0', java.version: '1.8.0_181'
Driver info: io.appium.java_client.windows.WindowsDriver
Capabilities {app: Kaye.ValProbeRT_racmveb2qnw..., javascriptEnabled: true, ms:waitForAppLaunch: 10, platform: WINDOWS, platformName: WINDOWS}
Session ID: BBCA1DAF-ECDB-4C99-BA15-7EC9F31C3374
*** Element info: {Using=class name, value=TextBlock}
at sun.reflect.NativeConstructorAccessorImpl.newInstance0(Native Method)
at sun.reflect.NativeConstructorAccessorImpl.newInstance(NativeConstructorAccessorImpl.java:62)
at sun.reflect.DelegatingConstructorAccessorImpl.newInstance(DelegatingConstructorAccessorImpl.java:45)
at java.lang.reflect.Constructor.newInstance(Constructor.java:423)
at org.openqa.selenium.remote.ErrorHandler.createThrowable(ErrorHandler.java:214)
at org.openqa.selenium.remote.ErrorHandler.throwIfResponseFailed(ErrorHandler.java:166)
at org.openqa.selenium.remote.http.JsonHttpResponseCodec.reconstructValue(JsonHttpResponseCodec.java:40)
at org.openqa.selenium.remote.http.AbstractHttpResponseCodec.decode(AbstractHttpResponseCodec.java:80)
at org.openqa.selenium.remote.http.AbstractHttpResponseCodec.decode(AbstractHttpResponseCodec.java:44)
at org.openqa.selenium.remote.HttpCommandExecutor.execute(HttpCommandExecutor.java:158)
at io.appium.java_client.remote.AppiumCommandExecutor.execute(AppiumCommandExecutor.java:239)
at org.openqa.selenium.remote.RemoteWebDriver.execute(RemoteWebDriver.java:552)
at io.appium.java_client.DefaultGenericMobileDriver.execute(DefaultGenericMobileDriver.java:42)
at io.appium.java_client.AppiumDriver.execute(AppiumDriver.java:1)
at io.appium.java_client.windows.WindowsDriver.execute(WindowsDriver.java:1)
at org.openqa.selenium.remote.RemoteWebElement.execute(RemoteWebElement.java:285)
at org.openqa.selenium.remote.RemoteWebElement.findElements(RemoteWebElement.java:204)
at org.openqa.selenium.remote.RemoteWebElement.findElementsByClassName(RemoteWebElement.java:249)
at org.openqa.selenium.By$ByClassName.findElements(By.java:380)
at org.openqa.selenium.remote.RemoteWebElement.findElements(RemoteWebElement.java:177)
at com.vrt.pages.assetHubPage.click_assetTile(assetHubPage.java:221)
at com.vrt.testcases.assetDetailsTest1.Setup(assetDetailsTest1.java:203)
at sun.reflect.GeneratedMethodAccessor39.invoke(Unknown Source)
at sun.reflect.DelegatingMethodAccessorImpl.invoke(DelegatingMethodAccessorImpl.java:43)
at java.lang.reflect.Method.invoke(Method.java:498)
at org.testng.internal.MethodInvocationHelper.invokeMethod(MethodInvocationHelper.java:132)
at org.testng.internal.MethodInvocationHelper.invokeMethodConsideringTimeout(MethodInvocationHelper.java:61)
at org.testng.internal.ConfigInvoker.invokeConfigurationMethod(ConfigInvoker.java:366)
at org.testng.internal.ConfigInvoker.invokeConfigurations(ConfigInvoker.java:320)
at org.testng.internal.TestInvoker.runConfigMethods(TestInvoker.java:701)
at org.testng.internal.TestInvoker.invokeMethod(TestInvoker.java:527)
at org.testng.internal.TestInvoker.retryFailed(TestInvoker.java:214)
at org.testng.internal.MethodRunner.runInSequence(MethodRunner.java:58)
at org.testng.internal.TestInvoker$MethodInvocationAgent.invoke(TestInvoker.java:822)
at org.testng.internal.TestInvoker.invokeTestMethods(TestInvoker.java:147)
at org.testng.internal.TestMethodWorker.invokeTestMethods(TestMethodWorker.java:146)
at org.testng.internal.TestMethodWorker.run(TestMethodWorker.java:128)
at java.util.ArrayList.forEach(ArrayList.java:1257)
at org.testng.TestRunner.privateRun(TestRunner.java:764)
at org.testng.TestRunner.run(TestRunner.java:585)
at org.testng.SuiteRunner.runTest(SuiteRunner.java:384)
at org.testng.SuiteRunner.runSequentially(SuiteRunner.java:378)
at org.testng.SuiteRunner.privateRun(SuiteRunner.java:337)
at org.testng.SuiteRunner.run(SuiteRunner.java:286)
at org.testng.SuiteRunnerWorker.runSuite(SuiteRunnerWorker.java:53)
at org.testng.SuiteRunnerWorker.run(SuiteRunnerWorker.java:96)
at org.testng.TestNG.runSuitesSequentially(TestNG.java:1218)
at org.testng.TestNG.runSuitesLocally(TestNG.java:1140)
at org.testng.TestNG.runSuites(TestNG.java:1069)
at org.testng.TestNG.run(TestNG.java:1037)
at org.testng.remote.AbstractRemoteTestNG.run(AbstractRemoteTestNG.java:115)
at org.testng.remote.RemoteTestNG.initAndRun(RemoteTestNG.java:251)
at org.testng.remote.RemoteTestNG.main(RemoteTestNG.java:77)
]]>
    </failure>
  </testcase> <!-- @BeforeMethod Setup -->
  <testcase name="@AfterClass endReport_releaseMomory" time="-1.628344569185E9" classname="com.vrt.testcases.assetDetailsTest1">
    <skipped/>
  </testcase> <!-- @AfterClass endReport_releaseMomory -->
  <testcase name="ASST01" time="2.129" classname="com.vrt.testcases.assetCreationTest"/>
  <testcase name="ASST02" time="7.342" classname="com.vrt.testcases.assetCreationTest"/>
  <testcase name="ASST02" time="7.539" classname="com.vrt.testcases.assetCreationTest"/>
  <testcase name="ASST02" time="7.247" classname="com.vrt.testcases.assetCreationTest"/>
  <testcase name="ASST02" time="7.232" classname="com.vrt.testcases.assetCreationTest"/>
  <testcase name="ASST02" time="6.916" classname="com.vrt.testcases.assetCreationTest"/>
  <testcase name="ASST02" time="7.145" classname="com.vrt.testcases.assetCreationTest"/>
  <testcase name="ASST02" time="7.038" classname="com.vrt.testcases.assetCreationTest"/>
  <testcase name="ASST02" time="7.204" classname="com.vrt.testcases.assetCreationTest"/>
  <testcase name="ASST03" time="0.672" classname="com.vrt.testcases.assetCreationTest">
    <failure type="org.testng.internal.reflect.MethodMatcherException" message="
[public void com.vrt.testcases.assetCreationTest.ASST03(java.lang.String,java.lang.String,java.lang.String,java.lang.String,java.lang.String,java.lang.String) throws java.lang.InterruptedException] has no parameters defined but was found to be using a data provider (either explicitly specified or inherited from class level annotation).
Data provider mismatch
Method: ASST03([Parameter{index=0, type=java.lang.String, declaredAnnotations=[]}, Parameter{index=1, type=java.lang.String, declaredAnnotations=[]}, Parameter{index=2, type=java.lang.String, declaredAnnotations=[]}, Parameter{index=3, type=java.lang.String, declaredAnnotations=[]}, Parameter{index=4, type=java.lang.String, declaredAnnotations=[]}, Parameter{index=5, type=java.lang.String, declaredAnnotations=[]}])
Arguments: [(java.lang.String)   ,(java.lang.String) testID,(java.lang.String) HeatBath,(java.lang.String) AAS,(java.lang.String) Hyderabad,(java.lang.String) Name is mandatory, please enter Name,(java.lang.String) 5.0,(java.lang.String) Welcome5@AM]">
      <![CDATA[org.testng.internal.reflect.MethodMatcherException: 
[public void com.vrt.testcases.assetCreationTest.ASST03(java.lang.String,java.lang.String,java.lang.String,java.lang.String,java.lang.String,java.lang.String) throws java.lang.InterruptedException] has no parameters defined but was found to be using a data provider (either explicitly specified or inherited from class level annotation).
Data provider mismatch
Method: ASST03([Parameter{index=0, type=java.lang.String, declaredAnnotations=[]}, Parameter{index=1, type=java.lang.String, declaredAnnotations=[]}, Parameter{index=2, type=java.lang.String, declaredAnnotations=[]}, Parameter{index=3, type=java.lang.String, declaredAnnotations=[]}, Parameter{index=4, type=java.lang.String, declaredAnnotations=[]}, Parameter{index=5, type=java.lang.String, declaredAnnotations=[]}])
Arguments: [(java.lang.String)   ,(java.lang.String) testID,(java.lang.String) HeatBath,(java.lang.String) AAS,(java.lang.String) Hyderabad,(java.lang.String) Name is mandatory, please enter Name,(java.lang.String) 5.0,(java.lang.String) Welcome5@AM]
at org.testng.internal.reflect.DataProviderMethodMatcher.getConformingArguments(DataProviderMethodMatcher.java:43)
at org.testng.internal.Parameters.injectParameters(Parameters.java:905)
at org.testng.internal.MethodRunner.runInSequence(MethodRunner.java:34)
at org.testng.internal.TestInvoker$MethodInvocationAgent.invoke(TestInvoker.java:822)
at org.testng.internal.TestInvoker.invokeTestMethods(TestInvoker.java:147)
at org.testng.internal.TestMethodWorker.invokeTestMethods(TestMethodWorker.java:146)
at org.testng.internal.TestMethodWorker.run(TestMethodWorker.java:128)
at java.util.ArrayList.forEach(ArrayList.java:1257)
at org.testng.TestRunner.privateRun(TestRunner.java:764)
at org.testng.TestRunner.run(TestRunner.java:585)
at org.testng.SuiteRunner.runTest(SuiteRunner.java:384)
at org.testng.SuiteRunner.runSequentially(SuiteRunner.java:378)
at org.testng.SuiteRunner.privateRun(SuiteRunner.java:337)
at org.testng.SuiteRunner.run(SuiteRunner.java:286)
at org.testng.SuiteRunnerWorker.runSuite(SuiteRunnerWorker.java:53)
at org.testng.SuiteRunnerWorker.run(SuiteRunnerWorker.java:96)
at org.testng.TestNG.runSuitesSequentially(TestNG.java:1218)
at org.testng.TestNG.runSuitesLocally(TestNG.java:1140)
at org.testng.TestNG.runSuites(TestNG.java:1069)
at org.testng.TestNG.run(TestNG.java:1037)
at org.testng.remote.AbstractRemoteTestNG.run(AbstractRemoteTestNG.java:115)
at org.testng.remote.RemoteTestNG.initAndRun(RemoteTestNG.java:251)
at org.testng.remote.RemoteTestNG.main(RemoteTestNG.java:77)
]]>
    </failure>
  </testcase> <!-- ASST03 -->
  <testcase name="ASST04" time="1.339" classname="com.vrt.testcases.assetCreationTest"/>
  <testcase name="ASST05" time="7.344" classname="com.vrt.testcases.assetCreationTest"/>
  <testcase name="ASST05" time="7.387" classname="com.vrt.testcases.assetCreationTest"/>
  <testcase name="ASST05" time="7.38" classname="com.vrt.testcases.assetCreationTest"/>
  <testcase name="ASST05" time="7.403" classname="com.vrt.testcases.assetCreationTest"/>
  <testcase name="ASST05" time="7.469" classname="com.vrt.testcases.assetCreationTest"/>
  <testcase name="ASST05" time="7.488" classname="com.vrt.testcases.assetCreationTest"/>
  <testcase name="ASST05" time="7.636" classname="com.vrt.testcases.assetCreationTest"/>
  <testcase name="ASST05" time="7.394" classname="com.vrt.testcases.assetCreationTest"/>
  <testcase name="ASST06" time="7.471" classname="com.vrt.testcases.assetCreationTest"/>
  <testcase name="ASST06" time="7.268" classname="com.vrt.testcases.assetCreationTest"/>
  <testcase name="ASST06" time="7.297" classname="com.vrt.testcases.assetCreationTest"/>
  <testcase name="ASST06" time="7.53" classname="com.vrt.testcases.assetCreationTest"/>
  <testcase name="ASST06" time="7.542" classname="com.vrt.testcases.assetCreationTest"/>
  <testcase name="ASST06" time="7.41" classname="com.vrt.testcases.assetCreationTest"/>
  <testcase name="ASST06" time="7.446" classname="com.vrt.testcases.assetCreationTest"/>
  <testcase name="ASST06" time="7.503" classname="com.vrt.testcases.assetCreationTest"/>
  <testcase name="ASST06" time="7.475" classname="com.vrt.testcases.assetCreationTest"/>
  <testcase name="ASST06" time="7.39" classname="com.vrt.testcases.assetCreationTest"/>
  <testcase name="ASST06" time="7.513" classname="com.vrt.testcases.assetCreationTest"/>
  <testcase name="ASST06" time="7.431" classname="com.vrt.testcases.assetCreationTest"/>
  <testcase name="ASST06" time="7.45" classname="com.vrt.testcases.assetCreationTest"/>
  <testcase name="ASST06" time="7.376" classname="com.vrt.testcases.assetCreationTest"/>
  <testcase name="ASST06" time="7.46" classname="com.vrt.testcases.assetCreationTest"/>
  <testcase name="ASST06" time="7.576" classname="com.vrt.testcases.assetCreationTest"/>
  <testcase name="ASST06" time="7.277" classname="com.vrt.testcases.assetCreationTest"/>
  <testcase name="ASST06" time="7.403" classname="com.vrt.testcases.assetCreationTest"/>
  <testcase name="ASST06" time="7.539" classname="com.vrt.testcases.assetCreationTest"/>
  <testcase name="ASST06" time="7.555" classname="com.vrt.testcases.assetCreationTest"/>
  <testcase name="ASST06" time="7.122" classname="com.vrt.testcases.assetCreationTest"/>
  <testcase name="ASST06" time="7.381" classname="com.vrt.testcases.assetCreationTest"/>
  <testcase name="ASST06" time="7.728" classname="com.vrt.testcases.assetCreationTest"/>
  <testcase name="ASST06" time="7.36" classname="com.vrt.testcases.assetCreationTest"/>
  <testcase name="ASST06" time="7.583" classname="com.vrt.testcases.assetCreationTest"/>
  <testcase name="ASST06" time="7.62" classname="com.vrt.testcases.assetCreationTest"/>
  <testcase name="ASST07" time="0.023" classname="com.vrt.testcases.assetCreationTest"/>
  <testcase name="ASST08" time="4.059" classname="com.vrt.testcases.assetCreationTest"/>
  <testcase name="ASST09" time="7.185" classname="com.vrt.testcases.assetCreationTest"/>
  <testcase name="ASST09" time="7.145" classname="com.vrt.testcases.assetCreationTest"/>
  <testcase name="ASST09" time="7.283" classname="com.vrt.testcases.assetCreationTest"/>
  <testcase name="ASST09" time="7.33" classname="com.vrt.testcases.assetCreationTest"/>
  <testcase name="ASST09" time="7.29" classname="com.vrt.testcases.assetCreationTest"/>
  <testcase name="ASST09" time="7.264" classname="com.vrt.testcases.assetCreationTest"/>
  <testcase name="ASST09" time="7.267" classname="com.vrt.testcases.assetCreationTest"/>
  <testcase name="ASST09" time="7.347" classname="com.vrt.testcases.assetCreationTest"/>
  <testcase name="ASST10" time="6.504" classname="com.vrt.testcases.assetCreationTest"/>
  <testcase name="ASST10" time="6.469" classname="com.vrt.testcases.assetCreationTest"/>
  <testcase name="ASST10" time="6.494" classname="com.vrt.testcases.assetCreationTest"/>
  <testcase name="ASST10" time="6.718" classname="com.vrt.testcases.assetCreationTest"/>
  <testcase name="ASST10" time="6.37" classname="com.vrt.testcases.assetCreationTest"/>
  <testcase name="ASST10" time="6.502" classname="com.vrt.testcases.assetCreationTest"/>
  <testcase name="ASST10" time="7.332" classname="com.vrt.testcases.assetCreationTest"/>
  <testcase name="ASST10" time="7.332" classname="com.vrt.testcases.assetCreationTest"/>
  <testcase name="ASST10" time="7.255" classname="com.vrt.testcases.assetCreationTest"/>
  <testcase name="ASST10" time="7.343" classname="com.vrt.testcases.assetCreationTest"/>
  <testcase name="ASST10" time="7.247" classname="com.vrt.testcases.assetCreationTest"/>
  <testcase name="ASST10" time="7.225" classname="com.vrt.testcases.assetCreationTest"/>
  <testcase name="ASST10" time="7.219" classname="com.vrt.testcases.assetCreationTest"/>
  <testcase name="ASST10" time="7.278" classname="com.vrt.testcases.assetCreationTest"/>
  <testcase name="ASST10" time="7.239" classname="com.vrt.testcases.assetCreationTest"/>
  <testcase name="ASST10" time="7.338" classname="com.vrt.testcases.assetCreationTest"/>
  <testcase name="ASST10" time="7.243" classname="com.vrt.testcases.assetCreationTest"/>
  <testcase name="ASST10" time="7.284" classname="com.vrt.testcases.assetCreationTest"/>
  <testcase name="ASST10" time="7.301" classname="com.vrt.testcases.assetCreationTest"/>
  <testcase name="ASST10" time="7.199" classname="com.vrt.testcases.assetCreationTest"/>
  <testcase name="ASST10" time="7.302" classname="com.vrt.testcases.assetCreationTest"/>
  <testcase name="ASST10" time="7.322" classname="com.vrt.testcases.assetCreationTest"/>
  <testcase name="ASST10" time="7.278" classname="com.vrt.testcases.assetCreationTest"/>
  <testcase name="ASST10" time="7.473" classname="com.vrt.testcases.assetCreationTest"/>
  <testcase name="ASST10" time="7.245" classname="com.vrt.testcases.assetCreationTest"/>
  <testcase name="ASST10" time="7.368" classname="com.vrt.testcases.assetCreationTest"/>
  <testcase name="ASST11" time="79.823" classname="com.vrt.testcases.assetCreationTest"/>
  <testcase name="ASST12" time="0.054" classname="com.vrt.testcases.assetCreationTest"/>
  <testcase name="ASST122a" time="8.507" classname="com.vrt.testcases.assetCreationTest"/>
  <testcase name="ASST122a" time="8.402" classname="com.vrt.testcases.assetCreationTest"/>
  <testcase name="ASST122a" time="8.453" classname="com.vrt.testcases.assetCreationTest"/>
  <testcase name="ASST122a" time="8.524" classname="com.vrt.testcases.assetCreationTest"/>
  <testcase name="ASST122a" time="8.41" classname="com.vrt.testcases.assetCreationTest"/>
  <testcase name="ASST122a" time="8.457" classname="com.vrt.testcases.assetCreationTest"/>
  <testcase name="ASST122a" time="8.558" classname="com.vrt.testcases.assetCreationTest"/>
  <testcase name="ASST122a" time="8.325" classname="com.vrt.testcases.assetCreationTest"/>
  <testcase name="ASST122a" time="8.161" classname="com.vrt.testcases.assetCreationTest"/>
  <testcase name="ASST122a" time="8.397" classname="com.vrt.testcases.assetCreationTest"/>
  <testcase name="ASST122a" time="8.56" classname="com.vrt.testcases.assetCreationTest"/>
  <testcase name="ASST122a" time="8.423" classname="com.vrt.testcases.assetCreationTest"/>
  <testcase name="ASST122a" time="8.382" classname="com.vrt.testcases.assetCreationTest"/>
  <testcase name="ASST122a" time="8.471" classname="com.vrt.testcases.assetCreationTest"/>
  <testcase name="ASST122a" time="8.398" classname="com.vrt.testcases.assetCreationTest"/>
  <testcase name="ASST122a" time="8.491" classname="com.vrt.testcases.assetCreationTest"/>
  <testcase name="ASST122a" time="8.524" classname="com.vrt.testcases.assetCreationTest"/>
  <testcase name="ASST122a" time="8.352" classname="com.vrt.testcases.assetCreationTest"/>
  <testcase name="ASST122a" time="8.466" classname="com.vrt.testcases.assetCreationTest"/>
  <testcase name="ASST122a" time="8.542" classname="com.vrt.testcases.assetCreationTest"/>
  <testcase name="ASST122a" time="8.36" classname="com.vrt.testcases.assetCreationTest"/>
  <testcase name="ASST122a" time="8.434" classname="com.vrt.testcases.assetCreationTest"/>
  <testcase name="ASST122a" time="8.55" classname="com.vrt.testcases.assetCreationTest"/>
  <testcase name="ASST122a" time="8.556" classname="com.vrt.testcases.assetCreationTest"/>
  <testcase name="ASST122a" time="8.135" classname="com.vrt.testcases.assetCreationTest"/>
  <testcase name="ASST122a" time="8.326" classname="com.vrt.testcases.assetCreationTest"/>
  <testcase name="ASST13" time="8.887" classname="com.vrt.testcases.assetCreationTest"/>
  <testcase name="ASST14a" time="7.552" classname="com.vrt.testcases.assetCreationTest"/>
  <testcase name="ASST14a" time="7.384" classname="com.vrt.testcases.assetCreationTest"/>
  <testcase name="ASST14a" time="7.329" classname="com.vrt.testcases.assetCreationTest"/>
  <testcase name="ASST14a" time="7.431" classname="com.vrt.testcases.assetCreationTest"/>
  <testcase name="ASST14a" time="7.425" classname="com.vrt.testcases.assetCreationTest"/>
  <testcase name="ASST14a" time="7.492" classname="com.vrt.testcases.assetCreationTest"/>
  <testcase name="ASST14a" time="7.412" classname="com.vrt.testcases.assetCreationTest"/>
  <testcase name="ASST14a" time="7.518" classname="com.vrt.testcases.assetCreationTest"/>
  <testcase name="ASST14b" time="3.541" classname="com.vrt.testcases.assetCreationTest"/>
  <testcase name="ASST16" time="21.129" classname="com.vrt.testcases.assetCreationTest"/>
  <testcase name="ASST17" time="8.364" classname="com.vrt.testcases.assetCreationTest"/>
  <testcase name="ASST18" time="7.289" classname="com.vrt.testcases.assetCreationTest"/>
  <testcase name="ASST18" time="7.192" classname="com.vrt.testcases.assetCreationTest"/>
  <testcase name="ASST18" time="7.374" classname="com.vrt.testcases.assetCreationTest"/>
  <testcase name="ASST18" time="7.4" classname="com.vrt.testcases.assetCreationTest"/>
  <testcase name="ASST18" time="7.367" classname="com.vrt.testcases.assetCreationTest"/>
  <testcase name="ASST18" time="7.305" classname="com.vrt.testcases.assetCreationTest"/>
  <testcase name="ASST18" time="7.259" classname="com.vrt.testcases.assetCreationTest"/>
  <testcase name="ASST18" time="7.396" classname="com.vrt.testcases.assetCreationTest"/>
  <testcase name="ASST19" time="7.987" classname="com.vrt.testcases.assetCreationTest"/>
  <testcase name="ASST19" time="8.068" classname="com.vrt.testcases.assetCreationTest"/>
  <testcase name="ASST19" time="8.191" classname="com.vrt.testcases.assetCreationTest"/>
  <testcase name="ASST19" time="8.023" classname="com.vrt.testcases.assetCreationTest"/>
  <testcase name="ASST19" time="7.982" classname="com.vrt.testcases.assetCreationTest"/>
  <testcase name="ASST19" time="8.127" classname="com.vrt.testcases.assetCreationTest"/>
  <testcase name="ASST19" time="7.986" classname="com.vrt.testcases.assetCreationTest"/>
  <testcase name="ASST19" time="8.095" classname="com.vrt.testcases.assetCreationTest"/>
  <testcase name="ASST19" time="8.034" classname="com.vrt.testcases.assetCreationTest"/>
  <testcase name="ASST19" time="8.12" classname="com.vrt.testcases.assetCreationTest"/>
  <testcase name="ASST19" time="8.032" classname="com.vrt.testcases.assetCreationTest"/>
  <testcase name="ASST19" time="8.061" classname="com.vrt.testcases.assetCreationTest"/>
  <testcase name="ASST19" time="8.164" classname="com.vrt.testcases.assetCreationTest"/>
  <testcase name="ASST19" time="8.185" classname="com.vrt.testcases.assetCreationTest"/>
  <testcase name="ASST19" time="8.048" classname="com.vrt.testcases.assetCreationTest"/>
  <testcase name="ASST19" time="8.041" classname="com.vrt.testcases.assetCreationTest"/>
  <testcase name="ASST19" time="8.191" classname="com.vrt.testcases.assetCreationTest"/>
  <testcase name="ASST19" time="8.142" classname="com.vrt.testcases.assetCreationTest"/>
  <testcase name="ASST19" time="7.949" classname="com.vrt.testcases.assetCreationTest"/>
  <testcase name="ASST19" time="8.117" classname="com.vrt.testcases.assetCreationTest"/>
  <testcase name="ASST19" time="8.07" classname="com.vrt.testcases.assetCreationTest"/>
  <testcase name="ASST19" time="8.233" classname="com.vrt.testcases.assetCreationTest"/>
  <testcase name="ASST19" time="8.008" classname="com.vrt.testcases.assetCreationTest"/>
  <testcase name="ASST19" time="8.182" classname="com.vrt.testcases.assetCreationTest"/>
  <testcase name="ASST19" time="7.894" classname="com.vrt.testcases.assetCreationTest"/>
  <testcase name="ASST19" time="8.191" classname="com.vrt.testcases.assetCreationTest"/>
  <testcase name="ASST20" time="3.719" classname="com.vrt.testcases.assetCreationTest"/>
  <testcase name="ASST21" time="8.122" classname="com.vrt.testcases.assetCreationTest"/>
  <testcase name="ASST21" time="8.243" classname="com.vrt.testcases.assetCreationTest"/>
  <testcase name="ASST21" time="8.266" classname="com.vrt.testcases.assetCreationTest"/>
  <testcase name="ASST21" time="8.294" classname="com.vrt.testcases.assetCreationTest"/>
  <testcase name="ASST21" time="8.15" classname="com.vrt.testcases.assetCreationTest"/>
  <testcase name="ASST21" time="8.278" classname="com.vrt.testcases.assetCreationTest"/>
  <testcase name="ASST21" time="8.17" classname="com.vrt.testcases.assetCreationTest"/>
  <testcase name="ASST21" time="8.31" classname="com.vrt.testcases.assetCreationTest"/>
  <testcase name="ASST22" time="7.949" classname="com.vrt.testcases.assetCreationTest"/>
  <testcase name="ASST22" time="8.396" classname="com.vrt.testcases.assetCreationTest"/>
  <testcase name="ASST22" time="8.342" classname="com.vrt.testcases.assetCreationTest"/>
  <testcase name="ASST22" time="8.507" classname="com.vrt.testcases.assetCreationTest"/>
  <testcase name="ASST22" time="8.498" classname="com.vrt.testcases.assetCreationTest"/>
  <testcase name="ASST22" time="8.44" classname="com.vrt.testcases.assetCreationTest"/>
  <testcase name="ASST22" time="8.403" classname="com.vrt.testcases.assetCreationTest"/>
  <testcase name="ASST22" time="8.181" classname="com.vrt.testcases.assetCreationTest"/>
  <testcase name="ASST22" time="8.26" classname="com.vrt.testcases.assetCreationTest"/>
  <testcase name="ASST22" time="8.261" classname="com.vrt.testcases.assetCreationTest"/>
  <testcase name="ASST22" time="8.275" classname="com.vrt.testcases.assetCreationTest"/>
  <testcase name="ASST22" time="8.388" classname="com.vrt.testcases.assetCreationTest"/>
  <testcase name="ASST22" time="8.279" classname="com.vrt.testcases.assetCreationTest"/>
  <testcase name="ASST22" time="8.434" classname="com.vrt.testcases.assetCreationTest"/>
  <testcase name="ASST22" time="8.38" classname="com.vrt.testcases.assetCreationTest"/>
  <testcase name="ASST22" time="8.274" classname="com.vrt.testcases.assetCreationTest"/>
  <testcase name="ASST22" time="8.435" classname="com.vrt.testcases.assetCreationTest"/>
  <testcase name="ASST22" time="8.352" classname="com.vrt.testcases.assetCreationTest"/>
  <testcase name="ASST22" time="8.486" classname="com.vrt.testcases.assetCreationTest"/>
  <testcase name="ASST22" time="8.431" classname="com.vrt.testcases.assetCreationTest"/>
  <testcase name="ASST22" time="8.398" classname="com.vrt.testcases.assetCreationTest"/>
  <testcase name="ASST22" time="8.297" classname="com.vrt.testcases.assetCreationTest"/>
  <testcase name="ASST22" time="8.551" classname="com.vrt.testcases.assetCreationTest"/>
  <testcase name="ASST22" time="8.438" classname="com.vrt.testcases.assetCreationTest"/>
  <testcase name="ASST23" time="8.949" classname="com.vrt.testcases.assetCreationTest"/>
  <testcase name="ASST24" time="9.143" classname="com.vrt.testcases.assetCreationTest"/>
  <testcase name="ASST24" time="9.175" classname="com.vrt.testcases.assetCreationTest"/>
  <testcase name="ASST24" time="9.216" classname="com.vrt.testcases.assetCreationTest"/>
  <testcase name="ASST24" time="9.257" classname="com.vrt.testcases.assetCreationTest"/>
  <testcase name="ASST24" time="9.275" classname="com.vrt.testcases.assetCreationTest"/>
  <testcase name="ASST24" time="9.25" classname="com.vrt.testcases.assetCreationTest"/>
  <testcase name="ASST24" time="9.544" classname="com.vrt.testcases.assetCreationTest"/>
  <testcase name="ASST24" time="9.013" classname="com.vrt.testcases.assetCreationTest"/>
  <testcase name="ASST25" time="8.309" classname="com.vrt.testcases.assetCreationTest"/>
  <testcase name="ASST25" time="8.413" classname="com.vrt.testcases.assetCreationTest"/>
  <testcase name="ASST25" time="8.291" classname="com.vrt.testcases.assetCreationTest"/>
  <testcase name="ASST25" time="8.401" classname="com.vrt.testcases.assetCreationTest"/>
  <testcase name="ASST25" time="8.343" classname="com.vrt.testcases.assetCreationTest"/>
  <testcase name="ASST25" time="8.323" classname="com.vrt.testcases.assetCreationTest"/>
  <testcase name="ASST25" time="8.369" classname="com.vrt.testcases.assetCreationTest"/>
  <testcase name="ASST25" time="8.324" classname="com.vrt.testcases.assetCreationTest"/>
  <testcase name="ASST25" time="8.481" classname="com.vrt.testcases.assetCreationTest"/>
  <testcase name="ASST25" time="8.34" classname="com.vrt.testcases.assetCreationTest"/>
  <testcase name="ASST25" time="8.258" classname="com.vrt.testcases.assetCreationTest"/>
  <testcase name="ASST25" time="8.345" classname="com.vrt.testcases.assetCreationTest"/>
  <testcase name="ASST25" time="8.582" classname="com.vrt.testcases.assetCreationTest"/>
  <testcase name="ASST25" time="8.471" classname="com.vrt.testcases.assetCreationTest"/>
  <testcase name="ASST25" time="8.859" classname="com.vrt.testcases.assetCreationTest"/>
  <testcase name="ASST25" time="8.194" classname="com.vrt.testcases.assetCreationTest"/>
  <testcase name="ASST25" time="8.383" classname="com.vrt.testcases.assetCreationTest"/>
  <testcase name="ASST25" time="8.424" classname="com.vrt.testcases.assetCreationTest"/>
  <testcase name="ASST25" time="8.318" classname="com.vrt.testcases.assetCreationTest"/>
  <testcase name="ASST25" time="9.325" classname="com.vrt.testcases.assetCreationTest"/>
  <testcase name="ASST25" time="9.237" classname="com.vrt.testcases.assetCreationTest"/>
  <testcase name="ASST25" time="9.196" classname="com.vrt.testcases.assetCreationTest"/>
  <testcase name="ASST25" time="9.041" classname="com.vrt.testcases.assetCreationTest"/>
  <testcase name="ASST25" time="9.235" classname="com.vrt.testcases.assetCreationTest"/>
  <testcase name="ASST25" time="9.003" classname="com.vrt.testcases.assetCreationTest"/>
  <testcase name="ASST25" time="9.324" classname="com.vrt.testcases.assetCreationTest"/>
  <testcase name="ASST25" time="9.74" classname="com.vrt.testcases.assetCreationTest"/>
  <testcase name="ASST25" time="9.145" classname="com.vrt.testcases.assetCreationTest"/>
  <testcase name="ASST25" time="9.119" classname="com.vrt.testcases.assetCreationTest"/>
  <testcase name="ASST25" time="9.172" classname="com.vrt.testcases.assetCreationTest"/>
  <testcase name="ASST26a" time="22.698" classname="com.vrt.testcases.assetCreationTest"/>
  <testcase name="ASST26b" time="0.027" classname="com.vrt.testcases.assetCreationTest"/>
  <testcase name="ASST26c" time="1.119" classname="com.vrt.testcases.assetCreationTest"/>
  <testcase name="ASST27" time="4.077" classname="com.vrt.testcases.assetCreationTest"/>
  <testcase name="ASST28" time="9.076" classname="com.vrt.testcases.assetCreationTest"/>
  <testcase name="ASST28" time="8.982" classname="com.vrt.testcases.assetCreationTest"/>
  <testcase name="ASST28" time="9.087" classname="com.vrt.testcases.assetCreationTest"/>
  <testcase name="ASST28" time="9.009" classname="com.vrt.testcases.assetCreationTest"/>
  <testcase name="ASST28" time="8.928" classname="com.vrt.testcases.assetCreationTest"/>
  <testcase name="ASST28" time="8.98" classname="com.vrt.testcases.assetCreationTest"/>
  <testcase name="ASST28" time="9.03" classname="com.vrt.testcases.assetCreationTest"/>
  <testcase name="ASST28" time="9.029" classname="com.vrt.testcases.assetCreationTest"/>
  <testcase name="ASST28" time="8.951" classname="com.vrt.testcases.assetCreationTest"/>
  <testcase name="ASST28" time="9.109" classname="com.vrt.testcases.assetCreationTest"/>
  <testcase name="ASST29" time="9.164" classname="com.vrt.testcases.assetCreationTest"/>
  <testcase name="ASST29" time="9.094" classname="com.vrt.testcases.assetCreationTest"/>
  <testcase name="ASST29" time="9.311" classname="com.vrt.testcases.assetCreationTest"/>
  <testcase name="ASST29" time="9.355" classname="com.vrt.testcases.assetCreationTest"/>
  <testcase name="ASST29" time="9.264" classname="com.vrt.testcases.assetCreationTest"/>
  <testcase name="ASST29" time="9.309" classname="com.vrt.testcases.assetCreationTest"/>
  <testcase name="ASST29" time="9.373" classname="com.vrt.testcases.assetCreationTest"/>
  <testcase name="ASST29" time="9.276" classname="com.vrt.testcases.assetCreationTest"/>
  <testcase name="ASST29" time="9.381" classname="com.vrt.testcases.assetCreationTest"/>
  <testcase name="ASST29" time="9.224" classname="com.vrt.testcases.assetCreationTest"/>
  <testcase name="ASST29" time="9.407" classname="com.vrt.testcases.assetCreationTest"/>
  <testcase name="ASST29" time="9.306" classname="com.vrt.testcases.assetCreationTest"/>
  <testcase name="ASST29" time="9.359" classname="com.vrt.testcases.assetCreationTest"/>
  <testcase name="ASST29" time="9.322" classname="com.vrt.testcases.assetCreationTest"/>
  <testcase name="ASST29" time="9.454" classname="com.vrt.testcases.assetCreationTest"/>
  <testcase name="ASST29" time="9.307" classname="com.vrt.testcases.assetCreationTest"/>
  <testcase name="ASST29" time="9.093" classname="com.vrt.testcases.assetCreationTest"/>
  <testcase name="ASST29" time="9.322" classname="com.vrt.testcases.assetCreationTest"/>
  <testcase name="ASST29" time="9.283" classname="com.vrt.testcases.assetCreationTest"/>
  <testcase name="ASST29" time="9.409" classname="com.vrt.testcases.assetCreationTest"/>
  <testcase name="ASST29" time="9.509" classname="com.vrt.testcases.assetCreationTest"/>
  <testcase name="ASST29" time="9.449" classname="com.vrt.testcases.assetCreationTest"/>
  <testcase name="ASST29" time="9.274" classname="com.vrt.testcases.assetCreationTest"/>
  <testcase name="ASST29" time="9.018" classname="com.vrt.testcases.assetCreationTest"/>
  <testcase name="ASST29" time="9.11" classname="com.vrt.testcases.assetCreationTest"/>
  <testcase name="ASST30a" time="0.06" classname="com.vrt.testcases.assetCreationTest"/>
  <testcase name="ASST30b" time="57.937" classname="com.vrt.testcases.assetCreationTest"/>
  <testcase name="ASST31a" time="0.121" classname="com.vrt.testcases.assetCreationTest"/>
  <testcase name="ASST31b" time="20.628" classname="com.vrt.testcases.assetCreationTest"/>
  <testcase name="ASST31c" time="1.801" classname="com.vrt.testcases.assetCreationTest"/>
  <testcase name="ASST31d" time="5.052" classname="com.vrt.testcases.assetCreationTest"/>
  <testcase name="ASST31e" time="4.584" classname="com.vrt.testcases.assetCreationTest"/>
  <testcase name="ASST32a" time="69.511" classname="com.vrt.testcases.assetCreationTest"/>
  <testcase name="ASST32b" time="64.046" classname="com.vrt.testcases.assetCreationTest"/>
  <testcase name="ASST32c" time="70.185" classname="com.vrt.testcases.assetCreationTest"/>
  <testcase name="ASST33" time="18.117" classname="com.vrt.testcases.assetCreationTest"/>
  <testcase name="ASST34" time="9.379" classname="com.vrt.testcases.assetCreationTest"/>
  <testcase name="ASST35" time="2.378" classname="com.vrt.testcases.assetCreationTest">
    <skipped/>
  </testcase> <!-- ASST35 -->
  <testcase name="ASST35" time="2.163" classname="com.vrt.testcases.assetCreationTest">
    <skipped/>
  </testcase> <!-- ASST35 -->
  <testcase name="ASST35" time="2.146" classname="com.vrt.testcases.assetCreationTest">
    <failure type="org.openqa.selenium.UnsupportedCommandException" message="Command not recognized: POST: /session/F1D9C1B2-6818-4C7F-8E6B-89A30981D4EF/element//value (WARNING: The server did not provide any stacktrace information)
Command duration or timeout: 0 milliseconds
Build info: version: &amp;apos;3.141.59&amp;apos;, revision: &amp;apos;e82be7d358&amp;apos;, time: &amp;apos;2018-11-14T08:17:03&amp;apos;
System info: host: &amp;apos;INAS-LP024&amp;apos;, ip: &amp;apos;127.0.0.1&amp;apos;, os.name: &amp;apos;Windows 10&amp;apos;, os.arch: &amp;apos;amd64&amp;apos;, os.version: &amp;apos;10.0&amp;apos;, java.version: &amp;apos;1.8.0_181&amp;apos;
Driver info: io.appium.java_client.windows.WindowsDriver
Capabilities {app: Kaye.ValProbeRT_racmveb2qnw..., javascriptEnabled: true, ms:waitForAppLaunch: 10, platform: WINDOWS, platformName: WINDOWS}
Session ID: F1D9C1B2-6818-4C7F-8E6B-89A30981D4EF">
      <![CDATA[org.openqa.selenium.UnsupportedCommandException: Command not recognized: POST: /session/F1D9C1B2-6818-4C7F-8E6B-89A30981D4EF/element//value (WARNING: The server did not provide any stacktrace information)
Command duration or timeout: 0 milliseconds
Build info: version: '3.141.59', revision: 'e82be7d358', time: '2018-11-14T08:17:03'
System info: host: 'INAS-LP024', ip: '127.0.0.1', os.name: 'Windows 10', os.arch: 'amd64', os.version: '10.0', java.version: '1.8.0_181'
Driver info: io.appium.java_client.windows.WindowsDriver
Capabilities {app: Kaye.ValProbeRT_racmveb2qnw..., javascriptEnabled: true, ms:waitForAppLaunch: 10, platform: WINDOWS, platformName: WINDOWS}
Session ID: F1D9C1B2-6818-4C7F-8E6B-89A30981D4EF
at sun.reflect.NativeConstructorAccessorImpl.newInstance0(Native Method)
at sun.reflect.NativeConstructorAccessorImpl.newInstance(NativeConstructorAccessorImpl.java:62)
at sun.reflect.DelegatingConstructorAccessorImpl.newInstance(DelegatingConstructorAccessorImpl.java:45)
at java.lang.reflect.Constructor.newInstance(Constructor.java:423)
at org.openqa.selenium.remote.ErrorHandler.createThrowable(ErrorHandler.java:214)
at org.openqa.selenium.remote.ErrorHandler.throwIfResponseFailed(ErrorHandler.java:166)
at org.openqa.selenium.remote.http.JsonHttpResponseCodec.reconstructValue(JsonHttpResponseCodec.java:40)
at org.openqa.selenium.remote.http.AbstractHttpResponseCodec.decode(AbstractHttpResponseCodec.java:80)
at org.openqa.selenium.remote.http.AbstractHttpResponseCodec.decode(AbstractHttpResponseCodec.java:44)
at org.openqa.selenium.remote.HttpCommandExecutor.execute(HttpCommandExecutor.java:158)
at io.appium.java_client.remote.AppiumCommandExecutor.execute(AppiumCommandExecutor.java:239)
at org.openqa.selenium.remote.RemoteWebDriver.execute(RemoteWebDriver.java:552)
at io.appium.java_client.DefaultGenericMobileDriver.execute(DefaultGenericMobileDriver.java:42)
at io.appium.java_client.AppiumDriver.execute(AppiumDriver.java:1)
at io.appium.java_client.windows.WindowsDriver.execute(WindowsDriver.java:1)
at org.openqa.selenium.remote.RemoteWebElement.execute(RemoteWebElement.java:285)
at org.openqa.selenium.remote.RemoteWebElement.sendKeys(RemoteWebElement.java:106)
at com.vrt.utility.TestUtilities.uploadDoc(TestUtilities.java:324)
at com.vrt.testcases.assetCreationTest.ASST35(assetCreationTest.java:1099)
at sun.reflect.NativeMethodAccessorImpl.invoke0(Native Method)
at sun.reflect.NativeMethodAccessorImpl.invoke(NativeMethodAccessorImpl.java:62)
at sun.reflect.DelegatingMethodAccessorImpl.invoke(DelegatingMethodAccessorImpl.java:43)
at java.lang.reflect.Method.invoke(Method.java:498)
at org.testng.internal.MethodInvocationHelper.invokeMethod(MethodInvocationHelper.java:132)
at org.testng.internal.TestInvoker.invokeMethod(TestInvoker.java:599)
at org.testng.internal.TestInvoker.retryFailed(TestInvoker.java:214)
at org.testng.internal.MethodRunner.runInSequence(MethodRunner.java:58)
at org.testng.internal.TestInvoker$MethodInvocationAgent.invoke(TestInvoker.java:822)
at org.testng.internal.TestInvoker.invokeTestMethods(TestInvoker.java:147)
at org.testng.internal.TestMethodWorker.invokeTestMethods(TestMethodWorker.java:146)
at org.testng.internal.TestMethodWorker.run(TestMethodWorker.java:128)
at java.util.ArrayList.forEach(ArrayList.java:1257)
at org.testng.TestRunner.privateRun(TestRunner.java:764)
at org.testng.TestRunner.run(TestRunner.java:585)
at org.testng.SuiteRunner.runTest(SuiteRunner.java:384)
at org.testng.SuiteRunner.runSequentially(SuiteRunner.java:378)
at org.testng.SuiteRunner.privateRun(SuiteRunner.java:337)
at org.testng.SuiteRunner.run(SuiteRunner.java:286)
at org.testng.SuiteRunnerWorker.runSuite(SuiteRunnerWorker.java:53)
at org.testng.SuiteRunnerWorker.run(SuiteRunnerWorker.java:96)
at org.testng.TestNG.runSuitesSequentially(TestNG.java:1218)
at org.testng.TestNG.runSuitesLocally(TestNG.java:1140)
at org.testng.TestNG.runSuites(TestNG.java:1069)
at org.testng.TestNG.run(TestNG.java:1037)
at org.testng.remote.AbstractRemoteTestNG.run(AbstractRemoteTestNG.java:115)
at org.testng.remote.RemoteTestNG.initAndRun(RemoteTestNG.java:251)
at org.testng.remote.RemoteTestNG.main(RemoteTestNG.java:77)
]]>
    </failure>
  </testcase> <!-- ASST35 -->
  <testcase name="ASST36" time="114.632" classname="com.vrt.testcases.assetCreationTest"/>
  <testcase name="ASST37" time="124.5" classname="com.vrt.testcases.assetCreationTest">
    <skipped/>
  </testcase> <!-- ASST37 -->
  <testcase name="ASST37" time="128.11" classname="com.vrt.testcases.assetCreationTest">
    <skipped/>
  </testcase> <!-- ASST37 -->
  <testcase name="ASST37" time="150.723" classname="com.vrt.testcases.assetCreationTest">
    <failure type="org.openqa.selenium.NoSuchElementException" message="An element could not be located on the page using the given search parameters. (WARNING: The server did not provide any stacktrace information)
Command duration or timeout: 0 milliseconds
For documentation on this error, please visit: https://www.seleniumhq.org/exceptions/no_such_element.html
Build info: version: &amp;apos;3.141.59&amp;apos;, revision: &amp;apos;e82be7d358&amp;apos;, time: &amp;apos;2018-11-14T08:17:03&amp;apos;
System info: host: &amp;apos;INAS-LP024&amp;apos;, ip: &amp;apos;127.0.0.1&amp;apos;, os.name: &amp;apos;Windows 10&amp;apos;, os.arch: &amp;apos;amd64&amp;apos;, os.version: &amp;apos;10.0&amp;apos;, java.version: &amp;apos;1.8.0_181&amp;apos;
Driver info: io.appium.java_client.windows.WindowsDriver
Capabilities {app: Kaye.ValProbeRT_racmveb2qnw..., javascriptEnabled: true, ms:waitForAppLaunch: 10, platform: WINDOWS, platformName: WINDOWS}
Session ID: D298A5EC-F879-4F22-8313-A09CF7B1A51D
*** Element info: {Using=name, value=Enter User Credentials}">
      <![CDATA[org.openqa.selenium.NoSuchElementException: An element could not be located on the page using the given search parameters. (WARNING: The server did not provide any stacktrace information)
Command duration or timeout: 0 milliseconds
For documentation on this error, please visit: https://www.seleniumhq.org/exceptions/no_such_element.html
Build info: version: '3.141.59', revision: 'e82be7d358', time: '2018-11-14T08:17:03'
System info: host: 'INAS-LP024', ip: '127.0.0.1', os.name: 'Windows 10', os.arch: 'amd64', os.version: '10.0', java.version: '1.8.0_181'
Driver info: io.appium.java_client.windows.WindowsDriver
Capabilities {app: Kaye.ValProbeRT_racmveb2qnw..., javascriptEnabled: true, ms:waitForAppLaunch: 10, platform: WINDOWS, platformName: WINDOWS}
Session ID: D298A5EC-F879-4F22-8313-A09CF7B1A51D
*** Element info: {Using=name, value=Enter User Credentials}
at sun.reflect.NativeConstructorAccessorImpl.newInstance0(Native Method)
at sun.reflect.NativeConstructorAccessorImpl.newInstance(NativeConstructorAccessorImpl.java:62)
at sun.reflect.DelegatingConstructorAccessorImpl.newInstance(DelegatingConstructorAccessorImpl.java:45)
at java.lang.reflect.Constructor.newInstance(Constructor.java:423)
at org.openqa.selenium.remote.ErrorHandler.createThrowable(ErrorHandler.java:214)
at org.openqa.selenium.remote.ErrorHandler.throwIfResponseFailed(ErrorHandler.java:166)
at org.openqa.selenium.remote.http.JsonHttpResponseCodec.reconstructValue(JsonHttpResponseCodec.java:40)
at org.openqa.selenium.remote.http.AbstractHttpResponseCodec.decode(AbstractHttpResponseCodec.java:80)
at org.openqa.selenium.remote.http.AbstractHttpResponseCodec.decode(AbstractHttpResponseCodec.java:44)
at org.openqa.selenium.remote.HttpCommandExecutor.execute(HttpCommandExecutor.java:158)
at io.appium.java_client.remote.AppiumCommandExecutor.execute(AppiumCommandExecutor.java:239)
at org.openqa.selenium.remote.RemoteWebDriver.execute(RemoteWebDriver.java:552)
at io.appium.java_client.DefaultGenericMobileDriver.execute(DefaultGenericMobileDriver.java:42)
at io.appium.java_client.AppiumDriver.execute(AppiumDriver.java:1)
at io.appium.java_client.windows.WindowsDriver.execute(WindowsDriver.java:1)
at org.openqa.selenium.remote.RemoteWebDriver.findElement(RemoteWebDriver.java:323)
at io.appium.java_client.DefaultGenericMobileDriver.findElement(DefaultGenericMobileDriver.java:62)
at io.appium.java_client.AppiumDriver.findElement(AppiumDriver.java:1)
at io.appium.java_client.windows.WindowsDriver.findElement(WindowsDriver.java:1)
at org.openqa.selenium.remote.RemoteWebDriver.findElementByName(RemoteWebDriver.java:404)
at io.appium.java_client.DefaultGenericMobileDriver.findElementByName(DefaultGenericMobileDriver.java:118)
at io.appium.java_client.AppiumDriver.findElementByName(AppiumDriver.java:1)
at io.appium.java_client.windows.WindowsDriver.findElementByName(WindowsDriver.java:1)
at com.vrt.base.BaseClass.UserLoginPopup(BaseClass.java:191)
at com.vrt.testcases.assetCreationTest.ASST37(assetCreationTest.java:1185)
at sun.reflect.NativeMethodAccessorImpl.invoke0(Native Method)
at sun.reflect.NativeMethodAccessorImpl.invoke(NativeMethodAccessorImpl.java:62)
at sun.reflect.DelegatingMethodAccessorImpl.invoke(DelegatingMethodAccessorImpl.java:43)
at java.lang.reflect.Method.invoke(Method.java:498)
at org.testng.internal.MethodInvocationHelper.invokeMethod(MethodInvocationHelper.java:132)
at org.testng.internal.TestInvoker.invokeMethod(TestInvoker.java:599)
at org.testng.internal.TestInvoker.retryFailed(TestInvoker.java:214)
at org.testng.internal.MethodRunner.runInSequence(MethodRunner.java:58)
at org.testng.internal.TestInvoker$MethodInvocationAgent.invoke(TestInvoker.java:822)
at org.testng.internal.TestInvoker.invokeTestMethods(TestInvoker.java:147)
at org.testng.internal.TestMethodWorker.invokeTestMethods(TestMethodWorker.java:146)
at org.testng.internal.TestMethodWorker.run(TestMethodWorker.java:128)
at java.util.ArrayList.forEach(ArrayList.java:1257)
at org.testng.TestRunner.privateRun(TestRunner.java:764)
at org.testng.TestRunner.run(TestRunner.java:585)
at org.testng.SuiteRunner.runTest(SuiteRunner.java:384)
at org.testng.SuiteRunner.runSequentially(SuiteRunner.java:378)
at org.testng.SuiteRunner.privateRun(SuiteRunner.java:337)
at org.testng.SuiteRunner.run(SuiteRunner.java:286)
at org.testng.SuiteRunnerWorker.runSuite(SuiteRunnerWorker.java:53)
at org.testng.SuiteRunnerWorker.run(SuiteRunnerWorker.java:96)
at org.testng.TestNG.runSuitesSequentially(TestNG.java:1218)
at org.testng.TestNG.runSuitesLocally(TestNG.java:1140)
at org.testng.TestNG.runSuites(TestNG.java:1069)
at org.testng.TestNG.run(TestNG.java:1037)
at org.testng.remote.AbstractRemoteTestNG.run(AbstractRemoteTestNG.java:115)
at org.testng.remote.RemoteTestNG.initAndRun(RemoteTestNG.java:251)
at org.testng.remote.RemoteTestNG.main(RemoteTestNG.java:77)
]]>
    </failure>
  </testcase> <!-- ASST37 -->
  <testcase name="ASST38" time="127.691" classname="com.vrt.testcases.assetCreationTest"/>
  <testcase name="ASST39" time="31.743" classname="com.vrt.testcases.assetCreationTest"/>
  <testcase name="ASST40" time="9.294" classname="com.vrt.testcases.assetCreationTest"/>
  <testcase name="ASST41" time="24.433" classname="com.vrt.testcases.assetCreationTest"/>
  <testcase name="ASST42" time="24.653" classname="com.vrt.testcases.assetCreationTest"/>
  <testcase name="ASST45" time="88.934" classname="com.vrt.testcases.assetCreationTest"/>
  <testcase name="ASST46a" time="89.303" classname="com.vrt.testcases.assetCreationTest"/>
  <testcase name="ASST46b" time="88.861" classname="com.vrt.testcases.assetCreationTest"/>
  <testcase name="ASST46c" time="92.625" classname="com.vrt.testcases.assetCreationTest"/>
  <testcase name="ASST47" time="28.526" classname="com.vrt.testcases.assetCreationTest"/>
  <testcase name="ASST48" time="16.505" classname="com.vrt.testcases.assetCreationTest"/>
  <testcase name="ASST49" time="103.718" classname="com.vrt.testcases.assetCreationTest"/>
  <testcase name="ASST50" time="1.444" classname="com.vrt.testcases.assetCreationTest"/>
  <testcase name="ASST51" time="2.517" classname="com.vrt.testcases.assetCreationTest"/>
  <testcase name="ASST52" time="1.728" classname="com.vrt.testcases.assetCreationTest"/>
  <testcase name="ASST54" time="1.711" classname="com.vrt.testcases.assetCreationTest"/>
  <testcase name="ASSTHB001" time="0.035" classname="com.vrt.testcases.assetHubTest"/>
  <testcase name="ASSTHB002" time="0.235" classname="com.vrt.testcases.assetHubTest">
    <skipped/>
  </testcase> <!-- ASSTHB002 -->
  <testcase name="ASSTHB002" time="0.241" classname="com.vrt.testcases.assetHubTest">
    <skipped/>
  </testcase> <!-- ASSTHB002 -->
  <testcase name="ASSTHB002" time="0.282" classname="com.vrt.testcases.assetHubTest">
    <failure type="java.lang.AssertionError" message="The following asserts failed:
	FAIL: TC-ASST002 -Already assets present in the system which suggests its not an Fresh Installation may have been upgraded expected [0] but found [18]">
      <![CDATA[java.lang.AssertionError: The following asserts failed:
FAIL: TC-ASST002 -Already assets present in the system which suggests its not an Fresh Installation may have been upgraded expected [0] but found [18]
at org.testng.asserts.SoftAssert.assertAll(SoftAssert.java:47)
at org.testng.asserts.SoftAssert.assertAll(SoftAssert.java:31)
at com.vrt.testcases.assetHubTest.ASSTHB002(assetHubTest.java:177)
at sun.reflect.NativeMethodAccessorImpl.invoke0(Native Method)
at sun.reflect.NativeMethodAccessorImpl.invoke(NativeMethodAccessorImpl.java:62)
at sun.reflect.DelegatingMethodAccessorImpl.invoke(DelegatingMethodAccessorImpl.java:43)
at java.lang.reflect.Method.invoke(Method.java:498)
at org.testng.internal.MethodInvocationHelper.invokeMethod(MethodInvocationHelper.java:132)
at org.testng.internal.TestInvoker.invokeMethod(TestInvoker.java:599)
at org.testng.internal.TestInvoker.retryFailed(TestInvoker.java:214)
at org.testng.internal.MethodRunner.runInSequence(MethodRunner.java:58)
at org.testng.internal.TestInvoker$MethodInvocationAgent.invoke(TestInvoker.java:822)
at org.testng.internal.TestInvoker.invokeTestMethods(TestInvoker.java:147)
at org.testng.internal.TestMethodWorker.invokeTestMethods(TestMethodWorker.java:146)
at org.testng.internal.TestMethodWorker.run(TestMethodWorker.java:128)
at java.util.ArrayList.forEach(ArrayList.java:1257)
at org.testng.TestRunner.privateRun(TestRunner.java:764)
at org.testng.TestRunner.run(TestRunner.java:585)
at org.testng.SuiteRunner.runTest(SuiteRunner.java:384)
at org.testng.SuiteRunner.runSequentially(SuiteRunner.java:378)
at org.testng.SuiteRunner.privateRun(SuiteRunner.java:337)
at org.testng.SuiteRunner.run(SuiteRunner.java:286)
at org.testng.SuiteRunnerWorker.runSuite(SuiteRunnerWorker.java:53)
at org.testng.SuiteRunnerWorker.run(SuiteRunnerWorker.java:96)
at org.testng.TestNG.runSuitesSequentially(TestNG.java:1218)
at org.testng.TestNG.runSuitesLocally(TestNG.java:1140)
at org.testng.TestNG.runSuites(TestNG.java:1069)
at org.testng.TestNG.run(TestNG.java:1037)
at org.testng.remote.AbstractRemoteTestNG.run(AbstractRemoteTestNG.java:115)
at org.testng.remote.RemoteTestNG.initAndRun(RemoteTestNG.java:251)
at org.testng.remote.RemoteTestNG.main(RemoteTestNG.java:77)
]]>
    </failure>
  </testcase> <!-- ASSTHB002 -->
  <testcase name="ASSTHB003" time="0.12" classname="com.vrt.testcases.assetHubTest"/>
  <testcase name="ASSTHB004" time="0.072" classname="com.vrt.testcases.assetHubTest"/>
  <testcase name="ASSTHB005" time="3.539" classname="com.vrt.testcases.assetHubTest"/>
  <testcase name="ASSTHB006a" time="31.919" classname="com.vrt.testcases.assetHubTest">
    <skipped/>
  </testcase> <!-- ASSTHB006a -->
  <testcase name="ASSTHB006a" time="31.98" classname="com.vrt.testcases.assetHubTest">
    <skipped/>
  </testcase> <!-- ASSTHB006a -->
  <testcase name="ASSTHB006a" time="47.108" classname="com.vrt.testcases.assetHubTest">
    <failure type="org.openqa.selenium.NoSuchElementException" message="An element could not be located on the page using the given search parameters. (WARNING: The server did not provide any stacktrace information)
Command duration or timeout: 0 milliseconds
For documentation on this error, please visit: https://www.seleniumhq.org/exceptions/no_such_element.html
Build info: version: &amp;apos;3.141.59&amp;apos;, revision: &amp;apos;e82be7d358&amp;apos;, time: &amp;apos;2018-11-14T08:17:03&amp;apos;
System info: host: &amp;apos;INAS-LP024&amp;apos;, ip: &amp;apos;127.0.0.1&amp;apos;, os.name: &amp;apos;Windows 10&amp;apos;, os.arch: &amp;apos;amd64&amp;apos;, os.version: &amp;apos;10.0&amp;apos;, java.version: &amp;apos;1.8.0_181&amp;apos;
Driver info: io.appium.java_client.windows.WindowsDriver
Capabilities {app: Kaye.ValProbeRT_racmveb2qnw..., javascriptEnabled: true, ms:waitForAppLaunch: 10, platform: WINDOWS, platformName: WINDOWS}
Session ID: 8E1182F2-BA64-4D19-AC86-F48EF6BF408E
*** Element info: {Using=name, value=Enter User Credentials}">
      <![CDATA[org.openqa.selenium.NoSuchElementException: An element could not be located on the page using the given search parameters. (WARNING: The server did not provide any stacktrace information)
Command duration or timeout: 0 milliseconds
For documentation on this error, please visit: https://www.seleniumhq.org/exceptions/no_such_element.html
Build info: version: '3.141.59', revision: 'e82be7d358', time: '2018-11-14T08:17:03'
System info: host: 'INAS-LP024', ip: '127.0.0.1', os.name: 'Windows 10', os.arch: 'amd64', os.version: '10.0', java.version: '1.8.0_181'
Driver info: io.appium.java_client.windows.WindowsDriver
Capabilities {app: Kaye.ValProbeRT_racmveb2qnw..., javascriptEnabled: true, ms:waitForAppLaunch: 10, platform: WINDOWS, platformName: WINDOWS}
Session ID: 8E1182F2-BA64-4D19-AC86-F48EF6BF408E
*** Element info: {Using=name, value=Enter User Credentials}
at sun.reflect.NativeConstructorAccessorImpl.newInstance0(Native Method)
at sun.reflect.NativeConstructorAccessorImpl.newInstance(NativeConstructorAccessorImpl.java:62)
at sun.reflect.DelegatingConstructorAccessorImpl.newInstance(DelegatingConstructorAccessorImpl.java:45)
at java.lang.reflect.Constructor.newInstance(Constructor.java:423)
at org.openqa.selenium.remote.ErrorHandler.createThrowable(ErrorHandler.java:214)
at org.openqa.selenium.remote.ErrorHandler.throwIfResponseFailed(ErrorHandler.java:166)
at org.openqa.selenium.remote.http.JsonHttpResponseCodec.reconstructValue(JsonHttpResponseCodec.java:40)
at org.openqa.selenium.remote.http.AbstractHttpResponseCodec.decode(AbstractHttpResponseCodec.java:80)
at org.openqa.selenium.remote.http.AbstractHttpResponseCodec.decode(AbstractHttpResponseCodec.java:44)
at org.openqa.selenium.remote.HttpCommandExecutor.execute(HttpCommandExecutor.java:158)
at io.appium.java_client.remote.AppiumCommandExecutor.execute(AppiumCommandExecutor.java:239)
at org.openqa.selenium.remote.RemoteWebDriver.execute(RemoteWebDriver.java:552)
at io.appium.java_client.DefaultGenericMobileDriver.execute(DefaultGenericMobileDriver.java:42)
at io.appium.java_client.AppiumDriver.execute(AppiumDriver.java:1)
at io.appium.java_client.windows.WindowsDriver.execute(WindowsDriver.java:1)
at org.openqa.selenium.remote.RemoteWebDriver.findElement(RemoteWebDriver.java:323)
at io.appium.java_client.DefaultGenericMobileDriver.findElement(DefaultGenericMobileDriver.java:62)
at io.appium.java_client.AppiumDriver.findElement(AppiumDriver.java:1)
at io.appium.java_client.windows.WindowsDriver.findElement(WindowsDriver.java:1)
at org.openqa.selenium.remote.RemoteWebDriver.findElementByName(RemoteWebDriver.java:404)
at io.appium.java_client.DefaultGenericMobileDriver.findElementByName(DefaultGenericMobileDriver.java:118)
at io.appium.java_client.AppiumDriver.findElementByName(AppiumDriver.java:1)
at io.appium.java_client.windows.WindowsDriver.findElementByName(WindowsDriver.java:1)
at com.vrt.base.BaseClass.UserLoginPopup(BaseClass.java:191)
at com.vrt.testcases.assetHubTest.ASSTHB006a(assetHubTest.java:236)
at sun.reflect.NativeMethodAccessorImpl.invoke0(Native Method)
at sun.reflect.NativeMethodAccessorImpl.invoke(NativeMethodAccessorImpl.java:62)
at sun.reflect.DelegatingMethodAccessorImpl.invoke(DelegatingMethodAccessorImpl.java:43)
at java.lang.reflect.Method.invoke(Method.java:498)
at org.testng.internal.MethodInvocationHelper.invokeMethod(MethodInvocationHelper.java:132)
at org.testng.internal.TestInvoker.invokeMethod(TestInvoker.java:599)
at org.testng.internal.TestInvoker.retryFailed(TestInvoker.java:214)
at org.testng.internal.MethodRunner.runInSequence(MethodRunner.java:58)
at org.testng.internal.TestInvoker$MethodInvocationAgent.invoke(TestInvoker.java:822)
at org.testng.internal.TestInvoker.invokeTestMethods(TestInvoker.java:147)
at org.testng.internal.TestMethodWorker.invokeTestMethods(TestMethodWorker.java:146)
at org.testng.internal.TestMethodWorker.run(TestMethodWorker.java:128)
at java.util.ArrayList.forEach(ArrayList.java:1257)
at org.testng.TestRunner.privateRun(TestRunner.java:764)
at org.testng.TestRunner.run(TestRunner.java:585)
at org.testng.SuiteRunner.runTest(SuiteRunner.java:384)
at org.testng.SuiteRunner.runSequentially(SuiteRunner.java:378)
at org.testng.SuiteRunner.privateRun(SuiteRunner.java:337)
at org.testng.SuiteRunner.run(SuiteRunner.java:286)
at org.testng.SuiteRunnerWorker.runSuite(SuiteRunnerWorker.java:53)
at org.testng.SuiteRunnerWorker.run(SuiteRunnerWorker.java:96)
at org.testng.TestNG.runSuitesSequentially(TestNG.java:1218)
at org.testng.TestNG.runSuitesLocally(TestNG.java:1140)
at org.testng.TestNG.runSuites(TestNG.java:1069)
at org.testng.TestNG.run(TestNG.java:1037)
at org.testng.remote.AbstractRemoteTestNG.run(AbstractRemoteTestNG.java:115)
at org.testng.remote.RemoteTestNG.initAndRun(RemoteTestNG.java:251)
at org.testng.remote.RemoteTestNG.main(RemoteTestNG.java:77)
]]>
    </failure>
  </testcase> <!-- ASSTHB006a -->
  <testcase name="ASSTHB006b" time="26.895" classname="com.vrt.testcases.assetHubTest"/>
  <testcase name="ASSTHB007" time="1.874" classname="com.vrt.testcases.assetHubTest"/>
  <testcase name="ASSTHB008" time="18.228" classname="com.vrt.testcases.assetHubTest">
    <skipped/>
  </testcase> <!-- ASSTHB008 -->
  <testcase name="ASSTHB008" time="1.02" classname="com.vrt.testcases.assetHubTest">
    <skipped/>
  </testcase> <!-- ASSTHB008 -->
  <testcase name="ASSTHB008" time="1.017" classname="com.vrt.testcases.assetHubTest">
    <failure type="java.lang.NullPointerException">
      <![CDATA[java.lang.NullPointerException
at com.vrt.pages.assetCreationPage.initElements(assetCreationPage.java:45)
at com.vrt.pages.assetCreationPage.<init>(assetCreationPage.java:70)
at com.vrt.pages.assetHubPage.ClickAddAssetBtn(assetHubPage.java:154)
at com.vrt.testcases.assetHubTest.ASSTHB008(assetHubTest.java:332)
at sun.reflect.NativeMethodAccessorImpl.invoke0(Native Method)
at sun.reflect.NativeMethodAccessorImpl.invoke(NativeMethodAccessorImpl.java:62)
at sun.reflect.DelegatingMethodAccessorImpl.invoke(DelegatingMethodAccessorImpl.java:43)
at java.lang.reflect.Method.invoke(Method.java:498)
at org.testng.internal.MethodInvocationHelper.invokeMethod(MethodInvocationHelper.java:132)
at org.testng.internal.TestInvoker.invokeMethod(TestInvoker.java:599)
at org.testng.internal.TestInvoker.retryFailed(TestInvoker.java:214)
at org.testng.internal.MethodRunner.runInSequence(MethodRunner.java:58)
at org.testng.internal.TestInvoker$MethodInvocationAgent.invoke(TestInvoker.java:822)
at org.testng.internal.TestInvoker.invokeTestMethods(TestInvoker.java:147)
at org.testng.internal.TestMethodWorker.invokeTestMethods(TestMethodWorker.java:146)
at org.testng.internal.TestMethodWorker.run(TestMethodWorker.java:128)
at java.util.ArrayList.forEach(ArrayList.java:1257)
at org.testng.TestRunner.privateRun(TestRunner.java:764)
at org.testng.TestRunner.run(TestRunner.java:585)
at org.testng.SuiteRunner.runTest(SuiteRunner.java:384)
at org.testng.SuiteRunner.runSequentially(SuiteRunner.java:378)
at org.testng.SuiteRunner.privateRun(SuiteRunner.java:337)
at org.testng.SuiteRunner.run(SuiteRunner.java:286)
at org.testng.SuiteRunnerWorker.runSuite(SuiteRunnerWorker.java:53)
at org.testng.SuiteRunnerWorker.run(SuiteRunnerWorker.java:96)
at org.testng.TestNG.runSuitesSequentially(TestNG.java:1218)
at org.testng.TestNG.runSuitesLocally(TestNG.java:1140)
at org.testng.TestNG.runSuites(TestNG.java:1069)
at org.testng.TestNG.run(TestNG.java:1037)
at org.testng.remote.AbstractRemoteTestNG.run(AbstractRemoteTestNG.java:115)
at org.testng.remote.RemoteTestNG.initAndRun(RemoteTestNG.java:251)
at org.testng.remote.RemoteTestNG.main(RemoteTestNG.java:77)
]]>
    </failure>
  </testcase> <!-- ASSTHB008 -->
  <testcase name="ASSTHB009" time="0.0" classname="com.vrt.testcases.assetHubTest">
    <skipped/>
  </testcase> <!-- ASSTHB009 -->
  <testcase name="ASSTHB010" time="0.0" classname="com.vrt.testcases.assetHubTest">
    <skipped/>
  </testcase> <!-- ASSTHB010 -->
  <testcase name="ASSTHB011" time="0.0" classname="com.vrt.testcases.assetHubTest">
    <skipped/>
  </testcase> <!-- ASSTHB011 -->
  <testcase name="ASST001" time="0.14" classname="com.vrt.testcases.assetDetailsTest1"/>
  <testcase name="ASST001A" time="0.047" classname="com.vrt.testcases.assetDetailsTest1"/>
  <testcase name="ASST001B" time="32.867" classname="com.vrt.testcases.assetDetailsTest1"/>
  <testcase name="ASST002" time="1.421" classname="com.vrt.testcases.assetDetailsTest1"/>
  <testcase name="ASST003" time="2.905" classname="com.vrt.testcases.assetDetailsTest1"/>
  <testcase name="ASST004" time="21.881" classname="com.vrt.testcases.assetDetailsTest1">
    <skipped/>
  </testcase> <!-- ASST004 -->
  <testcase name="ASST004" time="21.995" classname="com.vrt.testcases.assetDetailsTest1">
    <skipped/>
  </testcase> <!-- ASST004 -->
  <testcase name="ASST004" time="21.995" classname="com.vrt.testcases.assetDetailsTest1">
    <failure type="java.lang.AssertionError" message="The following asserts failed:
	FAIL:The Audit trail record for Edit Assets activity is not exist  expected [Asset : &amp;quot;Asset01&amp;quot; &amp;quot;Equipment ID&amp;quot; field modified from &amp;quot; 01 to 02 &amp;quot; by  User ID : &amp;quot;1&amp;quot; , User Name : &amp;quot;User1&amp;quot;.] but found [User ID : &amp;quot;1&amp;quot; ,  User Name: &amp;quot;User1&amp;quot; logged in to do  &amp;quot;EditAssets&amp;quot; operation in &amp;quot;Edit Asset&amp;quot; screen]">
      <![CDATA[java.lang.AssertionError: The following asserts failed:
FAIL:The Audit trail record for Edit Assets activity is not exist  expected [Asset : "Asset01" "Equipment ID" field modified from " 01 to 02 " by  User ID : "1" , User Name : "User1".] but found [User ID : "1" ,  User Name: "User1" logged in to do  "EditAssets" operation in "Edit Asset" screen]
at org.testng.asserts.SoftAssert.assertAll(SoftAssert.java:47)
at org.testng.asserts.SoftAssert.assertAll(SoftAssert.java:31)
at com.vrt.testcases.assetDetailsTest1.ASST004(assetDetailsTest1.java:395)
at sun.reflect.NativeMethodAccessorImpl.invoke0(Native Method)
at sun.reflect.NativeMethodAccessorImpl.invoke(NativeMethodAccessorImpl.java:62)
at sun.reflect.DelegatingMethodAccessorImpl.invoke(DelegatingMethodAccessorImpl.java:43)
at java.lang.reflect.Method.invoke(Method.java:498)
at org.testng.internal.MethodInvocationHelper.invokeMethod(MethodInvocationHelper.java:132)
at org.testng.internal.TestInvoker.invokeMethod(TestInvoker.java:599)
at org.testng.internal.TestInvoker.retryFailed(TestInvoker.java:214)
at org.testng.internal.MethodRunner.runInSequence(MethodRunner.java:58)
at org.testng.internal.TestInvoker$MethodInvocationAgent.invoke(TestInvoker.java:822)
at org.testng.internal.TestInvoker.invokeTestMethods(TestInvoker.java:147)
at org.testng.internal.TestMethodWorker.invokeTestMethods(TestMethodWorker.java:146)
at org.testng.internal.TestMethodWorker.run(TestMethodWorker.java:128)
at java.util.ArrayList.forEach(ArrayList.java:1257)
at org.testng.TestRunner.privateRun(TestRunner.java:764)
at org.testng.TestRunner.run(TestRunner.java:585)
at org.testng.SuiteRunner.runTest(SuiteRunner.java:384)
at org.testng.SuiteRunner.runSequentially(SuiteRunner.java:378)
at org.testng.SuiteRunner.privateRun(SuiteRunner.java:337)
at org.testng.SuiteRunner.run(SuiteRunner.java:286)
at org.testng.SuiteRunnerWorker.runSuite(SuiteRunnerWorker.java:53)
at org.testng.SuiteRunnerWorker.run(SuiteRunnerWorker.java:96)
at org.testng.TestNG.runSuitesSequentially(TestNG.java:1218)
at org.testng.TestNG.runSuitesLocally(TestNG.java:1140)
at org.testng.TestNG.runSuites(TestNG.java:1069)
at org.testng.TestNG.run(TestNG.java:1037)
at org.testng.remote.AbstractRemoteTestNG.run(AbstractRemoteTestNG.java:115)
at org.testng.remote.RemoteTestNG.initAndRun(RemoteTestNG.java:251)
at org.testng.remote.RemoteTestNG.main(RemoteTestNG.java:77)
]]>
    </failure>
  </testcase> <!-- ASST004 -->
  <testcase name="ASST006" time="5.42" classname="com.vrt.testcases.assetDetailsTest1"/>
  <testcase name="ASST007" time="4.046" classname="com.vrt.testcases.assetDetailsTest1"/>
  <testcase name="ASST008" time="14.416" classname="com.vrt.testcases.assetDetailsTest1"/>
  <testcase name="ASST009" time="13.919" classname="com.vrt.testcases.assetDetailsTest1"/>
  <testcase name="ASST012" time="11.513" classname="com.vrt.testcases.assetDetailsTest1"/>
  <testcase name="ASST013" time="0.141" classname="com.vrt.testcases.assetDetailsTest1"/>
  <testcase name="ASST014" time="6.092" classname="com.vrt.testcases.assetDetailsTest1"/>
  <testcase name="ASST015" time="5.155" classname="com.vrt.testcases.assetDetailsTest1"/>
  <testcase name="ASST017" time="1.234" classname="com.vrt.testcases.assetDetailsTest1"/>
  <testcase name="ASST018" time="6.53" classname="com.vrt.testcases.assetDetailsTest1"/>
  <testcase name="ASST020" time="16.792" classname="com.vrt.testcases.assetDetailsTest1"/>
  <testcase name="ASST023" time="5.577" classname="com.vrt.testcases.assetDetailsTest1"/>
  <testcase name="ASST024STP" time="7.467" classname="com.vrt.testcases.assetDetailsTest1"/>
  <testcase name="ASST024_A" time="7.264" classname="com.vrt.testcases.assetDetailsTest1"/>
  <testcase name="ASST024_A" time="7.452" classname="com.vrt.testcases.assetDetailsTest1"/>
  <testcase name="ASST024_A" time="7.358" classname="com.vrt.testcases.assetDetailsTest1"/>
  <testcase name="ASST024_A" time="7.357" classname="com.vrt.testcases.assetDetailsTest1"/>
  <testcase name="ASST024_A" time="7.295" classname="com.vrt.testcases.assetDetailsTest1"/>
  <testcase name="ASST024_A" time="7.326" classname="com.vrt.testcases.assetDetailsTest1"/>
  <testcase name="ASST024_A" time="7.326" classname="com.vrt.testcases.assetDetailsTest1"/>
  <testcase name="ASST024_A" time="7.404" classname="com.vrt.testcases.assetDetailsTest1"/>
  <testcase name="ASST024_B" time="8.904" classname="com.vrt.testcases.assetDetailsTest1"/>
  <testcase name="ASST024_B" time="8.967" classname="com.vrt.testcases.assetDetailsTest1"/>
  <testcase name="ASST024_B" time="8.998" classname="com.vrt.testcases.assetDetailsTest1"/>
  <testcase name="ASST024_B" time="8.904" classname="com.vrt.testcases.assetDetailsTest1"/>
  <testcase name="ASST024_B" time="8.919" classname="com.vrt.testcases.assetDetailsTest1"/>
  <testcase name="ASST024_B" time="8.982" classname="com.vrt.testcases.assetDetailsTest1"/>
  <testcase name="ASST024_C" time="10.17" classname="com.vrt.testcases.assetDetailsTest1"/>
  <testcase name="ASST024_D" time="7.967" classname="com.vrt.testcases.assetDetailsTest1"/>
  <testcase name="ASST024_D" time="7.842" classname="com.vrt.testcases.assetDetailsTest1"/>
  <testcase name="ASST024_D" time="8.03" classname="com.vrt.testcases.assetDetailsTest1"/>
  <testcase name="ASST024_D" time="7.92" classname="com.vrt.testcases.assetDetailsTest1"/>
  <testcase name="ASST024_E" time="7.717" classname="com.vrt.testcases.assetDetailsTest1"/>
  <testcase name="ASST024_E" time="7.482" classname="com.vrt.testcases.assetDetailsTest1"/>
  <testcase name="ASST024_E" time="7.499" classname="com.vrt.testcases.assetDetailsTest1"/>
  <testcase name="ASST024_E" time="7.498" classname="com.vrt.testcases.assetDetailsTest1"/>
  <testcase name="ASST024_E" time="7.499" classname="com.vrt.testcases.assetDetailsTest1"/>
  <testcase name="ASST024_E" time="7.514" classname="com.vrt.testcases.assetDetailsTest1"/>
  <testcase name="ASST024_E" time="7.561" classname="com.vrt.testcases.assetDetailsTest1"/>
  <testcase name="ASST024_E" time="7.623" classname="com.vrt.testcases.assetDetailsTest1"/>
  <testcase name="ASST024_F" time="7.702" classname="com.vrt.testcases.assetDetailsTest1"/>
  <testcase name="ASST025STP" time="68.828" classname="com.vrt.testcases.assetDetailsTest1">
    <skipped/>
  </testcase> <!-- ASST025STP -->
  <testcase name="ASST025STP" time="28.99" classname="com.vrt.testcases.assetDetailsTest1">
    <skipped/>
  </testcase> <!-- ASST025STP -->
  <testcase name="ASST025STP" time="18.612" classname="com.vrt.testcases.assetDetailsTest1">
    <failure type="org.openqa.selenium.NoSuchElementException" message="An element could not be located on the page using the given search parameters. (WARNING: The server did not provide any stacktrace information)
Command duration or timeout: 0 milliseconds
For documentation on this error, please visit: https://www.seleniumhq.org/exceptions/no_such_element.html
Build info: version: &amp;apos;3.141.59&amp;apos;, revision: &amp;apos;e82be7d358&amp;apos;, time: &amp;apos;2018-11-14T08:17:03&amp;apos;
System info: host: &amp;apos;INAS-LP024&amp;apos;, ip: &amp;apos;127.0.0.1&amp;apos;, os.name: &amp;apos;Windows 10&amp;apos;, os.arch: &amp;apos;amd64&amp;apos;, os.version: &amp;apos;10.0&amp;apos;, java.version: &amp;apos;1.8.0_181&amp;apos;
Driver info: io.appium.java_client.windows.WindowsDriver
Capabilities {app: Kaye.ValProbeRT_racmveb2qnw..., javascriptEnabled: true, ms:waitForAppLaunch: 10, platform: WINDOWS, platformName: WINDOWS}
Session ID: BBCA1DAF-ECDB-4C99-BA15-7EC9F31C3374
*** Element info: {Using=name, value=Assets}">
      <![CDATA[org.openqa.selenium.NoSuchElementException: An element could not be located on the page using the given search parameters. (WARNING: The server did not provide any stacktrace information)
Command duration or timeout: 0 milliseconds
For documentation on this error, please visit: https://www.seleniumhq.org/exceptions/no_such_element.html
Build info: version: '3.141.59', revision: 'e82be7d358', time: '2018-11-14T08:17:03'
System info: host: 'INAS-LP024', ip: '127.0.0.1', os.name: 'Windows 10', os.arch: 'amd64', os.version: '10.0', java.version: '1.8.0_181'
Driver info: io.appium.java_client.windows.WindowsDriver
Capabilities {app: Kaye.ValProbeRT_racmveb2qnw..., javascriptEnabled: true, ms:waitForAppLaunch: 10, platform: WINDOWS, platformName: WINDOWS}
Session ID: BBCA1DAF-ECDB-4C99-BA15-7EC9F31C3374
*** Element info: {Using=name, value=Assets}
at sun.reflect.NativeConstructorAccessorImpl.newInstance0(Native Method)
at sun.reflect.NativeConstructorAccessorImpl.newInstance(NativeConstructorAccessorImpl.java:62)
at sun.reflect.DelegatingConstructorAccessorImpl.newInstance(DelegatingConstructorAccessorImpl.java:45)
at java.lang.reflect.Constructor.newInstance(Constructor.java:423)
at org.openqa.selenium.remote.ErrorHandler.createThrowable(ErrorHandler.java:214)
at org.openqa.selenium.remote.ErrorHandler.throwIfResponseFailed(ErrorHandler.java:166)
at org.openqa.selenium.remote.http.JsonHttpResponseCodec.reconstructValue(JsonHttpResponseCodec.java:40)
at org.openqa.selenium.remote.http.AbstractHttpResponseCodec.decode(AbstractHttpResponseCodec.java:80)
at org.openqa.selenium.remote.http.AbstractHttpResponseCodec.decode(AbstractHttpResponseCodec.java:44)
at org.openqa.selenium.remote.HttpCommandExecutor.execute(HttpCommandExecutor.java:158)
at io.appium.java_client.remote.AppiumCommandExecutor.execute(AppiumCommandExecutor.java:239)
at org.openqa.selenium.remote.RemoteWebDriver.execute(RemoteWebDriver.java:552)
at io.appium.java_client.DefaultGenericMobileDriver.execute(DefaultGenericMobileDriver.java:42)
at io.appium.java_client.AppiumDriver.execute(AppiumDriver.java:1)
at io.appium.java_client.windows.WindowsDriver.execute(WindowsDriver.java:1)
at org.openqa.selenium.remote.RemoteWebDriver.findElement(RemoteWebDriver.java:323)
at io.appium.java_client.DefaultGenericMobileDriver.findElement(DefaultGenericMobileDriver.java:62)
at io.appium.java_client.AppiumDriver.findElement(AppiumDriver.java:1)
at io.appium.java_client.windows.WindowsDriver.findElement(WindowsDriver.java:1)
at org.openqa.selenium.remote.RemoteWebDriver.findElementByName(RemoteWebDriver.java:404)
at io.appium.java_client.DefaultGenericMobileDriver.findElementByName(DefaultGenericMobileDriver.java:118)
at io.appium.java_client.AppiumDriver.findElementByName(AppiumDriver.java:1)
at io.appium.java_client.windows.WindowsDriver.findElementByName(WindowsDriver.java:1)
at com.vrt.pages.assetHubPage.initElements(assetHubPage.java:36)
at com.vrt.pages.assetHubPage.<init>(assetHubPage.java:51)
at com.vrt.pages.assetDetailsPage.ClickBackBtn(assetDetailsPage.java:733)
at com.vrt.testcases.assetDetailsTest1.ASST025STP(assetDetailsTest1.java:840)
at sun.reflect.NativeMethodAccessorImpl.invoke0(Native Method)
at sun.reflect.NativeMethodAccessorImpl.invoke(NativeMethodAccessorImpl.java:62)
at sun.reflect.DelegatingMethodAccessorImpl.invoke(DelegatingMethodAccessorImpl.java:43)
at java.lang.reflect.Method.invoke(Method.java:498)
at org.testng.internal.MethodInvocationHelper.invokeMethod(MethodInvocationHelper.java:132)
at org.testng.internal.TestInvoker.invokeMethod(TestInvoker.java:599)
at org.testng.internal.TestInvoker.retryFailed(TestInvoker.java:214)
at org.testng.internal.MethodRunner.runInSequence(MethodRunner.java:58)
at org.testng.internal.TestInvoker$MethodInvocationAgent.invoke(TestInvoker.java:822)
at org.testng.internal.TestInvoker.invokeTestMethods(TestInvoker.java:147)
at org.testng.internal.TestMethodWorker.invokeTestMethods(TestMethodWorker.java:146)
at org.testng.internal.TestMethodWorker.run(TestMethodWorker.java:128)
at java.util.ArrayList.forEach(ArrayList.java:1257)
at org.testng.TestRunner.privateRun(TestRunner.java:764)
at org.testng.TestRunner.run(TestRunner.java:585)
at org.testng.SuiteRunner.runTest(SuiteRunner.java:384)
at org.testng.SuiteRunner.runSequentially(SuiteRunner.java:378)
at org.testng.SuiteRunner.privateRun(SuiteRunner.java:337)
at org.testng.SuiteRunner.run(SuiteRunner.java:286)
at org.testng.SuiteRunnerWorker.runSuite(SuiteRunnerWorker.java:53)
at org.testng.SuiteRunnerWorker.run(SuiteRunnerWorker.java:96)
at org.testng.TestNG.runSuitesSequentially(TestNG.java:1218)
at org.testng.TestNG.runSuitesLocally(TestNG.java:1140)
at org.testng.TestNG.runSuites(TestNG.java:1069)
at org.testng.TestNG.run(TestNG.java:1037)
at org.testng.remote.AbstractRemoteTestNG.run(AbstractRemoteTestNG.java:115)
at org.testng.remote.RemoteTestNG.initAndRun(RemoteTestNG.java:251)
at org.testng.remote.RemoteTestNG.main(RemoteTestNG.java:77)
]]>
    </failure>
  </testcase> <!-- ASST025STP -->
  <testcase name="ASST026STP" time="0.0" classname="com.vrt.testcases.assetDetailsTest1">
    <skipped/>
  </testcase> <!-- ASST026STP -->
  <testcase name="ASST027" time="0.0" classname="com.vrt.testcases.assetDetailsTest1">
    <skipped/>
  </testcase> <!-- ASST027 -->
  <testcase name="ASST029" time="0.0" classname="com.vrt.testcases.assetDetailsTest1">
    <skipped/>
  </testcase> <!-- ASST029 -->
  <testcase name="ASST030" time="0.0" classname="com.vrt.testcases.assetDetailsTest1">
    <skipped/>
  </testcase> <!-- ASST030 -->
  <testcase name="ASST032" time="0.0" classname="com.vrt.testcases.assetDetailsTest1">
    <skipped/>
  </testcase> <!-- ASST032 -->
  <testcase name="ASST033" time="0.0" classname="com.vrt.testcases.assetDetailsTest1">
    <skipped/>
  </testcase> <!-- ASST033 -->
  <testcase name="ASST034" time="0.0" classname="com.vrt.testcases.assetDetailsTest1">
    <skipped/>
  </testcase> <!-- ASST034 -->
  <testcase name="ASST037" time="0.0" classname="com.vrt.testcases.assetDetailsTest1">
    <skipped/>
  </testcase> <!-- ASST037 -->
  <testcase name="ASST038" time="0.0" classname="com.vrt.testcases.assetDetailsTest1">
    <skipped/>
  </testcase> <!-- ASST038 -->
  <testcase name="ASST043" time="0.0" classname="com.vrt.testcases.assetDetailsTest1">
    <skipped/>
  </testcase> <!-- ASST043 -->
  <testcase name="ASST044" time="0.0" classname="com.vrt.testcases.assetDetailsTest1">
    <skipped/>
  </testcase> <!-- ASST044 -->
  <testcase name="ASST047" time="0.0" classname="com.vrt.testcases.assetDetailsTest1">
    <skipped/>
  </testcase> <!-- ASST047 -->
  <testcase name="ASST048" time="0.0" classname="com.vrt.testcases.assetDetailsTest1">
    <skipped/>
  </testcase> <!-- ASST048 -->
  <testcase name="ASST050" time="0.0" classname="com.vrt.testcases.assetDetailsTest1">
    <skipped/>
  </testcase> <!-- ASST050 -->
  <testcase name="ASST052A" time="0.0" classname="com.vrt.testcases.assetDetailsTest1">
    <skipped/>
  </testcase> <!-- ASST052A -->
  <testcase name="ASST052B" time="0.0" classname="com.vrt.testcases.assetDetailsTest1">
    <skipped/>
  </testcase> <!-- ASST052B -->
  <testcase name="ASST053A" time="0.0" classname="com.vrt.testcases.assetDetailsTest1">
    <skipped/>
  </testcase> <!-- ASST053A -->
  <testcase name="ASST053B" time="0.0" classname="com.vrt.testcases.assetDetailsTest1">
    <skipped/>
  </testcase> <!-- ASST053B -->
  <testcase name="ASST054A_REP" time="0.0" classname="com.vrt.testcases.assetDetailsTest1">
    <skipped/>
  </testcase> <!-- ASST054A_REP -->
  <testcase name="ASST056" time="0.0" classname="com.vrt.testcases.assetDetailsTest1">
    <skipped/>
  </testcase> <!-- ASST056 -->
  <testcase name="ASST059" time="0.0" classname="com.vrt.testcases.assetDetailsTest1">
    <skipped/>
  </testcase> <!-- ASST059 -->
  <testcase name="ASST062" time="0.0" classname="com.vrt.testcases.assetDetailsTest1">
    <skipped/>
  </testcase> <!-- ASST062 -->
  <testcase name="ASST065" time="0.0" classname="com.vrt.testcases.assetDetailsTest1">
    <skipped/>
  </testcase> <!-- ASST065 -->
  <testcase name="ASST068" time="0.0" classname="com.vrt.testcases.assetDetailsTest1">
    <skipped/>
  </testcase> <!-- ASST068 -->
  <testcase name="ASST074" time="0.0" classname="com.vrt.testcases.assetDetailsTest1">
    <skipped/>
  </testcase> <!-- ASST074 -->
  <testcase name="ASST075" time="0.0" classname="com.vrt.testcases.assetDetailsTest1">
    <skipped/>
  </testcase> <!-- ASST075 -->
  <testcase name="ASST076" time="0.0" classname="com.vrt.testcases.assetDetailsTest1">
    <skipped/>
  </testcase> <!-- ASST076 -->
  <testcase name="ASST077" time="0.0" classname="com.vrt.testcases.assetDetailsTest1">
    <skipped/>
  </testcase> <!-- ASST077 -->
  <testcase name="ASST078" time="0.0" classname="com.vrt.testcases.assetDetailsTest1">
    <skipped/>
  </testcase> <!-- ASST078 -->
  <testcase name="ASST081" time="0.0" classname="com.vrt.testcases.assetDetailsTest1">
    <skipped/>
  </testcase> <!-- ASST081 -->
  <testcase name="ASST084" time="0.0" classname="com.vrt.testcases.assetDetailsTest1">
    <skipped/>
  </testcase> <!-- ASST084 -->
  <testcase name="ASST086" time="0.0" classname="com.vrt.testcases.assetDetailsTest1">
    <skipped/>
  </testcase> <!-- ASST086 -->
  <testcase name="ASST087" time="0.0" classname="com.vrt.testcases.assetDetailsTest1">
    <skipped/>
  </testcase> <!-- ASST087 -->
  <testcase name="ASST088" time="0.0" classname="com.vrt.testcases.assetDetailsTest1">
    <skipped/>
  </testcase> <!-- ASST088 -->
  <testcase name="ASST090" time="0.0" classname="com.vrt.testcases.assetDetailsTest1">
    <skipped/>
  </testcase> <!-- ASST090 -->
  <testcase name="ASST001" time="22.308" classname="com.vrt.testcases.assetDetailsTest2"/>
  <testcase name="ASST001A" time="4.483" classname="com.vrt.testcases.assetDetailsTest2"/>
  <testcase name="ASST002" time="14.668" classname="com.vrt.testcases.assetDetailsTest2"/>
  <testcase name="ASST003" time="14.028" classname="com.vrt.testcases.assetDetailsTest2"/>
  <testcase name="ASST004" time="14.324" classname="com.vrt.testcases.assetDetailsTest2"/>
  <testcase name="ASST005" time="25.519" classname="com.vrt.testcases.assetDetailsTest2">
    <skipped/>
  </testcase> <!-- ASST005 -->
  <testcase name="ASST005" time="20.949" classname="com.vrt.testcases.assetDetailsTest2">
    <skipped/>
  </testcase> <!-- ASST005 -->
  <testcase name="ASST005" time="21.176" classname="com.vrt.testcases.assetDetailsTest2">
    <failure type="org.openqa.selenium.NoSuchElementException" message="An element could not be located on the page using the given search parameters. (WARNING: The server did not provide any stacktrace information)
Command duration or timeout: 0 milliseconds
For documentation on this error, please visit: https://www.seleniumhq.org/exceptions/no_such_element.html
Build info: version: &amp;apos;3.141.59&amp;apos;, revision: &amp;apos;e82be7d358&amp;apos;, time: &amp;apos;2018-11-14T08:17:03&amp;apos;
System info: host: &amp;apos;INAS-LP024&amp;apos;, ip: &amp;apos;127.0.0.1&amp;apos;, os.name: &amp;apos;Windows 10&amp;apos;, os.arch: &amp;apos;amd64&amp;apos;, os.version: &amp;apos;10.0&amp;apos;, java.version: &amp;apos;1.8.0_181&amp;apos;
Driver info: io.appium.java_client.windows.WindowsDriver
Capabilities {app: Kaye.ValProbeRT_racmveb2qnw..., javascriptEnabled: true, ms:waitForAppLaunch: 10, platform: WINDOWS, platformName: WINDOWS}
Session ID: A3210106-02FE-4836-A069-3794D7B47CA5
*** Element info: {Using=accessibility id, value=DeleteButton}">
      <![CDATA[org.openqa.selenium.NoSuchElementException: An element could not be located on the page using the given search parameters. (WARNING: The server did not provide any stacktrace information)
Command duration or timeout: 0 milliseconds
For documentation on this error, please visit: https://www.seleniumhq.org/exceptions/no_such_element.html
Build info: version: '3.141.59', revision: 'e82be7d358', time: '2018-11-14T08:17:03'
System info: host: 'INAS-LP024', ip: '127.0.0.1', os.name: 'Windows 10', os.arch: 'amd64', os.version: '10.0', java.version: '1.8.0_181'
Driver info: io.appium.java_client.windows.WindowsDriver
Capabilities {app: Kaye.ValProbeRT_racmveb2qnw..., javascriptEnabled: true, ms:waitForAppLaunch: 10, platform: WINDOWS, platformName: WINDOWS}
Session ID: A3210106-02FE-4836-A069-3794D7B47CA5
*** Element info: {Using=accessibility id, value=DeleteButton}
at sun.reflect.NativeConstructorAccessorImpl.newInstance0(Native Method)
at sun.reflect.NativeConstructorAccessorImpl.newInstance(NativeConstructorAccessorImpl.java:62)
at sun.reflect.DelegatingConstructorAccessorImpl.newInstance(DelegatingConstructorAccessorImpl.java:45)
at java.lang.reflect.Constructor.newInstance(Constructor.java:423)
at org.openqa.selenium.remote.ErrorHandler.createThrowable(ErrorHandler.java:214)
at org.openqa.selenium.remote.ErrorHandler.throwIfResponseFailed(ErrorHandler.java:166)
at org.openqa.selenium.remote.http.JsonHttpResponseCodec.reconstructValue(JsonHttpResponseCodec.java:40)
at org.openqa.selenium.remote.http.AbstractHttpResponseCodec.decode(AbstractHttpResponseCodec.java:80)
at org.openqa.selenium.remote.http.AbstractHttpResponseCodec.decode(AbstractHttpResponseCodec.java:44)
at org.openqa.selenium.remote.HttpCommandExecutor.execute(HttpCommandExecutor.java:158)
at io.appium.java_client.remote.AppiumCommandExecutor.execute(AppiumCommandExecutor.java:239)
at org.openqa.selenium.remote.RemoteWebDriver.execute(RemoteWebDriver.java:552)
at io.appium.java_client.DefaultGenericMobileDriver.execute(DefaultGenericMobileDriver.java:42)
at io.appium.java_client.AppiumDriver.execute(AppiumDriver.java:1)
at io.appium.java_client.windows.WindowsDriver.execute(WindowsDriver.java:1)
at org.openqa.selenium.remote.RemoteWebDriver.findElement(RemoteWebDriver.java:323)
at io.appium.java_client.DefaultGenericMobileDriver.findElement(DefaultGenericMobileDriver.java:62)
at io.appium.java_client.AppiumDriver.findElement(AppiumDriver.java:1)
at io.appium.java_client.windows.WindowsDriver.findElement(WindowsDriver.java:1)
at io.appium.java_client.FindsByAccessibilityId.findElementByAccessibilityId(FindsByAccessibilityId.java:37)
at com.vrt.pages.assetDetailsPage.Click_DeleteBtn_report(assetDetailsPage.java:250)
at com.vrt.testcases.assetDetailsTest2.ASST005(assetDetailsTest2.java:393)
at sun.reflect.NativeMethodAccessorImpl.invoke0(Native Method)
at sun.reflect.NativeMethodAccessorImpl.invoke(NativeMethodAccessorImpl.java:62)
at sun.reflect.DelegatingMethodAccessorImpl.invoke(DelegatingMethodAccessorImpl.java:43)
at java.lang.reflect.Method.invoke(Method.java:498)
at org.testng.internal.MethodInvocationHelper.invokeMethod(MethodInvocationHelper.java:132)
at org.testng.internal.TestInvoker.invokeMethod(TestInvoker.java:599)
at org.testng.internal.TestInvoker.retryFailed(TestInvoker.java:214)
at org.testng.internal.MethodRunner.runInSequence(MethodRunner.java:58)
at org.testng.internal.TestInvoker$MethodInvocationAgent.invoke(TestInvoker.java:822)
at org.testng.internal.TestInvoker.invokeTestMethods(TestInvoker.java:147)
at org.testng.internal.TestMethodWorker.invokeTestMethods(TestMethodWorker.java:146)
at org.testng.internal.TestMethodWorker.run(TestMethodWorker.java:128)
at java.util.ArrayList.forEach(ArrayList.java:1257)
at org.testng.TestRunner.privateRun(TestRunner.java:764)
at org.testng.TestRunner.run(TestRunner.java:585)
at org.testng.SuiteRunner.runTest(SuiteRunner.java:384)
at org.testng.SuiteRunner.runSequentially(SuiteRunner.java:378)
at org.testng.SuiteRunner.privateRun(SuiteRunner.java:337)
at org.testng.SuiteRunner.run(SuiteRunner.java:286)
at org.testng.SuiteRunnerWorker.runSuite(SuiteRunnerWorker.java:53)
at org.testng.SuiteRunnerWorker.run(SuiteRunnerWorker.java:96)
at org.testng.TestNG.runSuitesSequentially(TestNG.java:1218)
at org.testng.TestNG.runSuitesLocally(TestNG.java:1140)
at org.testng.TestNG.runSuites(TestNG.java:1069)
at org.testng.TestNG.run(TestNG.java:1037)
at org.testng.remote.AbstractRemoteTestNG.run(AbstractRemoteTestNG.java:115)
at org.testng.remote.RemoteTestNG.initAndRun(RemoteTestNG.java:251)
at org.testng.remote.RemoteTestNG.main(RemoteTestNG.java:77)
]]>
    </failure>
  </testcase> <!-- ASST005 -->
  <testcase name="ASST006" time="16.153" classname="com.vrt.testcases.assetDetailsTest2"/>
  <testcase name="ASST007" time="13.59" classname="com.vrt.testcases.assetDetailsTest2"/>
  <testcase name="ASST008" time="13.544" classname="com.vrt.testcases.assetDetailsTest2"/>
  <testcase name="ASST009" time="24.803" classname="com.vrt.testcases.assetDetailsTest2">
    <skipped/>
  </testcase> <!-- ASST009 -->
  <testcase name="ASST009" time="21.136" classname="com.vrt.testcases.assetDetailsTest2">
    <skipped/>
  </testcase> <!-- ASST009 -->
  <testcase name="ASST009" time="20.902" classname="com.vrt.testcases.assetDetailsTest2">
    <failure type="org.openqa.selenium.NoSuchElementException" message="An element could not be located on the page using the given search parameters. (WARNING: The server did not provide any stacktrace information)
Command duration or timeout: 0 milliseconds
For documentation on this error, please visit: https://www.seleniumhq.org/exceptions/no_such_element.html
Build info: version: &amp;apos;3.141.59&amp;apos;, revision: &amp;apos;e82be7d358&amp;apos;, time: &amp;apos;2018-11-14T08:17:03&amp;apos;
System info: host: &amp;apos;INAS-LP024&amp;apos;, ip: &amp;apos;127.0.0.1&amp;apos;, os.name: &amp;apos;Windows 10&amp;apos;, os.arch: &amp;apos;amd64&amp;apos;, os.version: &amp;apos;10.0&amp;apos;, java.version: &amp;apos;1.8.0_181&amp;apos;
Driver info: io.appium.java_client.windows.WindowsDriver
Capabilities {app: Kaye.ValProbeRT_racmveb2qnw..., javascriptEnabled: true, ms:waitForAppLaunch: 10, platform: WINDOWS, platformName: WINDOWS}
Session ID: AC6F6C94-3678-4F8C-959D-AC2D0DA11D85
*** Element info: {Using=accessibility id, value=DeleteButton}">
      <![CDATA[org.openqa.selenium.NoSuchElementException: An element could not be located on the page using the given search parameters. (WARNING: The server did not provide any stacktrace information)
Command duration or timeout: 0 milliseconds
For documentation on this error, please visit: https://www.seleniumhq.org/exceptions/no_such_element.html
Build info: version: '3.141.59', revision: 'e82be7d358', time: '2018-11-14T08:17:03'
System info: host: 'INAS-LP024', ip: '127.0.0.1', os.name: 'Windows 10', os.arch: 'amd64', os.version: '10.0', java.version: '1.8.0_181'
Driver info: io.appium.java_client.windows.WindowsDriver
Capabilities {app: Kaye.ValProbeRT_racmveb2qnw..., javascriptEnabled: true, ms:waitForAppLaunch: 10, platform: WINDOWS, platformName: WINDOWS}
Session ID: AC6F6C94-3678-4F8C-959D-AC2D0DA11D85
*** Element info: {Using=accessibility id, value=DeleteButton}
at sun.reflect.NativeConstructorAccessorImpl.newInstance0(Native Method)
at sun.reflect.NativeConstructorAccessorImpl.newInstance(NativeConstructorAccessorImpl.java:62)
at sun.reflect.DelegatingConstructorAccessorImpl.newInstance(DelegatingConstructorAccessorImpl.java:45)
at java.lang.reflect.Constructor.newInstance(Constructor.java:423)
at org.openqa.selenium.remote.ErrorHandler.createThrowable(ErrorHandler.java:214)
at org.openqa.selenium.remote.ErrorHandler.throwIfResponseFailed(ErrorHandler.java:166)
at org.openqa.selenium.remote.http.JsonHttpResponseCodec.reconstructValue(JsonHttpResponseCodec.java:40)
at org.openqa.selenium.remote.http.AbstractHttpResponseCodec.decode(AbstractHttpResponseCodec.java:80)
at org.openqa.selenium.remote.http.AbstractHttpResponseCodec.decode(AbstractHttpResponseCodec.java:44)
at org.openqa.selenium.remote.HttpCommandExecutor.execute(HttpCommandExecutor.java:158)
at io.appium.java_client.remote.AppiumCommandExecutor.execute(AppiumCommandExecutor.java:239)
at org.openqa.selenium.remote.RemoteWebDriver.execute(RemoteWebDriver.java:552)
at io.appium.java_client.DefaultGenericMobileDriver.execute(DefaultGenericMobileDriver.java:42)
at io.appium.java_client.AppiumDriver.execute(AppiumDriver.java:1)
at io.appium.java_client.windows.WindowsDriver.execute(WindowsDriver.java:1)
at org.openqa.selenium.remote.RemoteWebDriver.findElement(RemoteWebDriver.java:323)
at io.appium.java_client.DefaultGenericMobileDriver.findElement(DefaultGenericMobileDriver.java:62)
at io.appium.java_client.AppiumDriver.findElement(AppiumDriver.java:1)
at io.appium.java_client.windows.WindowsDriver.findElement(WindowsDriver.java:1)
at io.appium.java_client.FindsByAccessibilityId.findElementByAccessibilityId(FindsByAccessibilityId.java:37)
at com.vrt.pages.assetDetailsPage.Click_DeleteBtn_report(assetDetailsPage.java:250)
at com.vrt.testcases.assetDetailsTest2.ASST009(assetDetailsTest2.java:518)
at sun.reflect.NativeMethodAccessorImpl.invoke0(Native Method)
at sun.reflect.NativeMethodAccessorImpl.invoke(NativeMethodAccessorImpl.java:62)
at sun.reflect.DelegatingMethodAccessorImpl.invoke(DelegatingMethodAccessorImpl.java:43)
at java.lang.reflect.Method.invoke(Method.java:498)
at org.testng.internal.MethodInvocationHelper.invokeMethod(MethodInvocationHelper.java:132)
at org.testng.internal.TestInvoker.invokeMethod(TestInvoker.java:599)
at org.testng.internal.TestInvoker.retryFailed(TestInvoker.java:214)
at org.testng.internal.MethodRunner.runInSequence(MethodRunner.java:58)
at org.testng.internal.TestInvoker$MethodInvocationAgent.invoke(TestInvoker.java:822)
at org.testng.internal.TestInvoker.invokeTestMethods(TestInvoker.java:147)
at org.testng.internal.TestMethodWorker.invokeTestMethods(TestMethodWorker.java:146)
at org.testng.internal.TestMethodWorker.run(TestMethodWorker.java:128)
at java.util.ArrayList.forEach(ArrayList.java:1257)
at org.testng.TestRunner.privateRun(TestRunner.java:764)
at org.testng.TestRunner.run(TestRunner.java:585)
at org.testng.SuiteRunner.runTest(SuiteRunner.java:384)
at org.testng.SuiteRunner.runSequentially(SuiteRunner.java:378)
at org.testng.SuiteRunner.privateRun(SuiteRunner.java:337)
at org.testng.SuiteRunner.run(SuiteRunner.java:286)
at org.testng.SuiteRunnerWorker.runSuite(SuiteRunnerWorker.java:53)
at org.testng.SuiteRunnerWorker.run(SuiteRunnerWorker.java:96)
at org.testng.TestNG.runSuitesSequentially(TestNG.java:1218)
at org.testng.TestNG.runSuitesLocally(TestNG.java:1140)
at org.testng.TestNG.runSuites(TestNG.java:1069)
at org.testng.TestNG.run(TestNG.java:1037)
at org.testng.remote.AbstractRemoteTestNG.run(AbstractRemoteTestNG.java:115)
at org.testng.remote.RemoteTestNG.initAndRun(RemoteTestNG.java:251)
at org.testng.remote.RemoteTestNG.main(RemoteTestNG.java:77)
]]>
    </failure>
  </testcase> <!-- ASST009 -->
  <testcase name="CA001" time="1.031" classname="com.vrt.testcases.CopyAssetTest"/>
  <testcase name="CA002" time="25.166" classname="com.vrt.testcases.CopyAssetTest"/>
  <testcase name="CA003A" time="3.125" classname="com.vrt.testcases.CopyAssetTest"/>
  <testcase name="CA004" time="2.843" classname="com.vrt.testcases.CopyAssetTest"/>
  <testcase name="CA004" time="3.046" classname="com.vrt.testcases.CopyAssetTest"/>
  <testcase name="CA004" time="2.952" classname="com.vrt.testcases.CopyAssetTest"/>
  <testcase name="CA004" time="2.844" classname="com.vrt.testcases.CopyAssetTest"/>
  <testcase name="CA004" time="3.842" classname="com.vrt.testcases.CopyAssetTest"/>
  <testcase name="CA004" time="3.358" classname="com.vrt.testcases.CopyAssetTest"/>
  <testcase name="CA004" time="3.562" classname="com.vrt.testcases.CopyAssetTest"/>
  <testcase name="CA005" time="3.265" classname="com.vrt.testcases.CopyAssetTest">
    <skipped/>
  </testcase> <!-- CA005 -->
  <testcase name="CA005" time="3.25" classname="com.vrt.testcases.CopyAssetTest">
    <skipped/>
  </testcase> <!-- CA005 -->
  <testcase name="CA005" time="3.249" classname="com.vrt.testcases.CopyAssetTest">
    <failure type="java.lang.AssertionError" message="The following asserts failed:
	FAIL: Alert message is not displayed expected [Asset name accepts alpha numeric and special characters like space, -,_ ,slash (forward and backward)] but found [New Asset ID  is mandatory, please enter New Asset ID ]">
      <![CDATA[java.lang.AssertionError: The following asserts failed:
FAIL: Alert message is not displayed expected [Asset name accepts alpha numeric and special characters like space, -,_ ,slash (forward and backward)] but found [New Asset ID  is mandatory, please enter New Asset ID ]
at org.testng.asserts.SoftAssert.assertAll(SoftAssert.java:47)
at org.testng.asserts.SoftAssert.assertAll(SoftAssert.java:31)
at com.vrt.testcases.CopyAssetTest.CA005(CopyAssetTest.java:309)
at sun.reflect.NativeMethodAccessorImpl.invoke0(Native Method)
at sun.reflect.NativeMethodAccessorImpl.invoke(NativeMethodAccessorImpl.java:62)
at sun.reflect.DelegatingMethodAccessorImpl.invoke(DelegatingMethodAccessorImpl.java:43)
at java.lang.reflect.Method.invoke(Method.java:498)
at org.testng.internal.MethodInvocationHelper.invokeMethod(MethodInvocationHelper.java:132)
at org.testng.internal.TestInvoker.invokeMethod(TestInvoker.java:599)
at org.testng.internal.TestInvoker.retryFailed(TestInvoker.java:214)
at org.testng.internal.MethodRunner.runInSequence(MethodRunner.java:58)
at org.testng.internal.TestInvoker$MethodInvocationAgent.invoke(TestInvoker.java:822)
at org.testng.internal.TestInvoker.invokeTestMethods(TestInvoker.java:147)
at org.testng.internal.TestMethodWorker.invokeTestMethods(TestMethodWorker.java:146)
at org.testng.internal.TestMethodWorker.run(TestMethodWorker.java:128)
at java.util.ArrayList.forEach(ArrayList.java:1257)
at org.testng.TestRunner.privateRun(TestRunner.java:764)
at org.testng.TestRunner.run(TestRunner.java:585)
at org.testng.SuiteRunner.runTest(SuiteRunner.java:384)
at org.testng.SuiteRunner.runSequentially(SuiteRunner.java:378)
at org.testng.SuiteRunner.privateRun(SuiteRunner.java:337)
at org.testng.SuiteRunner.run(SuiteRunner.java:286)
at org.testng.SuiteRunnerWorker.runSuite(SuiteRunnerWorker.java:53)
at org.testng.SuiteRunnerWorker.run(SuiteRunnerWorker.java:96)
at org.testng.TestNG.runSuitesSequentially(TestNG.java:1218)
at org.testng.TestNG.runSuitesLocally(TestNG.java:1140)
at org.testng.TestNG.runSuites(TestNG.java:1069)
at org.testng.TestNG.run(TestNG.java:1037)
at org.testng.remote.AbstractRemoteTestNG.run(AbstractRemoteTestNG.java:115)
at org.testng.remote.RemoteTestNG.initAndRun(RemoteTestNG.java:251)
at org.testng.remote.RemoteTestNG.main(RemoteTestNG.java:77)
]]>
    </failure>
  </testcase> <!-- CA005 -->
  <testcase name="CA005" time="2.547" classname="com.vrt.testcases.CopyAssetTest">
    <skipped/>
  </testcase> <!-- CA005 -->
  <testcase name="CA005" time="2.593" classname="com.vrt.testcases.CopyAssetTest">
    <skipped/>
  </testcase> <!-- CA005 -->
  <testcase name="CA005" time="2.578" classname="com.vrt.testcases.CopyAssetTest">
    <failure type="java.lang.AssertionError" message="The following asserts failed:
	FAIL: Alert message is not displayed expected [Asset name accepts alpha numeric and special characters like space, -,_ ,slash (forward and backward)] but found [New Asset ID  is mandatory, please enter New Asset ID ]">
      <![CDATA[java.lang.AssertionError: The following asserts failed:
FAIL: Alert message is not displayed expected [Asset name accepts alpha numeric and special characters like space, -,_ ,slash (forward and backward)] but found [New Asset ID  is mandatory, please enter New Asset ID ]
at org.testng.asserts.SoftAssert.assertAll(SoftAssert.java:47)
at org.testng.asserts.SoftAssert.assertAll(SoftAssert.java:31)
at com.vrt.testcases.CopyAssetTest.CA005(CopyAssetTest.java:309)
at sun.reflect.NativeMethodAccessorImpl.invoke0(Native Method)
at sun.reflect.NativeMethodAccessorImpl.invoke(NativeMethodAccessorImpl.java:62)
at sun.reflect.DelegatingMethodAccessorImpl.invoke(DelegatingMethodAccessorImpl.java:43)
at java.lang.reflect.Method.invoke(Method.java:498)
at org.testng.internal.MethodInvocationHelper.invokeMethod(MethodInvocationHelper.java:132)
at org.testng.internal.TestInvoker.invokeMethod(TestInvoker.java:599)
at org.testng.internal.TestInvoker.retryFailed(TestInvoker.java:214)
at org.testng.internal.MethodRunner.runInSequence(MethodRunner.java:58)
at org.testng.internal.TestInvoker$MethodInvocationAgent.invoke(TestInvoker.java:822)
at org.testng.internal.TestInvoker.invokeTestMethods(TestInvoker.java:147)
at org.testng.internal.TestMethodWorker.invokeTestMethods(TestMethodWorker.java:146)
at org.testng.internal.TestMethodWorker.run(TestMethodWorker.java:128)
at java.util.ArrayList.forEach(ArrayList.java:1257)
at org.testng.TestRunner.privateRun(TestRunner.java:764)
at org.testng.TestRunner.run(TestRunner.java:585)
at org.testng.SuiteRunner.runTest(SuiteRunner.java:384)
at org.testng.SuiteRunner.runSequentially(SuiteRunner.java:378)
at org.testng.SuiteRunner.privateRun(SuiteRunner.java:337)
at org.testng.SuiteRunner.run(SuiteRunner.java:286)
at org.testng.SuiteRunnerWorker.runSuite(SuiteRunnerWorker.java:53)
at org.testng.SuiteRunnerWorker.run(SuiteRunnerWorker.java:96)
at org.testng.TestNG.runSuitesSequentially(TestNG.java:1218)
at org.testng.TestNG.runSuitesLocally(TestNG.java:1140)
at org.testng.TestNG.runSuites(TestNG.java:1069)
at org.testng.TestNG.run(TestNG.java:1037)
at org.testng.remote.AbstractRemoteTestNG.run(AbstractRemoteTestNG.java:115)
at org.testng.remote.RemoteTestNG.initAndRun(RemoteTestNG.java:251)
at org.testng.remote.RemoteTestNG.main(RemoteTestNG.java:77)
]]>
    </failure>
  </testcase> <!-- CA005 -->
  <testcase name="CA005" time="3.53" classname="com.vrt.testcases.CopyAssetTest">
    <skipped/>
  </testcase> <!-- CA005 -->
  <testcase name="CA005" time="3.421" classname="com.vrt.testcases.CopyAssetTest">
    <skipped/>
  </testcase> <!-- CA005 -->
  <testcase name="CA005" time="3.437" classname="com.vrt.testcases.CopyAssetTest">
    <failure type="java.lang.AssertionError" message="The following asserts failed:
	FAIL: Alert message is not displayed expected [Asset name accepts alpha numeric and special characters like space, -,_ ,slash (forward and backward)] but found [New Asset ID  is mandatory, please enter New Asset ID ]">
      <![CDATA[java.lang.AssertionError: The following asserts failed:
FAIL: Alert message is not displayed expected [Asset name accepts alpha numeric and special characters like space, -,_ ,slash (forward and backward)] but found [New Asset ID  is mandatory, please enter New Asset ID ]
at org.testng.asserts.SoftAssert.assertAll(SoftAssert.java:47)
at org.testng.asserts.SoftAssert.assertAll(SoftAssert.java:31)
at com.vrt.testcases.CopyAssetTest.CA005(CopyAssetTest.java:309)
at sun.reflect.NativeMethodAccessorImpl.invoke0(Native Method)
at sun.reflect.NativeMethodAccessorImpl.invoke(NativeMethodAccessorImpl.java:62)
at sun.reflect.DelegatingMethodAccessorImpl.invoke(DelegatingMethodAccessorImpl.java:43)
at java.lang.reflect.Method.invoke(Method.java:498)
at org.testng.internal.MethodInvocationHelper.invokeMethod(MethodInvocationHelper.java:132)
at org.testng.internal.TestInvoker.invokeMethod(TestInvoker.java:599)
at org.testng.internal.TestInvoker.retryFailed(TestInvoker.java:214)
at org.testng.internal.MethodRunner.runInSequence(MethodRunner.java:58)
at org.testng.internal.TestInvoker$MethodInvocationAgent.invoke(TestInvoker.java:822)
at org.testng.internal.TestInvoker.invokeTestMethods(TestInvoker.java:147)
at org.testng.internal.TestMethodWorker.invokeTestMethods(TestMethodWorker.java:146)
at org.testng.internal.TestMethodWorker.run(TestMethodWorker.java:128)
at java.util.ArrayList.forEach(ArrayList.java:1257)
at org.testng.TestRunner.privateRun(TestRunner.java:764)
at org.testng.TestRunner.run(TestRunner.java:585)
at org.testng.SuiteRunner.runTest(SuiteRunner.java:384)
at org.testng.SuiteRunner.runSequentially(SuiteRunner.java:378)
at org.testng.SuiteRunner.privateRun(SuiteRunner.java:337)
at org.testng.SuiteRunner.run(SuiteRunner.java:286)
at org.testng.SuiteRunnerWorker.runSuite(SuiteRunnerWorker.java:53)
at org.testng.SuiteRunnerWorker.run(SuiteRunnerWorker.java:96)
at org.testng.TestNG.runSuitesSequentially(TestNG.java:1218)
at org.testng.TestNG.runSuitesLocally(TestNG.java:1140)
at org.testng.TestNG.runSuites(TestNG.java:1069)
at org.testng.TestNG.run(TestNG.java:1037)
at org.testng.remote.AbstractRemoteTestNG.run(AbstractRemoteTestNG.java:115)
at org.testng.remote.RemoteTestNG.initAndRun(RemoteTestNG.java:251)
at org.testng.remote.RemoteTestNG.main(RemoteTestNG.java:77)
]]>
    </failure>
  </testcase> <!-- CA005 -->
  <testcase name="CA005" time="2.437" classname="com.vrt.testcases.CopyAssetTest">
    <skipped/>
  </testcase> <!-- CA005 -->
  <testcase name="CA005" time="2.468" classname="com.vrt.testcases.CopyAssetTest">
    <skipped/>
  </testcase> <!-- CA005 -->
  <testcase name="CA005" time="2.437" classname="com.vrt.testcases.CopyAssetTest">
    <failure type="java.lang.AssertionError" message="The following asserts failed:
	FAIL: Alert message is not displayed expected [Asset name accepts alpha numeric and special characters like space, -,_ ,slash (forward and backward)] but found [New Asset ID  is mandatory, please enter New Asset ID ]">
      <![CDATA[java.lang.AssertionError: The following asserts failed:
FAIL: Alert message is not displayed expected [Asset name accepts alpha numeric and special characters like space, -,_ ,slash (forward and backward)] but found [New Asset ID  is mandatory, please enter New Asset ID ]
at org.testng.asserts.SoftAssert.assertAll(SoftAssert.java:47)
at org.testng.asserts.SoftAssert.assertAll(SoftAssert.java:31)
at com.vrt.testcases.CopyAssetTest.CA005(CopyAssetTest.java:309)
at sun.reflect.NativeMethodAccessorImpl.invoke0(Native Method)
at sun.reflect.NativeMethodAccessorImpl.invoke(NativeMethodAccessorImpl.java:62)
at sun.reflect.DelegatingMethodAccessorImpl.invoke(DelegatingMethodAccessorImpl.java:43)
at java.lang.reflect.Method.invoke(Method.java:498)
at org.testng.internal.MethodInvocationHelper.invokeMethod(MethodInvocationHelper.java:132)
at org.testng.internal.TestInvoker.invokeMethod(TestInvoker.java:599)
at org.testng.internal.TestInvoker.retryFailed(TestInvoker.java:214)
at org.testng.internal.MethodRunner.runInSequence(MethodRunner.java:58)
at org.testng.internal.TestInvoker$MethodInvocationAgent.invoke(TestInvoker.java:822)
at org.testng.internal.TestInvoker.invokeTestMethods(TestInvoker.java:147)
at org.testng.internal.TestMethodWorker.invokeTestMethods(TestMethodWorker.java:146)
at org.testng.internal.TestMethodWorker.run(TestMethodWorker.java:128)
at java.util.ArrayList.forEach(ArrayList.java:1257)
at org.testng.TestRunner.privateRun(TestRunner.java:764)
at org.testng.TestRunner.run(TestRunner.java:585)
at org.testng.SuiteRunner.runTest(SuiteRunner.java:384)
at org.testng.SuiteRunner.runSequentially(SuiteRunner.java:378)
at org.testng.SuiteRunner.privateRun(SuiteRunner.java:337)
at org.testng.SuiteRunner.run(SuiteRunner.java:286)
at org.testng.SuiteRunnerWorker.runSuite(SuiteRunnerWorker.java:53)
at org.testng.SuiteRunnerWorker.run(SuiteRunnerWorker.java:96)
at org.testng.TestNG.runSuitesSequentially(TestNG.java:1218)
at org.testng.TestNG.runSuitesLocally(TestNG.java:1140)
at org.testng.TestNG.runSuites(TestNG.java:1069)
at org.testng.TestNG.run(TestNG.java:1037)
at org.testng.remote.AbstractRemoteTestNG.run(AbstractRemoteTestNG.java:115)
at org.testng.remote.RemoteTestNG.initAndRun(RemoteTestNG.java:251)
at org.testng.remote.RemoteTestNG.main(RemoteTestNG.java:77)
]]>
    </failure>
  </testcase> <!-- CA005 -->
  <testcase name="CA005A" time="2.327" classname="com.vrt.testcases.CopyAssetTest"/>
  <testcase name="CA005B" time="10.607" classname="com.vrt.testcases.CopyAssetTest"/>
  <testcase name="CA005C" time="2.374" classname="com.vrt.testcases.CopyAssetTest"/>
  <testcase name="CA006" time="2.577" classname="com.vrt.testcases.CopyAssetTest"/>
  <testcase name="CA007" time="2.827" classname="com.vrt.testcases.CopyAssetTest"/>
  <testcase name="CA007" time="2.999" classname="com.vrt.testcases.CopyAssetTest"/>
  <testcase name="CA007" time="2.905" classname="com.vrt.testcases.CopyAssetTest"/>
  <testcase name="CA007" time="2.796" classname="com.vrt.testcases.CopyAssetTest"/>
  <testcase name="CA007" time="3.25" classname="com.vrt.testcases.CopyAssetTest"/>
  <testcase name="CA007" time="3.437" classname="com.vrt.testcases.CopyAssetTest"/>
  <testcase name="CA007" time="3.515" classname="com.vrt.testcases.CopyAssetTest"/>
  <testcase name="CA008" time="3.359" classname="com.vrt.testcases.CopyAssetTest"/>
  <testcase name="CA008" time="2.468" classname="com.vrt.testcases.CopyAssetTest"/>
  <testcase name="CA008" time="3.405" classname="com.vrt.testcases.CopyAssetTest"/>
  <testcase name="CA008" time="2.484" classname="com.vrt.testcases.CopyAssetTest"/>
  <testcase name="CA008A" time="2.593" classname="com.vrt.testcases.CopyAssetTest"/>
  <testcase name="CA008B" time="3.921" classname="com.vrt.testcases.CopyAssetTest"/>
  <testcase name="CA009" time="12.248" classname="com.vrt.testcases.CopyAssetTest"/>
  <testcase name="CA010" time="5.061" classname="com.vrt.testcases.CopyAssetTest"/>
  <testcase name="CA011" time="14.215" classname="com.vrt.testcases.CopyAssetTest"/>
  <testcase name="CA012" time="14.606" classname="com.vrt.testcases.CopyAssetTest"/>
  <testcase name="CA013" time="16.199" classname="com.vrt.testcases.CopyAssetTest"/>
  <testcase name="CA015" time="12.09" classname="com.vrt.testcases.CopyAssetTest"/>
  <testcase name="CA016" time="11.466" classname="com.vrt.testcases.CopyAssetTest"/>
  <testcase name="CS001" time="1.859" classname="com.vrt.testcases.CopySetupTest"/>
  <testcase name="CS002" time="55.538" classname="com.vrt.testcases.CopySetupTest"/>
  <testcase name="CS0023" time="1.124" classname="com.vrt.testcases.CopySetupTest"/>
  <testcase name="CS003" time="1.172" classname="com.vrt.testcases.CopySetupTest"/>
  <testcase name="CS004" time="1.531" classname="com.vrt.testcases.CopySetupTest"/>
  <testcase name="CS006" time="1.187" classname="com.vrt.testcases.CopySetupTest"/>
  <testcase name="CS007" time="1.156" classname="com.vrt.testcases.CopySetupTest"/>
  <testcase name="CS008" time="1.156" classname="com.vrt.testcases.CopySetupTest"/>
  <testcase name="CS009" time="1.14" classname="com.vrt.testcases.CopySetupTest"/>
  <testcase name="CS010" time="1.078" classname="com.vrt.testcases.CopySetupTest"/>
  <testcase name="CS012" time="38.006" classname="com.vrt.testcases.CopySetupTest"/>
  <testcase name="CS013" time="54.487" classname="com.vrt.testcases.CopySetupTest"/>
  <testcase name="CS014" time="3.531" classname="com.vrt.testcases.CopySetupTest"/>
  <testcase name="CS015A" time="11.076" classname="com.vrt.testcases.CopySetupTest"/>
  <testcase name="CS015B" time="10.779" classname="com.vrt.testcases.CopySetupTest"/>
  <testcase name="CS017" time="3.718" classname="com.vrt.testcases.CopySetupTest"/>
  <testcase name="CS018A" time="4.156" classname="com.vrt.testcases.CopySetupTest"/>
  <testcase name="CS018B" time="4.062" classname="com.vrt.testcases.CopySetupTest"/>
  <testcase name="CS019" time="22.104" classname="com.vrt.testcases.CopySetupTest"/>
  <testcase name="CS021" time="6.577" classname="com.vrt.testcases.CopySetupTest"/>
</testsuite> <!-- Asset -->
