<?xml version="1.0" encoding="UTF-8"?>
<!-- Generated by org.testng.reporters.JUnitXMLReporter -->
<testsuite hostname="INAS-LP024" ignored="0" name="Default test" tests="83" failures="4" timestamp="2021-08-07T21:13:21 IST" time="2163.828" errors="0">
  <testcase name="ASST001" time="0.14" classname="com.vrt.testcases.assetDetailsTest1"/>
  <testcase name="ASST001A" time="0.047" classname="com.vrt.testcases.assetDetailsTest1"/>
  <testcase name="ASST001B" time="32.857" classname="com.vrt.testcases.assetDetailsTest1"/>
  <testcase name="ASST002" time="1.437" classname="com.vrt.testcases.assetDetailsTest1"/>
  <testcase name="ASST003" time="2.984" classname="com.vrt.testcases.assetDetailsTest1"/>
  <testcase name="ASST004" time="21.899" classname="com.vrt.testcases.assetDetailsTest1">
    <failure type="java.lang.AssertionError" message="The following asserts failed:
	FAIL:The Audit trail record for Edit Assets activity is not exist  expected [Asset : &amp;quot;Asset01&amp;quot; &amp;quot;Equipment ID&amp;quot; field modified from &amp;quot; 01 to 02 &amp;quot; by  User ID : &amp;quot;1&amp;quot; , User Name : &amp;quot;User1&amp;quot;.] but found [Asset : &amp;quot;Asset01&amp;quot; &amp;quot;Asset ID&amp;quot; field modified from &amp;quot; 01 to 02 &amp;quot; by  User ID : &amp;quot;1&amp;quot; , User Name : &amp;quot;User1&amp;quot;.]">
      <![CDATA[java.lang.AssertionError: The following asserts failed:
FAIL:The Audit trail record for Edit Assets activity is not exist  expected [Asset : "Asset01" "Equipment ID" field modified from " 01 to 02 " by  User ID : "1" , User Name : "User1".] but found [Asset : "Asset01" "Asset ID" field modified from " 01 to 02 " by  User ID : "1" , User Name : "User1".]
at org.testng.asserts.SoftAssert.assertAll(SoftAssert.java:47)
at org.testng.asserts.SoftAssert.assertAll(SoftAssert.java:31)
at com.vrt.testcases.assetDetailsTest1.ASST004(assetDetailsTest1.java:395)
at sun.reflect.NativeMethodAccessorImpl.invoke0(Native Method)
at sun.reflect.NativeMethodAccessorImpl.invoke(NativeMethodAccessorImpl.java:62)
at sun.reflect.DelegatingMethodAccessorImpl.invoke(DelegatingMethodAccessorImpl.java:43)
at java.lang.reflect.Method.invoke(Method.java:498)
at org.testng.internal.MethodInvocationHelper.invokeMethod(MethodInvocationHelper.java:132)
at org.testng.internal.TestInvoker.invokeMethod(TestInvoker.java:599)
at org.testng.internal.TestInvoker.invokeTestMethod(TestInvoker.java:174)
at org.testng.internal.MethodRunner.runInSequence(MethodRunner.java:46)
at org.testng.internal.TestInvoker$MethodInvocationAgent.invoke(TestInvoker.java:822)
at org.testng.internal.TestInvoker.invokeTestMethods(TestInvoker.java:147)
at org.testng.internal.TestMethodWorker.invokeTestMethods(TestMethodWorker.java:146)
at org.testng.internal.TestMethodWorker.run(TestMethodWorker.java:128)
at java.util.ArrayList.forEach(ArrayList.java:1257)
at org.testng.TestRunner.privateRun(TestRunner.java:764)
at org.testng.TestRunner.run(TestRunner.java:585)
at org.testng.SuiteRunner.runTest(SuiteRunner.java:384)
at org.testng.SuiteRunner.runSequentially(SuiteRunner.java:378)
at org.testng.SuiteRunner.privateRun(SuiteRunner.java:337)
at org.testng.SuiteRunner.run(SuiteRunner.java:286)
at org.testng.SuiteRunnerWorker.runSuite(SuiteRunnerWorker.java:53)
at org.testng.SuiteRunnerWorker.run(SuiteRunnerWorker.java:96)
at org.testng.TestNG.runSuitesSequentially(TestNG.java:1218)
at org.testng.TestNG.runSuitesLocally(TestNG.java:1140)
at org.testng.TestNG.runSuites(TestNG.java:1069)
at org.testng.TestNG.run(TestNG.java:1037)
at org.testng.remote.AbstractRemoteTestNG.run(AbstractRemoteTestNG.java:115)
at org.testng.remote.RemoteTestNG.initAndRun(RemoteTestNG.java:251)
at org.testng.remote.RemoteTestNG.main(RemoteTestNG.java:77)
]]>
    </failure>
  </testcase> <!-- ASST004 -->
  <testcase name="ASST006" time="5.702" classname="com.vrt.testcases.assetDetailsTest1"/>
  <testcase name="ASST007" time="4.186" classname="com.vrt.testcases.assetDetailsTest1"/>
  <testcase name="ASST008" time="14.559" classname="com.vrt.testcases.assetDetailsTest1"/>
  <testcase name="ASST009" time="13.996" classname="com.vrt.testcases.assetDetailsTest1"/>
  <testcase name="ASST012" time="11.419" classname="com.vrt.testcases.assetDetailsTest1"/>
  <testcase name="ASST013" time="0.14" classname="com.vrt.testcases.assetDetailsTest1"/>
  <testcase name="ASST014" time="6.061" classname="com.vrt.testcases.assetDetailsTest1"/>
  <testcase name="ASST015" time="5.202" classname="com.vrt.testcases.assetDetailsTest1"/>
  <testcase name="ASST017" time="1.327" classname="com.vrt.testcases.assetDetailsTest1"/>
  <testcase name="ASST018" time="6.545" classname="com.vrt.testcases.assetDetailsTest1"/>
  <testcase name="ASST020" time="16.822" classname="com.vrt.testcases.assetDetailsTest1"/>
  <testcase name="ASST023" time="5.545" classname="com.vrt.testcases.assetDetailsTest1"/>
  <testcase name="ASST024STP" time="7.42" classname="com.vrt.testcases.assetDetailsTest1"/>
  <testcase name="ASST024_A" time="7.404" classname="com.vrt.testcases.assetDetailsTest1"/>
  <testcase name="ASST024_A" time="7.545" classname="com.vrt.testcases.assetDetailsTest1"/>
  <testcase name="ASST024_A" time="7.311" classname="com.vrt.testcases.assetDetailsTest1"/>
  <testcase name="ASST024_A" time="7.326" classname="com.vrt.testcases.assetDetailsTest1"/>
  <testcase name="ASST024_A" time="7.295" classname="com.vrt.testcases.assetDetailsTest1"/>
  <testcase name="ASST024_A" time="7.327" classname="com.vrt.testcases.assetDetailsTest1"/>
  <testcase name="ASST024_A" time="7.327" classname="com.vrt.testcases.assetDetailsTest1"/>
  <testcase name="ASST024_A" time="7.42" classname="com.vrt.testcases.assetDetailsTest1"/>
  <testcase name="ASST024_B" time="8.998" classname="com.vrt.testcases.assetDetailsTest1"/>
  <testcase name="ASST024_B" time="8.889" classname="com.vrt.testcases.assetDetailsTest1"/>
  <testcase name="ASST024_B" time="8.936" classname="com.vrt.testcases.assetDetailsTest1"/>
  <testcase name="ASST024_B" time="8.967" classname="com.vrt.testcases.assetDetailsTest1"/>
  <testcase name="ASST024_B" time="8.873" classname="com.vrt.testcases.assetDetailsTest1"/>
  <testcase name="ASST024_B" time="8.998" classname="com.vrt.testcases.assetDetailsTest1"/>
  <testcase name="ASST024_C" time="10.372" classname="com.vrt.testcases.assetDetailsTest1"/>
  <testcase name="ASST024_D" time="8.029" classname="com.vrt.testcases.assetDetailsTest1"/>
  <testcase name="ASST024_D" time="7.982" classname="com.vrt.testcases.assetDetailsTest1"/>
  <testcase name="ASST024_D" time="8.123" classname="com.vrt.testcases.assetDetailsTest1"/>
  <testcase name="ASST024_D" time="7.936" classname="com.vrt.testcases.assetDetailsTest1"/>
  <testcase name="ASST024_E" time="7.764" classname="com.vrt.testcases.assetDetailsTest1"/>
  <testcase name="ASST024_E" time="7.467" classname="com.vrt.testcases.assetDetailsTest1"/>
  <testcase name="ASST024_E" time="7.42" classname="com.vrt.testcases.assetDetailsTest1"/>
  <testcase name="ASST024_E" time="7.529" classname="com.vrt.testcases.assetDetailsTest1"/>
  <testcase name="ASST024_E" time="7.451" classname="com.vrt.testcases.assetDetailsTest1"/>
  <testcase name="ASST024_E" time="7.326" classname="com.vrt.testcases.assetDetailsTest1"/>
  <testcase name="ASST024_E" time="7.405" classname="com.vrt.testcases.assetDetailsTest1"/>
  <testcase name="ASST024_E" time="7.545" classname="com.vrt.testcases.assetDetailsTest1"/>
  <testcase name="ASST024_F" time="7.827" classname="com.vrt.testcases.assetDetailsTest1"/>
  <testcase name="ASST025STP" time="68.796" classname="com.vrt.testcases.assetDetailsTest1">
    <failure type="org.openqa.selenium.NoSuchElementException" message="An element could not be located on the page using the given search parameters. (WARNING: The server did not provide any stacktrace information)
Command duration or timeout: 0 milliseconds
For documentation on this error, please visit: https://www.seleniumhq.org/exceptions/no_such_element.html
Build info: version: &amp;apos;3.141.59&amp;apos;, revision: &amp;apos;e82be7d358&amp;apos;, time: &amp;apos;2018-11-14T08:17:03&amp;apos;
System info: host: &amp;apos;INAS-LP024&amp;apos;, ip: &amp;apos;192.168.186.234&amp;apos;, os.name: &amp;apos;Windows 10&amp;apos;, os.arch: &amp;apos;amd64&amp;apos;, os.version: &amp;apos;10.0&amp;apos;, java.version: &amp;apos;1.8.0_181&amp;apos;
Driver info: io.appium.java_client.windows.WindowsDriver
Capabilities {app: Kaye.ValProbeRT_racmveb2qnw..., javascriptEnabled: true, ms:waitForAppLaunch: 10, platform: WINDOWS, platformName: WINDOWS}
Session ID: 300E6292-E62F-47DE-B32E-26CD73C23268
*** Element info: {Using=name, value=Yes}">
      <![CDATA[org.openqa.selenium.NoSuchElementException: An element could not be located on the page using the given search parameters. (WARNING: The server did not provide any stacktrace information)
Command duration or timeout: 0 milliseconds
For documentation on this error, please visit: https://www.seleniumhq.org/exceptions/no_such_element.html
Build info: version: '3.141.59', revision: 'e82be7d358', time: '2018-11-14T08:17:03'
System info: host: 'INAS-LP024', ip: '192.168.186.234', os.name: 'Windows 10', os.arch: 'amd64', os.version: '10.0', java.version: '1.8.0_181'
Driver info: io.appium.java_client.windows.WindowsDriver
Capabilities {app: Kaye.ValProbeRT_racmveb2qnw..., javascriptEnabled: true, ms:waitForAppLaunch: 10, platform: WINDOWS, platformName: WINDOWS}
Session ID: 300E6292-E62F-47DE-B32E-26CD73C23268
*** Element info: {Using=name, value=Yes}
at sun.reflect.NativeConstructorAccessorImpl.newInstance0(Native Method)
at sun.reflect.NativeConstructorAccessorImpl.newInstance(NativeConstructorAccessorImpl.java:62)
at sun.reflect.DelegatingConstructorAccessorImpl.newInstance(DelegatingConstructorAccessorImpl.java:45)
at java.lang.reflect.Constructor.newInstance(Constructor.java:423)
at org.openqa.selenium.remote.ErrorHandler.createThrowable(ErrorHandler.java:214)
at org.openqa.selenium.remote.ErrorHandler.throwIfResponseFailed(ErrorHandler.java:166)
at org.openqa.selenium.remote.http.JsonHttpResponseCodec.reconstructValue(JsonHttpResponseCodec.java:40)
at org.openqa.selenium.remote.http.AbstractHttpResponseCodec.decode(AbstractHttpResponseCodec.java:80)
at org.openqa.selenium.remote.http.AbstractHttpResponseCodec.decode(AbstractHttpResponseCodec.java:44)
at org.openqa.selenium.remote.HttpCommandExecutor.execute(HttpCommandExecutor.java:158)
at io.appium.java_client.remote.AppiumCommandExecutor.execute(AppiumCommandExecutor.java:239)
at org.openqa.selenium.remote.RemoteWebDriver.execute(RemoteWebDriver.java:552)
at io.appium.java_client.DefaultGenericMobileDriver.execute(DefaultGenericMobileDriver.java:42)
at io.appium.java_client.AppiumDriver.execute(AppiumDriver.java:1)
at io.appium.java_client.windows.WindowsDriver.execute(WindowsDriver.java:1)
at org.openqa.selenium.remote.RemoteWebDriver.findElement(RemoteWebDriver.java:323)
at io.appium.java_client.DefaultGenericMobileDriver.findElement(DefaultGenericMobileDriver.java:62)
at io.appium.java_client.AppiumDriver.findElement(AppiumDriver.java:1)
at io.appium.java_client.windows.WindowsDriver.findElement(WindowsDriver.java:1)
at org.openqa.selenium.remote.RemoteWebDriver.findElementByName(RemoteWebDriver.java:404)
at io.appium.java_client.DefaultGenericMobileDriver.findElementByName(DefaultGenericMobileDriver.java:118)
at io.appium.java_client.AppiumDriver.findElementByName(AppiumDriver.java:1)
at io.appium.java_client.windows.WindowsDriver.findElementByName(WindowsDriver.java:1)
at com.vrt.pages.Setup_ReviewPage.click_Yes_TODAlertMsg_Btn(Setup_ReviewPage.java:332)
at com.vrt.testcases.assetDetailsTest1.ASST025STP(assetDetailsTest1.java:885)
at sun.reflect.NativeMethodAccessorImpl.invoke0(Native Method)
at sun.reflect.NativeMethodAccessorImpl.invoke(NativeMethodAccessorImpl.java:62)
at sun.reflect.DelegatingMethodAccessorImpl.invoke(DelegatingMethodAccessorImpl.java:43)
at java.lang.reflect.Method.invoke(Method.java:498)
at org.testng.internal.MethodInvocationHelper.invokeMethod(MethodInvocationHelper.java:132)
at org.testng.internal.TestInvoker.invokeMethod(TestInvoker.java:599)
at org.testng.internal.TestInvoker.invokeTestMethod(TestInvoker.java:174)
at org.testng.internal.MethodRunner.runInSequence(MethodRunner.java:46)
at org.testng.internal.TestInvoker$MethodInvocationAgent.invoke(TestInvoker.java:822)
at org.testng.internal.TestInvoker.invokeTestMethods(TestInvoker.java:147)
at org.testng.internal.TestMethodWorker.invokeTestMethods(TestMethodWorker.java:146)
at org.testng.internal.TestMethodWorker.run(TestMethodWorker.java:128)
at java.util.ArrayList.forEach(ArrayList.java:1257)
at org.testng.TestRunner.privateRun(TestRunner.java:764)
at org.testng.TestRunner.run(TestRunner.java:585)
at org.testng.SuiteRunner.runTest(SuiteRunner.java:384)
at org.testng.SuiteRunner.runSequentially(SuiteRunner.java:378)
at org.testng.SuiteRunner.privateRun(SuiteRunner.java:337)
at org.testng.SuiteRunner.run(SuiteRunner.java:286)
at org.testng.SuiteRunnerWorker.runSuite(SuiteRunnerWorker.java:53)
at org.testng.SuiteRunnerWorker.run(SuiteRunnerWorker.java:96)
at org.testng.TestNG.runSuitesSequentially(TestNG.java:1218)
at org.testng.TestNG.runSuitesLocally(TestNG.java:1140)
at org.testng.TestNG.runSuites(TestNG.java:1069)
at org.testng.TestNG.run(TestNG.java:1037)
at org.testng.remote.AbstractRemoteTestNG.run(AbstractRemoteTestNG.java:115)
at org.testng.remote.RemoteTestNG.initAndRun(RemoteTestNG.java:251)
at org.testng.remote.RemoteTestNG.main(RemoteTestNG.java:77)
]]>
    </failure>
  </testcase> <!-- ASST025STP -->
  <testcase name="ASST026STP" time="38.759" classname="com.vrt.testcases.assetDetailsTest1"/>
  <testcase name="ASST027" time="38.773" classname="com.vrt.testcases.assetDetailsTest1">
    <failure type="org.openqa.selenium.NoSuchElementException" message="An element could not be located on the page using the given search parameters. (WARNING: The server did not provide any stacktrace information)
Command duration or timeout: 0 milliseconds
For documentation on this error, please visit: https://www.seleniumhq.org/exceptions/no_such_element.html
Build info: version: &amp;apos;3.141.59&amp;apos;, revision: &amp;apos;e82be7d358&amp;apos;, time: &amp;apos;2018-11-14T08:17:03&amp;apos;
System info: host: &amp;apos;INAS-LP024&amp;apos;, ip: &amp;apos;192.168.186.234&amp;apos;, os.name: &amp;apos;Windows 10&amp;apos;, os.arch: &amp;apos;amd64&amp;apos;, os.version: &amp;apos;10.0&amp;apos;, java.version: &amp;apos;1.8.0_181&amp;apos;
Driver info: io.appium.java_client.windows.WindowsDriver
Capabilities {app: Kaye.ValProbeRT_racmveb2qnw..., javascriptEnabled: true, ms:waitForAppLaunch: 10, platform: WINDOWS, platformName: WINDOWS}
Session ID: DDE66249-E707-445A-AED7-DF4C1C6C2420
*** Element info: {Using=accessibility id, value=DefaultGroupButton}">
      <![CDATA[org.openqa.selenium.NoSuchElementException: An element could not be located on the page using the given search parameters. (WARNING: The server did not provide any stacktrace information)
Command duration or timeout: 0 milliseconds
For documentation on this error, please visit: https://www.seleniumhq.org/exceptions/no_such_element.html
Build info: version: '3.141.59', revision: 'e82be7d358', time: '2018-11-14T08:17:03'
System info: host: 'INAS-LP024', ip: '192.168.186.234', os.name: 'Windows 10', os.arch: 'amd64', os.version: '10.0', java.version: '1.8.0_181'
Driver info: io.appium.java_client.windows.WindowsDriver
Capabilities {app: Kaye.ValProbeRT_racmveb2qnw..., javascriptEnabled: true, ms:waitForAppLaunch: 10, platform: WINDOWS, platformName: WINDOWS}
Session ID: DDE66249-E707-445A-AED7-DF4C1C6C2420
*** Element info: {Using=accessibility id, value=DefaultGroupButton}
at sun.reflect.NativeConstructorAccessorImpl.newInstance0(Native Method)
at sun.reflect.NativeConstructorAccessorImpl.newInstance(NativeConstructorAccessorImpl.java:62)
at sun.reflect.DelegatingConstructorAccessorImpl.newInstance(DelegatingConstructorAccessorImpl.java:45)
at java.lang.reflect.Constructor.newInstance(Constructor.java:423)
at org.openqa.selenium.remote.ErrorHandler.createThrowable(ErrorHandler.java:214)
at org.openqa.selenium.remote.ErrorHandler.throwIfResponseFailed(ErrorHandler.java:166)
at org.openqa.selenium.remote.http.JsonHttpResponseCodec.reconstructValue(JsonHttpResponseCodec.java:40)
at org.openqa.selenium.remote.http.AbstractHttpResponseCodec.decode(AbstractHttpResponseCodec.java:80)
at org.openqa.selenium.remote.http.AbstractHttpResponseCodec.decode(AbstractHttpResponseCodec.java:44)
at org.openqa.selenium.remote.HttpCommandExecutor.execute(HttpCommandExecutor.java:158)
at io.appium.java_client.remote.AppiumCommandExecutor.execute(AppiumCommandExecutor.java:239)
at org.openqa.selenium.remote.RemoteWebDriver.execute(RemoteWebDriver.java:552)
at io.appium.java_client.DefaultGenericMobileDriver.execute(DefaultGenericMobileDriver.java:42)
at io.appium.java_client.AppiumDriver.execute(AppiumDriver.java:1)
at io.appium.java_client.windows.WindowsDriver.execute(WindowsDriver.java:1)
at org.openqa.selenium.remote.RemoteWebDriver.findElement(RemoteWebDriver.java:323)
at io.appium.java_client.DefaultGenericMobileDriver.findElement(DefaultGenericMobileDriver.java:62)
at io.appium.java_client.AppiumDriver.findElement(AppiumDriver.java:1)
at io.appium.java_client.windows.WindowsDriver.findElement(WindowsDriver.java:1)
at io.appium.java_client.FindsByAccessibilityId.findElementByAccessibilityId(FindsByAccessibilityId.java:37)
at com.vrt.pages.Setup_GroupSensorsPage.click_DfltGrp_Btn(Setup_GroupSensorsPage.java:175)
at com.vrt.testcases.assetDetailsTest1.ASST027(assetDetailsTest1.java:1027)
at sun.reflect.NativeMethodAccessorImpl.invoke0(Native Method)
at sun.reflect.NativeMethodAccessorImpl.invoke(NativeMethodAccessorImpl.java:62)
at sun.reflect.DelegatingMethodAccessorImpl.invoke(DelegatingMethodAccessorImpl.java:43)
at java.lang.reflect.Method.invoke(Method.java:498)
at org.testng.internal.MethodInvocationHelper.invokeMethod(MethodInvocationHelper.java:132)
at org.testng.internal.TestInvoker.invokeMethod(TestInvoker.java:599)
at org.testng.internal.TestInvoker.invokeTestMethod(TestInvoker.java:174)
at org.testng.internal.MethodRunner.runInSequence(MethodRunner.java:46)
at org.testng.internal.TestInvoker$MethodInvocationAgent.invoke(TestInvoker.java:822)
at org.testng.internal.TestInvoker.invokeTestMethods(TestInvoker.java:147)
at org.testng.internal.TestMethodWorker.invokeTestMethods(TestMethodWorker.java:146)
at org.testng.internal.TestMethodWorker.run(TestMethodWorker.java:128)
at java.util.ArrayList.forEach(ArrayList.java:1257)
at org.testng.TestRunner.privateRun(TestRunner.java:764)
at org.testng.TestRunner.run(TestRunner.java:585)
at org.testng.SuiteRunner.runTest(SuiteRunner.java:384)
at org.testng.SuiteRunner.runSequentially(SuiteRunner.java:378)
at org.testng.SuiteRunner.privateRun(SuiteRunner.java:337)
at org.testng.SuiteRunner.run(SuiteRunner.java:286)
at org.testng.SuiteRunnerWorker.runSuite(SuiteRunnerWorker.java:53)
at org.testng.SuiteRunnerWorker.run(SuiteRunnerWorker.java:96)
at org.testng.TestNG.runSuitesSequentially(TestNG.java:1218)
at org.testng.TestNG.runSuitesLocally(TestNG.java:1140)
at org.testng.TestNG.runSuites(TestNG.java:1069)
at org.testng.TestNG.run(TestNG.java:1037)
at org.testng.remote.AbstractRemoteTestNG.run(AbstractRemoteTestNG.java:115)
at org.testng.remote.RemoteTestNG.initAndRun(RemoteTestNG.java:251)
at org.testng.remote.RemoteTestNG.main(RemoteTestNG.java:77)
]]>
    </failure>
  </testcase> <!-- ASST027 -->
  <testcase name="ASST029" time="12.357" classname="com.vrt.testcases.assetDetailsTest1"/>
  <testcase name="ASST030" time="12.278" classname="com.vrt.testcases.assetDetailsTest1"/>
  <testcase name="ASST032" time="7.78" classname="com.vrt.testcases.assetDetailsTest1"/>
  <testcase name="ASST033" time="18.959" classname="com.vrt.testcases.assetDetailsTest1"/>
  <testcase name="ASST034" time="14.858" classname="com.vrt.testcases.assetDetailsTest1"/>
  <testcase name="ASST037" time="65.1" classname="com.vrt.testcases.assetDetailsTest1"/>
  <testcase name="ASST038" time="9.982" classname="com.vrt.testcases.assetDetailsTest1"/>
  <testcase name="ASST043" time="8.217" classname="com.vrt.testcases.assetDetailsTest1"/>
  <testcase name="ASST044" time="27.247" classname="com.vrt.testcases.assetDetailsTest1"/>
  <testcase name="ASST047" time="7.014" classname="com.vrt.testcases.assetDetailsTest1"/>
  <testcase name="ASST048" time="7.342" classname="com.vrt.testcases.assetDetailsTest1"/>
  <testcase name="ASST050" time="8.702" classname="com.vrt.testcases.assetDetailsTest1"/>
  <testcase name="ASST052A" time="7.061" classname="com.vrt.testcases.assetDetailsTest1"/>
  <testcase name="ASST052B" time="6.045" classname="com.vrt.testcases.assetDetailsTest1"/>
  <testcase name="ASST053A" time="27.485" classname="com.vrt.testcases.assetDetailsTest1"/>
  <testcase name="ASST053B" time="13.196" classname="com.vrt.testcases.assetDetailsTest1"/>
  <testcase name="ASST054A_REP" time="16.026" classname="com.vrt.testcases.assetDetailsTest1"/>
  <testcase name="ASST056" time="10.929" classname="com.vrt.testcases.assetDetailsTest1"/>
  <testcase name="ASST059" time="28.597" classname="com.vrt.testcases.assetDetailsTest1"/>
  <testcase name="ASST062" time="28.258" classname="com.vrt.testcases.assetDetailsTest1"/>
  <testcase name="ASST065" time="24.506" classname="com.vrt.testcases.assetDetailsTest1"/>
  <testcase name="ASST068" time="11.756" classname="com.vrt.testcases.assetDetailsTest1"/>
  <testcase name="ASST074" time="8.81" classname="com.vrt.testcases.assetDetailsTest1"/>
  <testcase name="ASST075" time="11.711" classname="com.vrt.testcases.assetDetailsTest1"/>
  <testcase name="ASST076" time="12.332" classname="com.vrt.testcases.assetDetailsTest1"/>
  <testcase name="ASST077" time="32.875" classname="com.vrt.testcases.assetDetailsTest1">
    <failure type="java.lang.AssertionError" message="The following asserts failed:
	FAIL:Reports tile count is  increasing  under Asset details page expected [3] but found [2]">
      <![CDATA[java.lang.AssertionError: The following asserts failed:
FAIL:Reports tile count is  increasing  under Asset details page expected [3] but found [2]
at org.testng.asserts.SoftAssert.assertAll(SoftAssert.java:47)
at org.testng.asserts.SoftAssert.assertAll(SoftAssert.java:31)
at com.vrt.testcases.assetDetailsTest1.ASST077(assetDetailsTest1.java:2000)
at sun.reflect.NativeMethodAccessorImpl.invoke0(Native Method)
at sun.reflect.NativeMethodAccessorImpl.invoke(NativeMethodAccessorImpl.java:62)
at sun.reflect.DelegatingMethodAccessorImpl.invoke(DelegatingMethodAccessorImpl.java:43)
at java.lang.reflect.Method.invoke(Method.java:498)
at org.testng.internal.MethodInvocationHelper.invokeMethod(MethodInvocationHelper.java:132)
at org.testng.internal.TestInvoker.invokeMethod(TestInvoker.java:599)
at org.testng.internal.TestInvoker.invokeTestMethod(TestInvoker.java:174)
at org.testng.internal.MethodRunner.runInSequence(MethodRunner.java:46)
at org.testng.internal.TestInvoker$MethodInvocationAgent.invoke(TestInvoker.java:822)
at org.testng.internal.TestInvoker.invokeTestMethods(TestInvoker.java:147)
at org.testng.internal.TestMethodWorker.invokeTestMethods(TestMethodWorker.java:146)
at org.testng.internal.TestMethodWorker.run(TestMethodWorker.java:128)
at java.util.ArrayList.forEach(ArrayList.java:1257)
at org.testng.TestRunner.privateRun(TestRunner.java:764)
at org.testng.TestRunner.run(TestRunner.java:585)
at org.testng.SuiteRunner.runTest(SuiteRunner.java:384)
at org.testng.SuiteRunner.runSequentially(SuiteRunner.java:378)
at org.testng.SuiteRunner.privateRun(SuiteRunner.java:337)
at org.testng.SuiteRunner.run(SuiteRunner.java:286)
at org.testng.SuiteRunnerWorker.runSuite(SuiteRunnerWorker.java:53)
at org.testng.SuiteRunnerWorker.run(SuiteRunnerWorker.java:96)
at org.testng.TestNG.runSuitesSequentially(TestNG.java:1218)
at org.testng.TestNG.runSuitesLocally(TestNG.java:1140)
at org.testng.TestNG.runSuites(TestNG.java:1069)
at org.testng.TestNG.run(TestNG.java:1037)
at org.testng.remote.AbstractRemoteTestNG.run(AbstractRemoteTestNG.java:115)
at org.testng.remote.RemoteTestNG.initAndRun(RemoteTestNG.java:251)
at org.testng.remote.RemoteTestNG.main(RemoteTestNG.java:77)
]]>
    </failure>
  </testcase> <!-- ASST077 -->
  <testcase name="ASST078" time="26.648" classname="com.vrt.testcases.assetDetailsTest1"/>
  <testcase name="ASST081" time="12.81" classname="com.vrt.testcases.assetDetailsTest1"/>
  <testcase name="ASST084" time="12.341" classname="com.vrt.testcases.assetDetailsTest1"/>
  <testcase name="ASST086" time="0.687" classname="com.vrt.testcases.assetDetailsTest1"/>
  <testcase name="ASST087" time="1.531" classname="com.vrt.testcases.assetDetailsTest1"/>
  <testcase name="ASST088" time="1.234" classname="com.vrt.testcases.assetDetailsTest1"/>
  <testcase name="ASST090" time="1.234" classname="com.vrt.testcases.assetDetailsTest1"/>
</testsuite> <!-- Default test -->
