<?xml version="1.0" encoding="UTF-8"?>
<!-- Generated by org.testng.reporters.JUnitXMLReporter -->
<testsuite hostname="INAS-LP024" ignored="0" name="EquipmentTestRegression" tests="340" failures="17" timestamp="2021-12-02T21:24:31 IST" time="10396.337" errors="0">
  <testcase name="EH_001" time="0.082" classname="com.vrt.testcases.EquipmentHubTest"/>
  <testcase name="EH_002" time="0.315" classname="com.vrt.testcases.EquipmentHubTest"/>
  <testcase name="EH_003" time="30.86" classname="com.vrt.testcases.EquipmentHubTest"/>
  <testcase name="EH_005" time="1.361" classname="com.vrt.testcases.EquipmentHubTest"/>
  <testcase name="EH_006" time="34.131" classname="com.vrt.testcases.EquipmentHubTest"/>
  <testcase name="EH_007" time="1.376" classname="com.vrt.testcases.EquipmentHubTest"/>
  <testcase name="EH_008" time="2.321" classname="com.vrt.testcases.EquipmentHubTest"/>
  <testcase name="EH_009" time="2.92" classname="com.vrt.testcases.EquipmentHubTest"/>
  <testcase name="EH_010" time="13.018" classname="com.vrt.testcases.EquipmentHubTest"/>
  <testcase name="EH_012" time="4.259" classname="com.vrt.testcases.EquipmentHubTest"/>
  <testcase name="EH_013" time="2.715" classname="com.vrt.testcases.EquipmentHubTest"/>
  <testcase name="EH_015" time="1.563" classname="com.vrt.testcases.EquipmentHubTest">
    <skipped/>
  </testcase> <!-- EH_015 -->
  <testcase name="EH_015" time="1.614" classname="com.vrt.testcases.EquipmentHubTest">
    <skipped/>
  </testcase> <!-- EH_015 -->
  <testcase name="EH_015" time="1.642" classname="com.vrt.testcases.EquipmentHubTest">
    <failure type="java.lang.AssertionError" message="The following asserts failed:
	FAIL: Incorrect SW version &amp;amp; Console IP adress displayed in About window expected [1.2.0.23] but found [1.2.0.24],
	FAIL: Incorrect SW version &amp;amp; Console IP adress displayed in About window expected [127.0.0.1] but found []">
      <![CDATA[java.lang.AssertionError: The following asserts failed:
FAIL: Incorrect SW version & Console IP adress displayed in About window expected [1.2.0.23] but found [1.2.0.24],
FAIL: Incorrect SW version & Console IP adress displayed in About window expected [127.0.0.1] but found []
at org.testng.asserts.SoftAssert.assertAll(SoftAssert.java:47)
at org.testng.asserts.SoftAssert.assertAll(SoftAssert.java:31)
at com.vrt.testcases.EquipmentHubTest.EH_015(EquipmentHubTest.java:415)
at sun.reflect.NativeMethodAccessorImpl.invoke0(Native Method)
at sun.reflect.NativeMethodAccessorImpl.invoke(NativeMethodAccessorImpl.java:62)
at sun.reflect.DelegatingMethodAccessorImpl.invoke(DelegatingMethodAccessorImpl.java:43)
at java.lang.reflect.Method.invoke(Method.java:498)
at org.testng.internal.MethodInvocationHelper.invokeMethod(MethodInvocationHelper.java:132)
at org.testng.internal.TestInvoker.invokeMethod(TestInvoker.java:599)
at org.testng.internal.TestInvoker.retryFailed(TestInvoker.java:214)
at org.testng.internal.MethodRunner.runInSequence(MethodRunner.java:58)
at org.testng.internal.TestInvoker$MethodInvocationAgent.invoke(TestInvoker.java:822)
at org.testng.internal.TestInvoker.invokeTestMethods(TestInvoker.java:147)
at org.testng.internal.TestMethodWorker.invokeTestMethods(TestMethodWorker.java:146)
at org.testng.internal.TestMethodWorker.run(TestMethodWorker.java:128)
at java.util.ArrayList.forEach(ArrayList.java:1257)
at org.testng.TestRunner.privateRun(TestRunner.java:764)
at org.testng.TestRunner.run(TestRunner.java:585)
at org.testng.SuiteRunner.runTest(SuiteRunner.java:384)
at org.testng.SuiteRunner.runSequentially(SuiteRunner.java:378)
at org.testng.SuiteRunner.privateRun(SuiteRunner.java:337)
at org.testng.SuiteRunner.run(SuiteRunner.java:286)
at org.testng.SuiteRunnerWorker.runSuite(SuiteRunnerWorker.java:53)
at org.testng.SuiteRunnerWorker.run(SuiteRunnerWorker.java:96)
at org.testng.TestNG.runSuitesSequentially(TestNG.java:1218)
at org.testng.TestNG.runSuitesLocally(TestNG.java:1140)
at org.testng.TestNG.runSuites(TestNG.java:1069)
at org.testng.TestNG.run(TestNG.java:1037)
at org.testng.remote.AbstractRemoteTestNG.run(AbstractRemoteTestNG.java:115)
at org.testng.remote.RemoteTestNG.initAndRun(RemoteTestNG.java:251)
at org.testng.remote.RemoteTestNG.main(RemoteTestNG.java:77)
]]>
    </failure>
  </testcase> <!-- EH_015 -->
  <testcase name="EH_001" time="0.69" classname="com.vrt.testcases.EquipmentCreationTest"/>
  <testcase name="EN_002" time="6.277" classname="com.vrt.testcases.EquipmentCreationTest"/>
  <testcase name="EN_002" time="6.39" classname="com.vrt.testcases.EquipmentCreationTest"/>
  <testcase name="EN_002" time="6.22" classname="com.vrt.testcases.EquipmentCreationTest"/>
  <testcase name="EN_002" time="6.59" classname="com.vrt.testcases.EquipmentCreationTest"/>
  <testcase name="EN_003" time="6.135" classname="com.vrt.testcases.EquipmentCreationTest"/>
  <testcase name="EN_003" time="6.37" classname="com.vrt.testcases.EquipmentCreationTest"/>
  <testcase name="EN_003" time="6.43" classname="com.vrt.testcases.EquipmentCreationTest"/>
  <testcase name="EN_003" time="6.351" classname="com.vrt.testcases.EquipmentCreationTest"/>
  <testcase name="EN_003" time="6.25" classname="com.vrt.testcases.EquipmentCreationTest"/>
  <testcase name="EN_003" time="6.092" classname="com.vrt.testcases.EquipmentCreationTest"/>
  <testcase name="EN_003" time="6.453" classname="com.vrt.testcases.EquipmentCreationTest"/>
  <testcase name="EN_003" time="6.483" classname="com.vrt.testcases.EquipmentCreationTest"/>
  <testcase name="EN_003" time="6.13" classname="com.vrt.testcases.EquipmentCreationTest"/>
  <testcase name="EN_003" time="6.031" classname="com.vrt.testcases.EquipmentCreationTest"/>
  <testcase name="EN_003" time="6.344" classname="com.vrt.testcases.EquipmentCreationTest"/>
  <testcase name="EN_003" time="6.31" classname="com.vrt.testcases.EquipmentCreationTest"/>
  <testcase name="EN_003" time="6.372" classname="com.vrt.testcases.EquipmentCreationTest"/>
  <testcase name="EN_003" time="6.22" classname="com.vrt.testcases.EquipmentCreationTest"/>
  <testcase name="EN_003" time="6.338" classname="com.vrt.testcases.EquipmentCreationTest"/>
  <testcase name="EN_003" time="6.231" classname="com.vrt.testcases.EquipmentCreationTest"/>
  <testcase name="EN_003" time="6.386" classname="com.vrt.testcases.EquipmentCreationTest"/>
  <testcase name="EN_003" time="6.274" classname="com.vrt.testcases.EquipmentCreationTest"/>
  <testcase name="EN_003" time="5.958" classname="com.vrt.testcases.EquipmentCreationTest"/>
  <testcase name="EN_003" time="6.419" classname="com.vrt.testcases.EquipmentCreationTest"/>
  <testcase name="EN_003" time="6.172" classname="com.vrt.testcases.EquipmentCreationTest"/>
  <testcase name="EN_003" time="6.418" classname="com.vrt.testcases.EquipmentCreationTest"/>
  <testcase name="EN_003" time="6.496" classname="com.vrt.testcases.EquipmentCreationTest"/>
  <testcase name="EN_004" time="7.473" classname="com.vrt.testcases.EquipmentCreationTest"/>
  <testcase name="EN_004" time="7.928" classname="com.vrt.testcases.EquipmentCreationTest"/>
  <testcase name="EN_005" time="7.299" classname="com.vrt.testcases.EquipmentCreationTest"/>
  <testcase name="EN_005" time="7.589" classname="com.vrt.testcases.EquipmentCreationTest"/>
  <testcase name="EN_006" time="38.467" classname="com.vrt.testcases.EquipmentCreationTest"/>
  <testcase name="EN_007" time="6.303" classname="com.vrt.testcases.EquipmentCreationTest"/>
  <testcase name="EN_007" time="6.264" classname="com.vrt.testcases.EquipmentCreationTest"/>
  <testcase name="EN_007" time="6.084" classname="com.vrt.testcases.EquipmentCreationTest"/>
  <testcase name="EN_007" time="6.236" classname="com.vrt.testcases.EquipmentCreationTest"/>
  <testcase name="EN_007" time="6.182" classname="com.vrt.testcases.EquipmentCreationTest"/>
  <testcase name="EN_007" time="6.414" classname="com.vrt.testcases.EquipmentCreationTest"/>
  <testcase name="EN_007" time="6.56" classname="com.vrt.testcases.EquipmentCreationTest"/>
  <testcase name="EN_007" time="6.425" classname="com.vrt.testcases.EquipmentCreationTest"/>
  <testcase name="EN_008" time="6.379" classname="com.vrt.testcases.EquipmentCreationTest"/>
  <testcase name="EN_008" time="6.168" classname="com.vrt.testcases.EquipmentCreationTest"/>
  <testcase name="EN_008" time="6.212" classname="com.vrt.testcases.EquipmentCreationTest"/>
  <testcase name="EN_008" time="6.326" classname="com.vrt.testcases.EquipmentCreationTest"/>
  <testcase name="EN_008" time="6.221" classname="com.vrt.testcases.EquipmentCreationTest"/>
  <testcase name="EN_008" time="6.187" classname="com.vrt.testcases.EquipmentCreationTest"/>
  <testcase name="EN_008" time="6.09" classname="com.vrt.testcases.EquipmentCreationTest"/>
  <testcase name="EN_008" time="6.41" classname="com.vrt.testcases.EquipmentCreationTest"/>
  <testcase name="EN_008" time="6.279" classname="com.vrt.testcases.EquipmentCreationTest"/>
  <testcase name="EN_008" time="6.293" classname="com.vrt.testcases.EquipmentCreationTest"/>
  <testcase name="EN_008" time="6.391" classname="com.vrt.testcases.EquipmentCreationTest"/>
  <testcase name="EN_008" time="6.438" classname="com.vrt.testcases.EquipmentCreationTest"/>
  <testcase name="EN_008" time="6.317" classname="com.vrt.testcases.EquipmentCreationTest"/>
  <testcase name="EN_008" time="6.32" classname="com.vrt.testcases.EquipmentCreationTest"/>
  <testcase name="EN_008" time="6.436" classname="com.vrt.testcases.EquipmentCreationTest"/>
  <testcase name="EN_008" time="6.262" classname="com.vrt.testcases.EquipmentCreationTest"/>
  <testcase name="EN_008" time="6.272" classname="com.vrt.testcases.EquipmentCreationTest"/>
  <testcase name="EN_008" time="6.109" classname="com.vrt.testcases.EquipmentCreationTest"/>
  <testcase name="EN_008" time="6.439" classname="com.vrt.testcases.EquipmentCreationTest"/>
  <testcase name="EN_008" time="6.436" classname="com.vrt.testcases.EquipmentCreationTest"/>
  <testcase name="EN_008" time="6.185" classname="com.vrt.testcases.EquipmentCreationTest"/>
  <testcase name="EN_008" time="6.507" classname="com.vrt.testcases.EquipmentCreationTest"/>
  <testcase name="EN_009" time="7.366" classname="com.vrt.testcases.EquipmentCreationTest"/>
  <testcase name="EN_009" time="7.084" classname="com.vrt.testcases.EquipmentCreationTest"/>
  <testcase name="EN_010" time="7.775" classname="com.vrt.testcases.EquipmentCreationTest"/>
  <testcase name="EN_010" time="7.804" classname="com.vrt.testcases.EquipmentCreationTest"/>
  <testcase name="EN_011" time="6.581" classname="com.vrt.testcases.EquipmentCreationTest"/>
  <testcase name="EN_011" time="6.848" classname="com.vrt.testcases.EquipmentCreationTest"/>
  <testcase name="EN_011" time="6.58" classname="com.vrt.testcases.EquipmentCreationTest"/>
  <testcase name="EN_011" time="6.611" classname="com.vrt.testcases.EquipmentCreationTest"/>
  <testcase name="EN_011" time="6.728" classname="com.vrt.testcases.EquipmentCreationTest"/>
  <testcase name="EN_011" time="7.089" classname="com.vrt.testcases.EquipmentCreationTest"/>
  <testcase name="EN_011" time="6.994" classname="com.vrt.testcases.EquipmentCreationTest"/>
  <testcase name="EN_012" time="6.549" classname="com.vrt.testcases.EquipmentCreationTest"/>
  <testcase name="EN_012" time="6.617" classname="com.vrt.testcases.EquipmentCreationTest"/>
  <testcase name="EN_012" time="6.435" classname="com.vrt.testcases.EquipmentCreationTest"/>
  <testcase name="EN_012" time="6.685" classname="com.vrt.testcases.EquipmentCreationTest"/>
  <testcase name="EN_012" time="6.516" classname="com.vrt.testcases.EquipmentCreationTest"/>
  <testcase name="EN_012" time="6.876" classname="com.vrt.testcases.EquipmentCreationTest"/>
  <testcase name="EN_012" time="6.829" classname="com.vrt.testcases.EquipmentCreationTest"/>
  <testcase name="EN_012" time="6.626" classname="com.vrt.testcases.EquipmentCreationTest"/>
  <testcase name="EN_012" time="6.851" classname="com.vrt.testcases.EquipmentCreationTest"/>
  <testcase name="EN_012" time="6.803" classname="com.vrt.testcases.EquipmentCreationTest"/>
  <testcase name="EN_012" time="6.738" classname="com.vrt.testcases.EquipmentCreationTest"/>
  <testcase name="EN_012" time="6.7" classname="com.vrt.testcases.EquipmentCreationTest"/>
  <testcase name="EN_012" time="6.387" classname="com.vrt.testcases.EquipmentCreationTest"/>
  <testcase name="EN_012" time="6.652" classname="com.vrt.testcases.EquipmentCreationTest"/>
  <testcase name="EN_012" time="6.893" classname="com.vrt.testcases.EquipmentCreationTest"/>
  <testcase name="EN_012" time="6.738" classname="com.vrt.testcases.EquipmentCreationTest"/>
  <testcase name="EN_012" time="6.88" classname="com.vrt.testcases.EquipmentCreationTest"/>
  <testcase name="EN_012" time="6.928" classname="com.vrt.testcases.EquipmentCreationTest"/>
  <testcase name="EN_012" time="6.625" classname="com.vrt.testcases.EquipmentCreationTest"/>
  <testcase name="EN_012" time="6.871" classname="com.vrt.testcases.EquipmentCreationTest"/>
  <testcase name="EN_012" time="6.855" classname="com.vrt.testcases.EquipmentCreationTest"/>
  <testcase name="EN_012" time="6.851" classname="com.vrt.testcases.EquipmentCreationTest"/>
  <testcase name="EN_012" time="6.833" classname="com.vrt.testcases.EquipmentCreationTest"/>
  <testcase name="EN_013" time="7.961" classname="com.vrt.testcases.EquipmentCreationTest"/>
  <testcase name="EN_013" time="8.49" classname="com.vrt.testcases.EquipmentCreationTest"/>
  <testcase name="EN_014" time="6.507" classname="com.vrt.testcases.EquipmentCreationTest"/>
  <testcase name="EN_015" time="1.929" classname="com.vrt.testcases.EquipmentCreationTest"/>
  <testcase name="EN_017" time="3.971" classname="com.vrt.testcases.EquipmentCreationTest"/>
  <testcase name="EN_018" time="4.147" classname="com.vrt.testcases.EquipmentCreationTest"/>
  <testcase name="EN_019" time="9.649" classname="com.vrt.testcases.EquipmentCreationTest"/>
  <testcase name="EN_019A" time="5.699" classname="com.vrt.testcases.EquipmentCreationTest"/>
  <testcase name="EN_020" time="5.113" classname="com.vrt.testcases.EquipmentCreationTest">
    <skipped/>
  </testcase> <!-- EN_020 -->
  <testcase name="EN_020" time="4.911" classname="com.vrt.testcases.EquipmentCreationTest">
    <skipped/>
  </testcase> <!-- EN_020 -->
  <testcase name="EN_020" time="5.077" classname="com.vrt.testcases.EquipmentCreationTest">
    <failure type="java.lang.AssertionError" message="The following asserts failed:
	Fail: Current date is not maatching with ManufacturingCalDueDate  expected [12/02/2021] but found [12-02-2021]">
      <![CDATA[java.lang.AssertionError: The following asserts failed:
Fail: Current date is not maatching with ManufacturingCalDueDate  expected [12/02/2021] but found [12-02-2021]
at org.testng.asserts.SoftAssert.assertAll(SoftAssert.java:47)
at org.testng.asserts.SoftAssert.assertAll(SoftAssert.java:31)
at com.vrt.testcases.EquipmentCreationTest.EN_020(EquipmentCreationTest.java:575)
at sun.reflect.NativeMethodAccessorImpl.invoke0(Native Method)
at sun.reflect.NativeMethodAccessorImpl.invoke(NativeMethodAccessorImpl.java:62)
at sun.reflect.DelegatingMethodAccessorImpl.invoke(DelegatingMethodAccessorImpl.java:43)
at java.lang.reflect.Method.invoke(Method.java:498)
at org.testng.internal.MethodInvocationHelper.invokeMethod(MethodInvocationHelper.java:132)
at org.testng.internal.TestInvoker.invokeMethod(TestInvoker.java:599)
at org.testng.internal.TestInvoker.retryFailed(TestInvoker.java:214)
at org.testng.internal.MethodRunner.runInSequence(MethodRunner.java:58)
at org.testng.internal.TestInvoker$MethodInvocationAgent.invoke(TestInvoker.java:822)
at org.testng.internal.TestInvoker.invokeTestMethods(TestInvoker.java:147)
at org.testng.internal.TestMethodWorker.invokeTestMethods(TestMethodWorker.java:146)
at org.testng.internal.TestMethodWorker.run(TestMethodWorker.java:128)
at java.util.ArrayList.forEach(ArrayList.java:1257)
at org.testng.TestRunner.privateRun(TestRunner.java:764)
at org.testng.TestRunner.run(TestRunner.java:585)
at org.testng.SuiteRunner.runTest(SuiteRunner.java:384)
at org.testng.SuiteRunner.runSequentially(SuiteRunner.java:378)
at org.testng.SuiteRunner.privateRun(SuiteRunner.java:337)
at org.testng.SuiteRunner.run(SuiteRunner.java:286)
at org.testng.SuiteRunnerWorker.runSuite(SuiteRunnerWorker.java:53)
at org.testng.SuiteRunnerWorker.run(SuiteRunnerWorker.java:96)
at org.testng.TestNG.runSuitesSequentially(TestNG.java:1218)
at org.testng.TestNG.runSuitesLocally(TestNG.java:1140)
at org.testng.TestNG.runSuites(TestNG.java:1069)
at org.testng.TestNG.run(TestNG.java:1037)
at org.testng.remote.AbstractRemoteTestNG.run(AbstractRemoteTestNG.java:115)
at org.testng.remote.RemoteTestNG.initAndRun(RemoteTestNG.java:251)
at org.testng.remote.RemoteTestNG.main(RemoteTestNG.java:77)
]]>
    </failure>
  </testcase> <!-- EN_020 -->
  <testcase name="EN_021" time="5.447" classname="com.vrt.testcases.EquipmentCreationTest"/>
  <testcase name="EN_022" time="4.239" classname="com.vrt.testcases.EquipmentCreationTest">
    <skipped/>
  </testcase> <!-- EN_022 -->
  <testcase name="EN_022" time="4.502" classname="com.vrt.testcases.EquipmentCreationTest">
    <skipped/>
  </testcase> <!-- EN_022 -->
  <testcase name="EN_022" time="4.373" classname="com.vrt.testcases.EquipmentCreationTest">
    <failure type="java.lang.AssertionError" message="The following asserts failed:
	FAIL : ManufacturingCalDate is not same with current date expected [12-02-2021] but found [12/02/2021],
	Fail: By default Manufacturing Cal due date field not displaying one year ahead timestamp of Manufacturing Cal date expected [12-01-2022] but found [12/01/2022]">
      <![CDATA[java.lang.AssertionError: The following asserts failed:
FAIL : ManufacturingCalDate is not same with current date expected [12-02-2021] but found [12/02/2021],
Fail: By default Manufacturing Cal due date field not displaying one year ahead timestamp of Manufacturing Cal date expected [12-01-2022] but found [12/01/2022]
at org.testng.asserts.SoftAssert.assertAll(SoftAssert.java:47)
at org.testng.asserts.SoftAssert.assertAll(SoftAssert.java:31)
at com.vrt.testcases.EquipmentCreationTest.EN_022(EquipmentCreationTest.java:626)
at sun.reflect.NativeMethodAccessorImpl.invoke0(Native Method)
at sun.reflect.NativeMethodAccessorImpl.invoke(NativeMethodAccessorImpl.java:62)
at sun.reflect.DelegatingMethodAccessorImpl.invoke(DelegatingMethodAccessorImpl.java:43)
at java.lang.reflect.Method.invoke(Method.java:498)
at org.testng.internal.MethodInvocationHelper.invokeMethod(MethodInvocationHelper.java:132)
at org.testng.internal.TestInvoker.invokeMethod(TestInvoker.java:599)
at org.testng.internal.TestInvoker.retryFailed(TestInvoker.java:214)
at org.testng.internal.MethodRunner.runInSequence(MethodRunner.java:58)
at org.testng.internal.TestInvoker$MethodInvocationAgent.invoke(TestInvoker.java:822)
at org.testng.internal.TestInvoker.invokeTestMethods(TestInvoker.java:147)
at org.testng.internal.TestMethodWorker.invokeTestMethods(TestMethodWorker.java:146)
at org.testng.internal.TestMethodWorker.run(TestMethodWorker.java:128)
at java.util.ArrayList.forEach(ArrayList.java:1257)
at org.testng.TestRunner.privateRun(TestRunner.java:764)
at org.testng.TestRunner.run(TestRunner.java:585)
at org.testng.SuiteRunner.runTest(SuiteRunner.java:384)
at org.testng.SuiteRunner.runSequentially(SuiteRunner.java:378)
at org.testng.SuiteRunner.privateRun(SuiteRunner.java:337)
at org.testng.SuiteRunner.run(SuiteRunner.java:286)
at org.testng.SuiteRunnerWorker.runSuite(SuiteRunnerWorker.java:53)
at org.testng.SuiteRunnerWorker.run(SuiteRunnerWorker.java:96)
at org.testng.TestNG.runSuitesSequentially(TestNG.java:1218)
at org.testng.TestNG.runSuitesLocally(TestNG.java:1140)
at org.testng.TestNG.runSuites(TestNG.java:1069)
at org.testng.TestNG.run(TestNG.java:1037)
at org.testng.remote.AbstractRemoteTestNG.run(AbstractRemoteTestNG.java:115)
at org.testng.remote.RemoteTestNG.initAndRun(RemoteTestNG.java:251)
at org.testng.remote.RemoteTestNG.main(RemoteTestNG.java:77)
]]>
    </failure>
  </testcase> <!-- EN_022 -->
  <testcase name="EN_023" time="3.813" classname="com.vrt.testcases.EquipmentCreationTest"/>
  <testcase name="EN_024" time="4.136" classname="com.vrt.testcases.EquipmentCreationTest">
    <skipped/>
  </testcase> <!-- EN_024 -->
  <testcase name="EN_024" time="3.969" classname="com.vrt.testcases.EquipmentCreationTest">
    <skipped/>
  </testcase> <!-- EN_024 -->
  <testcase name="EN_024" time="3.949" classname="com.vrt.testcases.EquipmentCreationTest">
    <failure type="java.lang.AssertionError" message="The following asserts failed:
	Fail: By default Last Verification Date field is not  displaying the current date expected [12-02-2021] but found [12/02/2021]">
      <![CDATA[java.lang.AssertionError: The following asserts failed:
Fail: By default Last Verification Date field is not  displaying the current date expected [12-02-2021] but found [12/02/2021]
at org.testng.asserts.SoftAssert.assertAll(SoftAssert.java:47)
at org.testng.asserts.SoftAssert.assertAll(SoftAssert.java:31)
at com.vrt.testcases.EquipmentCreationTest.EN_024(EquipmentCreationTest.java:664)
at sun.reflect.NativeMethodAccessorImpl.invoke0(Native Method)
at sun.reflect.NativeMethodAccessorImpl.invoke(NativeMethodAccessorImpl.java:62)
at sun.reflect.DelegatingMethodAccessorImpl.invoke(DelegatingMethodAccessorImpl.java:43)
at java.lang.reflect.Method.invoke(Method.java:498)
at org.testng.internal.MethodInvocationHelper.invokeMethod(MethodInvocationHelper.java:132)
at org.testng.internal.TestInvoker.invokeMethod(TestInvoker.java:599)
at org.testng.internal.TestInvoker.retryFailed(TestInvoker.java:214)
at org.testng.internal.MethodRunner.runInSequence(MethodRunner.java:58)
at org.testng.internal.TestInvoker$MethodInvocationAgent.invoke(TestInvoker.java:822)
at org.testng.internal.TestInvoker.invokeTestMethods(TestInvoker.java:147)
at org.testng.internal.TestMethodWorker.invokeTestMethods(TestMethodWorker.java:146)
at org.testng.internal.TestMethodWorker.run(TestMethodWorker.java:128)
at java.util.ArrayList.forEach(ArrayList.java:1257)
at org.testng.TestRunner.privateRun(TestRunner.java:764)
at org.testng.TestRunner.run(TestRunner.java:585)
at org.testng.SuiteRunner.runTest(SuiteRunner.java:384)
at org.testng.SuiteRunner.runSequentially(SuiteRunner.java:378)
at org.testng.SuiteRunner.privateRun(SuiteRunner.java:337)
at org.testng.SuiteRunner.run(SuiteRunner.java:286)
at org.testng.SuiteRunnerWorker.runSuite(SuiteRunnerWorker.java:53)
at org.testng.SuiteRunnerWorker.run(SuiteRunnerWorker.java:96)
at org.testng.TestNG.runSuitesSequentially(TestNG.java:1218)
at org.testng.TestNG.runSuitesLocally(TestNG.java:1140)
at org.testng.TestNG.runSuites(TestNG.java:1069)
at org.testng.TestNG.run(TestNG.java:1037)
at org.testng.remote.AbstractRemoteTestNG.run(AbstractRemoteTestNG.java:115)
at org.testng.remote.RemoteTestNG.initAndRun(RemoteTestNG.java:251)
at org.testng.remote.RemoteTestNG.main(RemoteTestNG.java:77)
]]>
    </failure>
  </testcase> <!-- EN_024 -->
  <testcase name="EN_025" time="4.945" classname="com.vrt.testcases.EquipmentCreationTest"/>
  <testcase name="EN_026" time="14.187" classname="com.vrt.testcases.EquipmentCreationTest"/>
  <testcase name="EN_027" time="11.632" classname="com.vrt.testcases.EquipmentCreationTest"/>
  <testcase name="EN_028" time="6.122" classname="com.vrt.testcases.EquipmentCreationTest"/>
  <testcase name="EN_028" time="5.552" classname="com.vrt.testcases.EquipmentCreationTest">
    <skipped/>
  </testcase> <!-- EN_028 -->
  <testcase name="EN_028" time="5.366" classname="com.vrt.testcases.EquipmentCreationTest">
    <skipped/>
  </testcase> <!-- EN_028 -->
  <testcase name="EN_028" time="5.527" classname="com.vrt.testcases.EquipmentCreationTest">
    <failure type="java.lang.AssertionError" message="The following asserts failed:
	Fail : application displaying wrong alert message expected [Equipment Type is mandatory, please enter Equipment Type] but found [Object reference not set to an instance of an object.]">
      <![CDATA[java.lang.AssertionError: The following asserts failed:
Fail : application displaying wrong alert message expected [Equipment Type is mandatory, please enter Equipment Type] but found [Object reference not set to an instance of an object.]
at org.testng.asserts.SoftAssert.assertAll(SoftAssert.java:47)
at org.testng.asserts.SoftAssert.assertAll(SoftAssert.java:31)
at com.vrt.testcases.EquipmentCreationTest.EN_028(EquipmentCreationTest.java:751)
at sun.reflect.NativeMethodAccessorImpl.invoke0(Native Method)
at sun.reflect.NativeMethodAccessorImpl.invoke(NativeMethodAccessorImpl.java:62)
at sun.reflect.DelegatingMethodAccessorImpl.invoke(DelegatingMethodAccessorImpl.java:43)
at java.lang.reflect.Method.invoke(Method.java:498)
at org.testng.internal.MethodInvocationHelper.invokeMethod(MethodInvocationHelper.java:132)
at org.testng.internal.TestInvoker.invokeMethod(TestInvoker.java:599)
at org.testng.internal.TestInvoker.retryFailed(TestInvoker.java:214)
at org.testng.internal.MethodRunner.runInSequence(MethodRunner.java:58)
at org.testng.internal.TestInvoker$MethodInvocationAgent.invoke(TestInvoker.java:822)
at org.testng.internal.TestInvoker.invokeTestMethods(TestInvoker.java:147)
at org.testng.internal.TestMethodWorker.invokeTestMethods(TestMethodWorker.java:146)
at org.testng.internal.TestMethodWorker.run(TestMethodWorker.java:128)
at java.util.ArrayList.forEach(ArrayList.java:1257)
at org.testng.TestRunner.privateRun(TestRunner.java:764)
at org.testng.TestRunner.run(TestRunner.java:585)
at org.testng.SuiteRunner.runTest(SuiteRunner.java:384)
at org.testng.SuiteRunner.runSequentially(SuiteRunner.java:378)
at org.testng.SuiteRunner.privateRun(SuiteRunner.java:337)
at org.testng.SuiteRunner.run(SuiteRunner.java:286)
at org.testng.SuiteRunnerWorker.runSuite(SuiteRunnerWorker.java:53)
at org.testng.SuiteRunnerWorker.run(SuiteRunnerWorker.java:96)
at org.testng.TestNG.runSuitesSequentially(TestNG.java:1218)
at org.testng.TestNG.runSuitesLocally(TestNG.java:1140)
at org.testng.TestNG.runSuites(TestNG.java:1069)
at org.testng.TestNG.run(TestNG.java:1037)
at org.testng.remote.AbstractRemoteTestNG.run(AbstractRemoteTestNG.java:115)
at org.testng.remote.RemoteTestNG.initAndRun(RemoteTestNG.java:251)
at org.testng.remote.RemoteTestNG.main(RemoteTestNG.java:77)
]]>
    </failure>
  </testcase> <!-- EN_028 -->
  <testcase name="EN_028" time="6.227" classname="com.vrt.testcases.EquipmentCreationTest"/>
  <testcase name="EN_029" time="0.001" classname="com.vrt.testcases.EquipmentCreationTest"/>
  <testcase name="EN_029A" time="7.513" classname="com.vrt.testcases.EquipmentCreationTest"/>
  <testcase name="EN_029_EN_030" time="7.656" classname="com.vrt.testcases.EquipmentCreationTest">
    <skipped/>
  </testcase> <!-- EN_029_EN_030 -->
  <testcase name="EN_029_EN_030" time="15.216" classname="com.vrt.testcases.EquipmentCreationTest"/>
  <testcase name="EN_031" time="14.229" classname="com.vrt.testcases.EquipmentCreationTest"/>
  <testcase name="EN_032" time="6.283" classname="com.vrt.testcases.EquipmentCreationTest">
    <skipped/>
  </testcase> <!-- EN_032 -->
  <testcase name="EN_032" time="27.19" classname="com.vrt.testcases.EquipmentCreationTest"/>
  <testcase name="EN_033" time="16.174" classname="com.vrt.testcases.EquipmentCreationTest"/>
  <testcase name="EN_035" time="36.113" classname="com.vrt.testcases.EquipmentCreationTest"/>
  <testcase name="EN_039_EN_040" time="7.794" classname="com.vrt.testcases.EquipmentCreationTest"/>
  <testcase name="EN_041_EN_046" time="38.178" classname="com.vrt.testcases.EquipmentCreationTest"/>
  <testcase name="EN_042" time="9.752" classname="com.vrt.testcases.EquipmentCreationTest"/>
  <testcase name="EN_043" time="1.714" classname="com.vrt.testcases.EquipmentCreationTest"/>
  <testcase name="EN_044" time="5.424" classname="com.vrt.testcases.EquipmentCreationTest"/>
  <testcase name="EN_045" time="21.402" classname="com.vrt.testcases.EquipmentCreationTest"/>
  <testcase name="EN_048" time="1.689" classname="com.vrt.testcases.EquipmentCreationTest"/>
  <testcase name="EN_048_1" time="3.662" classname="com.vrt.testcases.EquipmentCreationTest"/>
  <testcase name="EN_049" time="1.9" classname="com.vrt.testcases.EquipmentCreationTest"/>
  <testcase name="EN_051" time="2.051" classname="com.vrt.testcases.EquipmentCreationTest">
    <skipped/>
  </testcase> <!-- EN_051 -->
  <testcase name="EN_051" time="2.061" classname="com.vrt.testcases.EquipmentCreationTest">
    <skipped/>
  </testcase> <!-- EN_051 -->
  <testcase name="EN_051" time="2.253" classname="com.vrt.testcases.EquipmentCreationTest">
    <failure type="java.lang.AssertionError" message="The following asserts failed:
	FAIL: Incorrect SW version &amp;amp; Console IP adress displayed in About window expected [1.2.0.23] but found [1.2.0.24],
	FAIL: Incorrect SW version &amp;amp; Console IP adress displayed in About window expected [127.0.0.1] but found []">
      <![CDATA[java.lang.AssertionError: The following asserts failed:
FAIL: Incorrect SW version & Console IP adress displayed in About window expected [1.2.0.23] but found [1.2.0.24],
FAIL: Incorrect SW version & Console IP adress displayed in About window expected [127.0.0.1] but found []
at org.testng.asserts.SoftAssert.assertAll(SoftAssert.java:47)
at org.testng.asserts.SoftAssert.assertAll(SoftAssert.java:31)
at com.vrt.testcases.EquipmentCreationTest.EN_051(EquipmentCreationTest.java:1145)
at sun.reflect.NativeMethodAccessorImpl.invoke0(Native Method)
at sun.reflect.NativeMethodAccessorImpl.invoke(NativeMethodAccessorImpl.java:62)
at sun.reflect.DelegatingMethodAccessorImpl.invoke(DelegatingMethodAccessorImpl.java:43)
at java.lang.reflect.Method.invoke(Method.java:498)
at org.testng.internal.MethodInvocationHelper.invokeMethod(MethodInvocationHelper.java:132)
at org.testng.internal.TestInvoker.invokeMethod(TestInvoker.java:599)
at org.testng.internal.TestInvoker.retryFailed(TestInvoker.java:214)
at org.testng.internal.MethodRunner.runInSequence(MethodRunner.java:58)
at org.testng.internal.TestInvoker$MethodInvocationAgent.invoke(TestInvoker.java:822)
at org.testng.internal.TestInvoker.invokeTestMethods(TestInvoker.java:147)
at org.testng.internal.TestMethodWorker.invokeTestMethods(TestMethodWorker.java:146)
at org.testng.internal.TestMethodWorker.run(TestMethodWorker.java:128)
at java.util.ArrayList.forEach(ArrayList.java:1257)
at org.testng.TestRunner.privateRun(TestRunner.java:764)
at org.testng.TestRunner.run(TestRunner.java:585)
at org.testng.SuiteRunner.runTest(SuiteRunner.java:384)
at org.testng.SuiteRunner.runSequentially(SuiteRunner.java:378)
at org.testng.SuiteRunner.privateRun(SuiteRunner.java:337)
at org.testng.SuiteRunner.run(SuiteRunner.java:286)
at org.testng.SuiteRunnerWorker.runSuite(SuiteRunnerWorker.java:53)
at org.testng.SuiteRunnerWorker.run(SuiteRunnerWorker.java:96)
at org.testng.TestNG.runSuitesSequentially(TestNG.java:1218)
at org.testng.TestNG.runSuitesLocally(TestNG.java:1140)
at org.testng.TestNG.runSuites(TestNG.java:1069)
at org.testng.TestNG.run(TestNG.java:1037)
at org.testng.remote.AbstractRemoteTestNG.run(AbstractRemoteTestNG.java:115)
at org.testng.remote.RemoteTestNG.initAndRun(RemoteTestNG.java:251)
at org.testng.remote.RemoteTestNG.main(RemoteTestNG.java:77)
]]>
    </failure>
  </testcase> <!-- EN_051 -->
  <testcase name="ASST090" time="7.011" classname="com.vrt.testcases.EquipmentEditTest">
    <skipped/>
  </testcase> <!-- ASST090 -->
  <testcase name="ASST090" time="7.728" classname="com.vrt.testcases.EquipmentEditTest">
    <skipped/>
  </testcase> <!-- ASST090 -->
  <testcase name="ASST090" time="7.613" classname="com.vrt.testcases.EquipmentEditTest">
    <failure type="java.lang.AssertionError" message="The following asserts failed:
	FAIL: Incorrect SW version &amp;amp; Console IP adress displayed in About window expected [1.2.0.23] but found [1.2.0.24],
	FAIL: Incorrect SW version &amp;amp; Console IP adress displayed in About window expected [127.0.0.1] but found []">
      <![CDATA[java.lang.AssertionError: The following asserts failed:
FAIL: Incorrect SW version & Console IP adress displayed in About window expected [1.2.0.23] but found [1.2.0.24],
FAIL: Incorrect SW version & Console IP adress displayed in About window expected [127.0.0.1] but found []
at org.testng.asserts.SoftAssert.assertAll(SoftAssert.java:47)
at org.testng.asserts.SoftAssert.assertAll(SoftAssert.java:31)
at com.vrt.testcases.EquipmentEditTest.ASST090(EquipmentEditTest.java:339)
at sun.reflect.NativeMethodAccessorImpl.invoke0(Native Method)
at sun.reflect.NativeMethodAccessorImpl.invoke(NativeMethodAccessorImpl.java:62)
at sun.reflect.DelegatingMethodAccessorImpl.invoke(DelegatingMethodAccessorImpl.java:43)
at java.lang.reflect.Method.invoke(Method.java:498)
at org.testng.internal.MethodInvocationHelper.invokeMethod(MethodInvocationHelper.java:132)
at org.testng.internal.TestInvoker.invokeMethod(TestInvoker.java:599)
at org.testng.internal.TestInvoker.retryFailed(TestInvoker.java:214)
at org.testng.internal.MethodRunner.runInSequence(MethodRunner.java:58)
at org.testng.internal.TestInvoker$MethodInvocationAgent.invoke(TestInvoker.java:822)
at org.testng.internal.TestInvoker.invokeTestMethods(TestInvoker.java:147)
at org.testng.internal.TestMethodWorker.invokeTestMethods(TestMethodWorker.java:146)
at org.testng.internal.TestMethodWorker.run(TestMethodWorker.java:128)
at java.util.ArrayList.forEach(ArrayList.java:1257)
at org.testng.TestRunner.privateRun(TestRunner.java:764)
at org.testng.TestRunner.run(TestRunner.java:585)
at org.testng.SuiteRunner.runTest(SuiteRunner.java:384)
at org.testng.SuiteRunner.runSequentially(SuiteRunner.java:378)
at org.testng.SuiteRunner.privateRun(SuiteRunner.java:337)
at org.testng.SuiteRunner.run(SuiteRunner.java:286)
at org.testng.SuiteRunnerWorker.runSuite(SuiteRunnerWorker.java:53)
at org.testng.SuiteRunnerWorker.run(SuiteRunnerWorker.java:96)
at org.testng.TestNG.runSuitesSequentially(TestNG.java:1218)
at org.testng.TestNG.runSuitesLocally(TestNG.java:1140)
at org.testng.TestNG.runSuites(TestNG.java:1069)
at org.testng.TestNG.run(TestNG.java:1037)
at org.testng.remote.AbstractRemoteTestNG.run(AbstractRemoteTestNG.java:115)
at org.testng.remote.RemoteTestNG.initAndRun(RemoteTestNG.java:251)
at org.testng.remote.RemoteTestNG.main(RemoteTestNG.java:77)
]]>
    </failure>
  </testcase> <!-- ASST090 -->
  <testcase name="EEIRTD_001" time="6.616" classname="com.vrt.testcases.EquipmentEditTest"/>
  <testcase name="EEIRTD_001A" time="15.295" classname="com.vrt.testcases.EquipmentEditTest"/>
  <testcase name="EEIRTD_002" time="7.763" classname="com.vrt.testcases.EquipmentEditTest"/>
  <testcase name="EEIRTD_003" time="7.313" classname="com.vrt.testcases.EquipmentEditTest"/>
  <testcase name="EEIRTD_006" time="0.0" classname="com.vrt.testcases.EquipmentEditTest">
    <failure type="org.testng.TestNGException" message="
Method public void com.vrt.testcases.EquipmentEditTest.EEIRTD_006(java.lang.String) throws java.lang.InterruptedException,java.io.IOException requires a @DataProvider named : EEIRTD_006 in class com.vrt.utility.EqupmentUtility">
      <![CDATA[org.testng.TestNGException: 
Method public void com.vrt.testcases.EquipmentEditTest.EEIRTD_006(java.lang.String) throws java.lang.InterruptedException,java.io.IOException requires a @DataProvider named : EEIRTD_006 in class com.vrt.utility.EqupmentUtility
at org.testng.internal.Parameters.findDataProvider(Parameters.java:559)
at org.testng.internal.Parameters.handleParameters(Parameters.java:772)
at org.testng.internal.Parameters.handleParameters(Parameters.java:740)
at org.testng.internal.ParameterHandler.handleParameters(ParameterHandler.java:59)
at org.testng.internal.ParameterHandler.createParameters(ParameterHandler.java:38)
at org.testng.internal.TestInvoker$MethodInvocationAgent.invoke(TestInvoker.java:789)
at org.testng.internal.TestInvoker.invokeTestMethods(TestInvoker.java:147)
at org.testng.internal.TestMethodWorker.invokeTestMethods(TestMethodWorker.java:146)
at org.testng.internal.TestMethodWorker.run(TestMethodWorker.java:128)
at java.util.ArrayList.forEach(ArrayList.java:1257)
at org.testng.TestRunner.privateRun(TestRunner.java:764)
at org.testng.TestRunner.run(TestRunner.java:585)
at org.testng.SuiteRunner.runTest(SuiteRunner.java:384)
at org.testng.SuiteRunner.runSequentially(SuiteRunner.java:378)
at org.testng.SuiteRunner.privateRun(SuiteRunner.java:337)
at org.testng.SuiteRunner.run(SuiteRunner.java:286)
at org.testng.SuiteRunnerWorker.runSuite(SuiteRunnerWorker.java:53)
at org.testng.SuiteRunnerWorker.run(SuiteRunnerWorker.java:96)
at org.testng.TestNG.runSuitesSequentially(TestNG.java:1218)
at org.testng.TestNG.runSuitesLocally(TestNG.java:1140)
at org.testng.TestNG.runSuites(TestNG.java:1069)
at org.testng.TestNG.run(TestNG.java:1037)
at org.testng.remote.AbstractRemoteTestNG.run(AbstractRemoteTestNG.java:115)
at org.testng.remote.RemoteTestNG.initAndRun(RemoteTestNG.java:251)
at org.testng.remote.RemoteTestNG.main(RemoteTestNG.java:77)
]]>
    </failure>
  </testcase> <!-- EEIRTD_006 -->
  <testcase name="EEIRTD_006A" time="7.524" classname="com.vrt.testcases.EquipmentEditTest"/>
  <testcase name="EEIRTD_006A" time="7.299" classname="com.vrt.testcases.EquipmentEditTest"/>
  <testcase name="EEIRTD_006A" time="7.044" classname="com.vrt.testcases.EquipmentEditTest"/>
  <testcase name="EEIRTD_006A" time="6.977" classname="com.vrt.testcases.EquipmentEditTest"/>
  <testcase name="EEIRTD_006A" time="7.139" classname="com.vrt.testcases.EquipmentEditTest"/>
  <testcase name="EEIRTD_006A" time="6.867" classname="com.vrt.testcases.EquipmentEditTest"/>
  <testcase name="EEIRTD_006A" time="6.905" classname="com.vrt.testcases.EquipmentEditTest"/>
  <testcase name="EEIRTD_006A" time="7.38" classname="com.vrt.testcases.EquipmentEditTest"/>
  <testcase name="EEIRTD_006A" time="6.743" classname="com.vrt.testcases.EquipmentEditTest"/>
  <testcase name="EEIRTD_006A" time="7.649" classname="com.vrt.testcases.EquipmentEditTest"/>
  <testcase name="EEIRTD_006A" time="7.121" classname="com.vrt.testcases.EquipmentEditTest"/>
  <testcase name="EEIRTD_006A" time="7.205" classname="com.vrt.testcases.EquipmentEditTest"/>
  <testcase name="EEIRTD_006A" time="7.34" classname="com.vrt.testcases.EquipmentEditTest"/>
  <testcase name="EEIRTD_006A" time="7.545" classname="com.vrt.testcases.EquipmentEditTest"/>
  <testcase name="EEIRTD_006A" time="7.155" classname="com.vrt.testcases.EquipmentEditTest"/>
  <testcase name="EEIRTD_006A" time="7.077" classname="com.vrt.testcases.EquipmentEditTest"/>
  <testcase name="EEIRTD_006A" time="7.057" classname="com.vrt.testcases.EquipmentEditTest"/>
  <testcase name="EEIRTD_006A" time="6.982" classname="com.vrt.testcases.EquipmentEditTest"/>
  <testcase name="EEIRTD_006A" time="7.518" classname="com.vrt.testcases.EquipmentEditTest"/>
  <testcase name="EEIRTD_006A" time="6.639" classname="com.vrt.testcases.EquipmentEditTest"/>
  <testcase name="EEIRTD_006A" time="7.542" classname="com.vrt.testcases.EquipmentEditTest"/>
  <testcase name="EEIRTD_006A" time="7.625" classname="com.vrt.testcases.EquipmentEditTest"/>
  <testcase name="EEIRTD_006A" time="7.422" classname="com.vrt.testcases.EquipmentEditTest"/>
  <testcase name="EEIRTD_007" time="8.071" classname="com.vrt.testcases.EquipmentEditTest"/>
  <testcase name="EEIRTD_007A" time="7.647" classname="com.vrt.testcases.EquipmentEditTest"/>
  <testcase name="EEIRTD_008" time="6.426" classname="com.vrt.testcases.EquipmentEditTest"/>
  <testcase name="EEIRTD_009" time="24.593" classname="com.vrt.testcases.EquipmentEditTest"/>
  <testcase name="EEIRTD_010" time="23.554" classname="com.vrt.testcases.EquipmentEditTest"/>
  <testcase name="EEIRTD_011" time="8.34" classname="com.vrt.testcases.EquipmentEditTest">
    <skipped/>
  </testcase> <!-- EEIRTD_011 -->
  <testcase name="EEIRTD_011" time="16.097" classname="com.vrt.testcases.EquipmentEditTest"/>
  <testcase name="EEIRTD_012" time="6.525" classname="com.vrt.testcases.EquipmentEditTest"/>
  <testcase name="EEIRTD_013" time="22.943" classname="com.vrt.testcases.EquipmentEditTest"/>
  <testcase name="EEIRTD_014" time="0.001" classname="com.vrt.testcases.EquipmentEditTest"/>
  <testcase name="EEIRTD_015" time="0.001" classname="com.vrt.testcases.EquipmentEditTest"/>
  <testcase name="EEIRTD_016" time="9.971" classname="com.vrt.testcases.EquipmentEditTest"/>
  <testcase name="EEIRTD_017" time="6.359" classname="com.vrt.testcases.EquipmentEditTest"/>
  <testcase name="EEIRTD_018" time="0.001" classname="com.vrt.testcases.EquipmentEditTest"/>
  <testcase name="EEIRTD_019" time="0.001" classname="com.vrt.testcases.EquipmentEditTest"/>
  <testcase name="EEIRTD_020" time="6.516" classname="com.vrt.testcases.EquipmentEditTest"/>
  <testcase name="EEIRTD_039_EEIRTD_040" time="17.475" classname="com.vrt.testcases.EquipmentEditTest"/>
  <testcase name="EEIRTD_041_EEIRTD_042" time="0.0" classname="com.vrt.testcases.EquipmentEditTest"/>
  <testcase name="EEIRTD_043" time="21.582" classname="com.vrt.testcases.EquipmentEditTest"/>
  <testcase name="EEIRTD_044_EEIRTD_045" time="0.0" classname="com.vrt.testcases.EquipmentEditTest"/>
  <testcase name="EEIRTD_046" time="15.626" classname="com.vrt.testcases.EquipmentEditTest"/>
  <testcase name="EEIRTD_047" time="46.322" classname="com.vrt.testcases.EquipmentEditTest">
    <skipped/>
  </testcase> <!-- EEIRTD_047 -->
  <testcase name="EEIRTD_047" time="47.535" classname="com.vrt.testcases.EquipmentEditTest">
    <skipped/>
  </testcase> <!-- EEIRTD_047 -->
  <testcase name="EEIRTD_047" time="47.134" classname="com.vrt.testcases.EquipmentEditTest">
    <failure type="org.openqa.selenium.NoSuchElementException" message="An element could not be located on the page using the given search parameters. (WARNING: The server did not provide any stacktrace information)
Command duration or timeout: 0 milliseconds
For documentation on this error, please visit: https://www.seleniumhq.org/exceptions/no_such_element.html
Build info: version: &amp;apos;3.141.59&amp;apos;, revision: &amp;apos;e82be7d358&amp;apos;, time: &amp;apos;2018-11-14T08:17:03&amp;apos;
System info: host: &amp;apos;INAS-LP024&amp;apos;, ip: &amp;apos;127.0.0.1&amp;apos;, os.name: &amp;apos;Windows 10&amp;apos;, os.arch: &amp;apos;amd64&amp;apos;, os.version: &amp;apos;10.0&amp;apos;, java.version: &amp;apos;1.8.0_181&amp;apos;
Driver info: io.appium.java_client.windows.WindowsDriver
Capabilities {app: Kaye.ValProbeRT_racmveb2qnw..., javascriptEnabled: true, ms:waitForAppLaunch: 10, platform: WINDOWS, platformName: WINDOWS}
Session ID: DD6C958E-02B4-4CE9-A09B-8138555E1562
*** Element info: {Using=name, value=Enter User Credentials}">
      <![CDATA[org.openqa.selenium.NoSuchElementException: An element could not be located on the page using the given search parameters. (WARNING: The server did not provide any stacktrace information)
Command duration or timeout: 0 milliseconds
For documentation on this error, please visit: https://www.seleniumhq.org/exceptions/no_such_element.html
Build info: version: '3.141.59', revision: 'e82be7d358', time: '2018-11-14T08:17:03'
System info: host: 'INAS-LP024', ip: '127.0.0.1', os.name: 'Windows 10', os.arch: 'amd64', os.version: '10.0', java.version: '1.8.0_181'
Driver info: io.appium.java_client.windows.WindowsDriver
Capabilities {app: Kaye.ValProbeRT_racmveb2qnw..., javascriptEnabled: true, ms:waitForAppLaunch: 10, platform: WINDOWS, platformName: WINDOWS}
Session ID: DD6C958E-02B4-4CE9-A09B-8138555E1562
*** Element info: {Using=name, value=Enter User Credentials}
at sun.reflect.NativeConstructorAccessorImpl.newInstance0(Native Method)
at sun.reflect.NativeConstructorAccessorImpl.newInstance(NativeConstructorAccessorImpl.java:62)
at sun.reflect.DelegatingConstructorAccessorImpl.newInstance(DelegatingConstructorAccessorImpl.java:45)
at java.lang.reflect.Constructor.newInstance(Constructor.java:423)
at org.openqa.selenium.remote.ErrorHandler.createThrowable(ErrorHandler.java:214)
at org.openqa.selenium.remote.ErrorHandler.throwIfResponseFailed(ErrorHandler.java:166)
at org.openqa.selenium.remote.http.JsonHttpResponseCodec.reconstructValue(JsonHttpResponseCodec.java:40)
at org.openqa.selenium.remote.http.AbstractHttpResponseCodec.decode(AbstractHttpResponseCodec.java:80)
at org.openqa.selenium.remote.http.AbstractHttpResponseCodec.decode(AbstractHttpResponseCodec.java:44)
at org.openqa.selenium.remote.HttpCommandExecutor.execute(HttpCommandExecutor.java:158)
at io.appium.java_client.remote.AppiumCommandExecutor.execute(AppiumCommandExecutor.java:239)
at org.openqa.selenium.remote.RemoteWebDriver.execute(RemoteWebDriver.java:552)
at io.appium.java_client.DefaultGenericMobileDriver.execute(DefaultGenericMobileDriver.java:42)
at io.appium.java_client.AppiumDriver.execute(AppiumDriver.java:1)
at io.appium.java_client.windows.WindowsDriver.execute(WindowsDriver.java:1)
at org.openqa.selenium.remote.RemoteWebDriver.findElement(RemoteWebDriver.java:323)
at io.appium.java_client.DefaultGenericMobileDriver.findElement(DefaultGenericMobileDriver.java:62)
at io.appium.java_client.AppiumDriver.findElement(AppiumDriver.java:1)
at io.appium.java_client.windows.WindowsDriver.findElement(WindowsDriver.java:1)
at org.openqa.selenium.remote.RemoteWebDriver.findElementByName(RemoteWebDriver.java:404)
at io.appium.java_client.DefaultGenericMobileDriver.findElementByName(DefaultGenericMobileDriver.java:118)
at io.appium.java_client.AppiumDriver.findElementByName(AppiumDriver.java:1)
at io.appium.java_client.windows.WindowsDriver.findElementByName(WindowsDriver.java:1)
at com.vrt.base.BaseClass.UserLoginPopup(BaseClass.java:191)
at com.vrt.testcases.EquipmentEditTest.EEIRTD_047(EquipmentEditTest.java:810)
at sun.reflect.NativeMethodAccessorImpl.invoke0(Native Method)
at sun.reflect.NativeMethodAccessorImpl.invoke(NativeMethodAccessorImpl.java:62)
at sun.reflect.DelegatingMethodAccessorImpl.invoke(DelegatingMethodAccessorImpl.java:43)
at java.lang.reflect.Method.invoke(Method.java:498)
at org.testng.internal.MethodInvocationHelper.invokeMethod(MethodInvocationHelper.java:132)
at org.testng.internal.TestInvoker.invokeMethod(TestInvoker.java:599)
at org.testng.internal.TestInvoker.retryFailed(TestInvoker.java:214)
at org.testng.internal.MethodRunner.runInSequence(MethodRunner.java:58)
at org.testng.internal.TestInvoker$MethodInvocationAgent.invoke(TestInvoker.java:822)
at org.testng.internal.TestInvoker.invokeTestMethods(TestInvoker.java:147)
at org.testng.internal.TestMethodWorker.invokeTestMethods(TestMethodWorker.java:146)
at org.testng.internal.TestMethodWorker.run(TestMethodWorker.java:128)
at java.util.ArrayList.forEach(ArrayList.java:1257)
at org.testng.TestRunner.privateRun(TestRunner.java:764)
at org.testng.TestRunner.run(TestRunner.java:585)
at org.testng.SuiteRunner.runTest(SuiteRunner.java:384)
at org.testng.SuiteRunner.runSequentially(SuiteRunner.java:378)
at org.testng.SuiteRunner.privateRun(SuiteRunner.java:337)
at org.testng.SuiteRunner.run(SuiteRunner.java:286)
at org.testng.SuiteRunnerWorker.runSuite(SuiteRunnerWorker.java:53)
at org.testng.SuiteRunnerWorker.run(SuiteRunnerWorker.java:96)
at org.testng.TestNG.runSuitesSequentially(TestNG.java:1218)
at org.testng.TestNG.runSuitesLocally(TestNG.java:1140)
at org.testng.TestNG.runSuites(TestNG.java:1069)
at org.testng.TestNG.run(TestNG.java:1037)
at org.testng.remote.AbstractRemoteTestNG.run(AbstractRemoteTestNG.java:115)
at org.testng.remote.RemoteTestNG.initAndRun(RemoteTestNG.java:251)
at org.testng.remote.RemoteTestNG.main(RemoteTestNG.java:77)
]]>
    </failure>
  </testcase> <!-- EEIRTD_047 -->
  <testcase name="EEIRTD_048" time="20.703" classname="com.vrt.testcases.EquipmentEditTest"/>
  <testcase name="EEIRTD_049" time="23.178" classname="com.vrt.testcases.EquipmentEditTest"/>
  <testcase name="EEIRTD_050" time="29.237" classname="com.vrt.testcases.EquipmentEditTest"/>
  <testcase name="EEIRTD_051" time="8.196" classname="com.vrt.testcases.EquipmentEditTest"/>
  <testcase name="EEIRTD_054" time="16.156" classname="com.vrt.testcases.EquipmentEditTest"/>
  <testcase name="EEVRTL_006A" time="18.979" classname="com.vrt.testcases.EquipmentEditTest"/>
  <testcase name="EEVRTL_006A" time="17.184" classname="com.vrt.testcases.EquipmentEditTest"/>
  <testcase name="EEVRTL_006A" time="16.43" classname="com.vrt.testcases.EquipmentEditTest"/>
  <testcase name="EEVRTL_006A" time="18.239" classname="com.vrt.testcases.EquipmentEditTest"/>
  <testcase name="EEVRTL_006A" time="16.908" classname="com.vrt.testcases.EquipmentEditTest"/>
  <testcase name="EEVRTL_006A" time="17.419" classname="com.vrt.testcases.EquipmentEditTest"/>
  <testcase name="EEVRTL_006A" time="18.343" classname="com.vrt.testcases.EquipmentEditTest"/>
  <testcase name="EEVRTL_006A" time="17.585" classname="com.vrt.testcases.EquipmentEditTest"/>
  <testcase name="EEVRTL_006A" time="17.549" classname="com.vrt.testcases.EquipmentEditTest"/>
  <testcase name="EEVRTL_006A" time="17.172" classname="com.vrt.testcases.EquipmentEditTest"/>
  <testcase name="EEVRTL_006A" time="18.001" classname="com.vrt.testcases.EquipmentEditTest"/>
  <testcase name="EEVRTL_006A" time="16.901" classname="com.vrt.testcases.EquipmentEditTest"/>
  <testcase name="EEVRTL_006A" time="18.797" classname="com.vrt.testcases.EquipmentEditTest"/>
  <testcase name="EEVRTL_006A" time="17.24" classname="com.vrt.testcases.EquipmentEditTest"/>
  <testcase name="EEVRTL_006A" time="18.091" classname="com.vrt.testcases.EquipmentEditTest"/>
  <testcase name="EEVRTL_006A" time="17.38" classname="com.vrt.testcases.EquipmentEditTest"/>
  <testcase name="EEVRTL_006A" time="17.813" classname="com.vrt.testcases.EquipmentEditTest"/>
  <testcase name="EEVRTL_006A" time="16.76" classname="com.vrt.testcases.EquipmentEditTest"/>
  <testcase name="EEVRTL_006A" time="17.631" classname="com.vrt.testcases.EquipmentEditTest"/>
  <testcase name="EEVRTL_006A" time="17.692" classname="com.vrt.testcases.EquipmentEditTest"/>
  <testcase name="EEVRTL_006A" time="17.048" classname="com.vrt.testcases.EquipmentEditTest"/>
  <testcase name="EEVRTL_006A" time="19.508" classname="com.vrt.testcases.EquipmentEditTest"/>
  <testcase name="EEVRTL_006A" time="16.906" classname="com.vrt.testcases.EquipmentEditTest"/>
  <testcase name="EEVRTL_008" time="18.051" classname="com.vrt.testcases.EquipmentEditTest"/>
  <testcase name="EEVRTL_050" time="27.516" classname="com.vrt.testcases.EquipmentEditTest"/>
  <testcase name="EEVRTL_055" time="35.396" classname="com.vrt.testcases.EquipmentEditTest"/>
  <testcase name="EEVRTL_055A" time="18.777" classname="com.vrt.testcases.EquipmentEditTest"/>
  <testcase name="EEVRTL_056" time="19.366" classname="com.vrt.testcases.EquipmentEditTest"/>
  <testcase name="EEVRTL_057" time="17.962" classname="com.vrt.testcases.EquipmentEditTest"/>
  <testcase name="EEVRTL_059" time="18.919" classname="com.vrt.testcases.EquipmentEditTest">
    <skipped/>
  </testcase> <!-- EEVRTL_059 -->
  <testcase name="EEVRTL_059" time="18.699" classname="com.vrt.testcases.EquipmentEditTest">
    <skipped/>
  </testcase> <!-- EEVRTL_059 -->
  <testcase name="EEVRTL_059" time="17.745" classname="com.vrt.testcases.EquipmentEditTest">
    <failure type="java.lang.AssertionError" message="The following asserts failed:
	FAIL: Incorrect SW version &amp;amp; Console IP adress displayed in About window expected [1.2.0.23] but found [1.2.0.24],
	FAIL: Incorrect SW version &amp;amp; Console IP adress displayed in About window expected [127.0.0.1] but found []">
      <![CDATA[java.lang.AssertionError: The following asserts failed:
FAIL: Incorrect SW version & Console IP adress displayed in About window expected [1.2.0.23] but found [1.2.0.24],
FAIL: Incorrect SW version & Console IP adress displayed in About window expected [127.0.0.1] but found []
at org.testng.asserts.SoftAssert.assertAll(SoftAssert.java:47)
at org.testng.asserts.SoftAssert.assertAll(SoftAssert.java:31)
at com.vrt.testcases.EquipmentEditTest.EEVRTL_059(EquipmentEditTest.java:1104)
at sun.reflect.NativeMethodAccessorImpl.invoke0(Native Method)
at sun.reflect.NativeMethodAccessorImpl.invoke(NativeMethodAccessorImpl.java:62)
at sun.reflect.DelegatingMethodAccessorImpl.invoke(DelegatingMethodAccessorImpl.java:43)
at java.lang.reflect.Method.invoke(Method.java:498)
at org.testng.internal.MethodInvocationHelper.invokeMethod(MethodInvocationHelper.java:132)
at org.testng.internal.TestInvoker.invokeMethod(TestInvoker.java:599)
at org.testng.internal.TestInvoker.retryFailed(TestInvoker.java:214)
at org.testng.internal.MethodRunner.runInSequence(MethodRunner.java:58)
at org.testng.internal.TestInvoker$MethodInvocationAgent.invoke(TestInvoker.java:822)
at org.testng.internal.TestInvoker.invokeTestMethods(TestInvoker.java:147)
at org.testng.internal.TestMethodWorker.invokeTestMethods(TestMethodWorker.java:146)
at org.testng.internal.TestMethodWorker.run(TestMethodWorker.java:128)
at java.util.ArrayList.forEach(ArrayList.java:1257)
at org.testng.TestRunner.privateRun(TestRunner.java:764)
at org.testng.TestRunner.run(TestRunner.java:585)
at org.testng.SuiteRunner.runTest(SuiteRunner.java:384)
at org.testng.SuiteRunner.runSequentially(SuiteRunner.java:378)
at org.testng.SuiteRunner.privateRun(SuiteRunner.java:337)
at org.testng.SuiteRunner.run(SuiteRunner.java:286)
at org.testng.SuiteRunnerWorker.runSuite(SuiteRunnerWorker.java:53)
at org.testng.SuiteRunnerWorker.run(SuiteRunnerWorker.java:96)
at org.testng.TestNG.runSuitesSequentially(TestNG.java:1218)
at org.testng.TestNG.runSuitesLocally(TestNG.java:1140)
at org.testng.TestNG.runSuites(TestNG.java:1069)
at org.testng.TestNG.run(TestNG.java:1037)
at org.testng.remote.AbstractRemoteTestNG.run(AbstractRemoteTestNG.java:115)
at org.testng.remote.RemoteTestNG.initAndRun(RemoteTestNG.java:251)
at org.testng.remote.RemoteTestNG.main(RemoteTestNG.java:77)
]]>
    </failure>
  </testcase> <!-- EEVRTL_059 -->
  <testcase name="EEVRTL_060" time="17.592" classname="com.vrt.testcases.EquipmentEditTest"/>
  <testcase name="EEVRTL_060" time="16.973" classname="com.vrt.testcases.EquipmentEditTest"/>
  <testcase name="EEVRTL_060" time="43.479" classname="com.vrt.testcases.EquipmentEditTest">
    <skipped/>
  </testcase> <!-- EEVRTL_060 -->
  <testcase name="EEVRTL_060" time="44.39" classname="com.vrt.testcases.EquipmentEditTest">
    <skipped/>
  </testcase> <!-- EEVRTL_060 -->
  <testcase name="EEVRTL_060" time="43.58" classname="com.vrt.testcases.EquipmentEditTest">
    <failure type="org.openqa.selenium.NoSuchElementException" message="An element could not be located on the page using the given search parameters. (WARNING: The server did not provide any stacktrace information)
Command duration or timeout: 0 milliseconds
For documentation on this error, please visit: https://www.seleniumhq.org/exceptions/no_such_element.html
Build info: version: &amp;apos;3.141.59&amp;apos;, revision: &amp;apos;e82be7d358&amp;apos;, time: &amp;apos;2018-11-14T08:17:03&amp;apos;
System info: host: &amp;apos;INAS-LP024&amp;apos;, ip: &amp;apos;127.0.0.1&amp;apos;, os.name: &amp;apos;Windows 10&amp;apos;, os.arch: &amp;apos;amd64&amp;apos;, os.version: &amp;apos;10.0&amp;apos;, java.version: &amp;apos;1.8.0_181&amp;apos;
Driver info: io.appium.java_client.windows.WindowsDriver
Capabilities {app: Kaye.ValProbeRT_racmveb2qnw..., javascriptEnabled: true, ms:waitForAppLaunch: 10, platform: WINDOWS, platformName: WINDOWS}
Session ID: 97C7A17B-BC67-4238-B20B-12EDCD451B6F
*** Element info: {Using=name, value=Enter User Credentials}">
      <![CDATA[org.openqa.selenium.NoSuchElementException: An element could not be located on the page using the given search parameters. (WARNING: The server did not provide any stacktrace information)
Command duration or timeout: 0 milliseconds
For documentation on this error, please visit: https://www.seleniumhq.org/exceptions/no_such_element.html
Build info: version: '3.141.59', revision: 'e82be7d358', time: '2018-11-14T08:17:03'
System info: host: 'INAS-LP024', ip: '127.0.0.1', os.name: 'Windows 10', os.arch: 'amd64', os.version: '10.0', java.version: '1.8.0_181'
Driver info: io.appium.java_client.windows.WindowsDriver
Capabilities {app: Kaye.ValProbeRT_racmveb2qnw..., javascriptEnabled: true, ms:waitForAppLaunch: 10, platform: WINDOWS, platformName: WINDOWS}
Session ID: 97C7A17B-BC67-4238-B20B-12EDCD451B6F
*** Element info: {Using=name, value=Enter User Credentials}
at sun.reflect.NativeConstructorAccessorImpl.newInstance0(Native Method)
at sun.reflect.NativeConstructorAccessorImpl.newInstance(NativeConstructorAccessorImpl.java:62)
at sun.reflect.DelegatingConstructorAccessorImpl.newInstance(DelegatingConstructorAccessorImpl.java:45)
at java.lang.reflect.Constructor.newInstance(Constructor.java:423)
at org.openqa.selenium.remote.ErrorHandler.createThrowable(ErrorHandler.java:214)
at org.openqa.selenium.remote.ErrorHandler.throwIfResponseFailed(ErrorHandler.java:166)
at org.openqa.selenium.remote.http.JsonHttpResponseCodec.reconstructValue(JsonHttpResponseCodec.java:40)
at org.openqa.selenium.remote.http.AbstractHttpResponseCodec.decode(AbstractHttpResponseCodec.java:80)
at org.openqa.selenium.remote.http.AbstractHttpResponseCodec.decode(AbstractHttpResponseCodec.java:44)
at org.openqa.selenium.remote.HttpCommandExecutor.execute(HttpCommandExecutor.java:158)
at io.appium.java_client.remote.AppiumCommandExecutor.execute(AppiumCommandExecutor.java:239)
at org.openqa.selenium.remote.RemoteWebDriver.execute(RemoteWebDriver.java:552)
at io.appium.java_client.DefaultGenericMobileDriver.execute(DefaultGenericMobileDriver.java:42)
at io.appium.java_client.AppiumDriver.execute(AppiumDriver.java:1)
at io.appium.java_client.windows.WindowsDriver.execute(WindowsDriver.java:1)
at org.openqa.selenium.remote.RemoteWebDriver.findElement(RemoteWebDriver.java:323)
at io.appium.java_client.DefaultGenericMobileDriver.findElement(DefaultGenericMobileDriver.java:62)
at io.appium.java_client.AppiumDriver.findElement(AppiumDriver.java:1)
at io.appium.java_client.windows.WindowsDriver.findElement(WindowsDriver.java:1)
at org.openqa.selenium.remote.RemoteWebDriver.findElementByName(RemoteWebDriver.java:404)
at io.appium.java_client.DefaultGenericMobileDriver.findElementByName(DefaultGenericMobileDriver.java:118)
at io.appium.java_client.AppiumDriver.findElementByName(AppiumDriver.java:1)
at io.appium.java_client.windows.WindowsDriver.findElementByName(WindowsDriver.java:1)
at com.vrt.pages.Equuipment_VRTLoggersDetailspage.UserLoginPopupVisible(Equuipment_VRTLoggersDetailspage.java:309)
at com.vrt.testcases.EquipmentEditTest.EEVRTL_060(EquipmentEditTest.java:1122)
at sun.reflect.NativeMethodAccessorImpl.invoke0(Native Method)
at sun.reflect.NativeMethodAccessorImpl.invoke(NativeMethodAccessorImpl.java:62)
at sun.reflect.DelegatingMethodAccessorImpl.invoke(DelegatingMethodAccessorImpl.java:43)
at java.lang.reflect.Method.invoke(Method.java:498)
at org.testng.internal.MethodInvocationHelper.invokeMethod(MethodInvocationHelper.java:132)
at org.testng.internal.TestInvoker.invokeMethod(TestInvoker.java:599)
at org.testng.internal.TestInvoker.retryFailed(TestInvoker.java:214)
at org.testng.internal.MethodRunner.runInSequence(MethodRunner.java:58)
at org.testng.internal.TestInvoker$MethodInvocationAgent.invoke(TestInvoker.java:822)
at org.testng.internal.TestInvoker.invokeTestMethods(TestInvoker.java:147)
at org.testng.internal.TestMethodWorker.invokeTestMethods(TestMethodWorker.java:146)
at org.testng.internal.TestMethodWorker.run(TestMethodWorker.java:128)
at java.util.ArrayList.forEach(ArrayList.java:1257)
at org.testng.TestRunner.privateRun(TestRunner.java:764)
at org.testng.TestRunner.run(TestRunner.java:585)
at org.testng.SuiteRunner.runTest(SuiteRunner.java:384)
at org.testng.SuiteRunner.runSequentially(SuiteRunner.java:378)
at org.testng.SuiteRunner.privateRun(SuiteRunner.java:337)
at org.testng.SuiteRunner.run(SuiteRunner.java:286)
at org.testng.SuiteRunnerWorker.runSuite(SuiteRunnerWorker.java:53)
at org.testng.SuiteRunnerWorker.run(SuiteRunnerWorker.java:96)
at org.testng.TestNG.runSuitesSequentially(TestNG.java:1218)
at org.testng.TestNG.runSuitesLocally(TestNG.java:1140)
at org.testng.TestNG.runSuites(TestNG.java:1069)
at org.testng.TestNG.run(TestNG.java:1037)
at org.testng.remote.AbstractRemoteTestNG.run(AbstractRemoteTestNG.java:115)
at org.testng.remote.RemoteTestNG.initAndRun(RemoteTestNG.java:251)
at org.testng.remote.RemoteTestNG.main(RemoteTestNG.java:77)
]]>
    </failure>
  </testcase> <!-- EEVRTL_060 -->
  <testcase name="EEVRTL_060" time="17.501" classname="com.vrt.testcases.EquipmentEditTest"/>
  <testcase name="EEVRTL_060" time="18.033" classname="com.vrt.testcases.EquipmentEditTest"/>
  <testcase name="EEVRTL_060" time="18.493" classname="com.vrt.testcases.EquipmentEditTest"/>
  <testcase name="EEVRTL_060" time="18.253" classname="com.vrt.testcases.EquipmentEditTest"/>
  <testcase name="EEVRTL_061" time="19.802" classname="com.vrt.testcases.EquipmentEditTest"/>
  <testcase name="EEVRTL_061A" time="18.244" classname="com.vrt.testcases.EquipmentEditTest"/>
  <testcase name="EEVRTL_063" time="45.701" classname="com.vrt.testcases.EquipmentEditTest"/>
  <testcase name="EEVRTL_064" time="44.603" classname="com.vrt.testcases.EquipmentEditTest"/>
  <testcase name="EEVRTL_065" time="18.838" classname="com.vrt.testcases.EquipmentEditTest">
    <skipped/>
  </testcase> <!-- EEVRTL_065 -->
  <testcase name="EEVRTL_065" time="27.47" classname="com.vrt.testcases.EquipmentEditTest"/>
  <testcase name="EEVRTL_066" time="16.935" classname="com.vrt.testcases.EquipmentEditTest"/>
  <testcase name="EEVRTL_067" time="44.547" classname="com.vrt.testcases.EquipmentEditTest"/>
  <testcase name="EEVRTL_068" time="0.001" classname="com.vrt.testcases.EquipmentEditTest"/>
  <testcase name="EEVRTL_069" time="0.0" classname="com.vrt.testcases.EquipmentEditTest"/>
  <testcase name="EEVRTL_070" time="19.703" classname="com.vrt.testcases.EquipmentEditTest"/>
  <testcase name="EEVRTL_071" time="17.168" classname="com.vrt.testcases.EquipmentEditTest"/>
  <testcase name="EEVRTL_072" time="0.0" classname="com.vrt.testcases.EquipmentEditTest"/>
  <testcase name="EEVRTL_073" time="0.0" classname="com.vrt.testcases.EquipmentEditTest"/>
  <testcase name="EEVRTL_074" time="17.189" classname="com.vrt.testcases.EquipmentEditTest"/>
  <testcase name="EEVRTL_097" time="30.317" classname="com.vrt.testcases.EquipmentEditTest"/>
  <testcase name="EEVRTL_100" time="27.717" classname="com.vrt.testcases.EquipmentEditTest"/>
  <testcase name="EEVRTL_101" time="25.866" classname="com.vrt.testcases.EquipmentEditTest"/>
  <testcase name="EEVRTL_104" time="37.039" classname="com.vrt.testcases.EquipmentEditTest"/>
  <testcase name="EL_001_EL_002" time="12.718" classname="com.vrt.testcases.EquipmentListTest">
    <skipped/>
  </testcase> <!-- EL_001_EL_002 -->
  <testcase name="EL_001_EL_002" time="32.624" classname="com.vrt.testcases.EquipmentListTest">
    <skipped/>
  </testcase> <!-- EL_001_EL_002 -->
  <testcase name="EL_001_EL_002" time="32.631" classname="com.vrt.testcases.EquipmentListTest">
    <failure type="org.openqa.selenium.NoSuchElementException" message="An element could not be located on the page using the given search parameters. (WARNING: The server did not provide any stacktrace information)
Command duration or timeout: 0 milliseconds
For documentation on this error, please visit: https://www.seleniumhq.org/exceptions/no_such_element.html
Build info: version: &amp;apos;3.141.59&amp;apos;, revision: &amp;apos;e82be7d358&amp;apos;, time: &amp;apos;2018-11-14T08:17:03&amp;apos;
System info: host: &amp;apos;INAS-LP024&amp;apos;, ip: &amp;apos;127.0.0.1&amp;apos;, os.name: &amp;apos;Windows 10&amp;apos;, os.arch: &amp;apos;amd64&amp;apos;, os.version: &amp;apos;10.0&amp;apos;, java.version: &amp;apos;1.8.0_181&amp;apos;
Driver info: io.appium.java_client.windows.WindowsDriver
Capabilities {app: Kaye.ValProbeRT_racmveb2qnw..., javascriptEnabled: true, ms:waitForAppLaunch: 10, platform: WINDOWS, platformName: WINDOWS}
Session ID: 00431A2A-EDD3-46EB-9D83-447EAA263046
*** Element info: {Using=name, value=Enter User Credentials}">
      <![CDATA[org.openqa.selenium.NoSuchElementException: An element could not be located on the page using the given search parameters. (WARNING: The server did not provide any stacktrace information)
Command duration or timeout: 0 milliseconds
For documentation on this error, please visit: https://www.seleniumhq.org/exceptions/no_such_element.html
Build info: version: '3.141.59', revision: 'e82be7d358', time: '2018-11-14T08:17:03'
System info: host: 'INAS-LP024', ip: '127.0.0.1', os.name: 'Windows 10', os.arch: 'amd64', os.version: '10.0', java.version: '1.8.0_181'
Driver info: io.appium.java_client.windows.WindowsDriver
Capabilities {app: Kaye.ValProbeRT_racmveb2qnw..., javascriptEnabled: true, ms:waitForAppLaunch: 10, platform: WINDOWS, platformName: WINDOWS}
Session ID: 00431A2A-EDD3-46EB-9D83-447EAA263046
*** Element info: {Using=name, value=Enter User Credentials}
at sun.reflect.NativeConstructorAccessorImpl.newInstance0(Native Method)
at sun.reflect.NativeConstructorAccessorImpl.newInstance(NativeConstructorAccessorImpl.java:62)
at sun.reflect.DelegatingConstructorAccessorImpl.newInstance(DelegatingConstructorAccessorImpl.java:45)
at java.lang.reflect.Constructor.newInstance(Constructor.java:423)
at org.openqa.selenium.remote.ErrorHandler.createThrowable(ErrorHandler.java:214)
at org.openqa.selenium.remote.ErrorHandler.throwIfResponseFailed(ErrorHandler.java:166)
at org.openqa.selenium.remote.http.JsonHttpResponseCodec.reconstructValue(JsonHttpResponseCodec.java:40)
at org.openqa.selenium.remote.http.AbstractHttpResponseCodec.decode(AbstractHttpResponseCodec.java:80)
at org.openqa.selenium.remote.http.AbstractHttpResponseCodec.decode(AbstractHttpResponseCodec.java:44)
at org.openqa.selenium.remote.HttpCommandExecutor.execute(HttpCommandExecutor.java:158)
at io.appium.java_client.remote.AppiumCommandExecutor.execute(AppiumCommandExecutor.java:239)
at org.openqa.selenium.remote.RemoteWebDriver.execute(RemoteWebDriver.java:552)
at io.appium.java_client.DefaultGenericMobileDriver.execute(DefaultGenericMobileDriver.java:42)
at io.appium.java_client.AppiumDriver.execute(AppiumDriver.java:1)
at io.appium.java_client.windows.WindowsDriver.execute(WindowsDriver.java:1)
at org.openqa.selenium.remote.RemoteWebDriver.findElement(RemoteWebDriver.java:323)
at io.appium.java_client.DefaultGenericMobileDriver.findElement(DefaultGenericMobileDriver.java:62)
at io.appium.java_client.AppiumDriver.findElement(AppiumDriver.java:1)
at io.appium.java_client.windows.WindowsDriver.findElement(WindowsDriver.java:1)
at org.openqa.selenium.remote.RemoteWebDriver.findElementByName(RemoteWebDriver.java:404)
at io.appium.java_client.DefaultGenericMobileDriver.findElementByName(DefaultGenericMobileDriver.java:118)
at io.appium.java_client.AppiumDriver.findElementByName(AppiumDriver.java:1)
at io.appium.java_client.windows.WindowsDriver.findElementByName(WindowsDriver.java:1)
at com.vrt.base.BaseClass.UserLoginPopup(BaseClass.java:191)
at com.vrt.testcases.EquipmentListTest.EL_001_EL_002(EquipmentListTest.java:208)
at sun.reflect.NativeMethodAccessorImpl.invoke0(Native Method)
at sun.reflect.NativeMethodAccessorImpl.invoke(NativeMethodAccessorImpl.java:62)
at sun.reflect.DelegatingMethodAccessorImpl.invoke(DelegatingMethodAccessorImpl.java:43)
at java.lang.reflect.Method.invoke(Method.java:498)
at org.testng.internal.MethodInvocationHelper.invokeMethod(MethodInvocationHelper.java:132)
at org.testng.internal.TestInvoker.invokeMethod(TestInvoker.java:599)
at org.testng.internal.TestInvoker.retryFailed(TestInvoker.java:214)
at org.testng.internal.MethodRunner.runInSequence(MethodRunner.java:58)
at org.testng.internal.TestInvoker$MethodInvocationAgent.invoke(TestInvoker.java:822)
at org.testng.internal.TestInvoker.invokeTestMethods(TestInvoker.java:147)
at org.testng.internal.TestMethodWorker.invokeTestMethods(TestMethodWorker.java:146)
at org.testng.internal.TestMethodWorker.run(TestMethodWorker.java:128)
at java.util.ArrayList.forEach(ArrayList.java:1257)
at org.testng.TestRunner.privateRun(TestRunner.java:764)
at org.testng.TestRunner.run(TestRunner.java:585)
at org.testng.SuiteRunner.runTest(SuiteRunner.java:384)
at org.testng.SuiteRunner.runSequentially(SuiteRunner.java:378)
at org.testng.SuiteRunner.privateRun(SuiteRunner.java:337)
at org.testng.SuiteRunner.run(SuiteRunner.java:286)
at org.testng.SuiteRunnerWorker.runSuite(SuiteRunnerWorker.java:53)
at org.testng.SuiteRunnerWorker.run(SuiteRunnerWorker.java:96)
at org.testng.TestNG.runSuitesSequentially(TestNG.java:1218)
at org.testng.TestNG.runSuitesLocally(TestNG.java:1140)
at org.testng.TestNG.runSuites(TestNG.java:1069)
at org.testng.TestNG.run(TestNG.java:1037)
at org.testng.remote.AbstractRemoteTestNG.run(AbstractRemoteTestNG.java:115)
at org.testng.remote.RemoteTestNG.initAndRun(RemoteTestNG.java:251)
at org.testng.remote.RemoteTestNG.main(RemoteTestNG.java:77)
]]>
    </failure>
  </testcase> <!-- EL_001_EL_002 -->
  <testcase name="EL_003" time="1.692" classname="com.vrt.testcases.EquipmentListTest"/>
  <testcase name="EL_004" time="1.694" classname="com.vrt.testcases.EquipmentListTest"/>
  <testcase name="EL_005" time="1.899" classname="com.vrt.testcases.EquipmentListTest"/>
  <testcase name="EL_006" time="3.346" classname="com.vrt.testcases.EquipmentListTest"/>
  <testcase name="EL_007" time="3.364" classname="com.vrt.testcases.EquipmentListTest"/>
  <testcase name="EL_008" time="8.308" classname="com.vrt.testcases.EquipmentListTest"/>
  <testcase name="EL_009" time="44.611" classname="com.vrt.testcases.EquipmentListTest"/>
  <testcase name="EL_010" time="3.254" classname="com.vrt.testcases.EquipmentListTest"/>
  <testcase name="EL_012" time="5.88" classname="com.vrt.testcases.EquipmentListTest"/>
  <testcase name="EL_013" time="26.613" classname="com.vrt.testcases.EquipmentListTest"/>
  <testcase name="EL_014" time="5.713" classname="com.vrt.testcases.EquipmentListTest"/>
  <testcase name="EL_017" time="2.82" classname="com.vrt.testcases.EquipmentListTest"/>
  <testcase name="EL_018" time="3.235" classname="com.vrt.testcases.EquipmentListTest">
    <skipped/>
  </testcase> <!-- EL_018 -->
  <testcase name="EL_018" time="3.173" classname="com.vrt.testcases.EquipmentListTest">
    <skipped/>
  </testcase> <!-- EL_018 -->
  <testcase name="EL_018" time="2.919" classname="com.vrt.testcases.EquipmentListTest">
    <failure type="java.lang.AssertionError" message="The following asserts failed:
	FAIL: Incorrect SW version &amp;amp; Console IP adress displayed in About window expected [1.2.0.23] but found [1.2.0.24],
	FAIL: Incorrect SW version &amp;amp; Console IP adress displayed in About window expected [127.0.0.1] but found []">
      <![CDATA[java.lang.AssertionError: The following asserts failed:
FAIL: Incorrect SW version & Console IP adress displayed in About window expected [1.2.0.23] but found [1.2.0.24],
FAIL: Incorrect SW version & Console IP adress displayed in About window expected [127.0.0.1] but found []
at org.testng.asserts.SoftAssert.assertAll(SoftAssert.java:47)
at org.testng.asserts.SoftAssert.assertAll(SoftAssert.java:31)
at com.vrt.testcases.EquipmentListTest.EL_018(EquipmentListTest.java:533)
at sun.reflect.NativeMethodAccessorImpl.invoke0(Native Method)
at sun.reflect.NativeMethodAccessorImpl.invoke(NativeMethodAccessorImpl.java:62)
at sun.reflect.DelegatingMethodAccessorImpl.invoke(DelegatingMethodAccessorImpl.java:43)
at java.lang.reflect.Method.invoke(Method.java:498)
at org.testng.internal.MethodInvocationHelper.invokeMethod(MethodInvocationHelper.java:132)
at org.testng.internal.TestInvoker.invokeMethod(TestInvoker.java:599)
at org.testng.internal.TestInvoker.retryFailed(TestInvoker.java:214)
at org.testng.internal.MethodRunner.runInSequence(MethodRunner.java:58)
at org.testng.internal.TestInvoker$MethodInvocationAgent.invoke(TestInvoker.java:822)
at org.testng.internal.TestInvoker.invokeTestMethods(TestInvoker.java:147)
at org.testng.internal.TestMethodWorker.invokeTestMethods(TestMethodWorker.java:146)
at org.testng.internal.TestMethodWorker.run(TestMethodWorker.java:128)
at java.util.ArrayList.forEach(ArrayList.java:1257)
at org.testng.TestRunner.privateRun(TestRunner.java:764)
at org.testng.TestRunner.run(TestRunner.java:585)
at org.testng.SuiteRunner.runTest(SuiteRunner.java:384)
at org.testng.SuiteRunner.runSequentially(SuiteRunner.java:378)
at org.testng.SuiteRunner.privateRun(SuiteRunner.java:337)
at org.testng.SuiteRunner.run(SuiteRunner.java:286)
at org.testng.SuiteRunnerWorker.runSuite(SuiteRunnerWorker.java:53)
at org.testng.SuiteRunnerWorker.run(SuiteRunnerWorker.java:96)
at org.testng.TestNG.runSuitesSequentially(TestNG.java:1218)
at org.testng.TestNG.runSuitesLocally(TestNG.java:1140)
at org.testng.TestNG.runSuites(TestNG.java:1069)
at org.testng.TestNG.run(TestNG.java:1037)
at org.testng.remote.AbstractRemoteTestNG.run(AbstractRemoteTestNG.java:115)
at org.testng.remote.RemoteTestNG.initAndRun(RemoteTestNG.java:251)
at org.testng.remote.RemoteTestNG.main(RemoteTestNG.java:77)
]]>
    </failure>
  </testcase> <!-- EL_018 -->
  <testcase name="EL_019" time="4.627" classname="com.vrt.testcases.EquipmentListTest"/>
  <testcase name="EL_020" time="0.0" classname="com.vrt.testcases.EquipmentListTest"/>
  <testcase name="EL_021_EL_022" time="36.081" classname="com.vrt.testcases.EquipmentListTest">
    <skipped/>
  </testcase> <!-- EL_021_EL_022 -->
  <testcase name="EL_021_EL_022" time="35.999" classname="com.vrt.testcases.EquipmentListTest">
    <skipped/>
  </testcase> <!-- EL_021_EL_022 -->
  <testcase name="EL_021_EL_022" time="35.483" classname="com.vrt.testcases.EquipmentListTest">
    <failure type="org.openqa.selenium.NoSuchElementException" message="An element could not be located on the page using the given search parameters. (WARNING: The server did not provide any stacktrace information)
Command duration or timeout: 0 milliseconds
For documentation on this error, please visit: https://www.seleniumhq.org/exceptions/no_such_element.html
Build info: version: &amp;apos;3.141.59&amp;apos;, revision: &amp;apos;e82be7d358&amp;apos;, time: &amp;apos;2018-11-14T08:17:03&amp;apos;
System info: host: &amp;apos;INAS-LP024&amp;apos;, ip: &amp;apos;127.0.0.1&amp;apos;, os.name: &amp;apos;Windows 10&amp;apos;, os.arch: &amp;apos;amd64&amp;apos;, os.version: &amp;apos;10.0&amp;apos;, java.version: &amp;apos;1.8.0_181&amp;apos;
Driver info: io.appium.java_client.windows.WindowsDriver
Capabilities {app: Kaye.ValProbeRT_racmveb2qnw..., javascriptEnabled: true, ms:waitForAppLaunch: 10, platform: WINDOWS, platformName: WINDOWS}
Session ID: B0F7E13D-E8A4-47D1-9FE7-4E15E5721798
*** Element info: {Using=name, value=Enter User Credentials}">
      <![CDATA[org.openqa.selenium.NoSuchElementException: An element could not be located on the page using the given search parameters. (WARNING: The server did not provide any stacktrace information)
Command duration or timeout: 0 milliseconds
For documentation on this error, please visit: https://www.seleniumhq.org/exceptions/no_such_element.html
Build info: version: '3.141.59', revision: 'e82be7d358', time: '2018-11-14T08:17:03'
System info: host: 'INAS-LP024', ip: '127.0.0.1', os.name: 'Windows 10', os.arch: 'amd64', os.version: '10.0', java.version: '1.8.0_181'
Driver info: io.appium.java_client.windows.WindowsDriver
Capabilities {app: Kaye.ValProbeRT_racmveb2qnw..., javascriptEnabled: true, ms:waitForAppLaunch: 10, platform: WINDOWS, platformName: WINDOWS}
Session ID: B0F7E13D-E8A4-47D1-9FE7-4E15E5721798
*** Element info: {Using=name, value=Enter User Credentials}
at sun.reflect.GeneratedConstructorAccessor71.newInstance(Unknown Source)
at sun.reflect.DelegatingConstructorAccessorImpl.newInstance(DelegatingConstructorAccessorImpl.java:45)
at java.lang.reflect.Constructor.newInstance(Constructor.java:423)
at org.openqa.selenium.remote.ErrorHandler.createThrowable(ErrorHandler.java:214)
at org.openqa.selenium.remote.ErrorHandler.throwIfResponseFailed(ErrorHandler.java:166)
at org.openqa.selenium.remote.http.JsonHttpResponseCodec.reconstructValue(JsonHttpResponseCodec.java:40)
at org.openqa.selenium.remote.http.AbstractHttpResponseCodec.decode(AbstractHttpResponseCodec.java:80)
at org.openqa.selenium.remote.http.AbstractHttpResponseCodec.decode(AbstractHttpResponseCodec.java:44)
at org.openqa.selenium.remote.HttpCommandExecutor.execute(HttpCommandExecutor.java:158)
at io.appium.java_client.remote.AppiumCommandExecutor.execute(AppiumCommandExecutor.java:239)
at org.openqa.selenium.remote.RemoteWebDriver.execute(RemoteWebDriver.java:552)
at io.appium.java_client.DefaultGenericMobileDriver.execute(DefaultGenericMobileDriver.java:42)
at io.appium.java_client.AppiumDriver.execute(AppiumDriver.java:1)
at io.appium.java_client.windows.WindowsDriver.execute(WindowsDriver.java:1)
at org.openqa.selenium.remote.RemoteWebDriver.findElement(RemoteWebDriver.java:323)
at io.appium.java_client.DefaultGenericMobileDriver.findElement(DefaultGenericMobileDriver.java:62)
at io.appium.java_client.AppiumDriver.findElement(AppiumDriver.java:1)
at io.appium.java_client.windows.WindowsDriver.findElement(WindowsDriver.java:1)
at org.openqa.selenium.remote.RemoteWebDriver.findElementByName(RemoteWebDriver.java:404)
at io.appium.java_client.DefaultGenericMobileDriver.findElementByName(DefaultGenericMobileDriver.java:118)
at io.appium.java_client.AppiumDriver.findElementByName(AppiumDriver.java:1)
at io.appium.java_client.windows.WindowsDriver.findElementByName(WindowsDriver.java:1)
at com.vrt.base.BaseClass.UserLoginPopup(BaseClass.java:191)
at com.vrt.testcases.EquipmentListTest.EL_021_EL_022(EquipmentListTest.java:589)
at sun.reflect.NativeMethodAccessorImpl.invoke0(Native Method)
at sun.reflect.NativeMethodAccessorImpl.invoke(NativeMethodAccessorImpl.java:62)
at sun.reflect.DelegatingMethodAccessorImpl.invoke(DelegatingMethodAccessorImpl.java:43)
at java.lang.reflect.Method.invoke(Method.java:498)
at org.testng.internal.MethodInvocationHelper.invokeMethod(MethodInvocationHelper.java:132)
at org.testng.internal.TestInvoker.invokeMethod(TestInvoker.java:599)
at org.testng.internal.TestInvoker.retryFailed(TestInvoker.java:214)
at org.testng.internal.MethodRunner.runInSequence(MethodRunner.java:58)
at org.testng.internal.TestInvoker$MethodInvocationAgent.invoke(TestInvoker.java:822)
at org.testng.internal.TestInvoker.invokeTestMethods(TestInvoker.java:147)
at org.testng.internal.TestMethodWorker.invokeTestMethods(TestMethodWorker.java:146)
at org.testng.internal.TestMethodWorker.run(TestMethodWorker.java:128)
at java.util.ArrayList.forEach(ArrayList.java:1257)
at org.testng.TestRunner.privateRun(TestRunner.java:764)
at org.testng.TestRunner.run(TestRunner.java:585)
at org.testng.SuiteRunner.runTest(SuiteRunner.java:384)
at org.testng.SuiteRunner.runSequentially(SuiteRunner.java:378)
at org.testng.SuiteRunner.privateRun(SuiteRunner.java:337)
at org.testng.SuiteRunner.run(SuiteRunner.java:286)
at org.testng.SuiteRunnerWorker.runSuite(SuiteRunnerWorker.java:53)
at org.testng.SuiteRunnerWorker.run(SuiteRunnerWorker.java:96)
at org.testng.TestNG.runSuitesSequentially(TestNG.java:1218)
at org.testng.TestNG.runSuitesLocally(TestNG.java:1140)
at org.testng.TestNG.runSuites(TestNG.java:1069)
at org.testng.TestNG.run(TestNG.java:1037)
at org.testng.remote.AbstractRemoteTestNG.run(AbstractRemoteTestNG.java:115)
at org.testng.remote.RemoteTestNG.initAndRun(RemoteTestNG.java:251)
at org.testng.remote.RemoteTestNG.main(RemoteTestNG.java:77)
]]>
    </failure>
  </testcase> <!-- EL_021_EL_022 -->
  <testcase name="EL_023" time="2.546" classname="com.vrt.testcases.EquipmentListTest"/>
  <testcase name="EL_024" time="2.301" classname="com.vrt.testcases.EquipmentListTest"/>
  <testcase name="EL_025" time="3.183" classname="com.vrt.testcases.EquipmentListTest"/>
  <testcase name="EL_026" time="4.266" classname="com.vrt.testcases.EquipmentListTest"/>
  <testcase name="EL_027" time="3.84" classname="com.vrt.testcases.EquipmentListTest"/>
  <testcase name="EL_028" time="11.271" classname="com.vrt.testcases.EquipmentListTest"/>
  <testcase name="EL_029" time="4.019" classname="com.vrt.testcases.EquipmentListTest"/>
  <testcase name="EL_030" time="17.491" classname="com.vrt.testcases.EquipmentListTest"/>
  <testcase name="EL_031" time="4.14" classname="com.vrt.testcases.EquipmentListTest"/>
  <testcase name="EL_032" time="52.039" classname="com.vrt.testcases.EquipmentListTest"/>
  <testcase name="EL_033" time="4.221" classname="com.vrt.testcases.EquipmentListTest"/>
  <testcase name="EL_035" time="4.17" classname="com.vrt.testcases.EquipmentListTest"/>
  <testcase name="EL_036_EL_037" time="59.12" classname="com.vrt.testcases.EquipmentListTest"/>
  <testcase name="EL_038" time="49.809" classname="com.vrt.testcases.EquipmentListTest"/>
  <testcase name="EL_039" time="9.05" classname="com.vrt.testcases.EquipmentListTest"/>
  <testcase name="EL_042" time="4.523" classname="com.vrt.testcases.EquipmentListTest"/>
  <testcase name="EL_043" time="4.736" classname="com.vrt.testcases.EquipmentListTest">
    <skipped/>
  </testcase> <!-- EL_043 -->
  <testcase name="EL_043" time="5.029" classname="com.vrt.testcases.EquipmentListTest">
    <skipped/>
  </testcase> <!-- EL_043 -->
  <testcase name="EL_043" time="5.395" classname="com.vrt.testcases.EquipmentListTest">
    <failure type="java.lang.AssertionError" message="The following asserts failed:
	FAIL: Incorrect SW version &amp;amp; Console IP adress displayed in About window expected [1.2.0.23] but found [1.2.0.24],
	FAIL: Incorrect SW version &amp;amp; Console IP adress displayed in About window expected [127.0.0.1] but found []">
      <![CDATA[java.lang.AssertionError: The following asserts failed:
FAIL: Incorrect SW version & Console IP adress displayed in About window expected [1.2.0.23] but found [1.2.0.24],
FAIL: Incorrect SW version & Console IP adress displayed in About window expected [127.0.0.1] but found []
at org.testng.asserts.SoftAssert.assertAll(SoftAssert.java:47)
at org.testng.asserts.SoftAssert.assertAll(SoftAssert.java:31)
at com.vrt.testcases.EquipmentListTest.EL_043(EquipmentListTest.java:1027)
at sun.reflect.NativeMethodAccessorImpl.invoke0(Native Method)
at sun.reflect.NativeMethodAccessorImpl.invoke(NativeMethodAccessorImpl.java:62)
at sun.reflect.DelegatingMethodAccessorImpl.invoke(DelegatingMethodAccessorImpl.java:43)
at java.lang.reflect.Method.invoke(Method.java:498)
at org.testng.internal.MethodInvocationHelper.invokeMethod(MethodInvocationHelper.java:132)
at org.testng.internal.TestInvoker.invokeMethod(TestInvoker.java:599)
at org.testng.internal.TestInvoker.retryFailed(TestInvoker.java:214)
at org.testng.internal.MethodRunner.runInSequence(MethodRunner.java:58)
at org.testng.internal.TestInvoker$MethodInvocationAgent.invoke(TestInvoker.java:822)
at org.testng.internal.TestInvoker.invokeTestMethods(TestInvoker.java:147)
at org.testng.internal.TestMethodWorker.invokeTestMethods(TestMethodWorker.java:146)
at org.testng.internal.TestMethodWorker.run(TestMethodWorker.java:128)
at java.util.ArrayList.forEach(ArrayList.java:1257)
at org.testng.TestRunner.privateRun(TestRunner.java:764)
at org.testng.TestRunner.run(TestRunner.java:585)
at org.testng.SuiteRunner.runTest(SuiteRunner.java:384)
at org.testng.SuiteRunner.runSequentially(SuiteRunner.java:378)
at org.testng.SuiteRunner.privateRun(SuiteRunner.java:337)
at org.testng.SuiteRunner.run(SuiteRunner.java:286)
at org.testng.SuiteRunnerWorker.runSuite(SuiteRunnerWorker.java:53)
at org.testng.SuiteRunnerWorker.run(SuiteRunnerWorker.java:96)
at org.testng.TestNG.runSuitesSequentially(TestNG.java:1218)
at org.testng.TestNG.runSuitesLocally(TestNG.java:1140)
at org.testng.TestNG.runSuites(TestNG.java:1069)
at org.testng.TestNG.run(TestNG.java:1037)
at org.testng.remote.AbstractRemoteTestNG.run(AbstractRemoteTestNG.java:115)
at org.testng.remote.RemoteTestNG.initAndRun(RemoteTestNG.java:251)
at org.testng.remote.RemoteTestNG.main(RemoteTestNG.java:77)
]]>
    </failure>
  </testcase> <!-- EL_043 -->
  <testcase name="EL_044" time="6.131" classname="com.vrt.testcases.EquipmentListTest"/>
  <testcase name="EL_046" time="2.138" classname="com.vrt.testcases.EquipmentListTest"/>
  <testcase name="EL_047" time="3.264" classname="com.vrt.testcases.EquipmentListTest"/>
  <testcase name="EL_048" time="7.401" classname="com.vrt.testcases.EquipmentListTest"/>
  <testcase name="EL_049" time="1.994" classname="com.vrt.testcases.EquipmentListTest"/>
  <testcase name="EL_050" time="46.075" classname="com.vrt.testcases.EquipmentListTest">
    <skipped/>
  </testcase> <!-- EL_050 -->
  <testcase name="EL_050" time="34.348" classname="com.vrt.testcases.EquipmentListTest">
    <skipped/>
  </testcase> <!-- EL_050 -->
  <testcase name="EL_050" time="35.158" classname="com.vrt.testcases.EquipmentListTest">
    <failure type="org.openqa.selenium.NoSuchElementException" message="An element could not be located on the page using the given search parameters. (WARNING: The server did not provide any stacktrace information)
Command duration or timeout: 0 milliseconds
For documentation on this error, please visit: https://www.seleniumhq.org/exceptions/no_such_element.html
Build info: version: &amp;apos;3.141.59&amp;apos;, revision: &amp;apos;e82be7d358&amp;apos;, time: &amp;apos;2018-11-14T08:17:03&amp;apos;
System info: host: &amp;apos;INAS-LP024&amp;apos;, ip: &amp;apos;127.0.0.1&amp;apos;, os.name: &amp;apos;Windows 10&amp;apos;, os.arch: &amp;apos;amd64&amp;apos;, os.version: &amp;apos;10.0&amp;apos;, java.version: &amp;apos;1.8.0_181&amp;apos;
Driver info: io.appium.java_client.windows.WindowsDriver
Capabilities {app: Kaye.ValProbeRT_racmveb2qnw..., javascriptEnabled: true, ms:waitForAppLaunch: 10, platform: WINDOWS, platformName: WINDOWS}
Session ID: 19563E9F-39EF-4123-88F0-A5C6365D115A
*** Element info: {Using=name, value=Enter User Credentials}">
      <![CDATA[org.openqa.selenium.NoSuchElementException: An element could not be located on the page using the given search parameters. (WARNING: The server did not provide any stacktrace information)
Command duration or timeout: 0 milliseconds
For documentation on this error, please visit: https://www.seleniumhq.org/exceptions/no_such_element.html
Build info: version: '3.141.59', revision: 'e82be7d358', time: '2018-11-14T08:17:03'
System info: host: 'INAS-LP024', ip: '127.0.0.1', os.name: 'Windows 10', os.arch: 'amd64', os.version: '10.0', java.version: '1.8.0_181'
Driver info: io.appium.java_client.windows.WindowsDriver
Capabilities {app: Kaye.ValProbeRT_racmveb2qnw..., javascriptEnabled: true, ms:waitForAppLaunch: 10, platform: WINDOWS, platformName: WINDOWS}
Session ID: 19563E9F-39EF-4123-88F0-A5C6365D115A
*** Element info: {Using=name, value=Enter User Credentials}
at sun.reflect.GeneratedConstructorAccessor71.newInstance(Unknown Source)
at sun.reflect.DelegatingConstructorAccessorImpl.newInstance(DelegatingConstructorAccessorImpl.java:45)
at java.lang.reflect.Constructor.newInstance(Constructor.java:423)
at org.openqa.selenium.remote.ErrorHandler.createThrowable(ErrorHandler.java:214)
at org.openqa.selenium.remote.ErrorHandler.throwIfResponseFailed(ErrorHandler.java:166)
at org.openqa.selenium.remote.http.JsonHttpResponseCodec.reconstructValue(JsonHttpResponseCodec.java:40)
at org.openqa.selenium.remote.http.AbstractHttpResponseCodec.decode(AbstractHttpResponseCodec.java:80)
at org.openqa.selenium.remote.http.AbstractHttpResponseCodec.decode(AbstractHttpResponseCodec.java:44)
at org.openqa.selenium.remote.HttpCommandExecutor.execute(HttpCommandExecutor.java:158)
at io.appium.java_client.remote.AppiumCommandExecutor.execute(AppiumCommandExecutor.java:239)
at org.openqa.selenium.remote.RemoteWebDriver.execute(RemoteWebDriver.java:552)
at io.appium.java_client.DefaultGenericMobileDriver.execute(DefaultGenericMobileDriver.java:42)
at io.appium.java_client.AppiumDriver.execute(AppiumDriver.java:1)
at io.appium.java_client.windows.WindowsDriver.execute(WindowsDriver.java:1)
at org.openqa.selenium.remote.RemoteWebDriver.findElement(RemoteWebDriver.java:323)
at io.appium.java_client.DefaultGenericMobileDriver.findElement(DefaultGenericMobileDriver.java:62)
at io.appium.java_client.AppiumDriver.findElement(AppiumDriver.java:1)
at io.appium.java_client.windows.WindowsDriver.findElement(WindowsDriver.java:1)
at org.openqa.selenium.remote.RemoteWebDriver.findElementByName(RemoteWebDriver.java:404)
at io.appium.java_client.DefaultGenericMobileDriver.findElementByName(DefaultGenericMobileDriver.java:118)
at io.appium.java_client.AppiumDriver.findElementByName(AppiumDriver.java:1)
at io.appium.java_client.windows.WindowsDriver.findElementByName(WindowsDriver.java:1)
at com.vrt.base.BaseClass.UserLoginPopup(BaseClass.java:191)
at com.vrt.testcases.EquipmentListTest.EL_050(EquipmentListTest.java:1154)
at sun.reflect.NativeMethodAccessorImpl.invoke0(Native Method)
at sun.reflect.NativeMethodAccessorImpl.invoke(NativeMethodAccessorImpl.java:62)
at sun.reflect.DelegatingMethodAccessorImpl.invoke(DelegatingMethodAccessorImpl.java:43)
at java.lang.reflect.Method.invoke(Method.java:498)
at org.testng.internal.MethodInvocationHelper.invokeMethod(MethodInvocationHelper.java:132)
at org.testng.internal.TestInvoker.invokeMethod(TestInvoker.java:599)
at org.testng.internal.TestInvoker.retryFailed(TestInvoker.java:214)
at org.testng.internal.MethodRunner.runInSequence(MethodRunner.java:58)
at org.testng.internal.TestInvoker$MethodInvocationAgent.invoke(TestInvoker.java:822)
at org.testng.internal.TestInvoker.invokeTestMethods(TestInvoker.java:147)
at org.testng.internal.TestMethodWorker.invokeTestMethods(TestMethodWorker.java:146)
at org.testng.internal.TestMethodWorker.run(TestMethodWorker.java:128)
at java.util.ArrayList.forEach(ArrayList.java:1257)
at org.testng.TestRunner.privateRun(TestRunner.java:764)
at org.testng.TestRunner.run(TestRunner.java:585)
at org.testng.SuiteRunner.runTest(SuiteRunner.java:384)
at org.testng.SuiteRunner.runSequentially(SuiteRunner.java:378)
at org.testng.SuiteRunner.privateRun(SuiteRunner.java:337)
at org.testng.SuiteRunner.run(SuiteRunner.java:286)
at org.testng.SuiteRunnerWorker.runSuite(SuiteRunnerWorker.java:53)
at org.testng.SuiteRunnerWorker.run(SuiteRunnerWorker.java:96)
at org.testng.TestNG.runSuitesSequentially(TestNG.java:1218)
at org.testng.TestNG.runSuitesLocally(TestNG.java:1140)
at org.testng.TestNG.runSuites(TestNG.java:1069)
at org.testng.TestNG.run(TestNG.java:1037)
at org.testng.remote.AbstractRemoteTestNG.run(AbstractRemoteTestNG.java:115)
at org.testng.remote.RemoteTestNG.initAndRun(RemoteTestNG.java:251)
at org.testng.remote.RemoteTestNG.main(RemoteTestNG.java:77)
]]>
    </failure>
  </testcase> <!-- EL_050 -->
  <testcase name="EL_051" time="66.11" classname="com.vrt.testcases.EquipmentListTest">
    <skipped/>
  </testcase> <!-- EL_051 -->
  <testcase name="EL_051" time="34.885" classname="com.vrt.testcases.EquipmentListTest">
    <skipped/>
  </testcase> <!-- EL_051 -->
  <testcase name="EL_051" time="35.994" classname="com.vrt.testcases.EquipmentListTest">
    <failure type="org.openqa.selenium.NoSuchElementException" message="An element could not be located on the page using the given search parameters. (WARNING: The server did not provide any stacktrace information)
Command duration or timeout: 0 milliseconds
For documentation on this error, please visit: https://www.seleniumhq.org/exceptions/no_such_element.html
Build info: version: &amp;apos;3.141.59&amp;apos;, revision: &amp;apos;e82be7d358&amp;apos;, time: &amp;apos;2018-11-14T08:17:03&amp;apos;
System info: host: &amp;apos;INAS-LP024&amp;apos;, ip: &amp;apos;127.0.0.1&amp;apos;, os.name: &amp;apos;Windows 10&amp;apos;, os.arch: &amp;apos;amd64&amp;apos;, os.version: &amp;apos;10.0&amp;apos;, java.version: &amp;apos;1.8.0_181&amp;apos;
Driver info: io.appium.java_client.windows.WindowsDriver
Capabilities {app: Kaye.ValProbeRT_racmveb2qnw..., javascriptEnabled: true, ms:waitForAppLaunch: 10, platform: WINDOWS, platformName: WINDOWS}
Session ID: A65C60D1-7F10-4213-AF28-2C72E2F340C5
*** Element info: {Using=name, value=Enter User Credentials}">
      <![CDATA[org.openqa.selenium.NoSuchElementException: An element could not be located on the page using the given search parameters. (WARNING: The server did not provide any stacktrace information)
Command duration or timeout: 0 milliseconds
For documentation on this error, please visit: https://www.seleniumhq.org/exceptions/no_such_element.html
Build info: version: '3.141.59', revision: 'e82be7d358', time: '2018-11-14T08:17:03'
System info: host: 'INAS-LP024', ip: '127.0.0.1', os.name: 'Windows 10', os.arch: 'amd64', os.version: '10.0', java.version: '1.8.0_181'
Driver info: io.appium.java_client.windows.WindowsDriver
Capabilities {app: Kaye.ValProbeRT_racmveb2qnw..., javascriptEnabled: true, ms:waitForAppLaunch: 10, platform: WINDOWS, platformName: WINDOWS}
Session ID: A65C60D1-7F10-4213-AF28-2C72E2F340C5
*** Element info: {Using=name, value=Enter User Credentials}
at sun.reflect.GeneratedConstructorAccessor71.newInstance(Unknown Source)
at sun.reflect.DelegatingConstructorAccessorImpl.newInstance(DelegatingConstructorAccessorImpl.java:45)
at java.lang.reflect.Constructor.newInstance(Constructor.java:423)
at org.openqa.selenium.remote.ErrorHandler.createThrowable(ErrorHandler.java:214)
at org.openqa.selenium.remote.ErrorHandler.throwIfResponseFailed(ErrorHandler.java:166)
at org.openqa.selenium.remote.http.JsonHttpResponseCodec.reconstructValue(JsonHttpResponseCodec.java:40)
at org.openqa.selenium.remote.http.AbstractHttpResponseCodec.decode(AbstractHttpResponseCodec.java:80)
at org.openqa.selenium.remote.http.AbstractHttpResponseCodec.decode(AbstractHttpResponseCodec.java:44)
at org.openqa.selenium.remote.HttpCommandExecutor.execute(HttpCommandExecutor.java:158)
at io.appium.java_client.remote.AppiumCommandExecutor.execute(AppiumCommandExecutor.java:239)
at org.openqa.selenium.remote.RemoteWebDriver.execute(RemoteWebDriver.java:552)
at io.appium.java_client.DefaultGenericMobileDriver.execute(DefaultGenericMobileDriver.java:42)
at io.appium.java_client.AppiumDriver.execute(AppiumDriver.java:1)
at io.appium.java_client.windows.WindowsDriver.execute(WindowsDriver.java:1)
at org.openqa.selenium.remote.RemoteWebDriver.findElement(RemoteWebDriver.java:323)
at io.appium.java_client.DefaultGenericMobileDriver.findElement(DefaultGenericMobileDriver.java:62)
at io.appium.java_client.AppiumDriver.findElement(AppiumDriver.java:1)
at io.appium.java_client.windows.WindowsDriver.findElement(WindowsDriver.java:1)
at org.openqa.selenium.remote.RemoteWebDriver.findElementByName(RemoteWebDriver.java:404)
at io.appium.java_client.DefaultGenericMobileDriver.findElementByName(DefaultGenericMobileDriver.java:118)
at io.appium.java_client.AppiumDriver.findElementByName(AppiumDriver.java:1)
at io.appium.java_client.windows.WindowsDriver.findElementByName(WindowsDriver.java:1)
at com.vrt.base.BaseClass.UserLoginPopup(BaseClass.java:191)
at com.vrt.testcases.EquipmentListTest.EL_051(EquipmentListTest.java:1188)
at sun.reflect.NativeMethodAccessorImpl.invoke0(Native Method)
at sun.reflect.NativeMethodAccessorImpl.invoke(NativeMethodAccessorImpl.java:62)
at sun.reflect.DelegatingMethodAccessorImpl.invoke(DelegatingMethodAccessorImpl.java:43)
at java.lang.reflect.Method.invoke(Method.java:498)
at org.testng.internal.MethodInvocationHelper.invokeMethod(MethodInvocationHelper.java:132)
at org.testng.internal.TestInvoker.invokeMethod(TestInvoker.java:599)
at org.testng.internal.TestInvoker.retryFailed(TestInvoker.java:214)
at org.testng.internal.MethodRunner.runInSequence(MethodRunner.java:58)
at org.testng.internal.TestInvoker$MethodInvocationAgent.invoke(TestInvoker.java:822)
at org.testng.internal.TestInvoker.invokeTestMethods(TestInvoker.java:147)
at org.testng.internal.TestMethodWorker.invokeTestMethods(TestMethodWorker.java:146)
at org.testng.internal.TestMethodWorker.run(TestMethodWorker.java:128)
at java.util.ArrayList.forEach(ArrayList.java:1257)
at org.testng.TestRunner.privateRun(TestRunner.java:764)
at org.testng.TestRunner.run(TestRunner.java:585)
at org.testng.SuiteRunner.runTest(SuiteRunner.java:384)
at org.testng.SuiteRunner.runSequentially(SuiteRunner.java:378)
at org.testng.SuiteRunner.privateRun(SuiteRunner.java:337)
at org.testng.SuiteRunner.run(SuiteRunner.java:286)
at org.testng.SuiteRunnerWorker.runSuite(SuiteRunnerWorker.java:53)
at org.testng.SuiteRunnerWorker.run(SuiteRunnerWorker.java:96)
at org.testng.TestNG.runSuitesSequentially(TestNG.java:1218)
at org.testng.TestNG.runSuitesLocally(TestNG.java:1140)
at org.testng.TestNG.runSuites(TestNG.java:1069)
at org.testng.TestNG.run(TestNG.java:1037)
at org.testng.remote.AbstractRemoteTestNG.run(AbstractRemoteTestNG.java:115)
at org.testng.remote.RemoteTestNG.initAndRun(RemoteTestNG.java:251)
at org.testng.remote.RemoteTestNG.main(RemoteTestNG.java:77)
]]>
    </failure>
  </testcase> <!-- EL_051 -->
  <testcase name="EL_052" time="8.23" classname="com.vrt.testcases.EquipmentListTest"/>
  <testcase name="EL_053" time="2.893" classname="com.vrt.testcases.EquipmentListTest"/>
  <testcase name="EL_054" time="5.537" classname="com.vrt.testcases.EquipmentListTest"/>
  <testcase name="EL_055_EL_056" time="12.758" classname="com.vrt.testcases.EquipmentListTest"/>
  <testcase name="EL_057_EL_058" time="5.858" classname="com.vrt.testcases.EquipmentListTest"/>
  <testcase name="EL_060" time="4.162" classname="com.vrt.testcases.EquipmentListTest"/>
  <testcase name="EL_061" time="5.0" classname="com.vrt.testcases.EquipmentListTest"/>
  <testcase name="EL_064" time="3.773" classname="com.vrt.testcases.EquipmentListTest"/>
</testsuite> <!-- EquipmentTestRegression -->
