<?xml version="1.0" encoding="UTF-8"?>
<!-- Generated by org.testng.reporters.JUnitXMLReporter -->
<testsuite hostname="INAS-LP024" ignored="0" name="Setup" tests="602" failures="8" timestamp="2021-08-08T05:06:42 IST" time="15424.982" errors="0">
  <testcase name="SET001" time="4.781" classname="com.vrt.testcases.setup_DefineSetupTest"/>
  <testcase name="SET002" time="0.031" classname="com.vrt.testcases.setup_DefineSetupTest"/>
  <testcase name="SET003" time="6.108" classname="com.vrt.testcases.setup_DefineSetupTest"/>
  <testcase name="SET004" time="3.878" classname="com.vrt.testcases.setup_DefineSetupTest"/>
  <testcase name="SET004" time="3.912" classname="com.vrt.testcases.setup_DefineSetupTest"/>
  <testcase name="SET004" time="4.0" classname="com.vrt.testcases.setup_DefineSetupTest"/>
  <testcase name="SET004" time="3.999" classname="com.vrt.testcases.setup_DefineSetupTest"/>
  <testcase name="SET004" time="3.97" classname="com.vrt.testcases.setup_DefineSetupTest"/>
  <testcase name="SET004" time="3.983" classname="com.vrt.testcases.setup_DefineSetupTest"/>
  <testcase name="SET004" time="4.015" classname="com.vrt.testcases.setup_DefineSetupTest"/>
  <testcase name="SET005" time="2.812" classname="com.vrt.testcases.setup_DefineSetupTest"/>
  <testcase name="SET005" time="2.75" classname="com.vrt.testcases.setup_DefineSetupTest"/>
  <testcase name="SET005" time="2.702" classname="com.vrt.testcases.setup_DefineSetupTest"/>
  <testcase name="SET005" time="2.781" classname="com.vrt.testcases.setup_DefineSetupTest"/>
  <testcase name="SET005" time="2.656" classname="com.vrt.testcases.setup_DefineSetupTest"/>
  <testcase name="SET005" time="2.655" classname="com.vrt.testcases.setup_DefineSetupTest"/>
  <testcase name="SET005" time="2.756" classname="com.vrt.testcases.setup_DefineSetupTest"/>
  <testcase name="SET005" time="2.781" classname="com.vrt.testcases.setup_DefineSetupTest"/>
  <testcase name="SET005" time="2.768" classname="com.vrt.testcases.setup_DefineSetupTest"/>
  <testcase name="SET005" time="2.811" classname="com.vrt.testcases.setup_DefineSetupTest"/>
  <testcase name="SET005" time="2.769" classname="com.vrt.testcases.setup_DefineSetupTest"/>
  <testcase name="SET005" time="2.781" classname="com.vrt.testcases.setup_DefineSetupTest"/>
  <testcase name="SET005" time="2.671" classname="com.vrt.testcases.setup_DefineSetupTest"/>
  <testcase name="SET005" time="2.781" classname="com.vrt.testcases.setup_DefineSetupTest"/>
  <testcase name="SET005" time="2.718" classname="com.vrt.testcases.setup_DefineSetupTest"/>
  <testcase name="SET005" time="2.687" classname="com.vrt.testcases.setup_DefineSetupTest"/>
  <testcase name="SET005" time="2.753" classname="com.vrt.testcases.setup_DefineSetupTest"/>
  <testcase name="SET005" time="2.749" classname="com.vrt.testcases.setup_DefineSetupTest"/>
  <testcase name="SET005" time="2.816" classname="com.vrt.testcases.setup_DefineSetupTest"/>
  <testcase name="SET005" time="2.687" classname="com.vrt.testcases.setup_DefineSetupTest"/>
  <testcase name="SET005" time="2.797" classname="com.vrt.testcases.setup_DefineSetupTest"/>
  <testcase name="SET005" time="2.687" classname="com.vrt.testcases.setup_DefineSetupTest"/>
  <testcase name="SET007" time="3.53" classname="com.vrt.testcases.setup_DefineSetupTest"/>
  <testcase name="SET008" time="2.483" classname="com.vrt.testcases.setup_DefineSetupTest"/>
  <testcase name="SET009" time="3.812" classname="com.vrt.testcases.setup_DefineSetupTest"/>
  <testcase name="SET009" time="3.75" classname="com.vrt.testcases.setup_DefineSetupTest"/>
  <testcase name="SET009" time="3.702" classname="com.vrt.testcases.setup_DefineSetupTest"/>
  <testcase name="SET009" time="3.556" classname="com.vrt.testcases.setup_DefineSetupTest"/>
  <testcase name="SET010" time="2.39" classname="com.vrt.testcases.setup_DefineSetupTest"/>
  <testcase name="SET010" time="2.468" classname="com.vrt.testcases.setup_DefineSetupTest"/>
  <testcase name="SET010" time="2.327" classname="com.vrt.testcases.setup_DefineSetupTest"/>
  <testcase name="SET010" time="2.437" classname="com.vrt.testcases.setup_DefineSetupTest"/>
  <testcase name="SET010" time="2.452" classname="com.vrt.testcases.setup_DefineSetupTest"/>
  <testcase name="SET010" time="2.328" classname="com.vrt.testcases.setup_DefineSetupTest"/>
  <testcase name="SET010" time="2.327" classname="com.vrt.testcases.setup_DefineSetupTest"/>
  <testcase name="SET010" time="2.312" classname="com.vrt.testcases.setup_DefineSetupTest"/>
  <testcase name="SET010" time="2.394" classname="com.vrt.testcases.setup_DefineSetupTest"/>
  <testcase name="SET010" time="2.405" classname="com.vrt.testcases.setup_DefineSetupTest"/>
  <testcase name="SET010" time="2.328" classname="com.vrt.testcases.setup_DefineSetupTest"/>
  <testcase name="SET010" time="2.312" classname="com.vrt.testcases.setup_DefineSetupTest"/>
  <testcase name="SET010" time="2.468" classname="com.vrt.testcases.setup_DefineSetupTest"/>
  <testcase name="SET010" time="2.421" classname="com.vrt.testcases.setup_DefineSetupTest"/>
  <testcase name="SET010" time="2.437" classname="com.vrt.testcases.setup_DefineSetupTest"/>
  <testcase name="SET010" time="2.334" classname="com.vrt.testcases.setup_DefineSetupTest"/>
  <testcase name="SET010" time="2.344" classname="com.vrt.testcases.setup_DefineSetupTest"/>
  <testcase name="SET010" time="2.328" classname="com.vrt.testcases.setup_DefineSetupTest"/>
  <testcase name="SET010" time="2.531" classname="com.vrt.testcases.setup_DefineSetupTest"/>
  <testcase name="SET010" time="2.14" classname="com.vrt.testcases.setup_DefineSetupTest"/>
  <testcase name="SET010" time="2.344" classname="com.vrt.testcases.setup_DefineSetupTest"/>
  <testcase name="SET010" time="2.327" classname="com.vrt.testcases.setup_DefineSetupTest"/>
  <testcase name="SET010" time="2.484" classname="com.vrt.testcases.setup_DefineSetupTest"/>
  <testcase name="SET010" time="2.359" classname="com.vrt.testcases.setup_DefineSetupTest"/>
  <testcase name="SET010" time="2.468" classname="com.vrt.testcases.setup_DefineSetupTest"/>
  <testcase name="SET010" time="2.313" classname="com.vrt.testcases.setup_DefineSetupTest"/>
  <testcase name="SET010" time="2.423" classname="com.vrt.testcases.setup_DefineSetupTest"/>
  <testcase name="SET010" time="2.437" classname="com.vrt.testcases.setup_DefineSetupTest"/>
  <testcase name="SET011" time="3.028" classname="com.vrt.testcases.setup_DefineSetupTest"/>
  <testcase name="SET012" time="4.361" classname="com.vrt.testcases.setup_DefineSetupTest"/>
  <testcase name="SET013" time="0.079" classname="com.vrt.testcases.setup_DefineSetupTest"/>
  <testcase name="SET014" time="7.562" classname="com.vrt.testcases.setup_DefineSetupTest"/>
  <testcase name="SET015" time="8.156" classname="com.vrt.testcases.setup_DefineSetupTest"/>
  <testcase name="SET016" time="5.108" classname="com.vrt.testcases.setup_DefineSetupTest"/>
  <testcase name="SET016" time="5.003" classname="com.vrt.testcases.setup_DefineSetupTest"/>
  <testcase name="SET016" time="5.202" classname="com.vrt.testcases.setup_DefineSetupTest"/>
  <testcase name="SET016" time="5.234" classname="com.vrt.testcases.setup_DefineSetupTest"/>
  <testcase name="SET016" time="5.187" classname="com.vrt.testcases.setup_DefineSetupTest"/>
  <testcase name="SET016" time="5.187" classname="com.vrt.testcases.setup_DefineSetupTest"/>
  <testcase name="SET016" time="5.108" classname="com.vrt.testcases.setup_DefineSetupTest"/>
  <testcase name="SET016" time="5.155" classname="com.vrt.testcases.setup_DefineSetupTest"/>
  <testcase name="SET016" time="5.182" classname="com.vrt.testcases.setup_DefineSetupTest"/>
  <testcase name="SET016" time="5.186" classname="com.vrt.testcases.setup_DefineSetupTest"/>
  <testcase name="SET016" time="5.749" classname="com.vrt.testcases.setup_DefineSetupTest"/>
  <testcase name="SET017" time="3.796" classname="com.vrt.testcases.setup_DefineSetupTest"/>
  <testcase name="SET017" time="3.796" classname="com.vrt.testcases.setup_DefineSetupTest"/>
  <testcase name="SET017" time="3.859" classname="com.vrt.testcases.setup_DefineSetupTest"/>
  <testcase name="SET017" time="3.787" classname="com.vrt.testcases.setup_DefineSetupTest"/>
  <testcase name="SET017" time="3.889" classname="com.vrt.testcases.setup_DefineSetupTest"/>
  <testcase name="SET017" time="3.75" classname="com.vrt.testcases.setup_DefineSetupTest"/>
  <testcase name="SET017" time="3.766" classname="com.vrt.testcases.setup_DefineSetupTest"/>
  <testcase name="SET017" time="3.89" classname="com.vrt.testcases.setup_DefineSetupTest"/>
  <testcase name="SET017" time="3.896" classname="com.vrt.testcases.setup_DefineSetupTest"/>
  <testcase name="SET017" time="3.765" classname="com.vrt.testcases.setup_DefineSetupTest"/>
  <testcase name="SET017" time="3.874" classname="com.vrt.testcases.setup_DefineSetupTest"/>
  <testcase name="SET017" time="3.796" classname="com.vrt.testcases.setup_DefineSetupTest"/>
  <testcase name="SET017" time="3.765" classname="com.vrt.testcases.setup_DefineSetupTest"/>
  <testcase name="SET017" time="3.781" classname="com.vrt.testcases.setup_DefineSetupTest"/>
  <testcase name="SET017" time="3.796" classname="com.vrt.testcases.setup_DefineSetupTest"/>
  <testcase name="SET017" time="3.912" classname="com.vrt.testcases.setup_DefineSetupTest"/>
  <testcase name="SET017" time="3.937" classname="com.vrt.testcases.setup_DefineSetupTest"/>
  <testcase name="SET017" time="3.811" classname="com.vrt.testcases.setup_DefineSetupTest"/>
  <testcase name="SET017" time="3.804" classname="com.vrt.testcases.setup_DefineSetupTest"/>
  <testcase name="SET017" time="3.796" classname="com.vrt.testcases.setup_DefineSetupTest"/>
  <testcase name="SET017" time="3.78" classname="com.vrt.testcases.setup_DefineSetupTest"/>
  <testcase name="SET017" time="3.796" classname="com.vrt.testcases.setup_DefineSetupTest"/>
  <testcase name="SET019" time="5.076" classname="com.vrt.testcases.setup_DefineSetupTest"/>
  <testcase name="SET019" time="4.998" classname="com.vrt.testcases.setup_DefineSetupTest"/>
  <testcase name="SET019" time="5.202" classname="com.vrt.testcases.setup_DefineSetupTest"/>
  <testcase name="SET019" time="5.202" classname="com.vrt.testcases.setup_DefineSetupTest"/>
  <testcase name="SET019" time="5.147" classname="com.vrt.testcases.setup_DefineSetupTest"/>
  <testcase name="SET019" time="5.077" classname="com.vrt.testcases.setup_DefineSetupTest"/>
  <testcase name="SET019" time="5.093" classname="com.vrt.testcases.setup_DefineSetupTest"/>
  <testcase name="SET019" time="5.233" classname="com.vrt.testcases.setup_DefineSetupTest"/>
  <testcase name="SET019" time="5.077" classname="com.vrt.testcases.setup_DefineSetupTest"/>
  <testcase name="SET019" time="5.249" classname="com.vrt.testcases.setup_DefineSetupTest"/>
  <testcase name="SET019" time="5.733" classname="com.vrt.testcases.setup_DefineSetupTest"/>
  <testcase name="SET020" time="3.765" classname="com.vrt.testcases.setup_DefineSetupTest"/>
  <testcase name="SET020" time="3.828" classname="com.vrt.testcases.setup_DefineSetupTest"/>
  <testcase name="SET020" time="3.781" classname="com.vrt.testcases.setup_DefineSetupTest"/>
  <testcase name="SET020" time="3.908" classname="com.vrt.testcases.setup_DefineSetupTest"/>
  <testcase name="SET020" time="3.765" classname="com.vrt.testcases.setup_DefineSetupTest"/>
  <testcase name="SET020" time="3.75" classname="com.vrt.testcases.setup_DefineSetupTest"/>
  <testcase name="SET020" time="3.787" classname="com.vrt.testcases.setup_DefineSetupTest"/>
  <testcase name="SET020" time="3.765" classname="com.vrt.testcases.setup_DefineSetupTest"/>
  <testcase name="SET020" time="3.863" classname="com.vrt.testcases.setup_DefineSetupTest"/>
  <testcase name="SET020" time="3.796" classname="com.vrt.testcases.setup_DefineSetupTest"/>
  <testcase name="SET020" time="3.796" classname="com.vrt.testcases.setup_DefineSetupTest"/>
  <testcase name="SET020" time="3.796" classname="com.vrt.testcases.setup_DefineSetupTest"/>
  <testcase name="SET020" time="3.78" classname="com.vrt.testcases.setup_DefineSetupTest"/>
  <testcase name="SET020" time="3.796" classname="com.vrt.testcases.setup_DefineSetupTest"/>
  <testcase name="SET020" time="3.905" classname="com.vrt.testcases.setup_DefineSetupTest"/>
  <testcase name="SET020" time="3.781" classname="com.vrt.testcases.setup_DefineSetupTest"/>
  <testcase name="SET020" time="3.983" classname="com.vrt.testcases.setup_DefineSetupTest"/>
  <testcase name="SET020" time="3.952" classname="com.vrt.testcases.setup_DefineSetupTest"/>
  <testcase name="SET020" time="3.905" classname="com.vrt.testcases.setup_DefineSetupTest"/>
  <testcase name="SET020" time="3.788" classname="com.vrt.testcases.setup_DefineSetupTest"/>
  <testcase name="SET020" time="3.796" classname="com.vrt.testcases.setup_DefineSetupTest"/>
  <testcase name="SET020" time="3.765" classname="com.vrt.testcases.setup_DefineSetupTest"/>
  <testcase name="SET021" time="5.108" classname="com.vrt.testcases.setup_DefineSetupTest"/>
  <testcase name="SET022" time="5.296" classname="com.vrt.testcases.setup_DefineSetupTest"/>
  <testcase name="SET022" time="5.155" classname="com.vrt.testcases.setup_DefineSetupTest"/>
  <testcase name="SET026" time="1.39" classname="com.vrt.testcases.setup_DefineSetupTest"/>
  <testcase name="SET026A" time="4.498" classname="com.vrt.testcases.setup_DefineSetupTest"/>
  <testcase name="SET026B" time="1.862" classname="com.vrt.testcases.setup_DefineSetupTest"/>
  <testcase name="SET027" time="2.765" classname="com.vrt.testcases.setup_DefineSetupTest"/>
  <testcase name="SET027a" time="8.138" classname="com.vrt.testcases.setup_DefineSetupTest"/>
  <testcase name="SET029" time="0.671" classname="com.vrt.testcases.setup_DefineSetupTest"/>
  <testcase name="SET030" time="2.593" classname="com.vrt.testcases.setup_DefineSetupTest"/>
  <testcase name="SET031" time="1.749" classname="com.vrt.testcases.setup_DefineSetupTest"/>
  <testcase name="SET033" time="1.234" classname="com.vrt.testcases.setup_DefineSetupTest"/>
  <testcase name="SC001" time="2.625" classname="com.vrt.testcases.setup_SensorConfigTest"/>
  <testcase name="SC002" time="0.375" classname="com.vrt.testcases.setup_SensorConfigTest"/>
  <testcase name="SC003" time="0.688" classname="com.vrt.testcases.setup_SensorConfigTest"/>
  <testcase name="SC003_1" time="0.453" classname="com.vrt.testcases.setup_SensorConfigTest"/>
  <testcase name="SC004" time="1.39" classname="com.vrt.testcases.setup_SensorConfigTest"/>
  <testcase name="SC004" time="3.161" classname="com.vrt.testcases.setup_SensorConfigTest"/>
  <testcase name="SC004" time="1.375" classname="com.vrt.testcases.setup_SensorConfigTest"/>
  <testcase name="SC005" time="3.109" classname="com.vrt.testcases.setup_SensorConfigTest"/>
  <testcase name="SC005" time="3.312" classname="com.vrt.testcases.setup_SensorConfigTest"/>
  <testcase name="SC006" time="1.655" classname="com.vrt.testcases.setup_SensorConfigTest"/>
  <testcase name="SC006" time="1.641" classname="com.vrt.testcases.setup_SensorConfigTest"/>
  <testcase name="SC006" time="1.641" classname="com.vrt.testcases.setup_SensorConfigTest"/>
  <testcase name="SC007" time="1.766" classname="com.vrt.testcases.setup_SensorConfigTest"/>
  <testcase name="SC007" time="1.859" classname="com.vrt.testcases.setup_SensorConfigTest"/>
  <testcase name="SC007" time="1.796" classname="com.vrt.testcases.setup_SensorConfigTest"/>
  <testcase name="SC008" time="1.344" classname="com.vrt.testcases.setup_SensorConfigTest"/>
  <testcase name="SC009" time="2.749" classname="com.vrt.testcases.setup_SensorConfigTest"/>
  <testcase name="SC010" time="1.25" classname="com.vrt.testcases.setup_SensorConfigTest"/>
  <testcase name="SC011" time="0.453" classname="com.vrt.testcases.setup_SensorConfigTest"/>
  <testcase name="SC012" time="1.515" classname="com.vrt.testcases.setup_SensorConfigTest"/>
  <testcase name="SC012" time="4.746" classname="com.vrt.testcases.setup_SensorConfigTest"/>
  <testcase name="SC012" time="1.531" classname="com.vrt.testcases.setup_SensorConfigTest"/>
  <testcase name="SC013" time="3.109" classname="com.vrt.testcases.setup_SensorConfigTest"/>
  <testcase name="SC013" time="3.303" classname="com.vrt.testcases.setup_SensorConfigTest"/>
  <testcase name="SC014" time="1.625" classname="com.vrt.testcases.setup_SensorConfigTest"/>
  <testcase name="SC014" time="1.656" classname="com.vrt.testcases.setup_SensorConfigTest"/>
  <testcase name="SC014" time="1.687" classname="com.vrt.testcases.setup_SensorConfigTest"/>
  <testcase name="SC015" time="1.766" classname="com.vrt.testcases.setup_SensorConfigTest"/>
  <testcase name="SC015" time="1.828" classname="com.vrt.testcases.setup_SensorConfigTest"/>
  <testcase name="SC015" time="1.765" classname="com.vrt.testcases.setup_SensorConfigTest"/>
  <testcase name="SC016" time="1.173" classname="com.vrt.testcases.setup_SensorConfigTest"/>
  <testcase name="SC017" time="2.765" classname="com.vrt.testcases.setup_SensorConfigTest"/>
  <testcase name="SC018" time="1.281" classname="com.vrt.testcases.setup_SensorConfigTest"/>
  <testcase name="SC019" time="0.453" classname="com.vrt.testcases.setup_SensorConfigTest"/>
  <testcase name="SC020" time="2.031" classname="com.vrt.testcases.setup_SensorConfigTest"/>
  <testcase name="SC020" time="5.395" classname="com.vrt.testcases.setup_SensorConfigTest"/>
  <testcase name="SC020" time="1.984" classname="com.vrt.testcases.setup_SensorConfigTest"/>
  <testcase name="SC021" time="1.624" classname="com.vrt.testcases.setup_SensorConfigTest"/>
  <testcase name="SC021" time="2.031" classname="com.vrt.testcases.setup_SensorConfigTest"/>
  <testcase name="SC022" time="1.656" classname="com.vrt.testcases.setup_SensorConfigTest"/>
  <testcase name="SC022" time="1.609" classname="com.vrt.testcases.setup_SensorConfigTest"/>
  <testcase name="SC022" time="1.672" classname="com.vrt.testcases.setup_SensorConfigTest"/>
  <testcase name="SC023" time="1.781" classname="com.vrt.testcases.setup_SensorConfigTest"/>
  <testcase name="SC023" time="1.858" classname="com.vrt.testcases.setup_SensorConfigTest"/>
  <testcase name="SC023" time="1.812" classname="com.vrt.testcases.setup_SensorConfigTest"/>
  <testcase name="SC024" time="1.172" classname="com.vrt.testcases.setup_SensorConfigTest"/>
  <testcase name="SC025" time="2.765" classname="com.vrt.testcases.setup_SensorConfigTest"/>
  <testcase name="SC026" time="1.266" classname="com.vrt.testcases.setup_SensorConfigTest"/>
  <testcase name="SC027" time="1.312" classname="com.vrt.testcases.setup_SensorConfigTest"/>
  <testcase name="SC028" time="1.953" classname="com.vrt.testcases.setup_SensorConfigTest"/>
  <testcase name="SC029" time="1.312" classname="com.vrt.testcases.setup_SensorConfigTest"/>
  <testcase name="SC030" time="4.843" classname="com.vrt.testcases.setup_SensorConfigTest"/>
  <testcase name="SC031" time="0.406" classname="com.vrt.testcases.setup_SensorConfigTest"/>
  <testcase name="SC032" time="0.859" classname="com.vrt.testcases.setup_SensorConfigTest"/>
  <testcase name="SC033" time="0.891" classname="com.vrt.testcases.setup_SensorConfigTest"/>
  <testcase name="SC034" time="4.598" classname="com.vrt.testcases.setup_SensorConfigTest"/>
  <testcase name="SC036" time="10.311" classname="com.vrt.testcases.setup_SensorConfigTest"/>
  <testcase name="SC037" time="6.055" classname="com.vrt.testcases.setup_SensorConfigTest"/>
  <testcase name="SC038" time="1.859" classname="com.vrt.testcases.setup_SensorConfigTest"/>
  <testcase name="SC039" time="1.859" classname="com.vrt.testcases.setup_SensorConfigTest"/>
  <testcase name="SC040" time="1.828" classname="com.vrt.testcases.setup_SensorConfigTest"/>
  <testcase name="SC041" time="2.406" classname="com.vrt.testcases.setup_SensorConfigTest"/>
  <testcase name="SC041" time="2.797" classname="com.vrt.testcases.setup_SensorConfigTest"/>
  <testcase name="SC041" time="2.421" classname="com.vrt.testcases.setup_SensorConfigTest"/>
  <testcase name="SC042" time="3.889" classname="com.vrt.testcases.setup_SensorConfigTest"/>
  <testcase name="SC042" time="3.921" classname="com.vrt.testcases.setup_SensorConfigTest"/>
  <testcase name="SC042" time="4.077" classname="com.vrt.testcases.setup_SensorConfigTest"/>
  <testcase name="SC043" time="6.19" classname="com.vrt.testcases.setup_SensorConfigTest"/>
  <testcase name="SC043" time="13.43" classname="com.vrt.testcases.setup_SensorConfigTest"/>
  <testcase name="SC043" time="7.467" classname="com.vrt.testcases.setup_SensorConfigTest"/>
  <testcase name="SC044" time="2.455" classname="com.vrt.testcases.setup_SensorConfigTest"/>
  <testcase name="SC046" time="5.202" classname="com.vrt.testcases.setup_SensorConfigTest"/>
  <testcase name="SC046" time="5.249" classname="com.vrt.testcases.setup_SensorConfigTest"/>
  <testcase name="SC046" time="5.186" classname="com.vrt.testcases.setup_SensorConfigTest"/>
  <testcase name="SC046a" time="3.671" classname="com.vrt.testcases.setup_SensorConfigTest"/>
  <testcase name="SC047" time="4.423" classname="com.vrt.testcases.setup_SensorConfigTest"/>
  <testcase name="SC048" time="3.969" classname="com.vrt.testcases.setup_SensorConfigTest"/>
  <testcase name="SC048" time="3.921" classname="com.vrt.testcases.setup_SensorConfigTest"/>
  <testcase name="SC048" time="4.077" classname="com.vrt.testcases.setup_SensorConfigTest"/>
  <testcase name="SC049" time="4.014" classname="com.vrt.testcases.setup_SensorConfigTest"/>
  <testcase name="SC049" time="4.14" classname="com.vrt.testcases.setup_SensorConfigTest"/>
  <testcase name="SC049" time="4.233" classname="com.vrt.testcases.setup_SensorConfigTest"/>
  <testcase name="SC050" time="9.951" classname="com.vrt.testcases.setup_SensorConfigTest"/>
  <testcase name="SC050" time="8.803" classname="com.vrt.testcases.setup_SensorConfigTest"/>
  <testcase name="SC050" time="7.822" classname="com.vrt.testcases.setup_SensorConfigTest"/>
  <testcase name="SC051" time="2.453" classname="com.vrt.testcases.setup_SensorConfigTest"/>
  <testcase name="SC052" time="3.89" classname="com.vrt.testcases.setup_SensorConfigTest"/>
  <testcase name="SC052" time="3.89" classname="com.vrt.testcases.setup_SensorConfigTest"/>
  <testcase name="SC053" time="3.831" classname="com.vrt.testcases.setup_SensorConfigTest"/>
  <testcase name="SC053" time="3.89" classname="com.vrt.testcases.setup_SensorConfigTest"/>
  <testcase name="SC053" time="3.937" classname="com.vrt.testcases.setup_SensorConfigTest"/>
  <testcase name="SC054" time="3.179" classname="com.vrt.testcases.setup_SensorConfigTest"/>
  <testcase name="SC055" time="0.765" classname="com.vrt.testcases.setup_SensorConfigTest"/>
  <testcase name="SC056" time="1.594" classname="com.vrt.testcases.setup_SensorConfigTest"/>
  <testcase name="SC056" time="2.686" classname="com.vrt.testcases.setup_SensorConfigTest"/>
  <testcase name="SC056" time="2.437" classname="com.vrt.testcases.setup_SensorConfigTest"/>
  <testcase name="SC056" time="2.593" classname="com.vrt.testcases.setup_SensorConfigTest"/>
  <testcase name="SC056" time="3.249" classname="com.vrt.testcases.setup_SensorConfigTest"/>
  <testcase name="SC056" time="3.015" classname="com.vrt.testcases.setup_SensorConfigTest"/>
  <testcase name="SC057" time="2.312" classname="com.vrt.testcases.setup_SensorConfigTest"/>
  <testcase name="SC058" time="2.703" classname="com.vrt.testcases.setup_SensorConfigTest"/>
  <testcase name="SC058" time="2.437" classname="com.vrt.testcases.setup_SensorConfigTest"/>
  <testcase name="SC058" time="2.577" classname="com.vrt.testcases.setup_SensorConfigTest"/>
  <testcase name="SC058" time="5.424" classname="com.vrt.testcases.setup_SensorConfigTest"/>
  <testcase name="SC058" time="4.358" classname="com.vrt.testcases.setup_SensorConfigTest"/>
  <testcase name="SC058" time="4.717" classname="com.vrt.testcases.setup_SensorConfigTest"/>
  <testcase name="SC058" time="4.97" classname="com.vrt.testcases.setup_SensorConfigTest"/>
  <testcase name="SC059" time="3.14" classname="com.vrt.testcases.setup_SensorConfigTest"/>
  <testcase name="SC059" time="2.078" classname="com.vrt.testcases.setup_SensorConfigTest"/>
  <testcase name="SC061" time="3.546" classname="com.vrt.testcases.setup_SensorConfigTest"/>
  <testcase name="SC062" time="2.312" classname="com.vrt.testcases.setup_SensorConfigTest"/>
  <testcase name="SC062" time="2.359" classname="com.vrt.testcases.setup_SensorConfigTest"/>
  <testcase name="SC062" time="3.015" classname="com.vrt.testcases.setup_SensorConfigTest"/>
  <testcase name="SC063" time="6.311" classname="com.vrt.testcases.setup_SensorConfigTest"/>
  <testcase name="SC063" time="6.253" classname="com.vrt.testcases.setup_SensorConfigTest"/>
  <testcase name="SC063" time="6.749" classname="com.vrt.testcases.setup_SensorConfigTest"/>
  <testcase name="SC063" time="6.827" classname="com.vrt.testcases.setup_SensorConfigTest"/>
  <testcase name="SC064" time="5.17" classname="com.vrt.testcases.setup_SensorConfigTest"/>
  <testcase name="SC064" time="5.233" classname="com.vrt.testcases.setup_SensorConfigTest"/>
  <testcase name="SC064" time="5.483" classname="com.vrt.testcases.setup_SensorConfigTest"/>
  <testcase name="SC064" time="5.468" classname="com.vrt.testcases.setup_SensorConfigTest"/>
  <testcase name="SC064" time="5.639" classname="com.vrt.testcases.setup_SensorConfigTest"/>
  <testcase name="SC064" time="5.453" classname="com.vrt.testcases.setup_SensorConfigTest"/>
  <testcase name="SC065_1" time="4.546" classname="com.vrt.testcases.setup_SensorConfigTest"/>
  <testcase name="SC065_2" time="5.312" classname="com.vrt.testcases.setup_SensorConfigTest"/>
  <testcase name="SC066" time="3.406" classname="com.vrt.testcases.setup_SensorConfigTest"/>
  <testcase name="SC066_1" time="7.155" classname="com.vrt.testcases.setup_SensorConfigTest"/>
  <testcase name="SC067" time="3.608" classname="com.vrt.testcases.setup_SensorConfigTest"/>
  <testcase name="SC068" time="2.469" classname="com.vrt.testcases.setup_SensorConfigTest"/>
  <testcase name="SC069" time="2.453" classname="com.vrt.testcases.setup_SensorConfigTest"/>
  <testcase name="SC070" time="4.046" classname="com.vrt.testcases.setup_SensorConfigTest"/>
  <testcase name="SC071" time="10.927" classname="com.vrt.testcases.setup_SensorConfigTest"/>
  <testcase name="SC072" time="4.327" classname="com.vrt.testcases.setup_SensorConfigTest"/>
  <testcase name="SC073" time="4.53" classname="com.vrt.testcases.setup_SensorConfigTest"/>
  <testcase name="SC074" time="4.592" classname="com.vrt.testcases.setup_SensorConfigTest"/>
  <testcase name="SC075" time="4.549" classname="com.vrt.testcases.setup_SensorConfigTest"/>
  <testcase name="SC076" time="19.231" classname="com.vrt.testcases.setup_SensorConfigTest"/>
  <testcase name="SC076_1" time="11.924" classname="com.vrt.testcases.setup_SensorConfigTest"/>
  <testcase name="SC077" time="7.249" classname="com.vrt.testcases.setup_SensorConfigTest"/>
  <testcase name="SC078" time="8.013" classname="com.vrt.testcases.setup_SensorConfigTest"/>
  <testcase name="SC079" time="11.767" classname="com.vrt.testcases.setup_SensorConfigTest"/>
  <testcase name="SC080" time="8.537" classname="com.vrt.testcases.setup_SensorConfigTest"/>
  <testcase name="SC081" time="7.968" classname="com.vrt.testcases.setup_SensorConfigTest"/>
  <testcase name="SC082" time="13.348" classname="com.vrt.testcases.setup_SensorConfigTest"/>
  <testcase name="SC082" time="8.248" classname="com.vrt.testcases.setup_SensorConfigTest"/>
  <testcase name="SC082" time="13.314" classname="com.vrt.testcases.setup_SensorConfigTest"/>
  <testcase name="SC082" time="13.32" classname="com.vrt.testcases.setup_SensorConfigTest"/>
  <testcase name="SC083" time="7.076" classname="com.vrt.testcases.setup_SensorConfigTest"/>
  <testcase name="SC083" time="7.108" classname="com.vrt.testcases.setup_SensorConfigTest"/>
  <testcase name="SC083" time="7.248" classname="com.vrt.testcases.setup_SensorConfigTest"/>
  <testcase name="SC083" time="7.16" classname="com.vrt.testcases.setup_SensorConfigTest"/>
  <testcase name="SC083" time="7.217" classname="com.vrt.testcases.setup_SensorConfigTest"/>
  <testcase name="SC083A" time="7.233" classname="com.vrt.testcases.setup_SensorConfigTest"/>
  <testcase name="SC083B" time="7.107" classname="com.vrt.testcases.setup_SensorConfigTest"/>
  <testcase name="SC084" time="7.592" classname="com.vrt.testcases.setup_SensorConfigTest"/>
  <testcase name="SC084" time="7.498" classname="com.vrt.testcases.setup_SensorConfigTest"/>
  <testcase name="SC084" time="7.592" classname="com.vrt.testcases.setup_SensorConfigTest"/>
  <testcase name="SC084" time="7.538" classname="com.vrt.testcases.setup_SensorConfigTest"/>
  <testcase name="SC084A" time="13.451" classname="com.vrt.testcases.setup_SensorConfigTest"/>
  <testcase name="SC084_1" time="7.186" classname="com.vrt.testcases.setup_SensorConfigTest"/>
  <testcase name="SC084_1" time="7.155" classname="com.vrt.testcases.setup_SensorConfigTest"/>
  <testcase name="SC084_1" time="7.186" classname="com.vrt.testcases.setup_SensorConfigTest"/>
  <testcase name="SC084_1" time="7.139" classname="com.vrt.testcases.setup_SensorConfigTest"/>
  <testcase name="SC084_1" time="7.233" classname="com.vrt.testcases.setup_SensorConfigTest"/>
  <testcase name="SC084_1A" time="7.139" classname="com.vrt.testcases.setup_SensorConfigTest"/>
  <testcase name="SC084_1B" time="7.171" classname="com.vrt.testcases.setup_SensorConfigTest"/>
  <testcase name="SC085" time="6.592" classname="com.vrt.testcases.setup_SensorConfigTest"/>
  <testcase name="SC086" time="5.811" classname="com.vrt.testcases.setup_SensorConfigTest"/>
  <testcase name="SC086" time="5.599" classname="com.vrt.testcases.setup_SensorConfigTest"/>
  <testcase name="SC086" time="5.722" classname="com.vrt.testcases.setup_SensorConfigTest"/>
  <testcase name="SC086" time="5.842" classname="com.vrt.testcases.setup_SensorConfigTest"/>
  <testcase name="SC086" time="5.613" classname="com.vrt.testcases.setup_SensorConfigTest"/>
  <testcase name="SC086" time="5.655" classname="com.vrt.testcases.setup_SensorConfigTest"/>
  <testcase name="SC086" time="5.549" classname="com.vrt.testcases.setup_SensorConfigTest"/>
  <testcase name="SC087" time="10.7" classname="com.vrt.testcases.setup_SensorConfigTest"/>
  <testcase name="SC088" time="8.655" classname="com.vrt.testcases.setup_SensorConfigTest"/>
  <testcase name="SC089" time="10.949" classname="com.vrt.testcases.setup_SensorConfigTest"/>
  <testcase name="SC090" time="10.966" classname="com.vrt.testcases.setup_SensorConfigTest"/>
  <testcase name="SC091" time="9.298" classname="com.vrt.testcases.setup_SensorConfigTest"/>
  <testcase name="SC092" time="12.85" classname="com.vrt.testcases.setup_SensorConfigTest"/>
  <testcase name="SC093" time="7.905" classname="com.vrt.testcases.setup_SensorConfigTest"/>
  <testcase name="SC101" time="6.563" classname="com.vrt.testcases.setup_SensorConfigTest"/>
  <testcase name="SC102" time="6.595" classname="com.vrt.testcases.setup_SensorConfigTest"/>
  <testcase name="SC103" time="0.765" classname="com.vrt.testcases.setup_SensorConfigTest"/>
  <testcase name="SC104" time="3.546" classname="com.vrt.testcases.setup_SensorConfigTest"/>
  <testcase name="SC105" time="6.436" classname="com.vrt.testcases.setup_SensorConfigTest"/>
  <testcase name="SC106" time="0.625" classname="com.vrt.testcases.setup_SensorConfigTest"/>
  <testcase name="SC107" time="2.359" classname="com.vrt.testcases.setup_SensorConfigTest"/>
  <testcase name="SC108" time="1.234" classname="com.vrt.testcases.setup_SensorConfigTest"/>
  <testcase name="SC110" time="1.266" classname="com.vrt.testcases.setup_SensorConfigTest">
    <skipped/>
  </testcase> <!-- SC110 -->
  <testcase name="SC110" time="1.281" classname="com.vrt.testcases.setup_SensorConfigTest">
    <skipped/>
  </testcase> <!-- SC110 -->
  <testcase name="SC110" time="1.28" classname="com.vrt.testcases.setup_SensorConfigTest">
    <failure type="java.lang.AssertionError" message="The following asserts failed:
	FAIL: Incorrect SW version &amp;amp; Console IP adress displayed in About window expected [1.2.0.15] but found [1.2.0.19],
	FAIL: Incorrect SW version &amp;amp; Console IP adress displayed in About window expected [127.0.0.1] but found []">
      <![CDATA[java.lang.AssertionError: The following asserts failed:
FAIL: Incorrect SW version & Console IP adress displayed in About window expected [1.2.0.15] but found [1.2.0.19],
FAIL: Incorrect SW version & Console IP adress displayed in About window expected [127.0.0.1] but found []
at org.testng.asserts.SoftAssert.assertAll(SoftAssert.java:47)
at org.testng.asserts.SoftAssert.assertAll(SoftAssert.java:31)
at com.vrt.testcases.setup_SensorConfigTest.SC110(setup_SensorConfigTest.java:2813)
at sun.reflect.NativeMethodAccessorImpl.invoke0(Native Method)
at sun.reflect.NativeMethodAccessorImpl.invoke(NativeMethodAccessorImpl.java:62)
at sun.reflect.DelegatingMethodAccessorImpl.invoke(DelegatingMethodAccessorImpl.java:43)
at java.lang.reflect.Method.invoke(Method.java:498)
at org.testng.internal.MethodInvocationHelper.invokeMethod(MethodInvocationHelper.java:132)
at org.testng.internal.TestInvoker.invokeMethod(TestInvoker.java:599)
at org.testng.internal.TestInvoker.retryFailed(TestInvoker.java:214)
at org.testng.internal.MethodRunner.runInSequence(MethodRunner.java:58)
at org.testng.internal.TestInvoker$MethodInvocationAgent.invoke(TestInvoker.java:822)
at org.testng.internal.TestInvoker.invokeTestMethods(TestInvoker.java:147)
at org.testng.internal.TestMethodWorker.invokeTestMethods(TestMethodWorker.java:146)
at org.testng.internal.TestMethodWorker.run(TestMethodWorker.java:128)
at java.util.ArrayList.forEach(ArrayList.java:1257)
at org.testng.TestRunner.privateRun(TestRunner.java:764)
at org.testng.TestRunner.run(TestRunner.java:585)
at org.testng.SuiteRunner.runTest(SuiteRunner.java:384)
at org.testng.SuiteRunner.runSequentially(SuiteRunner.java:378)
at org.testng.SuiteRunner.privateRun(SuiteRunner.java:337)
at org.testng.SuiteRunner.run(SuiteRunner.java:286)
at org.testng.SuiteRunnerWorker.runSuite(SuiteRunnerWorker.java:53)
at org.testng.SuiteRunnerWorker.run(SuiteRunnerWorker.java:96)
at org.testng.TestNG.runSuitesSequentially(TestNG.java:1218)
at org.testng.TestNG.runSuitesLocally(TestNG.java:1140)
at org.testng.TestNG.runSuites(TestNG.java:1069)
at org.testng.TestNG.run(TestNG.java:1037)
at org.testng.remote.AbstractRemoteTestNG.run(AbstractRemoteTestNG.java:115)
at org.testng.remote.RemoteTestNG.initAndRun(RemoteTestNG.java:251)
at org.testng.remote.RemoteTestNG.main(RemoteTestNG.java:77)
]]>
    </failure>
  </testcase> <!-- SC110 -->
  <testcase name="SC111" time="6.108" classname="com.vrt.testcases.setup_SensorConfigTest"/>
  <testcase name="SC112" time="5.984" classname="com.vrt.testcases.setup_SensorConfigTest"/>
  <testcase name="SC113" time="6.607" classname="com.vrt.testcases.setup_SensorConfigTest"/>
  <testcase name="SC114" time="6.623" classname="com.vrt.testcases.setup_SensorConfigTest"/>
  <testcase name="SC116" time="6.03" classname="com.vrt.testcases.setup_SensorConfigTest"/>
  <testcase name="SC117" time="7.811" classname="com.vrt.testcases.setup_SensorConfigTest"/>
  <testcase name="SC118" time="4.359" classname="com.vrt.testcases.setup_SensorConfigTest"/>
  <testcase name="GS001" time="10.513" classname="com.vrt.testcases.setup_GroupSensorsTest"/>
  <testcase name="GS002" time="15.762" classname="com.vrt.testcases.setup_GroupSensorsTest"/>
  <testcase name="GS003" time="15.871" classname="com.vrt.testcases.setup_GroupSensorsTest"/>
  <testcase name="GS004" time="11.981" classname="com.vrt.testcases.setup_GroupSensorsTest"/>
  <testcase name="GS005" time="13.264" classname="com.vrt.testcases.setup_GroupSensorsTest"/>
  <testcase name="GS005_1" time="10.435" classname="com.vrt.testcases.setup_GroupSensorsTest"/>
  <testcase name="GS006" time="13.872" classname="com.vrt.testcases.setup_GroupSensorsTest"/>
  <testcase name="GS007" time="16.941" classname="com.vrt.testcases.setup_GroupSensorsTest"/>
  <testcase name="GS008" time="7.264" classname="com.vrt.testcases.setup_GroupSensorsTest"/>
  <testcase name="GS009" time="12.326" classname="com.vrt.testcases.setup_GroupSensorsTest"/>
  <testcase name="GS010" time="12.575" classname="com.vrt.testcases.setup_GroupSensorsTest"/>
  <testcase name="GS011" time="12.419" classname="com.vrt.testcases.setup_GroupSensorsTest"/>
  <testcase name="GS012" time="18.34" classname="com.vrt.testcases.setup_GroupSensorsTest"/>
  <testcase name="GS013" time="8.467" classname="com.vrt.testcases.setup_GroupSensorsTest"/>
  <testcase name="GS013" time="8.452" classname="com.vrt.testcases.setup_GroupSensorsTest"/>
  <testcase name="GS013" time="8.595" classname="com.vrt.testcases.setup_GroupSensorsTest"/>
  <testcase name="GS014" time="0.0" classname="com.vrt.testcases.setup_GroupSensorsTest">
    <skipped/>
  </testcase> <!-- GS014 -->
  <testcase name="GS014B" time="16.934" classname="com.vrt.testcases.setup_GroupSensorsTest"/>
  <testcase name="GS015" time="8.807" classname="com.vrt.testcases.setup_GroupSensorsTest"/>
  <testcase name="GS016" time="8.499" classname="com.vrt.testcases.setup_GroupSensorsTest"/>
  <testcase name="GS017" time="9.42" classname="com.vrt.testcases.setup_GroupSensorsTest"/>
  <testcase name="GS018" time="8.029" classname="com.vrt.testcases.setup_GroupSensorsTest"/>
  <testcase name="GS019" time="6.28" classname="com.vrt.testcases.setup_GroupSensorsTest"/>
  <testcase name="GS020" time="6.283" classname="com.vrt.testcases.setup_GroupSensorsTest"/>
  <testcase name="GS021" time="12.873" classname="com.vrt.testcases.setup_GroupSensorsTest"/>
  <testcase name="GS022" time="9.952" classname="com.vrt.testcases.setup_GroupSensorsTest"/>
  <testcase name="GS023" time="29.265" classname="com.vrt.testcases.setup_GroupSensorsTest"/>
  <testcase name="GS024" time="7.295" classname="com.vrt.testcases.setup_GroupSensorsTest"/>
  <testcase name="GS025" time="7.092" classname="com.vrt.testcases.setup_GroupSensorsTest"/>
  <testcase name="GS026" time="6.827" classname="com.vrt.testcases.setup_GroupSensorsTest"/>
  <testcase name="GS027" time="12.841" classname="com.vrt.testcases.setup_GroupSensorsTest"/>
  <testcase name="GS028" time="10.071" classname="com.vrt.testcases.setup_GroupSensorsTest"/>
  <testcase name="GS029" time="13.639" classname="com.vrt.testcases.setup_GroupSensorsTest"/>
  <testcase name="GS030" time="21.97" classname="com.vrt.testcases.setup_GroupSensorsTest"/>
  <testcase name="GS031" time="11.782" classname="com.vrt.testcases.setup_GroupSensorsTest"/>
  <testcase name="GS032" time="13.378" classname="com.vrt.testcases.setup_GroupSensorsTest"/>
  <testcase name="GS033" time="24.18" classname="com.vrt.testcases.setup_GroupSensorsTest"/>
  <testcase name="GS036" time="9.827" classname="com.vrt.testcases.setup_GroupSensorsTest"/>
  <testcase name="GS037" time="9.782" classname="com.vrt.testcases.setup_GroupSensorsTest"/>
  <testcase name="GS039" time="20.657" classname="com.vrt.testcases.setup_GroupSensorsTest"/>
  <testcase name="GS042" time="9.889" classname="com.vrt.testcases.setup_GroupSensorsTest"/>
  <testcase name="GS043" time="29.065" classname="com.vrt.testcases.setup_GroupSensorsTest"/>
  <testcase name="GS043_1" time="11.681" classname="com.vrt.testcases.setup_GroupSensorsTest"/>
  <testcase name="GS044" time="12.031" classname="com.vrt.testcases.setup_GroupSensorsTest"/>
  <testcase name="GS045" time="12.825" classname="com.vrt.testcases.setup_GroupSensorsTest"/>
  <testcase name="GS046" time="12.809" classname="com.vrt.testcases.setup_GroupSensorsTest"/>
  <testcase name="GS047" time="12.169" classname="com.vrt.testcases.setup_GroupSensorsTest"/>
  <testcase name="GS048" time="12.247" classname="com.vrt.testcases.setup_GroupSensorsTest"/>
  <testcase name="GS049" time="11.888" classname="com.vrt.testcases.setup_GroupSensorsTest"/>
  <testcase name="GS050" time="11.129" classname="com.vrt.testcases.setup_GroupSensorsTest"/>
  <testcase name="GS051" time="11.935" classname="com.vrt.testcases.setup_GroupSensorsTest"/>
  <testcase name="GS053" time="12.997" classname="com.vrt.testcases.setup_GroupSensorsTest"/>
  <testcase name="GS054" time="10.873" classname="com.vrt.testcases.setup_GroupSensorsTest"/>
  <testcase name="GS055" time="9.352" classname="com.vrt.testcases.setup_GroupSensorsTest"/>
  <testcase name="GS056" time="8.483" classname="com.vrt.testcases.setup_GroupSensorsTest"/>
  <testcase name="GS057" time="8.466" classname="com.vrt.testcases.setup_GroupSensorsTest"/>
  <testcase name="GS058" time="12.268" classname="com.vrt.testcases.setup_GroupSensorsTest"/>
  <testcase name="GS061" time="28.721" classname="com.vrt.testcases.setup_GroupSensorsTest"/>
  <testcase name="GS062" time="10.405" classname="com.vrt.testcases.setup_GroupSensorsTest"/>
  <testcase name="GS063" time="12.856" classname="com.vrt.testcases.setup_GroupSensorsTest"/>
  <testcase name="GS064" time="9.482" classname="com.vrt.testcases.setup_GroupSensorsTest"/>
  <testcase name="GS065" time="9.108" classname="com.vrt.testcases.setup_GroupSensorsTest"/>
  <testcase name="GS073" time="6.124" classname="com.vrt.testcases.setup_GroupSensorsTest"/>
  <testcase name="GS074" time="7.765" classname="com.vrt.testcases.setup_GroupSensorsTest"/>
  <testcase name="GS075" time="8.546" classname="com.vrt.testcases.setup_GroupSensorsTest"/>
  <testcase name="GS080" time="6.905" classname="com.vrt.testcases.setup_GroupSensorsTest">
    <skipped/>
  </testcase> <!-- GS080 -->
  <testcase name="GS080" time="6.784" classname="com.vrt.testcases.setup_GroupSensorsTest">
    <skipped/>
  </testcase> <!-- GS080 -->
  <testcase name="GS080" time="6.827" classname="com.vrt.testcases.setup_GroupSensorsTest">
    <failure type="java.lang.AssertionError" message="The following asserts failed:
	FAIL: Incorrect SW version &amp;amp; Console IP adress displayed in About window expected [1.2.0.15] but found [1.2.0.19],
	FAIL: Incorrect SW version &amp;amp; Console IP adress displayed in About window expected [127.0.0.1] but found []">
      <![CDATA[java.lang.AssertionError: The following asserts failed:
FAIL: Incorrect SW version & Console IP adress displayed in About window expected [1.2.0.15] but found [1.2.0.19],
FAIL: Incorrect SW version & Console IP adress displayed in About window expected [127.0.0.1] but found []
at org.testng.asserts.SoftAssert.assertAll(SoftAssert.java:47)
at org.testng.asserts.SoftAssert.assertAll(SoftAssert.java:31)
at com.vrt.testcases.setup_GroupSensorsTest.GS080(setup_GroupSensorsTest.java:2494)
at sun.reflect.NativeMethodAccessorImpl.invoke0(Native Method)
at sun.reflect.NativeMethodAccessorImpl.invoke(NativeMethodAccessorImpl.java:62)
at sun.reflect.DelegatingMethodAccessorImpl.invoke(DelegatingMethodAccessorImpl.java:43)
at java.lang.reflect.Method.invoke(Method.java:498)
at org.testng.internal.MethodInvocationHelper.invokeMethod(MethodInvocationHelper.java:132)
at org.testng.internal.TestInvoker.invokeMethod(TestInvoker.java:599)
at org.testng.internal.TestInvoker.retryFailed(TestInvoker.java:214)
at org.testng.internal.MethodRunner.runInSequence(MethodRunner.java:58)
at org.testng.internal.TestInvoker$MethodInvocationAgent.invoke(TestInvoker.java:822)
at org.testng.internal.TestInvoker.invokeTestMethods(TestInvoker.java:147)
at org.testng.internal.TestMethodWorker.invokeTestMethods(TestMethodWorker.java:146)
at org.testng.internal.TestMethodWorker.run(TestMethodWorker.java:128)
at java.util.ArrayList.forEach(ArrayList.java:1257)
at org.testng.TestRunner.privateRun(TestRunner.java:764)
at org.testng.TestRunner.run(TestRunner.java:585)
at org.testng.SuiteRunner.runTest(SuiteRunner.java:384)
at org.testng.SuiteRunner.runSequentially(SuiteRunner.java:378)
at org.testng.SuiteRunner.privateRun(SuiteRunner.java:337)
at org.testng.SuiteRunner.run(SuiteRunner.java:286)
at org.testng.SuiteRunnerWorker.runSuite(SuiteRunnerWorker.java:53)
at org.testng.SuiteRunnerWorker.run(SuiteRunnerWorker.java:96)
at org.testng.TestNG.runSuitesSequentially(TestNG.java:1218)
at org.testng.TestNG.runSuitesLocally(TestNG.java:1140)
at org.testng.TestNG.runSuites(TestNG.java:1069)
at org.testng.TestNG.run(TestNG.java:1037)
at org.testng.remote.AbstractRemoteTestNG.run(AbstractRemoteTestNG.java:115)
at org.testng.remote.RemoteTestNG.initAndRun(RemoteTestNG.java:251)
at org.testng.remote.RemoteTestNG.main(RemoteTestNG.java:77)
]]>
    </failure>
  </testcase> <!-- GS080 -->
  <testcase name="SC106" time="6.124" classname="com.vrt.testcases.setup_GroupSensorsTest"/>
  <testcase name="SC107" time="7.927" classname="com.vrt.testcases.setup_GroupSensorsTest"/>
  <testcase name="SC108" time="6.733" classname="com.vrt.testcases.setup_GroupSensorsTest"/>
  <testcase name="CAL001" time="0.281" classname="com.vrt.testcases.setup_CalculationTest"/>
  <testcase name="CAL002" time="0.156" classname="com.vrt.testcases.setup_CalculationTest"/>
  <testcase name="CAL003" time="0.083" classname="com.vrt.testcases.setup_CalculationTest"/>
  <testcase name="CAL004" time="0.084" classname="com.vrt.testcases.setup_CalculationTest"/>
  <testcase name="CAL005" time="0.922" classname="com.vrt.testcases.setup_CalculationTest"/>
  <testcase name="CAL006A" time="0.953" classname="com.vrt.testcases.setup_CalculationTest"/>
  <testcase name="CAL006B" time="1.047" classname="com.vrt.testcases.setup_CalculationTest"/>
  <testcase name="CAL007" time="2.89" classname="com.vrt.testcases.setup_CalculationTest"/>
  <testcase name="CAL007" time="3.047" classname="com.vrt.testcases.setup_CalculationTest"/>
  <testcase name="CAL007" time="3.0" classname="com.vrt.testcases.setup_CalculationTest"/>
  <testcase name="CAL007" time="3.172" classname="com.vrt.testcases.setup_CalculationTest"/>
  <testcase name="CAL008" time="1.015" classname="com.vrt.testcases.setup_CalculationTest"/>
  <testcase name="CAL008" time="1.109" classname="com.vrt.testcases.setup_CalculationTest"/>
  <testcase name="CAL008" time="1.609" classname="com.vrt.testcases.setup_CalculationTest"/>
  <testcase name="CAL008" time="1.125" classname="com.vrt.testcases.setup_CalculationTest"/>
  <testcase name="CAL008" time="1.187" classname="com.vrt.testcases.setup_CalculationTest"/>
  <testcase name="CAL008A" time="1.0" classname="com.vrt.testcases.setup_CalculationTest"/>
  <testcase name="CAL008B" time="0.75" classname="com.vrt.testcases.setup_CalculationTest"/>
  <testcase name="CAL009" time="0.031" classname="com.vrt.testcases.setup_CalculationTest"/>
  <testcase name="CAL010" time="5.03" classname="com.vrt.testcases.setup_CalculationTest"/>
  <testcase name="CAL011A" time="4.858" classname="com.vrt.testcases.setup_CalculationTest"/>
  <testcase name="CAL011B" time="4.031" classname="com.vrt.testcases.setup_CalculationTest"/>
  <testcase name="CAL012" time="2.968" classname="com.vrt.testcases.setup_CalculationTest"/>
  <testcase name="CAL012" time="3.046" classname="com.vrt.testcases.setup_CalculationTest"/>
  <testcase name="CAL012" time="3.078" classname="com.vrt.testcases.setup_CalculationTest"/>
  <testcase name="CAL012" time="3.172" classname="com.vrt.testcases.setup_CalculationTest"/>
  <testcase name="CAL013" time="0.0" classname="com.vrt.testcases.setup_CalculationTest">
    <skipped/>
  </testcase> <!-- CAL013 -->
  <testcase name="CAL014" time="0.046" classname="com.vrt.testcases.setup_CalculationTest"/>
  <testcase name="CAL015" time="0.937" classname="com.vrt.testcases.setup_CalculationTest"/>
  <testcase name="CAL016A" time="1.078" classname="com.vrt.testcases.setup_CalculationTest"/>
  <testcase name="CAL016B" time="1.078" classname="com.vrt.testcases.setup_CalculationTest"/>
  <testcase name="CAL017" time="3.046" classname="com.vrt.testcases.setup_CalculationTest"/>
  <testcase name="CAL017" time="3.046" classname="com.vrt.testcases.setup_CalculationTest"/>
  <testcase name="CAL018A" time="2.906" classname="com.vrt.testcases.setup_CalculationTest"/>
  <testcase name="CAL018A" time="2.999" classname="com.vrt.testcases.setup_CalculationTest"/>
  <testcase name="CAL018A" time="3.11" classname="com.vrt.testcases.setup_CalculationTest"/>
  <testcase name="CAL018A" time="2.999" classname="com.vrt.testcases.setup_CalculationTest"/>
  <testcase name="CAL018A" time="2.89" classname="com.vrt.testcases.setup_CalculationTest"/>
  <testcase name="CAL018A" time="2.999" classname="com.vrt.testcases.setup_CalculationTest"/>
  <testcase name="CAL018A" time="3.285" classname="com.vrt.testcases.setup_CalculationTest"/>
  <testcase name="CAL018B" time="3.546" classname="com.vrt.testcases.setup_CalculationTest"/>
  <testcase name="CAL018C" time="1.03" classname="com.vrt.testcases.setup_CalculationTest"/>
  <testcase name="CAL018D" time="1.015" classname="com.vrt.testcases.setup_CalculationTest"/>
  <testcase name="CAL019" time="0.531" classname="com.vrt.testcases.setup_CalculationTest"/>
  <testcase name="CAL029" time="7.003" classname="com.vrt.testcases.setup_CalculationTest"/>
  <testcase name="CAL030" time="14.439" classname="com.vrt.testcases.setup_CalculationTest"/>
  <testcase name="CAL031" time="4.28" classname="com.vrt.testcases.setup_CalculationTest"/>
  <testcase name="CAL032" time="18.325" classname="com.vrt.testcases.setup_CalculationTest"/>
  <testcase name="CAL033" time="21.315" classname="com.vrt.testcases.setup_CalculationTest"/>
  <testcase name="CAL034" time="0.375" classname="com.vrt.testcases.setup_CalculationTest"/>
  <testcase name="CAL035" time="1.156" classname="com.vrt.testcases.setup_CalculationTest"/>
  <testcase name="CAL036" time="14.986" classname="com.vrt.testcases.setup_CalculationTest"/>
  <testcase name="CAL037" time="0.813" classname="com.vrt.testcases.setup_CalculationTest"/>
  <testcase name="CAL038" time="2.237" classname="com.vrt.testcases.setup_CalculationTest"/>
  <testcase name="CAL039" time="2.999" classname="com.vrt.testcases.setup_CalculationTest"/>
  <testcase name="CAL040" time="0.641" classname="com.vrt.testcases.setup_CalculationTest"/>
  <testcase name="CAL041" time="2.375" classname="com.vrt.testcases.setup_CalculationTest"/>
  <testcase name="CAL042" time="1.234" classname="com.vrt.testcases.setup_CalculationTest"/>
  <testcase name="CAL044" time="1.25" classname="com.vrt.testcases.setup_CalculationTest">
    <skipped/>
  </testcase> <!-- CAL044 -->
  <testcase name="CAL044" time="1.25" classname="com.vrt.testcases.setup_CalculationTest">
    <skipped/>
  </testcase> <!-- CAL044 -->
  <testcase name="CAL044" time="1.281" classname="com.vrt.testcases.setup_CalculationTest">
    <failure type="java.lang.AssertionError" message="The following asserts failed:
	FAIL: Incorrect SW version &amp;amp; Console IP adress displayed in About window expected [1.2.0.15] but found [1.2.0.19],
	FAIL: Incorrect SW version &amp;amp; Console IP adress displayed in About window expected [127.0.0.1] but found []">
      <![CDATA[java.lang.AssertionError: The following asserts failed:
FAIL: Incorrect SW version & Console IP adress displayed in About window expected [1.2.0.15] but found [1.2.0.19],
FAIL: Incorrect SW version & Console IP adress displayed in About window expected [127.0.0.1] but found []
at org.testng.asserts.SoftAssert.assertAll(SoftAssert.java:47)
at org.testng.asserts.SoftAssert.assertAll(SoftAssert.java:31)
at com.vrt.testcases.setup_CalculationTest.CAL044(setup_CalculationTest.java:1010)
at sun.reflect.NativeMethodAccessorImpl.invoke0(Native Method)
at sun.reflect.NativeMethodAccessorImpl.invoke(NativeMethodAccessorImpl.java:62)
at sun.reflect.DelegatingMethodAccessorImpl.invoke(DelegatingMethodAccessorImpl.java:43)
at java.lang.reflect.Method.invoke(Method.java:498)
at org.testng.internal.MethodInvocationHelper.invokeMethod(MethodInvocationHelper.java:132)
at org.testng.internal.TestInvoker.invokeMethod(TestInvoker.java:599)
at org.testng.internal.TestInvoker.retryFailed(TestInvoker.java:214)
at org.testng.internal.MethodRunner.runInSequence(MethodRunner.java:58)
at org.testng.internal.TestInvoker$MethodInvocationAgent.invoke(TestInvoker.java:822)
at org.testng.internal.TestInvoker.invokeTestMethods(TestInvoker.java:147)
at org.testng.internal.TestMethodWorker.invokeTestMethods(TestMethodWorker.java:146)
at org.testng.internal.TestMethodWorker.run(TestMethodWorker.java:128)
at java.util.ArrayList.forEach(ArrayList.java:1257)
at org.testng.TestRunner.privateRun(TestRunner.java:764)
at org.testng.TestRunner.run(TestRunner.java:585)
at org.testng.SuiteRunner.runTest(SuiteRunner.java:384)
at org.testng.SuiteRunner.runSequentially(SuiteRunner.java:378)
at org.testng.SuiteRunner.privateRun(SuiteRunner.java:337)
at org.testng.SuiteRunner.run(SuiteRunner.java:286)
at org.testng.SuiteRunnerWorker.runSuite(SuiteRunnerWorker.java:53)
at org.testng.SuiteRunnerWorker.run(SuiteRunnerWorker.java:96)
at org.testng.TestNG.runSuitesSequentially(TestNG.java:1218)
at org.testng.TestNG.runSuitesLocally(TestNG.java:1140)
at org.testng.TestNG.runSuites(TestNG.java:1069)
at org.testng.TestNG.run(TestNG.java:1037)
at org.testng.remote.AbstractRemoteTestNG.run(AbstractRemoteTestNG.java:115)
at org.testng.remote.RemoteTestNG.initAndRun(RemoteTestNG.java:251)
at org.testng.remote.RemoteTestNG.main(RemoteTestNG.java:77)
]]>
    </failure>
  </testcase> <!-- CAL044 -->
  <testcase name="CAL045" time="18.562" classname="com.vrt.testcases.setup_CalculationTest"/>
  <testcase name="QP001" time="0.313" classname="com.vrt.testcases.setup_QualParametersTest"/>
  <testcase name="QP002" time="0.078" classname="com.vrt.testcases.setup_QualParametersTest"/>
  <testcase name="QP002_1" time="0.032" classname="com.vrt.testcases.setup_QualParametersTest"/>
  <testcase name="QP003" time="0.563" classname="com.vrt.testcases.setup_QualParametersTest"/>
  <testcase name="QP004" time="0.687" classname="com.vrt.testcases.setup_QualParametersTest"/>
  <testcase name="QP005" time="0.753" classname="com.vrt.testcases.setup_QualParametersTest"/>
  <testcase name="QP006" time="0.734" classname="com.vrt.testcases.setup_QualParametersTest"/>
  <testcase name="QP007" time="2.093" classname="com.vrt.testcases.setup_QualParametersTest"/>
  <testcase name="QP009" time="0.891" classname="com.vrt.testcases.setup_QualParametersTest"/>
  <testcase name="QP010" time="0.922" classname="com.vrt.testcases.setup_QualParametersTest"/>
  <testcase name="QP010_1" time="3.405" classname="com.vrt.testcases.setup_QualParametersTest"/>
  <testcase name="QP011" time="3.015" classname="com.vrt.testcases.setup_QualParametersTest"/>
  <testcase name="QP012" time="5.374" classname="com.vrt.testcases.setup_QualParametersTest"/>
  <testcase name="QP013" time="6.577" classname="com.vrt.testcases.setup_QualParametersTest"/>
  <testcase name="QP014A" time="1.906" classname="com.vrt.testcases.setup_QualParametersTest"/>
  <testcase name="QP014A" time="1.812" classname="com.vrt.testcases.setup_QualParametersTest"/>
  <testcase name="QP014A" time="1.843" classname="com.vrt.testcases.setup_QualParametersTest"/>
  <testcase name="QP014A" time="1.797" classname="com.vrt.testcases.setup_QualParametersTest"/>
  <testcase name="QP014A" time="1.828" classname="com.vrt.testcases.setup_QualParametersTest"/>
  <testcase name="QP014B" time="1.562" classname="com.vrt.testcases.setup_QualParametersTest"/>
  <testcase name="QP014C" time="1.89" classname="com.vrt.testcases.setup_QualParametersTest"/>
  <testcase name="QP015" time="2.906" classname="com.vrt.testcases.setup_QualParametersTest"/>
  <testcase name="QP016A" time="1.875" classname="com.vrt.testcases.setup_QualParametersTest"/>
  <testcase name="QP016A" time="1.812" classname="com.vrt.testcases.setup_QualParametersTest"/>
  <testcase name="QP016A" time="1.843" classname="com.vrt.testcases.setup_QualParametersTest"/>
  <testcase name="QP016A" time="1.859" classname="com.vrt.testcases.setup_QualParametersTest"/>
  <testcase name="QP016A" time="1.862" classname="com.vrt.testcases.setup_QualParametersTest"/>
  <testcase name="QP016B" time="1.609" classname="com.vrt.testcases.setup_QualParametersTest"/>
  <testcase name="QP016C" time="1.843" classname="com.vrt.testcases.setup_QualParametersTest"/>
  <testcase name="QP017" time="2.89" classname="com.vrt.testcases.setup_QualParametersTest"/>
  <testcase name="QP018A" time="1.859" classname="com.vrt.testcases.setup_QualParametersTest"/>
  <testcase name="QP018A" time="1.827" classname="com.vrt.testcases.setup_QualParametersTest"/>
  <testcase name="QP018A" time="1.859" classname="com.vrt.testcases.setup_QualParametersTest"/>
  <testcase name="QP018A" time="1.812" classname="com.vrt.testcases.setup_QualParametersTest"/>
  <testcase name="QP018A" time="1.859" classname="com.vrt.testcases.setup_QualParametersTest"/>
  <testcase name="QP018B" time="1.593" classname="com.vrt.testcases.setup_QualParametersTest"/>
  <testcase name="QP018C" time="1.844" classname="com.vrt.testcases.setup_QualParametersTest"/>
  <testcase name="QP019" time="2.034" classname="com.vrt.testcases.setup_QualParametersTest"/>
  <testcase name="QP020" time="0.047" classname="com.vrt.testcases.setup_QualParametersTest"/>
  <testcase name="QP021" time="0.578" classname="com.vrt.testcases.setup_QualParametersTest"/>
  <testcase name="QP022" time="0.703" classname="com.vrt.testcases.setup_QualParametersTest"/>
  <testcase name="QP023" time="0.906" classname="com.vrt.testcases.setup_QualParametersTest"/>
  <testcase name="QP024" time="0.968" classname="com.vrt.testcases.setup_QualParametersTest"/>
  <testcase name="QP025" time="0.953" classname="com.vrt.testcases.setup_QualParametersTest"/>
  <testcase name="QP026" time="1.781" classname="com.vrt.testcases.setup_QualParametersTest"/>
  <testcase name="QP027A" time="1.579" classname="com.vrt.testcases.setup_QualParametersTest"/>
  <testcase name="QP027B" time="1.609" classname="com.vrt.testcases.setup_QualParametersTest"/>
  <testcase name="QP028" time="3.156" classname="com.vrt.testcases.setup_QualParametersTest"/>
  <testcase name="QP028" time="3.14" classname="com.vrt.testcases.setup_QualParametersTest"/>
  <testcase name="QP028A" time="3.281" classname="com.vrt.testcases.setup_QualParametersTest"/>
  <testcase name="QP029" time="4.483" classname="com.vrt.testcases.setup_QualParametersTest"/>
  <testcase name="QP030" time="1.859" classname="com.vrt.testcases.setup_QualParametersTest"/>
  <testcase name="QP030" time="1.766" classname="com.vrt.testcases.setup_QualParametersTest"/>
  <testcase name="QP030" time="1.812" classname="com.vrt.testcases.setup_QualParametersTest"/>
  <testcase name="QP030" time="1.843" classname="com.vrt.testcases.setup_QualParametersTest"/>
  <testcase name="QP030A" time="0.0" classname="com.vrt.testcases.setup_QualParametersTest">
    <failure type="org.testng.TestNGException" message="
Method public void com.vrt.testcases.setup_QualParametersTest.QP030A(java.lang.String,java.lang.String) throws java.lang.InterruptedException,java.io.IOException,java.text.ParseException requires a @DataProvider named : QP030A in class com.vrt.utility.setupCreationUtility">
      <![CDATA[org.testng.TestNGException: 
Method public void com.vrt.testcases.setup_QualParametersTest.QP030A(java.lang.String,java.lang.String) throws java.lang.InterruptedException,java.io.IOException,java.text.ParseException requires a @DataProvider named : QP030A in class com.vrt.utility.setupCreationUtility
at org.testng.internal.Parameters.findDataProvider(Parameters.java:559)
at org.testng.internal.Parameters.handleParameters(Parameters.java:772)
at org.testng.internal.Parameters.handleParameters(Parameters.java:740)
at org.testng.internal.ParameterHandler.handleParameters(ParameterHandler.java:59)
at org.testng.internal.ParameterHandler.createParameters(ParameterHandler.java:38)
at org.testng.internal.TestInvoker$MethodInvocationAgent.invoke(TestInvoker.java:789)
at org.testng.internal.TestInvoker.invokeTestMethods(TestInvoker.java:147)
at org.testng.internal.TestMethodWorker.invokeTestMethods(TestMethodWorker.java:146)
at org.testng.internal.TestMethodWorker.run(TestMethodWorker.java:128)
at java.util.ArrayList.forEach(ArrayList.java:1257)
at org.testng.TestRunner.privateRun(TestRunner.java:764)
at org.testng.TestRunner.run(TestRunner.java:585)
at org.testng.SuiteRunner.runTest(SuiteRunner.java:384)
at org.testng.SuiteRunner.runSequentially(SuiteRunner.java:378)
at org.testng.SuiteRunner.privateRun(SuiteRunner.java:337)
at org.testng.SuiteRunner.run(SuiteRunner.java:286)
at org.testng.SuiteRunnerWorker.runSuite(SuiteRunnerWorker.java:53)
at org.testng.SuiteRunnerWorker.run(SuiteRunnerWorker.java:96)
at org.testng.TestNG.runSuitesSequentially(TestNG.java:1218)
at org.testng.TestNG.runSuitesLocally(TestNG.java:1140)
at org.testng.TestNG.runSuites(TestNG.java:1069)
at org.testng.TestNG.run(TestNG.java:1037)
at org.testng.remote.AbstractRemoteTestNG.run(AbstractRemoteTestNG.java:115)
at org.testng.remote.RemoteTestNG.initAndRun(RemoteTestNG.java:251)
at org.testng.remote.RemoteTestNG.main(RemoteTestNG.java:77)
]]>
    </failure>
  </testcase> <!-- QP030A -->
  <testcase name="QP031" time="4.018" classname="com.vrt.testcases.setup_QualParametersTest"/>
  <testcase name="QP032" time="1.875" classname="com.vrt.testcases.setup_QualParametersTest"/>
  <testcase name="QP032" time="1.765" classname="com.vrt.testcases.setup_QualParametersTest"/>
  <testcase name="QP032" time="1.813" classname="com.vrt.testcases.setup_QualParametersTest"/>
  <testcase name="QP032" time="1.906" classname="com.vrt.testcases.setup_QualParametersTest"/>
  <testcase name="QP032A" time="0.0" classname="com.vrt.testcases.setup_QualParametersTest">
    <failure type="org.testng.TestNGException" message="
Method public void com.vrt.testcases.setup_QualParametersTest.QP032A(java.lang.String,java.lang.String) throws java.lang.InterruptedException,java.io.IOException,java.text.ParseException requires a @DataProvider named : QP032A in class com.vrt.utility.setupCreationUtility">
      <![CDATA[org.testng.TestNGException: 
Method public void com.vrt.testcases.setup_QualParametersTest.QP032A(java.lang.String,java.lang.String) throws java.lang.InterruptedException,java.io.IOException,java.text.ParseException requires a @DataProvider named : QP032A in class com.vrt.utility.setupCreationUtility
at org.testng.internal.Parameters.findDataProvider(Parameters.java:559)
at org.testng.internal.Parameters.handleParameters(Parameters.java:772)
at org.testng.internal.Parameters.handleParameters(Parameters.java:740)
at org.testng.internal.ParameterHandler.handleParameters(ParameterHandler.java:59)
at org.testng.internal.ParameterHandler.createParameters(ParameterHandler.java:38)
at org.testng.internal.TestInvoker$MethodInvocationAgent.invoke(TestInvoker.java:789)
at org.testng.internal.TestInvoker.invokeTestMethods(TestInvoker.java:147)
at org.testng.internal.TestMethodWorker.invokeTestMethods(TestMethodWorker.java:146)
at org.testng.internal.TestMethodWorker.run(TestMethodWorker.java:128)
at java.util.ArrayList.forEach(ArrayList.java:1257)
at org.testng.TestRunner.privateRun(TestRunner.java:764)
at org.testng.TestRunner.run(TestRunner.java:585)
at org.testng.SuiteRunner.runTest(SuiteRunner.java:384)
at org.testng.SuiteRunner.runSequentially(SuiteRunner.java:378)
at org.testng.SuiteRunner.privateRun(SuiteRunner.java:337)
at org.testng.SuiteRunner.run(SuiteRunner.java:286)
at org.testng.SuiteRunnerWorker.runSuite(SuiteRunnerWorker.java:53)
at org.testng.SuiteRunnerWorker.run(SuiteRunnerWorker.java:96)
at org.testng.TestNG.runSuitesSequentially(TestNG.java:1218)
at org.testng.TestNG.runSuitesLocally(TestNG.java:1140)
at org.testng.TestNG.runSuites(TestNG.java:1069)
at org.testng.TestNG.run(TestNG.java:1037)
at org.testng.remote.AbstractRemoteTestNG.run(AbstractRemoteTestNG.java:115)
at org.testng.remote.RemoteTestNG.initAndRun(RemoteTestNG.java:251)
at org.testng.remote.RemoteTestNG.main(RemoteTestNG.java:77)
]]>
    </failure>
  </testcase> <!-- QP032A -->
  <testcase name="QP033" time="4.046" classname="com.vrt.testcases.setup_QualParametersTest"/>
  <testcase name="QP034" time="1.875" classname="com.vrt.testcases.setup_QualParametersTest"/>
  <testcase name="QP034" time="1.843" classname="com.vrt.testcases.setup_QualParametersTest"/>
  <testcase name="QP034" time="1.812" classname="com.vrt.testcases.setup_QualParametersTest"/>
  <testcase name="QP034" time="1.875" classname="com.vrt.testcases.setup_QualParametersTest"/>
  <testcase name="QP034A" time="0.0" classname="com.vrt.testcases.setup_QualParametersTest">
    <failure type="org.testng.TestNGException" message="
Method public void com.vrt.testcases.setup_QualParametersTest.QP034A(java.lang.String,java.lang.String) throws java.lang.InterruptedException,java.io.IOException,java.text.ParseException requires a @DataProvider named : QP034A in class com.vrt.utility.setupCreationUtility">
      <![CDATA[org.testng.TestNGException: 
Method public void com.vrt.testcases.setup_QualParametersTest.QP034A(java.lang.String,java.lang.String) throws java.lang.InterruptedException,java.io.IOException,java.text.ParseException requires a @DataProvider named : QP034A in class com.vrt.utility.setupCreationUtility
at org.testng.internal.Parameters.findDataProvider(Parameters.java:559)
at org.testng.internal.Parameters.handleParameters(Parameters.java:772)
at org.testng.internal.Parameters.handleParameters(Parameters.java:740)
at org.testng.internal.ParameterHandler.handleParameters(ParameterHandler.java:59)
at org.testng.internal.ParameterHandler.createParameters(ParameterHandler.java:38)
at org.testng.internal.TestInvoker$MethodInvocationAgent.invoke(TestInvoker.java:789)
at org.testng.internal.TestInvoker.invokeTestMethods(TestInvoker.java:147)
at org.testng.internal.TestMethodWorker.invokeTestMethods(TestMethodWorker.java:146)
at org.testng.internal.TestMethodWorker.run(TestMethodWorker.java:128)
at java.util.ArrayList.forEach(ArrayList.java:1257)
at org.testng.TestRunner.privateRun(TestRunner.java:764)
at org.testng.TestRunner.run(TestRunner.java:585)
at org.testng.SuiteRunner.runTest(SuiteRunner.java:384)
at org.testng.SuiteRunner.runSequentially(SuiteRunner.java:378)
at org.testng.SuiteRunner.privateRun(SuiteRunner.java:337)
at org.testng.SuiteRunner.run(SuiteRunner.java:286)
at org.testng.SuiteRunnerWorker.runSuite(SuiteRunnerWorker.java:53)
at org.testng.SuiteRunnerWorker.run(SuiteRunnerWorker.java:96)
at org.testng.TestNG.runSuitesSequentially(TestNG.java:1218)
at org.testng.TestNG.runSuitesLocally(TestNG.java:1140)
at org.testng.TestNG.runSuites(TestNG.java:1069)
at org.testng.TestNG.run(TestNG.java:1037)
at org.testng.remote.AbstractRemoteTestNG.run(AbstractRemoteTestNG.java:115)
at org.testng.remote.RemoteTestNG.initAndRun(RemoteTestNG.java:251)
at org.testng.remote.RemoteTestNG.main(RemoteTestNG.java:77)
]]>
    </failure>
  </testcase> <!-- QP034A -->
  <testcase name="QP035" time="2.751" classname="com.vrt.testcases.setup_QualParametersTest"/>
  <testcase name="QP036" time="0.343" classname="com.vrt.testcases.setup_QualParametersTest"/>
  <testcase name="QP037" time="2.89" classname="com.vrt.testcases.setup_QualParametersTest"/>
  <testcase name="QP038" time="2.64" classname="com.vrt.testcases.setup_QualParametersTest"/>
  <testcase name="QP039" time="2.343" classname="com.vrt.testcases.setup_QualParametersTest"/>
  <testcase name="QP040" time="9.498" classname="com.vrt.testcases.setup_QualParametersTest"/>
  <testcase name="QP041" time="7.155" classname="com.vrt.testcases.setup_QualParametersTest"/>
  <testcase name="QP042" time="4.848" classname="com.vrt.testcases.setup_QualParametersTest"/>
  <testcase name="QP043" time="3.247" classname="com.vrt.testcases.setup_QualParametersTest"/>
  <testcase name="QP044" time="4.784" classname="com.vrt.testcases.setup_QualParametersTest"/>
  <testcase name="QP045" time="7.124" classname="com.vrt.testcases.setup_QualParametersTest"/>
  <testcase name="QP046" time="9.467" classname="com.vrt.testcases.setup_QualParametersTest"/>
  <testcase name="QP047" time="12.83" classname="com.vrt.testcases.setup_QualParametersTest"/>
  <testcase name="QP048" time="15.137" classname="com.vrt.testcases.setup_QualParametersTest"/>
  <testcase name="QP052" time="1.016" classname="com.vrt.testcases.setup_QualParametersTest"/>
  <testcase name="QP053" time="3.609" classname="com.vrt.testcases.setup_QualParametersTest"/>
  <testcase name="QP054" time="0.969" classname="com.vrt.testcases.setup_QualParametersTest"/>
  <testcase name="QP055" time="3.031" classname="com.vrt.testcases.setup_QualParametersTest"/>
  <testcase name="QP056" time="0.641" classname="com.vrt.testcases.setup_QualParametersTest"/>
  <testcase name="QP057" time="2.375" classname="com.vrt.testcases.setup_QualParametersTest"/>
  <testcase name="QP058" time="1.25" classname="com.vrt.testcases.setup_QualParametersTest"/>
  <testcase name="QP060" time="1.304" classname="com.vrt.testcases.setup_QualParametersTest">
    <skipped/>
  </testcase> <!-- QP060 -->
  <testcase name="QP060" time="1.281" classname="com.vrt.testcases.setup_QualParametersTest">
    <skipped/>
  </testcase> <!-- QP060 -->
  <testcase name="QP060" time="1.297" classname="com.vrt.testcases.setup_QualParametersTest">
    <failure type="java.lang.AssertionError" message="The following asserts failed:
	FAIL: Incorrect SW version &amp;amp; Console IP adress displayed in About window expected [1.2.0.15] but found [1.2.0.19],
	FAIL: Incorrect SW version &amp;amp; Console IP adress displayed in About window expected [127.0.0.1] but found []">
      <![CDATA[java.lang.AssertionError: The following asserts failed:
FAIL: Incorrect SW version & Console IP adress displayed in About window expected [1.2.0.15] but found [1.2.0.19],
FAIL: Incorrect SW version & Console IP adress displayed in About window expected [127.0.0.1] but found []
at org.testng.asserts.SoftAssert.assertAll(SoftAssert.java:47)
at org.testng.asserts.SoftAssert.assertAll(SoftAssert.java:31)
at com.vrt.testcases.setup_QualParametersTest.QP060(setup_QualParametersTest.java:1671)
at sun.reflect.NativeMethodAccessorImpl.invoke0(Native Method)
at sun.reflect.NativeMethodAccessorImpl.invoke(NativeMethodAccessorImpl.java:62)
at sun.reflect.DelegatingMethodAccessorImpl.invoke(DelegatingMethodAccessorImpl.java:43)
at java.lang.reflect.Method.invoke(Method.java:498)
at org.testng.internal.MethodInvocationHelper.invokeMethod(MethodInvocationHelper.java:132)
at org.testng.internal.TestInvoker.invokeMethod(TestInvoker.java:599)
at org.testng.internal.TestInvoker.retryFailed(TestInvoker.java:214)
at org.testng.internal.MethodRunner.runInSequence(MethodRunner.java:58)
at org.testng.internal.TestInvoker$MethodInvocationAgent.invoke(TestInvoker.java:822)
at org.testng.internal.TestInvoker.invokeTestMethods(TestInvoker.java:147)
at org.testng.internal.TestMethodWorker.invokeTestMethods(TestMethodWorker.java:146)
at org.testng.internal.TestMethodWorker.run(TestMethodWorker.java:128)
at java.util.ArrayList.forEach(ArrayList.java:1257)
at org.testng.TestRunner.privateRun(TestRunner.java:764)
at org.testng.TestRunner.run(TestRunner.java:585)
at org.testng.SuiteRunner.runTest(SuiteRunner.java:384)
at org.testng.SuiteRunner.runSequentially(SuiteRunner.java:378)
at org.testng.SuiteRunner.privateRun(SuiteRunner.java:337)
at org.testng.SuiteRunner.run(SuiteRunner.java:286)
at org.testng.SuiteRunnerWorker.runSuite(SuiteRunnerWorker.java:53)
at org.testng.SuiteRunnerWorker.run(SuiteRunnerWorker.java:96)
at org.testng.TestNG.runSuitesSequentially(TestNG.java:1218)
at org.testng.TestNG.runSuitesLocally(TestNG.java:1140)
at org.testng.TestNG.runSuites(TestNG.java:1069)
at org.testng.TestNG.run(TestNG.java:1037)
at org.testng.remote.AbstractRemoteTestNG.run(AbstractRemoteTestNG.java:115)
at org.testng.remote.RemoteTestNG.initAndRun(RemoteTestNG.java:251)
at org.testng.remote.RemoteTestNG.main(RemoteTestNG.java:77)
]]>
    </failure>
  </testcase> <!-- QP060 -->
  <testcase name="REV001" time="6.858" classname="com.vrt.testcases.setup_ReviewTest"/>
  <testcase name="REV002" time="0.203" classname="com.vrt.testcases.setup_ReviewTest"/>
  <testcase name="REV004" time="0.11" classname="com.vrt.testcases.setup_ReviewTest"/>
  <testcase name="REV005" time="0.157" classname="com.vrt.testcases.setup_ReviewTest"/>
  <testcase name="REV006" time="1.234" classname="com.vrt.testcases.setup_ReviewTest"/>
  <testcase name="REV007" time="0.156" classname="com.vrt.testcases.setup_ReviewTest"/>
  <testcase name="REV008" time="0.156" classname="com.vrt.testcases.setup_ReviewTest"/>
  <testcase name="REV009" time="1.094" classname="com.vrt.testcases.setup_ReviewTest"/>
  <testcase name="REV010" time="0.187" classname="com.vrt.testcases.setup_ReviewTest"/>
  <testcase name="REV011" time="0.25" classname="com.vrt.testcases.setup_ReviewTest"/>
  <testcase name="REV012" time="0.937" classname="com.vrt.testcases.setup_ReviewTest"/>
  <testcase name="REV013" time="17.159" classname="com.vrt.testcases.setup_ReviewTest"/>
  <testcase name="REV015" time="18.452" classname="com.vrt.testcases.setup_ReviewTest"/>
  <testcase name="REV016" time="17.449" classname="com.vrt.testcases.setup_ReviewTest"/>
  <testcase name="REV018" time="1.359" classname="com.vrt.testcases.setup_ReviewTest"/>
  <testcase name="REV019" time="0.391" classname="com.vrt.testcases.setup_ReviewTest"/>
  <testcase name="REV020" time="2.609" classname="com.vrt.testcases.setup_ReviewTest"/>
  <testcase name="REV021" time="9.064" classname="com.vrt.testcases.setup_ReviewTest"/>
  <testcase name="REV023" time="14.907" classname="com.vrt.testcases.setup_ReviewTest"/>
  <testcase name="REV024" time="14.512" classname="com.vrt.testcases.setup_ReviewTest"/>
  <testcase name="REV025" time="31.176" classname="com.vrt.testcases.setup_ReviewTest">
    <skipped/>
  </testcase> <!-- REV025 -->
  <testcase name="REV025" time="30.89" classname="com.vrt.testcases.setup_ReviewTest">
    <skipped/>
  </testcase> <!-- REV025 -->
  <testcase name="REV025" time="31.26" classname="com.vrt.testcases.setup_ReviewTest">
    <failure type="org.openqa.selenium.NoSuchElementException" message="An element could not be located on the page using the given search parameters. (WARNING: The server did not provide any stacktrace information)
Command duration or timeout: 0 milliseconds
For documentation on this error, please visit: https://www.seleniumhq.org/exceptions/no_such_element.html
Build info: version: &amp;apos;3.141.59&amp;apos;, revision: &amp;apos;e82be7d358&amp;apos;, time: &amp;apos;2018-11-14T08:17:03&amp;apos;
System info: host: &amp;apos;INAS-LP024&amp;apos;, ip: &amp;apos;127.0.0.1&amp;apos;, os.name: &amp;apos;Windows 10&amp;apos;, os.arch: &amp;apos;amd64&amp;apos;, os.version: &amp;apos;10.0&amp;apos;, java.version: &amp;apos;1.8.0_181&amp;apos;
Driver info: io.appium.java_client.windows.WindowsDriver
Capabilities {app: Kaye.ValProbeRT_racmveb2qnw..., javascriptEnabled: true, ms:waitForAppLaunch: 10, platform: WINDOWS, platformName: WINDOWS}
Session ID: FAE2959E-A8A5-4673-B64C-A7C797B60135
*** Element info: {Using=name, value=Enter User Credentials}">
      <![CDATA[org.openqa.selenium.NoSuchElementException: An element could not be located on the page using the given search parameters. (WARNING: The server did not provide any stacktrace information)
Command duration or timeout: 0 milliseconds
For documentation on this error, please visit: https://www.seleniumhq.org/exceptions/no_such_element.html
Build info: version: '3.141.59', revision: 'e82be7d358', time: '2018-11-14T08:17:03'
System info: host: 'INAS-LP024', ip: '127.0.0.1', os.name: 'Windows 10', os.arch: 'amd64', os.version: '10.0', java.version: '1.8.0_181'
Driver info: io.appium.java_client.windows.WindowsDriver
Capabilities {app: Kaye.ValProbeRT_racmveb2qnw..., javascriptEnabled: true, ms:waitForAppLaunch: 10, platform: WINDOWS, platformName: WINDOWS}
Session ID: FAE2959E-A8A5-4673-B64C-A7C797B60135
*** Element info: {Using=name, value=Enter User Credentials}
at sun.reflect.NativeConstructorAccessorImpl.newInstance0(Native Method)
at sun.reflect.NativeConstructorAccessorImpl.newInstance(NativeConstructorAccessorImpl.java:62)
at sun.reflect.DelegatingConstructorAccessorImpl.newInstance(DelegatingConstructorAccessorImpl.java:45)
at java.lang.reflect.Constructor.newInstance(Constructor.java:423)
at org.openqa.selenium.remote.ErrorHandler.createThrowable(ErrorHandler.java:214)
at org.openqa.selenium.remote.ErrorHandler.throwIfResponseFailed(ErrorHandler.java:166)
at org.openqa.selenium.remote.http.JsonHttpResponseCodec.reconstructValue(JsonHttpResponseCodec.java:40)
at org.openqa.selenium.remote.http.AbstractHttpResponseCodec.decode(AbstractHttpResponseCodec.java:80)
at org.openqa.selenium.remote.http.AbstractHttpResponseCodec.decode(AbstractHttpResponseCodec.java:44)
at org.openqa.selenium.remote.HttpCommandExecutor.execute(HttpCommandExecutor.java:158)
at io.appium.java_client.remote.AppiumCommandExecutor.execute(AppiumCommandExecutor.java:239)
at org.openqa.selenium.remote.RemoteWebDriver.execute(RemoteWebDriver.java:552)
at io.appium.java_client.DefaultGenericMobileDriver.execute(DefaultGenericMobileDriver.java:42)
at io.appium.java_client.AppiumDriver.execute(AppiumDriver.java:1)
at io.appium.java_client.windows.WindowsDriver.execute(WindowsDriver.java:1)
at org.openqa.selenium.remote.RemoteWebDriver.findElement(RemoteWebDriver.java:323)
at io.appium.java_client.DefaultGenericMobileDriver.findElement(DefaultGenericMobileDriver.java:62)
at io.appium.java_client.AppiumDriver.findElement(AppiumDriver.java:1)
at io.appium.java_client.windows.WindowsDriver.findElement(WindowsDriver.java:1)
at org.openqa.selenium.remote.RemoteWebDriver.findElementByName(RemoteWebDriver.java:404)
at io.appium.java_client.DefaultGenericMobileDriver.findElementByName(DefaultGenericMobileDriver.java:118)
at io.appium.java_client.AppiumDriver.findElementByName(AppiumDriver.java:1)
at io.appium.java_client.windows.WindowsDriver.findElementByName(WindowsDriver.java:1)
at com.vrt.base.BaseClass.UserLoginPopup(BaseClass.java:191)
at com.vrt.testcases.setup_ReviewTest.REV025(setup_ReviewTest.java:661)
at sun.reflect.NativeMethodAccessorImpl.invoke0(Native Method)
at sun.reflect.NativeMethodAccessorImpl.invoke(NativeMethodAccessorImpl.java:62)
at sun.reflect.DelegatingMethodAccessorImpl.invoke(DelegatingMethodAccessorImpl.java:43)
at java.lang.reflect.Method.invoke(Method.java:498)
at org.testng.internal.MethodInvocationHelper.invokeMethod(MethodInvocationHelper.java:132)
at org.testng.internal.TestInvoker.invokeMethod(TestInvoker.java:599)
at org.testng.internal.TestInvoker.retryFailed(TestInvoker.java:214)
at org.testng.internal.MethodRunner.runInSequence(MethodRunner.java:58)
at org.testng.internal.TestInvoker$MethodInvocationAgent.invoke(TestInvoker.java:822)
at org.testng.internal.TestInvoker.invokeTestMethods(TestInvoker.java:147)
at org.testng.internal.TestMethodWorker.invokeTestMethods(TestMethodWorker.java:146)
at org.testng.internal.TestMethodWorker.run(TestMethodWorker.java:128)
at java.util.ArrayList.forEach(ArrayList.java:1257)
at org.testng.TestRunner.privateRun(TestRunner.java:764)
at org.testng.TestRunner.run(TestRunner.java:585)
at org.testng.SuiteRunner.runTest(SuiteRunner.java:384)
at org.testng.SuiteRunner.runSequentially(SuiteRunner.java:378)
at org.testng.SuiteRunner.privateRun(SuiteRunner.java:337)
at org.testng.SuiteRunner.run(SuiteRunner.java:286)
at org.testng.SuiteRunnerWorker.runSuite(SuiteRunnerWorker.java:53)
at org.testng.SuiteRunnerWorker.run(SuiteRunnerWorker.java:96)
at org.testng.TestNG.runSuitesSequentially(TestNG.java:1218)
at org.testng.TestNG.runSuitesLocally(TestNG.java:1140)
at org.testng.TestNG.runSuites(TestNG.java:1069)
at org.testng.TestNG.run(TestNG.java:1037)
at org.testng.remote.AbstractRemoteTestNG.run(AbstractRemoteTestNG.java:115)
at org.testng.remote.RemoteTestNG.initAndRun(RemoteTestNG.java:251)
at org.testng.remote.RemoteTestNG.main(RemoteTestNG.java:77)
]]>
    </failure>
  </testcase> <!-- REV025 -->
  <testcase name="REV026" time="25.851" classname="com.vrt.testcases.setup_ReviewTest"/>
  <testcase name="REV027" time="21.702" classname="com.vrt.testcases.setup_ReviewTest"/>
  <testcase name="REV028" time="4.593" classname="com.vrt.testcases.setup_ReviewTest"/>
  <testcase name="REV028A" time="3.78" classname="com.vrt.testcases.setup_ReviewTest"/>
  <testcase name="REV029" time="1.266" classname="com.vrt.testcases.setup_ReviewTest"/>
  <testcase name="REV030" time="12.423" classname="com.vrt.testcases.setup_ReviewTest"/>
</testsuite> <!-- Setup -->
