<?xml version="1.0" encoding="UTF-8"?>
<!-- Generated by org.testng.reporters.JUnitReportReporter -->
<testsuite skipped="2" hostname="INAS-LP024" name="com.vrt.testcases.setup_ReviewTest" tests="29" failures="0" timestamp="2021-08-08T05:06:43 IST" time="1380.633" errors="1">
  <testcase name="REV012" time="39.221" classname="com.vrt.testcases.setup_ReviewTest"/>
  <system-out/>
  <testcase name="REV007" time="38.421" classname="com.vrt.testcases.setup_ReviewTest"/>
  <system-out/>
  <testcase name="REV020" time="40.684" classname="com.vrt.testcases.setup_ReviewTest"/>
  <system-out/>
  <testcase name="REV006" time="39.699" classname="com.vrt.testcases.setup_ReviewTest"/>
  <system-out/>
  <testcase name="REV030" time="50.653" classname="com.vrt.testcases.setup_ReviewTest"/>
  <system-out/>
  <testcase name="REV029" time="39.484" classname="com.vrt.testcases.setup_ReviewTest"/>
  <system-out/>
  <testcase name="REV019" time="38.652" classname="com.vrt.testcases.setup_ReviewTest"/>
  <system-out/>
  <testcase name="REV010" time="38.494" classname="com.vrt.testcases.setup_ReviewTest"/>
  <system-out/>
  <testcase name="REV009" time="39.436" classname="com.vrt.testcases.setup_ReviewTest"/>
  <system-out/>
  <testcase name="REV005" time="38.276" classname="com.vrt.testcases.setup_ReviewTest"/>
  <system-out/>
  <testcase name="REV004" time="38.695" classname="com.vrt.testcases.setup_ReviewTest"/>
  <system-out/>
  <testcase name="REV028A" time="42.215" classname="com.vrt.testcases.setup_ReviewTest"/>
  <system-out/>
  <testcase name="REV025" time="69.145" classname="com.vrt.testcases.setup_ReviewTest">
    <skipped/>
  </testcase> <!-- REV025 -->
  <system-out/>
  <testcase name="REV025" time="69.636" classname="com.vrt.testcases.setup_ReviewTest">
    <error type="org.openqa.selenium.NoSuchElementException" message="An element could not be located on the page using the given search parameters. (WARNING: The server did not provide any stacktrace information)
Command duration or timeout: 0 milliseconds
For documentation on this error, please visit: https://www.seleniumhq.org/exceptions/no_such_element.html
Build info: version: &#039;3.141.59&#039;, revision: &#039;e82be7d358&#039;, time: &#039;2018-11-14T08:17:03&#039;
System info: host: &#039;INAS-LP024&#039;, ip: &#039;127.0.0.1&#039;, os.name: &#039;Windows 10&#039;, os.arch: &#039;amd64&#039;, os.version: &#039;10.0&#039;, java.version: &#039;1.8.0_181&#039;
Driver info: io.appium.java_client.windows.WindowsDriver
Capabilities {app: Kaye.ValProbeRT_racmveb2qnw..., javascriptEnabled: true, ms:waitForAppLaunch: 10, platform: WINDOWS, platformName: WINDOWS}
Session ID: FAE2959E-A8A5-4673-B64C-A7C797B60135
*** Element info: {Using=name, value=Enter User Credentials}">
      <![CDATA[org.openqa.selenium.NoSuchElementException: An element could not be located on the page using the given search parameters. (WARNING: The server did not provide any stacktrace information)
Command duration or timeout: 0 milliseconds
For documentation on this error, please visit: https://www.seleniumhq.org/exceptions/no_such_element.html
Build info: version: '3.141.59', revision: 'e82be7d358', time: '2018-11-14T08:17:03'
System info: host: 'INAS-LP024', ip: '127.0.0.1', os.name: 'Windows 10', os.arch: 'amd64', os.version: '10.0', java.version: '1.8.0_181'
Driver info: io.appium.java_client.windows.WindowsDriver
Capabilities {app: Kaye.ValProbeRT_racmveb2qnw..., javascriptEnabled: true, ms:waitForAppLaunch: 10, platform: WINDOWS, platformName: WINDOWS}
Session ID: FAE2959E-A8A5-4673-B64C-A7C797B60135
*** Element info: {Using=name, value=Enter User Credentials}
at sun.reflect.NativeConstructorAccessorImpl.newInstance0(Native Method)
at sun.reflect.NativeConstructorAccessorImpl.newInstance(NativeConstructorAccessorImpl.java:62)
at sun.reflect.DelegatingConstructorAccessorImpl.newInstance(DelegatingConstructorAccessorImpl.java:45)
at java.lang.reflect.Constructor.newInstance(Constructor.java:423)
at org.openqa.selenium.remote.ErrorHandler.createThrowable(ErrorHandler.java:214)
at org.openqa.selenium.remote.ErrorHandler.throwIfResponseFailed(ErrorHandler.java:166)
at org.openqa.selenium.remote.http.JsonHttpResponseCodec.reconstructValue(JsonHttpResponseCodec.java:40)
at org.openqa.selenium.remote.http.AbstractHttpResponseCodec.decode(AbstractHttpResponseCodec.java:80)
at org.openqa.selenium.remote.http.AbstractHttpResponseCodec.decode(AbstractHttpResponseCodec.java:44)
at org.openqa.selenium.remote.HttpCommandExecutor.execute(HttpCommandExecutor.java:158)
at io.appium.java_client.remote.AppiumCommandExecutor.execute(AppiumCommandExecutor.java:239)
at org.openqa.selenium.remote.RemoteWebDriver.execute(RemoteWebDriver.java:552)
at io.appium.java_client.DefaultGenericMobileDriver.execute(DefaultGenericMobileDriver.java:42)
at io.appium.java_client.AppiumDriver.execute(AppiumDriver.java:1)
at io.appium.java_client.windows.WindowsDriver.execute(WindowsDriver.java:1)
at org.openqa.selenium.remote.RemoteWebDriver.findElement(RemoteWebDriver.java:323)
at io.appium.java_client.DefaultGenericMobileDriver.findElement(DefaultGenericMobileDriver.java:62)
at io.appium.java_client.AppiumDriver.findElement(AppiumDriver.java:1)
at io.appium.java_client.windows.WindowsDriver.findElement(WindowsDriver.java:1)
at org.openqa.selenium.remote.RemoteWebDriver.findElementByName(RemoteWebDriver.java:404)
at io.appium.java_client.DefaultGenericMobileDriver.findElementByName(DefaultGenericMobileDriver.java:118)
at io.appium.java_client.AppiumDriver.findElementByName(AppiumDriver.java:1)
at io.appium.java_client.windows.WindowsDriver.findElementByName(WindowsDriver.java:1)
at com.vrt.base.BaseClass.UserLoginPopup(BaseClass.java:191)
at com.vrt.testcases.setup_ReviewTest.REV025(setup_ReviewTest.java:661)
at sun.reflect.NativeMethodAccessorImpl.invoke0(Native Method)
at sun.reflect.NativeMethodAccessorImpl.invoke(NativeMethodAccessorImpl.java:62)
at sun.reflect.DelegatingMethodAccessorImpl.invoke(DelegatingMethodAccessorImpl.java:43)
at java.lang.reflect.Method.invoke(Method.java:498)
at org.testng.internal.MethodInvocationHelper.invokeMethod(MethodInvocationHelper.java:132)
at org.testng.internal.TestInvoker.invokeMethod(TestInvoker.java:599)
at org.testng.internal.TestInvoker.retryFailed(TestInvoker.java:214)
at org.testng.internal.MethodRunner.runInSequence(MethodRunner.java:58)
at org.testng.internal.TestInvoker$MethodInvocationAgent.invoke(TestInvoker.java:822)
at org.testng.internal.TestInvoker.invokeTestMethods(TestInvoker.java:147)
at org.testng.internal.TestMethodWorker.invokeTestMethods(TestMethodWorker.java:146)
at org.testng.internal.TestMethodWorker.run(TestMethodWorker.java:128)
at java.util.ArrayList.forEach(ArrayList.java:1257)
at org.testng.TestRunner.privateRun(TestRunner.java:764)
at org.testng.TestRunner.run(TestRunner.java:585)
at org.testng.SuiteRunner.runTest(SuiteRunner.java:384)
at org.testng.SuiteRunner.runSequentially(SuiteRunner.java:378)
at org.testng.SuiteRunner.privateRun(SuiteRunner.java:337)
at org.testng.SuiteRunner.run(SuiteRunner.java:286)
at org.testng.SuiteRunnerWorker.runSuite(SuiteRunnerWorker.java:53)
at org.testng.SuiteRunnerWorker.run(SuiteRunnerWorker.java:96)
at org.testng.TestNG.runSuitesSequentially(TestNG.java:1218)
at org.testng.TestNG.runSuitesLocally(TestNG.java:1140)
at org.testng.TestNG.runSuites(TestNG.java:1069)
at org.testng.TestNG.run(TestNG.java:1037)
at org.testng.remote.AbstractRemoteTestNG.run(AbstractRemoteTestNG.java:115)
at org.testng.remote.RemoteTestNG.initAndRun(RemoteTestNG.java:251)
at org.testng.remote.RemoteTestNG.main(RemoteTestNG.java:77)
]]>
    </error>
  </testcase> <!-- REV025 -->
  <system-out/>
  <testcase name="REV002" time="38.859" classname="com.vrt.testcases.setup_ReviewTest"/>
  <system-out/>
  <testcase name="REV016" time="55.767" classname="com.vrt.testcases.setup_ReviewTest"/>
  <system-out/>
  <testcase name="REV001" time="44.994" classname="com.vrt.testcases.setup_ReviewTest"/>
  <system-out/>
  <testcase name="REV018" time="39.533" classname="com.vrt.testcases.setup_ReviewTest"/>
  <system-out/>
  <testcase name="REV027" time="60.034" classname="com.vrt.testcases.setup_ReviewTest"/>
  <system-out/>
  <testcase name="REV023" time="53.104" classname="com.vrt.testcases.setup_ReviewTest"/>
  <system-out/>
  <testcase name="REV013" time="55.129" classname="com.vrt.testcases.setup_ReviewTest"/>
  <system-out/>
  <testcase name="REV015" time="56.884" classname="com.vrt.testcases.setup_ReviewTest"/>
  <system-out/>
  <testcase name="REV025" time="69.535" classname="com.vrt.testcases.setup_ReviewTest">
    <skipped/>
  </testcase> <!-- REV025 -->
  <system-out/>
  <testcase name="REV026" time="64.142" classname="com.vrt.testcases.setup_ReviewTest"/>
  <system-out/>
  <testcase name="REV028" time="43.025" classname="com.vrt.testcases.setup_ReviewTest"/>
  <system-out/>
  <testcase name="REV021" time="47.180" classname="com.vrt.testcases.setup_ReviewTest"/>
  <system-out/>
  <testcase name="REV011" time="38.489" classname="com.vrt.testcases.setup_ReviewTest"/>
  <system-out/>
  <testcase name="REV024" time="52.780" classname="com.vrt.testcases.setup_ReviewTest"/>
  <system-out/>
  <testcase name="REV008" time="38.467" classname="com.vrt.testcases.setup_ReviewTest"/>
  <system-out/>
</testsuite> <!-- com.vrt.testcases.setup_ReviewTest -->
