<?xml version="1.0" encoding="UTF-8"?>
<!-- Generated by org.testng.reporters.JUnitReportReporter -->
<testsuite skipped="0" hostname="DESKTOP-IH5DTV2" name="com.vrt.testcases.PreferencesTest" tests="41" failures="0" timestamp="2021-07-29T19:44:56 IST" time="1136.427" errors="1">
  <testcase name="PREF009B" time="19.738" classname="com.vrt.testcases.PreferencesTest"/>
  <system-out/>
  <testcase name="PREF010" time="17.983" classname="com.vrt.testcases.PreferencesTest"/>
  <system-out/>
  <testcase name="PREF008" time="21.806" classname="com.vrt.testcases.PreferencesTest"/>
  <system-out/>
  <testcase name="PREF013_PREF015" time="35.091" classname="com.vrt.testcases.PreferencesTest"/>
  <system-out/>
  <testcase name="PREF034" time="26.509" classname="com.vrt.testcases.PreferencesTest"/>
  <system-out/>
  <testcase name="PREF004" time="17.436" classname="com.vrt.testcases.PreferencesTest"/>
  <system-out/>
  <testcase name="PREF009B" time="19.220" classname="com.vrt.testcases.PreferencesTest"/>
  <system-out/>
  <testcase name="PREF030" time="33.978" classname="com.vrt.testcases.PreferencesTest"/>
  <system-out/>
  <testcase name="PREF020" time="77.057" classname="com.vrt.testcases.PreferencesTest"/>
  <system-out/>
  <testcase name="PREF036" time="19.109" classname="com.vrt.testcases.PreferencesTest"/>
  <system-out/>
  <testcase name="PREF016" time="17.209" classname="com.vrt.testcases.PreferencesTest"/>
  <system-out/>
  <testcase name="PREF033" time="56.843" classname="com.vrt.testcases.PreferencesTest">
    <error type="org.openqa.selenium.NoSuchElementException" message="An element could not be located on the page using the given search parameters. (WARNING: The server did not provide any stacktrace information)
Command duration or timeout: 0 milliseconds
For documentation on this error, please visit: https://www.seleniumhq.org/exceptions/no_such_element.html
Build info: version: &#039;3.141.59&#039;, revision: &#039;e82be7d358&#039;, time: &#039;2018-11-14T08:17:03&#039;
System info: host: &#039;DESKTOP-IH5DTV2&#039;, ip: &#039;127.0.0.1&#039;, os.name: &#039;Windows 10&#039;, os.arch: &#039;amd64&#039;, os.version: &#039;10.0&#039;, java.version: &#039;1.8.0_181&#039;
Driver info: io.appium.java_client.windows.WindowsDriver
Capabilities {app: Kaye.ValProbeRT_racmveb2qnw..., javascriptEnabled: true, ms:waitForAppLaunch: 10, platform: WINDOWS, platformName: WINDOWS}
Session ID: 8AC0284C-F2DD-49DD-90BF-3A4F6BC7BB38
*** Element info: {Using=name, value=Customize}">
      <![CDATA[org.openqa.selenium.NoSuchElementException: An element could not be located on the page using the given search parameters. (WARNING: The server did not provide any stacktrace information)
Command duration or timeout: 0 milliseconds
For documentation on this error, please visit: https://www.seleniumhq.org/exceptions/no_such_element.html
Build info: version: '3.141.59', revision: 'e82be7d358', time: '2018-11-14T08:17:03'
System info: host: 'DESKTOP-IH5DTV2', ip: '127.0.0.1', os.name: 'Windows 10', os.arch: 'amd64', os.version: '10.0', java.version: '1.8.0_181'
Driver info: io.appium.java_client.windows.WindowsDriver
Capabilities {app: Kaye.ValProbeRT_racmveb2qnw..., javascriptEnabled: true, ms:waitForAppLaunch: 10, platform: WINDOWS, platformName: WINDOWS}
Session ID: 8AC0284C-F2DD-49DD-90BF-3A4F6BC7BB38
*** Element info: {Using=name, value=Customize}
at sun.reflect.NativeConstructorAccessorImpl.newInstance0(Native Method)
at sun.reflect.NativeConstructorAccessorImpl.newInstance(NativeConstructorAccessorImpl.java:62)
at sun.reflect.DelegatingConstructorAccessorImpl.newInstance(DelegatingConstructorAccessorImpl.java:45)
at java.lang.reflect.Constructor.newInstance(Constructor.java:423)
at org.openqa.selenium.remote.ErrorHandler.createThrowable(ErrorHandler.java:214)
at org.openqa.selenium.remote.ErrorHandler.throwIfResponseFailed(ErrorHandler.java:166)
at org.openqa.selenium.remote.http.JsonHttpResponseCodec.reconstructValue(JsonHttpResponseCodec.java:40)
at org.openqa.selenium.remote.http.AbstractHttpResponseCodec.decode(AbstractHttpResponseCodec.java:80)
at org.openqa.selenium.remote.http.AbstractHttpResponseCodec.decode(AbstractHttpResponseCodec.java:44)
at org.openqa.selenium.remote.HttpCommandExecutor.execute(HttpCommandExecutor.java:158)
at io.appium.java_client.remote.AppiumCommandExecutor.execute(AppiumCommandExecutor.java:239)
at org.openqa.selenium.remote.RemoteWebDriver.execute(RemoteWebDriver.java:552)
at io.appium.java_client.DefaultGenericMobileDriver.execute(DefaultGenericMobileDriver.java:42)
at io.appium.java_client.AppiumDriver.execute(AppiumDriver.java:1)
at io.appium.java_client.windows.WindowsDriver.execute(WindowsDriver.java:1)
at org.openqa.selenium.remote.RemoteWebDriver.findElement(RemoteWebDriver.java:323)
at io.appium.java_client.DefaultGenericMobileDriver.findElement(DefaultGenericMobileDriver.java:62)
at io.appium.java_client.AppiumDriver.findElement(AppiumDriver.java:1)
at io.appium.java_client.windows.WindowsDriver.findElement(WindowsDriver.java:1)
at org.openqa.selenium.remote.RemoteWebDriver.findElementByName(RemoteWebDriver.java:404)
at io.appium.java_client.DefaultGenericMobileDriver.findElementByName(DefaultGenericMobileDriver.java:118)
at io.appium.java_client.AppiumDriver.findElementByName(AppiumDriver.java:1)
at io.appium.java_client.windows.WindowsDriver.findElementByName(WindowsDriver.java:1)
at com.vrt.pages.RW_CustomizedCalculationPage.initElements(RW_CustomizedCalculationPage.java:20)
at com.vrt.pages.RW_CustomizedCalculationPage.<init>(RW_CustomizedCalculationPage.java:27)
at com.vrt.pages.RW_EditParametersPage.click_EditCalculations_Tab(RW_EditParametersPage.java:39)
at com.vrt.testcases.PreferencesTest.PREF033(PreferencesTest.java:891)
at sun.reflect.NativeMethodAccessorImpl.invoke0(Native Method)
at sun.reflect.NativeMethodAccessorImpl.invoke(NativeMethodAccessorImpl.java:62)
at sun.reflect.DelegatingMethodAccessorImpl.invoke(DelegatingMethodAccessorImpl.java:43)
at java.lang.reflect.Method.invoke(Method.java:498)
at org.testng.internal.MethodInvocationHelper.invokeMethod(MethodInvocationHelper.java:135)
at org.testng.internal.TestInvoker.invokeMethod(TestInvoker.java:598)
at org.testng.internal.TestInvoker.invokeTestMethod(TestInvoker.java:174)
at org.testng.internal.MethodRunner.runInSequence(MethodRunner.java:46)
at org.testng.internal.TestInvoker$MethodInvocationAgent.invoke(TestInvoker.java:821)
at org.testng.internal.TestInvoker.invokeTestMethods(TestInvoker.java:147)
at org.testng.internal.TestMethodWorker.invokeTestMethods(TestMethodWorker.java:146)
at org.testng.internal.TestMethodWorker.run(TestMethodWorker.java:128)
at java.util.ArrayList.forEach(ArrayList.java:1257)
at org.testng.TestRunner.privateRun(TestRunner.java:767)
at org.testng.TestRunner.run(TestRunner.java:588)
at org.testng.SuiteRunner.runTest(SuiteRunner.java:384)
at org.testng.SuiteRunner.runSequentially(SuiteRunner.java:378)
at org.testng.SuiteRunner.privateRun(SuiteRunner.java:337)
at org.testng.SuiteRunner.run(SuiteRunner.java:286)
at org.testng.SuiteRunnerWorker.runSuite(SuiteRunnerWorker.java:53)
at org.testng.SuiteRunnerWorker.run(SuiteRunnerWorker.java:96)
at org.testng.TestNG.runSuitesSequentially(TestNG.java:1214)
at org.testng.TestNG.runSuitesLocally(TestNG.java:1136)
at org.testng.TestNG.runSuites(TestNG.java:1066)
at org.testng.TestNG.run(TestNG.java:1034)
at org.testng.remote.AbstractRemoteTestNG.run(AbstractRemoteTestNG.java:115)
at org.testng.remote.RemoteTestNG.initAndRun(RemoteTestNG.java:251)
at org.testng.remote.RemoteTestNG.main(RemoteTestNG.java:77)
]]>
    </error>
  </testcase> <!-- PREF033 -->
  <system-out/>
  <testcase name="PREF035" time="32.489" classname="com.vrt.testcases.PreferencesTest"/>
  <system-out/>
  <testcase name="PREF021" time="86.738" classname="com.vrt.testcases.PreferencesTest"/>
  <system-out/>
  <testcase name="PREF002" time="19.045" classname="com.vrt.testcases.PreferencesTest"/>
  <system-out/>
  <testcase name="PREF002" time="19.472" classname="com.vrt.testcases.PreferencesTest"/>
  <system-out/>
  <testcase name="PREF009B" time="19.757" classname="com.vrt.testcases.PreferencesTest"/>
  <system-out/>
  <testcase name="PREF032" time="34.059" classname="com.vrt.testcases.PreferencesTest"/>
  <system-out/>
  <testcase name="PREF038_39" time="33.857" classname="com.vrt.testcases.PreferencesTest"/>
  <system-out/>
  <testcase name="PREF005" time="16.988" classname="com.vrt.testcases.PreferencesTest"/>
  <system-out/>
  <testcase name="PREF011" time="16.262" classname="com.vrt.testcases.PreferencesTest"/>
  <system-out/>
  <testcase name="PREF001" time="18.137" classname="com.vrt.testcases.PreferencesTest"/>
  <system-out/>
  <testcase name="PREF006" time="16.664" classname="com.vrt.testcases.PreferencesTest"/>
  <system-out/>
  <testcase name="PREF012" time="29.632" classname="com.vrt.testcases.PreferencesTest"/>
  <system-out/>
  <testcase name="PREF002A" time="25.756" classname="com.vrt.testcases.PreferencesTest"/>
  <system-out/>
  <testcase name="PREF009A" time="21.488" classname="com.vrt.testcases.PreferencesTest"/>
  <system-out/>
  <testcase name="PREF003" time="16.617" classname="com.vrt.testcases.PreferencesTest"/>
  <system-out/>
  <testcase name="PREF019" time="59.040" classname="com.vrt.testcases.PreferencesTest"/>
  <system-out/>
  <testcase name="PREF034" time="26.405" classname="com.vrt.testcases.PreferencesTest"/>
  <system-out/>
  <testcase name="PREF002" time="19.457" classname="com.vrt.testcases.PreferencesTest"/>
  <system-out/>
  <testcase name="PREF002C" time="17.497" classname="com.vrt.testcases.PreferencesTest"/>
  <system-out/>
  <testcase name="PREF018" time="33.577" classname="com.vrt.testcases.PreferencesTest"/>
  <system-out/>
  <testcase name="PREF009B" time="19.465" classname="com.vrt.testcases.PreferencesTest"/>
  <system-out/>
  <testcase name="PREF007" time="20.962" classname="com.vrt.testcases.PreferencesTest"/>
  <system-out/>
  <testcase name="PREF009" time="26.775" classname="com.vrt.testcases.PreferencesTest"/>
  <system-out/>
  <testcase name="PREF002B" time="18.543" classname="com.vrt.testcases.PreferencesTest"/>
  <system-out/>
  <testcase name="PREF22" time="19.047" classname="com.vrt.testcases.PreferencesTest"/>
  <system-out/>
  <testcase name="PREF031" time="38.642" classname="com.vrt.testcases.PreferencesTest"/>
  <system-out/>
  <testcase name="PREF013" time="22.331" classname="com.vrt.testcases.PreferencesTest"/>
  <system-out/>
  <testcase name="PREF002" time="19.415" classname="com.vrt.testcases.PreferencesTest"/>
  <system-out/>
  <testcase name="PREF034" time="26.331" classname="com.vrt.testcases.PreferencesTest"/>
  <system-out/>
</testsuite> <!-- com.vrt.testcases.PreferencesTest -->
