<?xml version="1.0" encoding="UTF-8"?>
<!-- Generated by org.testng.reporters.JUnitReportReporter -->
<testsuite skipped="8" hostname="INAS-LP024" name="com.vrt.testcases.CopyAssetTest" tests="46" failures="4" timestamp="2021-08-07T19:57:10 IST" time="778.412" errors="0">
  <testcase name="CA007" time="15.279" classname="com.vrt.testcases.CopyAssetTest"/>
  <system-out/>
  <testcase name="CA003A" time="14.806" classname="com.vrt.testcases.CopyAssetTest"/>
  <system-out/>
  <testcase name="CA008" time="15.039" classname="com.vrt.testcases.CopyAssetTest"/>
  <system-out/>
  <testcase name="CA008B" time="15.829" classname="com.vrt.testcases.CopyAssetTest"/>
  <system-out/>
  <testcase name="CA007" time="14.797" classname="com.vrt.testcases.CopyAssetTest"/>
  <system-out/>
  <testcase name="CA005A" time="14.013" classname="com.vrt.testcases.CopyAssetTest"/>
  <system-out/>
  <testcase name="CA008" time="14.036" classname="com.vrt.testcases.CopyAssetTest"/>
  <system-out/>
  <testcase name="CA005" time="15.126" classname="com.vrt.testcases.CopyAssetTest">
    <skipped/>
  </testcase> <!-- CA005 -->
  <system-out/>
  <testcase name="CA007" time="14.624" classname="com.vrt.testcases.CopyAssetTest"/>
  <system-out/>
  <testcase name="CA004" time="16.443" classname="com.vrt.testcases.CopyAssetTest"/>
  <system-out/>
  <testcase name="CA005C" time="14.821" classname="com.vrt.testcases.CopyAssetTest"/>
  <system-out/>
  <testcase name="CA005" time="15.229" classname="com.vrt.testcases.CopyAssetTest">
    <skipped/>
  </testcase> <!-- CA005 -->
  <system-out/>
  <testcase name="CA005" time="14.787" classname="com.vrt.testcases.CopyAssetTest">
    <failure type="java.lang.AssertionError" message="The following asserts failed:
	FAIL: Alert message is not displayed expected [Asset name accepts alpha numeric and special characters like space, -,_ ,slash (forward and backward)] but found [New Asset ID  is mandatory, please enter New Asset ID ]">
      <![CDATA[java.lang.AssertionError: The following asserts failed:
FAIL: Alert message is not displayed expected [Asset name accepts alpha numeric and special characters like space, -,_ ,slash (forward and backward)] but found [New Asset ID  is mandatory, please enter New Asset ID ]
at org.testng.asserts.SoftAssert.assertAll(SoftAssert.java:47)
at org.testng.asserts.SoftAssert.assertAll(SoftAssert.java:31)
at com.vrt.testcases.CopyAssetTest.CA005(CopyAssetTest.java:309)
at sun.reflect.NativeMethodAccessorImpl.invoke0(Native Method)
at sun.reflect.NativeMethodAccessorImpl.invoke(NativeMethodAccessorImpl.java:62)
at sun.reflect.DelegatingMethodAccessorImpl.invoke(DelegatingMethodAccessorImpl.java:43)
at java.lang.reflect.Method.invoke(Method.java:498)
at org.testng.internal.MethodInvocationHelper.invokeMethod(MethodInvocationHelper.java:132)
at org.testng.internal.TestInvoker.invokeMethod(TestInvoker.java:599)
at org.testng.internal.TestInvoker.retryFailed(TestInvoker.java:214)
at org.testng.internal.MethodRunner.runInSequence(MethodRunner.java:58)
at org.testng.internal.TestInvoker$MethodInvocationAgent.invoke(TestInvoker.java:822)
at org.testng.internal.TestInvoker.invokeTestMethods(TestInvoker.java:147)
at org.testng.internal.TestMethodWorker.invokeTestMethods(TestMethodWorker.java:146)
at org.testng.internal.TestMethodWorker.run(TestMethodWorker.java:128)
at java.util.ArrayList.forEach(ArrayList.java:1257)
at org.testng.TestRunner.privateRun(TestRunner.java:764)
at org.testng.TestRunner.run(TestRunner.java:585)
at org.testng.SuiteRunner.runTest(SuiteRunner.java:384)
at org.testng.SuiteRunner.runSequentially(SuiteRunner.java:378)
at org.testng.SuiteRunner.privateRun(SuiteRunner.java:337)
at org.testng.SuiteRunner.run(SuiteRunner.java:286)
at org.testng.SuiteRunnerWorker.runSuite(SuiteRunnerWorker.java:53)
at org.testng.SuiteRunnerWorker.run(SuiteRunnerWorker.java:96)
at org.testng.TestNG.runSuitesSequentially(TestNG.java:1218)
at org.testng.TestNG.runSuitesLocally(TestNG.java:1140)
at org.testng.TestNG.runSuites(TestNG.java:1069)
at org.testng.TestNG.run(TestNG.java:1037)
at org.testng.remote.AbstractRemoteTestNG.run(AbstractRemoteTestNG.java:115)
at org.testng.remote.RemoteTestNG.initAndRun(RemoteTestNG.java:251)
at org.testng.remote.RemoteTestNG.main(RemoteTestNG.java:77)
]]>
    </failure>
  </testcase> <!-- CA005 -->
  <system-out/>
  <testcase name="CA004" time="15.185" classname="com.vrt.testcases.CopyAssetTest"/>
  <system-out/>
  <testcase name="CA004" time="14.719" classname="com.vrt.testcases.CopyAssetTest"/>
  <system-out/>
  <testcase name="CA005" time="14.150" classname="com.vrt.testcases.CopyAssetTest">
    <failure type="java.lang.AssertionError" message="The following asserts failed:
	FAIL: Alert message is not displayed expected [Asset name accepts alpha numeric and special characters like space, -,_ ,slash (forward and backward)] but found [New Asset ID  is mandatory, please enter New Asset ID ]">
      <![CDATA[java.lang.AssertionError: The following asserts failed:
FAIL: Alert message is not displayed expected [Asset name accepts alpha numeric and special characters like space, -,_ ,slash (forward and backward)] but found [New Asset ID  is mandatory, please enter New Asset ID ]
at org.testng.asserts.SoftAssert.assertAll(SoftAssert.java:47)
at org.testng.asserts.SoftAssert.assertAll(SoftAssert.java:31)
at com.vrt.testcases.CopyAssetTest.CA005(CopyAssetTest.java:309)
at sun.reflect.NativeMethodAccessorImpl.invoke0(Native Method)
at sun.reflect.NativeMethodAccessorImpl.invoke(NativeMethodAccessorImpl.java:62)
at sun.reflect.DelegatingMethodAccessorImpl.invoke(DelegatingMethodAccessorImpl.java:43)
at java.lang.reflect.Method.invoke(Method.java:498)
at org.testng.internal.MethodInvocationHelper.invokeMethod(MethodInvocationHelper.java:132)
at org.testng.internal.TestInvoker.invokeMethod(TestInvoker.java:599)
at org.testng.internal.TestInvoker.retryFailed(TestInvoker.java:214)
at org.testng.internal.MethodRunner.runInSequence(MethodRunner.java:58)
at org.testng.internal.TestInvoker$MethodInvocationAgent.invoke(TestInvoker.java:822)
at org.testng.internal.TestInvoker.invokeTestMethods(TestInvoker.java:147)
at org.testng.internal.TestMethodWorker.invokeTestMethods(TestMethodWorker.java:146)
at org.testng.internal.TestMethodWorker.run(TestMethodWorker.java:128)
at java.util.ArrayList.forEach(ArrayList.java:1257)
at org.testng.TestRunner.privateRun(TestRunner.java:764)
at org.testng.TestRunner.run(TestRunner.java:585)
at org.testng.SuiteRunner.runTest(SuiteRunner.java:384)
at org.testng.SuiteRunner.runSequentially(SuiteRunner.java:378)
at org.testng.SuiteRunner.privateRun(SuiteRunner.java:337)
at org.testng.SuiteRunner.run(SuiteRunner.java:286)
at org.testng.SuiteRunnerWorker.runSuite(SuiteRunnerWorker.java:53)
at org.testng.SuiteRunnerWorker.run(SuiteRunnerWorker.java:96)
at org.testng.TestNG.runSuitesSequentially(TestNG.java:1218)
at org.testng.TestNG.runSuitesLocally(TestNG.java:1140)
at org.testng.TestNG.runSuites(TestNG.java:1069)
at org.testng.TestNG.run(TestNG.java:1037)
at org.testng.remote.AbstractRemoteTestNG.run(AbstractRemoteTestNG.java:115)
at org.testng.remote.RemoteTestNG.initAndRun(RemoteTestNG.java:251)
at org.testng.remote.RemoteTestNG.main(RemoteTestNG.java:77)
]]>
    </failure>
  </testcase> <!-- CA005 -->
  <system-out/>
  <testcase name="CA007" time="14.714" classname="com.vrt.testcases.CopyAssetTest"/>
  <system-out/>
  <testcase name="CA004" time="14.746" classname="com.vrt.testcases.CopyAssetTest"/>
  <system-out/>
  <testcase name="CA001" time="12.857" classname="com.vrt.testcases.CopyAssetTest"/>
  <system-out/>
  <testcase name="CA002" time="37.175" classname="com.vrt.testcases.CopyAssetTest"/>
  <system-out/>
  <testcase name="CA005B" time="22.444" classname="com.vrt.testcases.CopyAssetTest"/>
  <system-out/>
  <testcase name="CA011" time="25.796" classname="com.vrt.testcases.CopyAssetTest"/>
  <system-out/>
  <testcase name="CA005" time="14.370" classname="com.vrt.testcases.CopyAssetTest">
    <failure type="java.lang.AssertionError" message="The following asserts failed:
	FAIL: Alert message is not displayed expected [Asset name accepts alpha numeric and special characters like space, -,_ ,slash (forward and backward)] but found [New Asset ID  is mandatory, please enter New Asset ID ]">
      <![CDATA[java.lang.AssertionError: The following asserts failed:
FAIL: Alert message is not displayed expected [Asset name accepts alpha numeric and special characters like space, -,_ ,slash (forward and backward)] but found [New Asset ID  is mandatory, please enter New Asset ID ]
at org.testng.asserts.SoftAssert.assertAll(SoftAssert.java:47)
at org.testng.asserts.SoftAssert.assertAll(SoftAssert.java:31)
at com.vrt.testcases.CopyAssetTest.CA005(CopyAssetTest.java:309)
at sun.reflect.NativeMethodAccessorImpl.invoke0(Native Method)
at sun.reflect.NativeMethodAccessorImpl.invoke(NativeMethodAccessorImpl.java:62)
at sun.reflect.DelegatingMethodAccessorImpl.invoke(DelegatingMethodAccessorImpl.java:43)
at java.lang.reflect.Method.invoke(Method.java:498)
at org.testng.internal.MethodInvocationHelper.invokeMethod(MethodInvocationHelper.java:132)
at org.testng.internal.TestInvoker.invokeMethod(TestInvoker.java:599)
at org.testng.internal.TestInvoker.retryFailed(TestInvoker.java:214)
at org.testng.internal.MethodRunner.runInSequence(MethodRunner.java:58)
at org.testng.internal.TestInvoker$MethodInvocationAgent.invoke(TestInvoker.java:822)
at org.testng.internal.TestInvoker.invokeTestMethods(TestInvoker.java:147)
at org.testng.internal.TestMethodWorker.invokeTestMethods(TestMethodWorker.java:146)
at org.testng.internal.TestMethodWorker.run(TestMethodWorker.java:128)
at java.util.ArrayList.forEach(ArrayList.java:1257)
at org.testng.TestRunner.privateRun(TestRunner.java:764)
at org.testng.TestRunner.run(TestRunner.java:585)
at org.testng.SuiteRunner.runTest(SuiteRunner.java:384)
at org.testng.SuiteRunner.runSequentially(SuiteRunner.java:378)
at org.testng.SuiteRunner.privateRun(SuiteRunner.java:337)
at org.testng.SuiteRunner.run(SuiteRunner.java:286)
at org.testng.SuiteRunnerWorker.runSuite(SuiteRunnerWorker.java:53)
at org.testng.SuiteRunnerWorker.run(SuiteRunnerWorker.java:96)
at org.testng.TestNG.runSuitesSequentially(TestNG.java:1218)
at org.testng.TestNG.runSuitesLocally(TestNG.java:1140)
at org.testng.TestNG.runSuites(TestNG.java:1069)
at org.testng.TestNG.run(TestNG.java:1037)
at org.testng.remote.AbstractRemoteTestNG.run(AbstractRemoteTestNG.java:115)
at org.testng.remote.RemoteTestNG.initAndRun(RemoteTestNG.java:251)
at org.testng.remote.RemoteTestNG.main(RemoteTestNG.java:77)
]]>
    </failure>
  </testcase> <!-- CA005 -->
  <system-out/>
  <testcase name="CA016" time="23.437" classname="com.vrt.testcases.CopyAssetTest"/>
  <system-out/>
  <testcase name="CA007" time="14.885" classname="com.vrt.testcases.CopyAssetTest"/>
  <system-out/>
  <testcase name="CA004" time="15.569" classname="com.vrt.testcases.CopyAssetTest"/>
  <system-out/>
  <testcase name="CA008" time="15.312" classname="com.vrt.testcases.CopyAssetTest"/>
  <system-out/>
  <testcase name="CA013" time="28.217" classname="com.vrt.testcases.CopyAssetTest"/>
  <system-out/>
  <testcase name="CA005" time="15.216" classname="com.vrt.testcases.CopyAssetTest">
    <skipped/>
  </testcase> <!-- CA005 -->
  <system-out/>
  <testcase name="CA004" time="14.907" classname="com.vrt.testcases.CopyAssetTest"/>
  <system-out/>
  <testcase name="CA007" time="14.343" classname="com.vrt.testcases.CopyAssetTest"/>
  <system-out/>
  <testcase name="CA007" time="15.191" classname="com.vrt.testcases.CopyAssetTest"/>
  <system-out/>
  <testcase name="CA008A" time="14.380" classname="com.vrt.testcases.CopyAssetTest"/>
  <system-out/>
  <testcase name="CA005" time="14.363" classname="com.vrt.testcases.CopyAssetTest">
    <skipped/>
  </testcase> <!-- CA005 -->
  <system-out/>
  <testcase name="CA005" time="15.182" classname="com.vrt.testcases.CopyAssetTest">
    <skipped/>
  </testcase> <!-- CA005 -->
  <system-out/>
  <testcase name="CA015" time="24.158" classname="com.vrt.testcases.CopyAssetTest"/>
  <system-out/>
  <testcase name="CA009" time="24.410" classname="com.vrt.testcases.CopyAssetTest"/>
  <system-out/>
  <testcase name="CA010" time="16.873" classname="com.vrt.testcases.CopyAssetTest"/>
  <system-out/>
  <testcase name="CA012" time="26.461" classname="com.vrt.testcases.CopyAssetTest"/>
  <system-out/>
  <testcase name="CA004" time="14.579" classname="com.vrt.testcases.CopyAssetTest"/>
  <system-out/>
  <testcase name="CA005" time="15.070" classname="com.vrt.testcases.CopyAssetTest">
    <failure type="java.lang.AssertionError" message="The following asserts failed:
	FAIL: Alert message is not displayed expected [Asset name accepts alpha numeric and special characters like space, -,_ ,slash (forward and backward)] but found [New Asset ID  is mandatory, please enter New Asset ID ]">
      <![CDATA[java.lang.AssertionError: The following asserts failed:
FAIL: Alert message is not displayed expected [Asset name accepts alpha numeric and special characters like space, -,_ ,slash (forward and backward)] but found [New Asset ID  is mandatory, please enter New Asset ID ]
at org.testng.asserts.SoftAssert.assertAll(SoftAssert.java:47)
at org.testng.asserts.SoftAssert.assertAll(SoftAssert.java:31)
at com.vrt.testcases.CopyAssetTest.CA005(CopyAssetTest.java:309)
at sun.reflect.NativeMethodAccessorImpl.invoke0(Native Method)
at sun.reflect.NativeMethodAccessorImpl.invoke(NativeMethodAccessorImpl.java:62)
at sun.reflect.DelegatingMethodAccessorImpl.invoke(DelegatingMethodAccessorImpl.java:43)
at java.lang.reflect.Method.invoke(Method.java:498)
at org.testng.internal.MethodInvocationHelper.invokeMethod(MethodInvocationHelper.java:132)
at org.testng.internal.TestInvoker.invokeMethod(TestInvoker.java:599)
at org.testng.internal.TestInvoker.retryFailed(TestInvoker.java:214)
at org.testng.internal.MethodRunner.runInSequence(MethodRunner.java:58)
at org.testng.internal.TestInvoker$MethodInvocationAgent.invoke(TestInvoker.java:822)
at org.testng.internal.TestInvoker.invokeTestMethods(TestInvoker.java:147)
at org.testng.internal.TestMethodWorker.invokeTestMethods(TestMethodWorker.java:146)
at org.testng.internal.TestMethodWorker.run(TestMethodWorker.java:128)
at java.util.ArrayList.forEach(ArrayList.java:1257)
at org.testng.TestRunner.privateRun(TestRunner.java:764)
at org.testng.TestRunner.run(TestRunner.java:585)
at org.testng.SuiteRunner.runTest(SuiteRunner.java:384)
at org.testng.SuiteRunner.runSequentially(SuiteRunner.java:378)
at org.testng.SuiteRunner.privateRun(SuiteRunner.java:337)
at org.testng.SuiteRunner.run(SuiteRunner.java:286)
at org.testng.SuiteRunnerWorker.runSuite(SuiteRunnerWorker.java:53)
at org.testng.SuiteRunnerWorker.run(SuiteRunnerWorker.java:96)
at org.testng.TestNG.runSuitesSequentially(TestNG.java:1218)
at org.testng.TestNG.runSuitesLocally(TestNG.java:1140)
at org.testng.TestNG.runSuites(TestNG.java:1069)
at org.testng.TestNG.run(TestNG.java:1037)
at org.testng.remote.AbstractRemoteTestNG.run(AbstractRemoteTestNG.java:115)
at org.testng.remote.RemoteTestNG.initAndRun(RemoteTestNG.java:251)
at org.testng.remote.RemoteTestNG.main(RemoteTestNG.java:77)
]]>
    </failure>
  </testcase> <!-- CA005 -->
  <system-out/>
  <testcase name="CA005" time="14.032" classname="com.vrt.testcases.CopyAssetTest">
    <skipped/>
  </testcase> <!-- CA005 -->
  <system-out/>
  <testcase name="CA006" time="14.759" classname="com.vrt.testcases.CopyAssetTest"/>
  <system-out/>
  <testcase name="CA005" time="14.474" classname="com.vrt.testcases.CopyAssetTest">
    <skipped/>
  </testcase> <!-- CA005 -->
  <system-out/>
  <testcase name="CA005" time="14.618" classname="com.vrt.testcases.CopyAssetTest">
    <skipped/>
  </testcase> <!-- CA005 -->
  <system-out/>
  <testcase name="CA008" time="16.991" classname="com.vrt.testcases.CopyAssetTest"/>
  <system-out/>
</testsuite> <!-- com.vrt.testcases.CopyAssetTest -->
