<?xml version="1.0" encoding="UTF-8"?>
<!-- Generated by org.testng.reporters.JUnitReportReporter -->
<testsuite skipped="0" hostname="INAS-LP024" name="com.vrt.testcases.assetHubTest" tests="12" failures="2" timestamp="2021-08-07T20:37:00 IST" time="222.837" errors="0">
  <testcase name="ASSTHB005" time="10.454" classname="com.vrt.testcases.assetHubTest"/>
  <system-out/>
  <testcase name="ASSTHB007" time="9.522" classname="com.vrt.testcases.assetHubTest"/>
  <system-out/>
  <testcase name="ASSTHB008" time="27.956" classname="com.vrt.testcases.assetHubTest"/>
  <system-out/>
  <testcase name="ASSTHB009" time="29.509" classname="com.vrt.testcases.assetHubTest"/>
  <system-out/>
  <testcase name="ASSTHB006b" time="31.278" classname="com.vrt.testcases.assetHubTest"/>
  <system-out/>
  <testcase name="ASSTHB002" time="7.734" classname="com.vrt.testcases.assetHubTest">
    <failure type="java.lang.AssertionError" message="The following asserts failed:
	FAIL: TC-ASST002 -Already assets present in the system which suggests its not an Fresh Installation may have been upgraded expected [0] but found [2]">
      <![CDATA[java.lang.AssertionError: The following asserts failed:
FAIL: TC-ASST002 -Already assets present in the system which suggests its not an Fresh Installation may have been upgraded expected [0] but found [2]
at org.testng.asserts.SoftAssert.assertAll(SoftAssert.java:47)
at org.testng.asserts.SoftAssert.assertAll(SoftAssert.java:31)
at com.vrt.testcases.assetHubTest.ASSTHB002(assetHubTest.java:177)
at sun.reflect.NativeMethodAccessorImpl.invoke0(Native Method)
at sun.reflect.NativeMethodAccessorImpl.invoke(NativeMethodAccessorImpl.java:62)
at sun.reflect.DelegatingMethodAccessorImpl.invoke(DelegatingMethodAccessorImpl.java:43)
at java.lang.reflect.Method.invoke(Method.java:498)
at org.testng.internal.MethodInvocationHelper.invokeMethod(MethodInvocationHelper.java:132)
at org.testng.internal.TestInvoker.invokeMethod(TestInvoker.java:599)
at org.testng.internal.TestInvoker.invokeTestMethod(TestInvoker.java:174)
at org.testng.internal.MethodRunner.runInSequence(MethodRunner.java:46)
at org.testng.internal.TestInvoker$MethodInvocationAgent.invoke(TestInvoker.java:822)
at org.testng.internal.TestInvoker.invokeTestMethods(TestInvoker.java:147)
at org.testng.internal.TestMethodWorker.invokeTestMethods(TestMethodWorker.java:146)
at org.testng.internal.TestMethodWorker.run(TestMethodWorker.java:128)
at java.util.ArrayList.forEach(ArrayList.java:1257)
at org.testng.TestRunner.privateRun(TestRunner.java:764)
at org.testng.TestRunner.run(TestRunner.java:585)
at org.testng.SuiteRunner.runTest(SuiteRunner.java:384)
at org.testng.SuiteRunner.runSequentially(SuiteRunner.java:378)
at org.testng.SuiteRunner.privateRun(SuiteRunner.java:337)
at org.testng.SuiteRunner.run(SuiteRunner.java:286)
at org.testng.SuiteRunnerWorker.runSuite(SuiteRunnerWorker.java:53)
at org.testng.SuiteRunnerWorker.run(SuiteRunnerWorker.java:96)
at org.testng.TestNG.runSuitesSequentially(TestNG.java:1218)
at org.testng.TestNG.runSuitesLocally(TestNG.java:1140)
at org.testng.TestNG.runSuites(TestNG.java:1069)
at org.testng.TestNG.run(TestNG.java:1037)
at org.testng.remote.AbstractRemoteTestNG.run(AbstractRemoteTestNG.java:115)
at org.testng.remote.RemoteTestNG.initAndRun(RemoteTestNG.java:251)
at org.testng.remote.RemoteTestNG.main(RemoteTestNG.java:77)
]]>
    </failure>
  </testcase> <!-- ASSTHB002 -->
  <system-out/>
  <testcase name="ASSTHB003" time="7.874" classname="com.vrt.testcases.assetHubTest"/>
  <system-out/>
  <testcase name="ASSTHB004" time="7.816" classname="com.vrt.testcases.assetHubTest"/>
  <system-out/>
  <testcase name="ASSTHB006a" time="33.415" classname="com.vrt.testcases.assetHubTest">
    <failure type="java.lang.AssertionError" message="The following asserts failed:
	FAIL: Search Asset not found expected [1] but found [3]">
      <![CDATA[java.lang.AssertionError: The following asserts failed:
FAIL: Search Asset not found expected [1] but found [3]
at org.testng.asserts.SoftAssert.assertAll(SoftAssert.java:47)
at org.testng.asserts.SoftAssert.assertAll(SoftAssert.java:31)
at com.vrt.testcases.assetHubTest.ASSTHB006a(assetHubTest.java:263)
at sun.reflect.NativeMethodAccessorImpl.invoke0(Native Method)
at sun.reflect.NativeMethodAccessorImpl.invoke(NativeMethodAccessorImpl.java:62)
at sun.reflect.DelegatingMethodAccessorImpl.invoke(DelegatingMethodAccessorImpl.java:43)
at java.lang.reflect.Method.invoke(Method.java:498)
at org.testng.internal.MethodInvocationHelper.invokeMethod(MethodInvocationHelper.java:132)
at org.testng.internal.TestInvoker.invokeMethod(TestInvoker.java:599)
at org.testng.internal.TestInvoker.invokeTestMethod(TestInvoker.java:174)
at org.testng.internal.MethodRunner.runInSequence(MethodRunner.java:46)
at org.testng.internal.TestInvoker$MethodInvocationAgent.invoke(TestInvoker.java:822)
at org.testng.internal.TestInvoker.invokeTestMethods(TestInvoker.java:147)
at org.testng.internal.TestMethodWorker.invokeTestMethods(TestMethodWorker.java:146)
at org.testng.internal.TestMethodWorker.run(TestMethodWorker.java:128)
at java.util.ArrayList.forEach(ArrayList.java:1257)
at org.testng.TestRunner.privateRun(TestRunner.java:764)
at org.testng.TestRunner.run(TestRunner.java:585)
at org.testng.SuiteRunner.runTest(SuiteRunner.java:384)
at org.testng.SuiteRunner.runSequentially(SuiteRunner.java:378)
at org.testng.SuiteRunner.privateRun(SuiteRunner.java:337)
at org.testng.SuiteRunner.run(SuiteRunner.java:286)
at org.testng.SuiteRunnerWorker.runSuite(SuiteRunnerWorker.java:53)
at org.testng.SuiteRunnerWorker.run(SuiteRunnerWorker.java:96)
at org.testng.TestNG.runSuitesSequentially(TestNG.java:1218)
at org.testng.TestNG.runSuitesLocally(TestNG.java:1140)
at org.testng.TestNG.runSuites(TestNG.java:1069)
at org.testng.TestNG.run(TestNG.java:1037)
at org.testng.remote.AbstractRemoteTestNG.run(AbstractRemoteTestNG.java:115)
at org.testng.remote.RemoteTestNG.initAndRun(RemoteTestNG.java:251)
at org.testng.remote.RemoteTestNG.main(RemoteTestNG.java:77)
]]>
    </failure>
  </testcase> <!-- ASSTHB006a -->
  <system-out/>
  <testcase name="ASSTHB001" time="7.756" classname="com.vrt.testcases.assetHubTest"/>
  <system-out/>
  <testcase name="ASSTHB010" time="38.163" classname="com.vrt.testcases.assetHubTest"/>
  <system-out/>
  <testcase name="ASSTHB011" time="11.360" classname="com.vrt.testcases.assetHubTest"/>
  <system-out/>
</testsuite> <!-- com.vrt.testcases.assetHubTest -->
