<?xml version="1.0" encoding="UTF-8"?>
<!-- Generated by org.testng.reporters.JUnitReportReporter -->
<testsuite skipped="3" hostname="INAS-LP024" name="com.vrt.testcases.setup_CalculationTest" tests="62" failures="1" timestamp="2021-08-08T05:06:43 IST" time="1779.129" errors="0">
  <testcase name="CAL012" time="28.819" classname="com.vrt.testcases.setup_CalculationTest"/>
  <system-out/>
  <testcase name="CAL001" time="26.191" classname="com.vrt.testcases.setup_CalculationTest"/>
  <system-out/>
  <testcase name="CAL030" time="40.143" classname="com.vrt.testcases.setup_CalculationTest"/>
  <system-out/>
  <testcase name="CAL008B" time="26.594" classname="com.vrt.testcases.setup_CalculationTest"/>
  <system-out/>
  <testcase name="CAL018A" time="28.702" classname="com.vrt.testcases.setup_CalculationTest"/>
  <system-out/>
  <testcase name="CAL038" time="27.916" classname="com.vrt.testcases.setup_CalculationTest"/>
  <system-out/>
  <testcase name="CAL010" time="30.939" classname="com.vrt.testcases.setup_CalculationTest"/>
  <system-out/>
  <testcase name="CAL044" time="26.976" classname="com.vrt.testcases.setup_CalculationTest">
    <skipped/>
  </testcase> <!-- CAL044 -->
  <system-out/>
  <testcase name="CAL016A" time="26.927" classname="com.vrt.testcases.setup_CalculationTest"/>
  <system-out/>
  <testcase name="CAL008" time="26.888" classname="com.vrt.testcases.setup_CalculationTest"/>
  <system-out/>
  <testcase name="CAL007" time="28.702" classname="com.vrt.testcases.setup_CalculationTest"/>
  <system-out/>
  <testcase name="CAL034" time="26.381" classname="com.vrt.testcases.setup_CalculationTest"/>
  <system-out/>
  <testcase name="CAL018A" time="28.925" classname="com.vrt.testcases.setup_CalculationTest"/>
  <system-out/>
  <testcase name="CAL044" time="27.650" classname="com.vrt.testcases.setup_CalculationTest">
    <failure type="java.lang.AssertionError" message="The following asserts failed:
	FAIL: Incorrect SW version &amp; Console IP adress displayed in About window expected [1.2.0.15] but found [1.2.0.19],
	FAIL: Incorrect SW version &amp; Console IP adress displayed in About window expected [127.0.0.1] but found []">
      <![CDATA[java.lang.AssertionError: The following asserts failed:
FAIL: Incorrect SW version & Console IP adress displayed in About window expected [1.2.0.15] but found [1.2.0.19],
FAIL: Incorrect SW version & Console IP adress displayed in About window expected [127.0.0.1] but found []
at org.testng.asserts.SoftAssert.assertAll(SoftAssert.java:47)
at org.testng.asserts.SoftAssert.assertAll(SoftAssert.java:31)
at com.vrt.testcases.setup_CalculationTest.CAL044(setup_CalculationTest.java:1010)
at sun.reflect.NativeMethodAccessorImpl.invoke0(Native Method)
at sun.reflect.NativeMethodAccessorImpl.invoke(NativeMethodAccessorImpl.java:62)
at sun.reflect.DelegatingMethodAccessorImpl.invoke(DelegatingMethodAccessorImpl.java:43)
at java.lang.reflect.Method.invoke(Method.java:498)
at org.testng.internal.MethodInvocationHelper.invokeMethod(MethodInvocationHelper.java:132)
at org.testng.internal.TestInvoker.invokeMethod(TestInvoker.java:599)
at org.testng.internal.TestInvoker.retryFailed(TestInvoker.java:214)
at org.testng.internal.MethodRunner.runInSequence(MethodRunner.java:58)
at org.testng.internal.TestInvoker$MethodInvocationAgent.invoke(TestInvoker.java:822)
at org.testng.internal.TestInvoker.invokeTestMethods(TestInvoker.java:147)
at org.testng.internal.TestMethodWorker.invokeTestMethods(TestMethodWorker.java:146)
at org.testng.internal.TestMethodWorker.run(TestMethodWorker.java:128)
at java.util.ArrayList.forEach(ArrayList.java:1257)
at org.testng.TestRunner.privateRun(TestRunner.java:764)
at org.testng.TestRunner.run(TestRunner.java:585)
at org.testng.SuiteRunner.runTest(SuiteRunner.java:384)
at org.testng.SuiteRunner.runSequentially(SuiteRunner.java:378)
at org.testng.SuiteRunner.privateRun(SuiteRunner.java:337)
at org.testng.SuiteRunner.run(SuiteRunner.java:286)
at org.testng.SuiteRunnerWorker.runSuite(SuiteRunnerWorker.java:53)
at org.testng.SuiteRunnerWorker.run(SuiteRunnerWorker.java:96)
at org.testng.TestNG.runSuitesSequentially(TestNG.java:1218)
at org.testng.TestNG.runSuitesLocally(TestNG.java:1140)
at org.testng.TestNG.runSuites(TestNG.java:1069)
at org.testng.TestNG.run(TestNG.java:1037)
at org.testng.remote.AbstractRemoteTestNG.run(AbstractRemoteTestNG.java:115)
at org.testng.remote.RemoteTestNG.initAndRun(RemoteTestNG.java:251)
at org.testng.remote.RemoteTestNG.main(RemoteTestNG.java:77)
]]>
    </failure>
  </testcase> <!-- CAL044 -->
  <system-out/>
  <testcase name="CAL009" time="26.030" classname="com.vrt.testcases.setup_CalculationTest"/>
  <system-out/>
  <testcase name="CAL003" time="26.016" classname="com.vrt.testcases.setup_CalculationTest"/>
  <system-out/>
  <testcase name="CAL032" time="44.163" classname="com.vrt.testcases.setup_CalculationTest"/>
  <system-out/>
  <testcase name="CAL008A" time="27.088" classname="com.vrt.testcases.setup_CalculationTest"/>
  <system-out/>
  <testcase name="CAL006B" time="26.924" classname="com.vrt.testcases.setup_CalculationTest"/>
  <system-out/>
  <testcase name="CAL011A" time="30.753" classname="com.vrt.testcases.setup_CalculationTest"/>
  <system-out/>
  <testcase name="CAL018A" time="28.824" classname="com.vrt.testcases.setup_CalculationTest"/>
  <system-out/>
  <testcase name="CAL015" time="26.855" classname="com.vrt.testcases.setup_CalculationTest"/>
  <system-out/>
  <testcase name="CAL018C" time="26.797" classname="com.vrt.testcases.setup_CalculationTest"/>
  <system-out/>
  <testcase name="CAL018D" time="26.989" classname="com.vrt.testcases.setup_CalculationTest"/>
  <system-out/>
  <testcase name="CAL002" time="26.016" classname="com.vrt.testcases.setup_CalculationTest"/>
  <system-out/>
  <testcase name="CAL029" time="32.932" classname="com.vrt.testcases.setup_CalculationTest"/>
  <system-out/>
  <testcase name="CAL019" time="26.174" classname="com.vrt.testcases.setup_CalculationTest"/>
  <system-out/>
  <testcase name="CAL008" time="27.038" classname="com.vrt.testcases.setup_CalculationTest"/>
  <system-out/>
  <testcase name="CAL012" time="28.987" classname="com.vrt.testcases.setup_CalculationTest"/>
  <system-out/>
  <testcase name="CAL014" time="25.790" classname="com.vrt.testcases.setup_CalculationTest"/>
  <system-out/>
  <testcase name="CAL037" time="26.927" classname="com.vrt.testcases.setup_CalculationTest"/>
  <system-out/>
  <testcase name="CAL033" time="47.205" classname="com.vrt.testcases.setup_CalculationTest"/>
  <system-out/>
  <testcase name="CAL031" time="30.210" classname="com.vrt.testcases.setup_CalculationTest"/>
  <system-out/>
  <testcase name="CAL018A" time="28.992" classname="com.vrt.testcases.setup_CalculationTest"/>
  <system-out/>
  <testcase name="CAL016B" time="26.841" classname="com.vrt.testcases.setup_CalculationTest"/>
  <system-out/>
  <testcase name="CAL017" time="29.081" classname="com.vrt.testcases.setup_CalculationTest"/>
  <system-out/>
  <testcase name="CAL045" time="44.279" classname="com.vrt.testcases.setup_CalculationTest"/>
  <system-out/>
  <testcase name="CAL007" time="29.135" classname="com.vrt.testcases.setup_CalculationTest"/>
  <system-out/>
  <testcase name="CAL018A" time="28.919" classname="com.vrt.testcases.setup_CalculationTest"/>
  <system-out/>
  <testcase name="CAL008" time="26.937" classname="com.vrt.testcases.setup_CalculationTest"/>
  <system-out/>
  <testcase name="CAL017" time="29.042" classname="com.vrt.testcases.setup_CalculationTest"/>
  <system-out/>
  <testcase name="CAL011B" time="29.940" classname="com.vrt.testcases.setup_CalculationTest"/>
  <system-out/>
  <testcase name="CAL012" time="28.814" classname="com.vrt.testcases.setup_CalculationTest"/>
  <system-out/>
  <testcase name="CAL039" time="28.751" classname="com.vrt.testcases.setup_CalculationTest"/>
  <system-out/>
  <testcase name="CAL040" time="26.407" classname="com.vrt.testcases.setup_CalculationTest"/>
  <system-out/>
  <testcase name="CAL041" time="28.003" classname="com.vrt.testcases.setup_CalculationTest"/>
  <system-out/>
  <testcase name="CAL044" time="27.060" classname="com.vrt.testcases.setup_CalculationTest">
    <skipped/>
  </testcase> <!-- CAL044 -->
  <system-out/>
  <testcase name="CAL012" time="29.102" classname="com.vrt.testcases.setup_CalculationTest"/>
  <system-out/>
  <testcase name="CAL018A" time="28.793" classname="com.vrt.testcases.setup_CalculationTest"/>
  <system-out/>
  <testcase name="CAL042" time="27.013" classname="com.vrt.testcases.setup_CalculationTest"/>
  <system-out/>
  <testcase name="CAL008" time="27.495" classname="com.vrt.testcases.setup_CalculationTest"/>
  <system-out/>
  <testcase name="CAL008" time="26.948" classname="com.vrt.testcases.setup_CalculationTest"/>
  <system-out/>
  <testcase name="CAL004" time="26.137" classname="com.vrt.testcases.setup_CalculationTest"/>
  <system-out/>
  <testcase name="CAL018B" time="29.316" classname="com.vrt.testcases.setup_CalculationTest"/>
  <system-out/>
  <testcase name="CAL018A" time="29.155" classname="com.vrt.testcases.setup_CalculationTest"/>
  <system-out/>
  <testcase name="CAL035" time="26.995" classname="com.vrt.testcases.setup_CalculationTest"/>
  <system-out/>
  <testcase name="CAL005" time="27.016" classname="com.vrt.testcases.setup_CalculationTest"/>
  <system-out/>
  <testcase name="CAL007" time="28.672" classname="com.vrt.testcases.setup_CalculationTest"/>
  <system-out/>
  <testcase name="CAL036" time="40.861" classname="com.vrt.testcases.setup_CalculationTest"/>
  <system-out/>
  <testcase name="CAL006A" time="27.017" classname="com.vrt.testcases.setup_CalculationTest"/>
  <system-out/>
  <testcase name="CAL007" time="28.937" classname="com.vrt.testcases.setup_CalculationTest"/>
  <system-out/>
  <testcase name="CAL013" time="0.000" classname="com.vrt.testcases.setup_CalculationTest">
    <skipped/>
  </testcase> <!-- CAL013 -->
  <system-out/>
</testsuite> <!-- com.vrt.testcases.setup_CalculationTest -->
