<?xml version="1.0" encoding="UTF-8"?>
<!-- Generated by org.testng.reporters.JUnitReportReporter -->
<testsuite skipped="4" hostname="INAS-LP024" name="com.vrt.testcases.assetCreationTest" tests="301" failures="0" timestamp="2021-08-07T19:57:10 IST" time="10257.782" errors="3">
  <testcase name="ASST06" time="30.101" classname="com.vrt.testcases.assetCreationTest"/>
  <system-out/>
  <testcase name="ASST07" time="22.517" classname="com.vrt.testcases.assetCreationTest"/>
  <system-out/>
  <testcase name="ASST22" time="30.490" classname="com.vrt.testcases.assetCreationTest"/>
  <system-out/>
  <testcase name="ASST10" time="28.926" classname="com.vrt.testcases.assetCreationTest"/>
  <system-out/>
  <testcase name="ASST19" time="28.900" classname="com.vrt.testcases.assetCreationTest"/>
  <system-out/>
  <testcase name="ASST02" time="27.560" classname="com.vrt.testcases.assetCreationTest"/>
  <system-out/>
  <testcase name="ASST29" time="30.304" classname="com.vrt.testcases.assetCreationTest"/>
  <system-out/>
  <testcase name="ASST36" time="137.520" classname="com.vrt.testcases.assetCreationTest"/>
  <system-out/>
  <testcase name="ASST18" time="28.939" classname="com.vrt.testcases.assetCreationTest"/>
  <system-out/>
  <testcase name="ASST122a" time="30.226" classname="com.vrt.testcases.assetCreationTest"/>
  <system-out/>
  <testcase name="ASST28" time="30.880" classname="com.vrt.testcases.assetCreationTest"/>
  <system-out/>
  <testcase name="ASST06" time="29.844" classname="com.vrt.testcases.assetCreationTest"/>
  <system-out/>
  <testcase name="ASST10" time="30.304" classname="com.vrt.testcases.assetCreationTest"/>
  <system-out/>
  <testcase name="ASST25" time="31.277" classname="com.vrt.testcases.assetCreationTest"/>
  <system-out/>
  <testcase name="ASST28" time="30.936" classname="com.vrt.testcases.assetCreationTest"/>
  <system-out/>
  <testcase name="ASST06" time="22.127" classname="com.vrt.testcases.assetCreationTest"/>
  <system-out/>
  <testcase name="ASST02" time="29.607" classname="com.vrt.testcases.assetCreationTest"/>
  <system-out/>
  <testcase name="ASST45" time="109.869" classname="com.vrt.testcases.assetCreationTest"/>
  <system-out/>
  <testcase name="ASST22" time="30.111" classname="com.vrt.testcases.assetCreationTest"/>
  <system-out/>
  <testcase name="ASST14a" time="30.054" classname="com.vrt.testcases.assetCreationTest"/>
  <system-out/>
  <testcase name="ASST16" time="44.098" classname="com.vrt.testcases.assetCreationTest"/>
  <system-out/>
  <testcase name="ASST17" time="28.904" classname="com.vrt.testcases.assetCreationTest"/>
  <system-out/>
  <testcase name="ASST02" time="29.716" classname="com.vrt.testcases.assetCreationTest"/>
  <system-out/>
  <testcase name="ASST09" time="28.951" classname="com.vrt.testcases.assetCreationTest"/>
  <system-out/>
  <testcase name="ASST24" time="30.681" classname="com.vrt.testcases.assetCreationTest"/>
  <system-out/>
  <testcase name="ASST24" time="28.598" classname="com.vrt.testcases.assetCreationTest"/>
  <system-out/>
  <testcase name="ASST122a" time="31.356" classname="com.vrt.testcases.assetCreationTest"/>
  <system-out/>
  <testcase name="ASST10" time="29.517" classname="com.vrt.testcases.assetCreationTest"/>
  <system-out/>
  <testcase name="ASST18" time="29.001" classname="com.vrt.testcases.assetCreationTest"/>
  <system-out/>
  <testcase name="ASST19" time="29.061" classname="com.vrt.testcases.assetCreationTest"/>
  <system-out/>
  <testcase name="ASST28" time="31.480" classname="com.vrt.testcases.assetCreationTest"/>
  <system-out/>
  <testcase name="ASST25" time="31.503" classname="com.vrt.testcases.assetCreationTest"/>
  <system-out/>
  <testcase name="ASST25" time="30.130" classname="com.vrt.testcases.assetCreationTest"/>
  <system-out/>
  <testcase name="ASST25" time="31.541" classname="com.vrt.testcases.assetCreationTest"/>
  <system-out/>
  <testcase name="ASST18" time="22.350" classname="com.vrt.testcases.assetCreationTest"/>
  <system-out/>
  <testcase name="ASST20" time="25.707" classname="com.vrt.testcases.assetCreationTest"/>
  <system-out/>
  <testcase name="ASST22" time="31.077" classname="com.vrt.testcases.assetCreationTest"/>
  <system-out/>
  <testcase name="ASST122a" time="24.021" classname="com.vrt.testcases.assetCreationTest"/>
  <system-out/>
  <testcase name="ASST24" time="30.772" classname="com.vrt.testcases.assetCreationTest"/>
  <system-out/>
  <testcase name="ASST122a" time="31.078" classname="com.vrt.testcases.assetCreationTest"/>
  <system-out/>
  <testcase name="ASST10" time="27.593" classname="com.vrt.testcases.assetCreationTest"/>
  <system-out/>
  <testcase name="ASST09" time="30.284" classname="com.vrt.testcases.assetCreationTest"/>
  <system-out/>
  <testcase name="ASST29" time="31.513" classname="com.vrt.testcases.assetCreationTest"/>
  <system-out/>
  <testcase name="ASST22" time="30.822" classname="com.vrt.testcases.assetCreationTest"/>
  <system-out/>
  <testcase name="ASST122a" time="29.458" classname="com.vrt.testcases.assetCreationTest"/>
  <system-out/>
  <testcase name="ASST122a" time="30.524" classname="com.vrt.testcases.assetCreationTest"/>
  <system-out/>
  <testcase name="ASST29" time="32.151" classname="com.vrt.testcases.assetCreationTest"/>
  <system-out/>
  <testcase name="ASST05" time="28.372" classname="com.vrt.testcases.assetCreationTest"/>
  <system-out/>
  <testcase name="ASST29" time="30.117" classname="com.vrt.testcases.assetCreationTest"/>
  <system-out/>
  <testcase name="ASST22" time="30.929" classname="com.vrt.testcases.assetCreationTest"/>
  <system-out/>
  <testcase name="ASST122a" time="28.981" classname="com.vrt.testcases.assetCreationTest"/>
  <system-out/>
  <testcase name="ASST122a" time="27.910" classname="com.vrt.testcases.assetCreationTest"/>
  <system-out/>
  <testcase name="ASST18" time="29.200" classname="com.vrt.testcases.assetCreationTest"/>
  <system-out/>
  <testcase name="ASST30b" time="80.341" classname="com.vrt.testcases.assetCreationTest"/>
  <system-out/>
  <testcase name="ASST31b" time="44.289" classname="com.vrt.testcases.assetCreationTest"/>
  <system-out/>
  <testcase name="ASST29" time="31.691" classname="com.vrt.testcases.assetCreationTest"/>
  <system-out/>
  <testcase name="ASST10" time="28.539" classname="com.vrt.testcases.assetCreationTest"/>
  <system-out/>
  <testcase name="ASST19" time="29.776" classname="com.vrt.testcases.assetCreationTest"/>
  <system-out/>
  <testcase name="ASST14a" time="27.870" classname="com.vrt.testcases.assetCreationTest"/>
  <system-out/>
  <testcase name="ASST22" time="31.342" classname="com.vrt.testcases.assetCreationTest"/>
  <system-out/>
  <testcase name="ASST02" time="27.067" classname="com.vrt.testcases.assetCreationTest"/>
  <system-out/>
  <testcase name="ASST22" time="23.619" classname="com.vrt.testcases.assetCreationTest"/>
  <system-out/>
  <testcase name="ASST22" time="28.696" classname="com.vrt.testcases.assetCreationTest"/>
  <system-out/>
  <testcase name="ASST122a" time="30.682" classname="com.vrt.testcases.assetCreationTest"/>
  <system-out/>
  <testcase name="ASST19" time="28.514" classname="com.vrt.testcases.assetCreationTest"/>
  <system-out/>
  <testcase name="ASST37" time="146.966" classname="com.vrt.testcases.assetCreationTest">
    <skipped/>
  </testcase> <!-- ASST37 -->
  <system-out/>
  <testcase name="ASST06" time="31.079" classname="com.vrt.testcases.assetCreationTest"/>
  <system-out/>
  <testcase name="ASST06" time="28.690" classname="com.vrt.testcases.assetCreationTest"/>
  <system-out/>
  <testcase name="ASST25" time="29.927" classname="com.vrt.testcases.assetCreationTest"/>
  <system-out/>
  <testcase name="ASST01" time="25.237" classname="com.vrt.testcases.assetCreationTest"/>
  <system-out/>
  <testcase name="ASST02" time="29.774" classname="com.vrt.testcases.assetCreationTest"/>
  <system-out/>
  <testcase name="ASST10" time="30.123" classname="com.vrt.testcases.assetCreationTest"/>
  <system-out/>
  <testcase name="ASST37" time="172.679" classname="com.vrt.testcases.assetCreationTest">
    <error type="org.openqa.selenium.NoSuchElementException" message="An element could not be located on the page using the given search parameters. (WARNING: The server did not provide any stacktrace information)
Command duration or timeout: 0 milliseconds
For documentation on this error, please visit: https://www.seleniumhq.org/exceptions/no_such_element.html
Build info: version: &#039;3.141.59&#039;, revision: &#039;e82be7d358&#039;, time: &#039;2018-11-14T08:17:03&#039;
System info: host: &#039;INAS-LP024&#039;, ip: &#039;127.0.0.1&#039;, os.name: &#039;Windows 10&#039;, os.arch: &#039;amd64&#039;, os.version: &#039;10.0&#039;, java.version: &#039;1.8.0_181&#039;
Driver info: io.appium.java_client.windows.WindowsDriver
Capabilities {app: Kaye.ValProbeRT_racmveb2qnw..., javascriptEnabled: true, ms:waitForAppLaunch: 10, platform: WINDOWS, platformName: WINDOWS}
Session ID: D298A5EC-F879-4F22-8313-A09CF7B1A51D
*** Element info: {Using=name, value=Enter User Credentials}">
      <![CDATA[org.openqa.selenium.NoSuchElementException: An element could not be located on the page using the given search parameters. (WARNING: The server did not provide any stacktrace information)
Command duration or timeout: 0 milliseconds
For documentation on this error, please visit: https://www.seleniumhq.org/exceptions/no_such_element.html
Build info: version: '3.141.59', revision: 'e82be7d358', time: '2018-11-14T08:17:03'
System info: host: 'INAS-LP024', ip: '127.0.0.1', os.name: 'Windows 10', os.arch: 'amd64', os.version: '10.0', java.version: '1.8.0_181'
Driver info: io.appium.java_client.windows.WindowsDriver
Capabilities {app: Kaye.ValProbeRT_racmveb2qnw..., javascriptEnabled: true, ms:waitForAppLaunch: 10, platform: WINDOWS, platformName: WINDOWS}
Session ID: D298A5EC-F879-4F22-8313-A09CF7B1A51D
*** Element info: {Using=name, value=Enter User Credentials}
at sun.reflect.NativeConstructorAccessorImpl.newInstance0(Native Method)
at sun.reflect.NativeConstructorAccessorImpl.newInstance(NativeConstructorAccessorImpl.java:62)
at sun.reflect.DelegatingConstructorAccessorImpl.newInstance(DelegatingConstructorAccessorImpl.java:45)
at java.lang.reflect.Constructor.newInstance(Constructor.java:423)
at org.openqa.selenium.remote.ErrorHandler.createThrowable(ErrorHandler.java:214)
at org.openqa.selenium.remote.ErrorHandler.throwIfResponseFailed(ErrorHandler.java:166)
at org.openqa.selenium.remote.http.JsonHttpResponseCodec.reconstructValue(JsonHttpResponseCodec.java:40)
at org.openqa.selenium.remote.http.AbstractHttpResponseCodec.decode(AbstractHttpResponseCodec.java:80)
at org.openqa.selenium.remote.http.AbstractHttpResponseCodec.decode(AbstractHttpResponseCodec.java:44)
at org.openqa.selenium.remote.HttpCommandExecutor.execute(HttpCommandExecutor.java:158)
at io.appium.java_client.remote.AppiumCommandExecutor.execute(AppiumCommandExecutor.java:239)
at org.openqa.selenium.remote.RemoteWebDriver.execute(RemoteWebDriver.java:552)
at io.appium.java_client.DefaultGenericMobileDriver.execute(DefaultGenericMobileDriver.java:42)
at io.appium.java_client.AppiumDriver.execute(AppiumDriver.java:1)
at io.appium.java_client.windows.WindowsDriver.execute(WindowsDriver.java:1)
at org.openqa.selenium.remote.RemoteWebDriver.findElement(RemoteWebDriver.java:323)
at io.appium.java_client.DefaultGenericMobileDriver.findElement(DefaultGenericMobileDriver.java:62)
at io.appium.java_client.AppiumDriver.findElement(AppiumDriver.java:1)
at io.appium.java_client.windows.WindowsDriver.findElement(WindowsDriver.java:1)
at org.openqa.selenium.remote.RemoteWebDriver.findElementByName(RemoteWebDriver.java:404)
at io.appium.java_client.DefaultGenericMobileDriver.findElementByName(DefaultGenericMobileDriver.java:118)
at io.appium.java_client.AppiumDriver.findElementByName(AppiumDriver.java:1)
at io.appium.java_client.windows.WindowsDriver.findElementByName(WindowsDriver.java:1)
at com.vrt.base.BaseClass.UserLoginPopup(BaseClass.java:191)
at com.vrt.testcases.assetCreationTest.ASST37(assetCreationTest.java:1185)
at sun.reflect.NativeMethodAccessorImpl.invoke0(Native Method)
at sun.reflect.NativeMethodAccessorImpl.invoke(NativeMethodAccessorImpl.java:62)
at sun.reflect.DelegatingMethodAccessorImpl.invoke(DelegatingMethodAccessorImpl.java:43)
at java.lang.reflect.Method.invoke(Method.java:498)
at org.testng.internal.MethodInvocationHelper.invokeMethod(MethodInvocationHelper.java:132)
at org.testng.internal.TestInvoker.invokeMethod(TestInvoker.java:599)
at org.testng.internal.TestInvoker.retryFailed(TestInvoker.java:214)
at org.testng.internal.MethodRunner.runInSequence(MethodRunner.java:58)
at org.testng.internal.TestInvoker$MethodInvocationAgent.invoke(TestInvoker.java:822)
at org.testng.internal.TestInvoker.invokeTestMethods(TestInvoker.java:147)
at org.testng.internal.TestMethodWorker.invokeTestMethods(TestMethodWorker.java:146)
at org.testng.internal.TestMethodWorker.run(TestMethodWorker.java:128)
at java.util.ArrayList.forEach(ArrayList.java:1257)
at org.testng.TestRunner.privateRun(TestRunner.java:764)
at org.testng.TestRunner.run(TestRunner.java:585)
at org.testng.SuiteRunner.runTest(SuiteRunner.java:384)
at org.testng.SuiteRunner.runSequentially(SuiteRunner.java:378)
at org.testng.SuiteRunner.privateRun(SuiteRunner.java:337)
at org.testng.SuiteRunner.run(SuiteRunner.java:286)
at org.testng.SuiteRunnerWorker.runSuite(SuiteRunnerWorker.java:53)
at org.testng.SuiteRunnerWorker.run(SuiteRunnerWorker.java:96)
at org.testng.TestNG.runSuitesSequentially(TestNG.java:1218)
at org.testng.TestNG.runSuitesLocally(TestNG.java:1140)
at org.testng.TestNG.runSuites(TestNG.java:1069)
at org.testng.TestNG.run(TestNG.java:1037)
at org.testng.remote.AbstractRemoteTestNG.run(AbstractRemoteTestNG.java:115)
at org.testng.remote.RemoteTestNG.initAndRun(RemoteTestNG.java:251)
at org.testng.remote.RemoteTestNG.main(RemoteTestNG.java:77)
]]>
    </error>
  </testcase> <!-- ASST37 -->
  <system-out/>
  <testcase name="ASST06" time="22.799" classname="com.vrt.testcases.assetCreationTest"/>
  <system-out/>
  <testcase name="ASST22" time="29.196" classname="com.vrt.testcases.assetCreationTest"/>
  <system-out/>
  <testcase name="ASST05" time="38.186" classname="com.vrt.testcases.assetCreationTest"/>
  <system-out/>
  <testcase name="ASST22" time="30.786" classname="com.vrt.testcases.assetCreationTest"/>
  <system-out/>
  <testcase name="ASST06" time="30.294" classname="com.vrt.testcases.assetCreationTest"/>
  <system-out/>
  <testcase name="ASST25" time="31.564" classname="com.vrt.testcases.assetCreationTest"/>
  <system-out/>
  <testcase name="ASST21" time="26.847" classname="com.vrt.testcases.assetCreationTest"/>
  <system-out/>
  <testcase name="ASST25" time="29.517" classname="com.vrt.testcases.assetCreationTest"/>
  <system-out/>
  <testcase name="ASST47" time="51.471" classname="com.vrt.testcases.assetCreationTest"/>
  <system-out/>
  <testcase name="ASST49" time="126.092" classname="com.vrt.testcases.assetCreationTest"/>
  <system-out/>
  <testcase name="ASST122a" time="30.095" classname="com.vrt.testcases.assetCreationTest"/>
  <system-out/>
  <testcase name="ASST05" time="30.372" classname="com.vrt.testcases.assetCreationTest"/>
  <system-out/>
  <testcase name="ASST10" time="31.309" classname="com.vrt.testcases.assetCreationTest"/>
  <system-out/>
  <testcase name="ASST35" time="25.442" classname="com.vrt.testcases.assetCreationTest">
    <error type="org.openqa.selenium.UnsupportedCommandException" message="Command not recognized: POST: /session/F1D9C1B2-6818-4C7F-8E6B-89A30981D4EF/element//value (WARNING: The server did not provide any stacktrace information)
Command duration or timeout: 0 milliseconds
Build info: version: &#039;3.141.59&#039;, revision: &#039;e82be7d358&#039;, time: &#039;2018-11-14T08:17:03&#039;
System info: host: &#039;INAS-LP024&#039;, ip: &#039;127.0.0.1&#039;, os.name: &#039;Windows 10&#039;, os.arch: &#039;amd64&#039;, os.version: &#039;10.0&#039;, java.version: &#039;1.8.0_181&#039;
Driver info: io.appium.java_client.windows.WindowsDriver
Capabilities {app: Kaye.ValProbeRT_racmveb2qnw..., javascriptEnabled: true, ms:waitForAppLaunch: 10, platform: WINDOWS, platformName: WINDOWS}
Session ID: F1D9C1B2-6818-4C7F-8E6B-89A30981D4EF">
      <![CDATA[org.openqa.selenium.UnsupportedCommandException: Command not recognized: POST: /session/F1D9C1B2-6818-4C7F-8E6B-89A30981D4EF/element//value (WARNING: The server did not provide any stacktrace information)
Command duration or timeout: 0 milliseconds
Build info: version: '3.141.59', revision: 'e82be7d358', time: '2018-11-14T08:17:03'
System info: host: 'INAS-LP024', ip: '127.0.0.1', os.name: 'Windows 10', os.arch: 'amd64', os.version: '10.0', java.version: '1.8.0_181'
Driver info: io.appium.java_client.windows.WindowsDriver
Capabilities {app: Kaye.ValProbeRT_racmveb2qnw..., javascriptEnabled: true, ms:waitForAppLaunch: 10, platform: WINDOWS, platformName: WINDOWS}
Session ID: F1D9C1B2-6818-4C7F-8E6B-89A30981D4EF
at sun.reflect.NativeConstructorAccessorImpl.newInstance0(Native Method)
at sun.reflect.NativeConstructorAccessorImpl.newInstance(NativeConstructorAccessorImpl.java:62)
at sun.reflect.DelegatingConstructorAccessorImpl.newInstance(DelegatingConstructorAccessorImpl.java:45)
at java.lang.reflect.Constructor.newInstance(Constructor.java:423)
at org.openqa.selenium.remote.ErrorHandler.createThrowable(ErrorHandler.java:214)
at org.openqa.selenium.remote.ErrorHandler.throwIfResponseFailed(ErrorHandler.java:166)
at org.openqa.selenium.remote.http.JsonHttpResponseCodec.reconstructValue(JsonHttpResponseCodec.java:40)
at org.openqa.selenium.remote.http.AbstractHttpResponseCodec.decode(AbstractHttpResponseCodec.java:80)
at org.openqa.selenium.remote.http.AbstractHttpResponseCodec.decode(AbstractHttpResponseCodec.java:44)
at org.openqa.selenium.remote.HttpCommandExecutor.execute(HttpCommandExecutor.java:158)
at io.appium.java_client.remote.AppiumCommandExecutor.execute(AppiumCommandExecutor.java:239)
at org.openqa.selenium.remote.RemoteWebDriver.execute(RemoteWebDriver.java:552)
at io.appium.java_client.DefaultGenericMobileDriver.execute(DefaultGenericMobileDriver.java:42)
at io.appium.java_client.AppiumDriver.execute(AppiumDriver.java:1)
at io.appium.java_client.windows.WindowsDriver.execute(WindowsDriver.java:1)
at org.openqa.selenium.remote.RemoteWebElement.execute(RemoteWebElement.java:285)
at org.openqa.selenium.remote.RemoteWebElement.sendKeys(RemoteWebElement.java:106)
at com.vrt.utility.TestUtilities.uploadDoc(TestUtilities.java:324)
at com.vrt.testcases.assetCreationTest.ASST35(assetCreationTest.java:1099)
at sun.reflect.NativeMethodAccessorImpl.invoke0(Native Method)
at sun.reflect.NativeMethodAccessorImpl.invoke(NativeMethodAccessorImpl.java:62)
at sun.reflect.DelegatingMethodAccessorImpl.invoke(DelegatingMethodAccessorImpl.java:43)
at java.lang.reflect.Method.invoke(Method.java:498)
at org.testng.internal.MethodInvocationHelper.invokeMethod(MethodInvocationHelper.java:132)
at org.testng.internal.TestInvoker.invokeMethod(TestInvoker.java:599)
at org.testng.internal.TestInvoker.retryFailed(TestInvoker.java:214)
at org.testng.internal.MethodRunner.runInSequence(MethodRunner.java:58)
at org.testng.internal.TestInvoker$MethodInvocationAgent.invoke(TestInvoker.java:822)
at org.testng.internal.TestInvoker.invokeTestMethods(TestInvoker.java:147)
at org.testng.internal.TestMethodWorker.invokeTestMethods(TestMethodWorker.java:146)
at org.testng.internal.TestMethodWorker.run(TestMethodWorker.java:128)
at java.util.ArrayList.forEach(ArrayList.java:1257)
at org.testng.TestRunner.privateRun(TestRunner.java:764)
at org.testng.TestRunner.run(TestRunner.java:585)
at org.testng.SuiteRunner.runTest(SuiteRunner.java:384)
at org.testng.SuiteRunner.runSequentially(SuiteRunner.java:378)
at org.testng.SuiteRunner.privateRun(SuiteRunner.java:337)
at org.testng.SuiteRunner.run(SuiteRunner.java:286)
at org.testng.SuiteRunnerWorker.runSuite(SuiteRunnerWorker.java:53)
at org.testng.SuiteRunnerWorker.run(SuiteRunnerWorker.java:96)
at org.testng.TestNG.runSuitesSequentially(TestNG.java:1218)
at org.testng.TestNG.runSuitesLocally(TestNG.java:1140)
at org.testng.TestNG.runSuites(TestNG.java:1069)
at org.testng.TestNG.run(TestNG.java:1037)
at org.testng.remote.AbstractRemoteTestNG.run(AbstractRemoteTestNG.java:115)
at org.testng.remote.RemoteTestNG.initAndRun(RemoteTestNG.java:251)
at org.testng.remote.RemoteTestNG.main(RemoteTestNG.java:77)
]]>
    </error>
  </testcase> <!-- ASST35 -->
  <system-out/>
  <testcase name="ASST29" time="30.105" classname="com.vrt.testcases.assetCreationTest"/>
  <system-out/>
  <testcase name="ASST25" time="29.575" classname="com.vrt.testcases.assetCreationTest"/>
  <system-out/>
  <testcase name="ASST33" time="39.551" classname="com.vrt.testcases.assetCreationTest"/>
  <system-out/>
  <testcase name="ASST37" time="150.271" classname="com.vrt.testcases.assetCreationTest">
    <skipped/>
  </testcase> <!-- ASST37 -->
  <system-out/>
  <testcase name="ASST14b" time="24.055" classname="com.vrt.testcases.assetCreationTest"/>
  <system-out/>
  <testcase name="ASST28" time="31.250" classname="com.vrt.testcases.assetCreationTest"/>
  <system-out/>
  <testcase name="ASST31e" time="26.498" classname="com.vrt.testcases.assetCreationTest"/>
  <system-out/>
  <testcase name="ASST06" time="28.600" classname="com.vrt.testcases.assetCreationTest"/>
  <system-out/>
  <testcase name="ASST46a" time="109.145" classname="com.vrt.testcases.assetCreationTest"/>
  <system-out/>
  <testcase name="ASST24" time="31.411" classname="com.vrt.testcases.assetCreationTest"/>
  <system-out/>
  <testcase name="ASST46c" time="114.356" classname="com.vrt.testcases.assetCreationTest"/>
  <system-out/>
  <testcase name="ASST19" time="30.361" classname="com.vrt.testcases.assetCreationTest"/>
  <system-out/>
  <testcase name="ASST05" time="30.768" classname="com.vrt.testcases.assetCreationTest"/>
  <system-out/>
  <testcase name="ASST19" time="30.455" classname="com.vrt.testcases.assetCreationTest"/>
  <system-out/>
  <testcase name="ASST03" time="21.922" classname="com.vrt.testcases.assetCreationTest">
    <error type="org.testng.internal.reflect.MethodMatcherException" message="
[public void com.vrt.testcases.assetCreationTest.ASST03(java.lang.String,java.lang.String,java.lang.String,java.lang.String,java.lang.String,java.lang.String) throws java.lang.InterruptedException] has no parameters defined but was found to be using a data provider (either explicitly specified or inherited from class level annotation).
Data provider mismatch
Method: ASST03([Parameter{index=0, type=java.lang.String, declaredAnnotations=[]}, Parameter{index=1, type=java.lang.String, declaredAnnotations=[]}, Parameter{index=2, type=java.lang.String, declaredAnnotations=[]}, Parameter{index=3, type=java.lang.String, declaredAnnotations=[]}, Parameter{index=4, type=java.lang.String, declaredAnnotations=[]}, Parameter{index=5, type=java.lang.String, declaredAnnotations=[]}])
Arguments: [(java.lang.String)   ,(java.lang.String) testID,(java.lang.String) HeatBath,(java.lang.String) AAS,(java.lang.String) Hyderabad,(java.lang.String) Name is mandatory, please enter Name,(java.lang.String) 5.0,(java.lang.String) Welcome5@AM]">
      <![CDATA[org.testng.internal.reflect.MethodMatcherException: 
[public void com.vrt.testcases.assetCreationTest.ASST03(java.lang.String,java.lang.String,java.lang.String,java.lang.String,java.lang.String,java.lang.String) throws java.lang.InterruptedException] has no parameters defined but was found to be using a data provider (either explicitly specified or inherited from class level annotation).
Data provider mismatch
Method: ASST03([Parameter{index=0, type=java.lang.String, declaredAnnotations=[]}, Parameter{index=1, type=java.lang.String, declaredAnnotations=[]}, Parameter{index=2, type=java.lang.String, declaredAnnotations=[]}, Parameter{index=3, type=java.lang.String, declaredAnnotations=[]}, Parameter{index=4, type=java.lang.String, declaredAnnotations=[]}, Parameter{index=5, type=java.lang.String, declaredAnnotations=[]}])
Arguments: [(java.lang.String)   ,(java.lang.String) testID,(java.lang.String) HeatBath,(java.lang.String) AAS,(java.lang.String) Hyderabad,(java.lang.String) Name is mandatory, please enter Name,(java.lang.String) 5.0,(java.lang.String) Welcome5@AM]
at org.testng.internal.reflect.DataProviderMethodMatcher.getConformingArguments(DataProviderMethodMatcher.java:43)
at org.testng.internal.Parameters.injectParameters(Parameters.java:905)
at org.testng.internal.MethodRunner.runInSequence(MethodRunner.java:34)
at org.testng.internal.TestInvoker$MethodInvocationAgent.invoke(TestInvoker.java:822)
at org.testng.internal.TestInvoker.invokeTestMethods(TestInvoker.java:147)
at org.testng.internal.TestMethodWorker.invokeTestMethods(TestMethodWorker.java:146)
at org.testng.internal.TestMethodWorker.run(TestMethodWorker.java:128)
at java.util.ArrayList.forEach(ArrayList.java:1257)
at org.testng.TestRunner.privateRun(TestRunner.java:764)
at org.testng.TestRunner.run(TestRunner.java:585)
at org.testng.SuiteRunner.runTest(SuiteRunner.java:384)
at org.testng.SuiteRunner.runSequentially(SuiteRunner.java:378)
at org.testng.SuiteRunner.privateRun(SuiteRunner.java:337)
at org.testng.SuiteRunner.run(SuiteRunner.java:286)
at org.testng.SuiteRunnerWorker.runSuite(SuiteRunnerWorker.java:53)
at org.testng.SuiteRunnerWorker.run(SuiteRunnerWorker.java:96)
at org.testng.TestNG.runSuitesSequentially(TestNG.java:1218)
at org.testng.TestNG.runSuitesLocally(TestNG.java:1140)
at org.testng.TestNG.runSuites(TestNG.java:1069)
at org.testng.TestNG.run(TestNG.java:1037)
at org.testng.remote.AbstractRemoteTestNG.run(AbstractRemoteTestNG.java:115)
at org.testng.remote.RemoteTestNG.initAndRun(RemoteTestNG.java:251)
at org.testng.remote.RemoteTestNG.main(RemoteTestNG.java:77)
]]>
    </error>
  </testcase> <!-- ASST03 -->
  <system-out/>
  <testcase name="ASST14a" time="29.328" classname="com.vrt.testcases.assetCreationTest"/>
  <system-out/>
  <testcase name="ASST29" time="24.691" classname="com.vrt.testcases.assetCreationTest"/>
  <system-out/>
  <testcase name="ASST122a" time="29.896" classname="com.vrt.testcases.assetCreationTest"/>
  <system-out/>
  <testcase name="ASST122a" time="33.337" classname="com.vrt.testcases.assetCreationTest"/>
  <system-out/>
  <testcase name="ASST10" time="28.818" classname="com.vrt.testcases.assetCreationTest"/>
  <system-out/>
  <testcase name="ASST06" time="28.270" classname="com.vrt.testcases.assetCreationTest"/>
  <system-out/>
  <testcase name="ASST26a" time="43.743" classname="com.vrt.testcases.assetCreationTest"/>
  <system-out/>
  <testcase name="ASST122a" time="29.900" classname="com.vrt.testcases.assetCreationTest"/>
  <system-out/>
  <testcase name="ASST06" time="30.863" classname="com.vrt.testcases.assetCreationTest"/>
  <system-out/>
  <testcase name="ASST19" time="30.109" classname="com.vrt.testcases.assetCreationTest"/>
  <system-out/>
  <testcase name="ASST122a" time="30.890" classname="com.vrt.testcases.assetCreationTest"/>
  <system-out/>
  <testcase name="ASST21" time="30.478" classname="com.vrt.testcases.assetCreationTest"/>
  <system-out/>
  <testcase name="ASST09" time="28.491" classname="com.vrt.testcases.assetCreationTest"/>
  <system-out/>
  <testcase name="ASST29" time="29.455" classname="com.vrt.testcases.assetCreationTest"/>
  <system-out/>
  <testcase name="ASST13" time="31.343" classname="com.vrt.testcases.assetCreationTest"/>
  <system-out/>
  <testcase name="ASST25" time="30.589" classname="com.vrt.testcases.assetCreationTest"/>
  <system-out/>
  <testcase name="ASST18" time="30.518" classname="com.vrt.testcases.assetCreationTest"/>
  <system-out/>
  <testcase name="ASST40" time="31.441" classname="com.vrt.testcases.assetCreationTest"/>
  <system-out/>
  <testcase name="ASST21" time="30.767" classname="com.vrt.testcases.assetCreationTest"/>
  <system-out/>
  <testcase name="ASST06" time="29.621" classname="com.vrt.testcases.assetCreationTest"/>
  <system-out/>
  <testcase name="ASST31a" time="23.264" classname="com.vrt.testcases.assetCreationTest"/>
  <system-out/>
  <testcase name="ASST11" time="100.581" classname="com.vrt.testcases.assetCreationTest"/>
  <system-out/>
  <testcase name="ASST22" time="29.912" classname="com.vrt.testcases.assetCreationTest"/>
  <system-out/>
  <testcase name="ASST122a" time="31.996" classname="com.vrt.testcases.assetCreationTest"/>
  <system-out/>
  <testcase name="ASST18" time="27.973" classname="com.vrt.testcases.assetCreationTest"/>
  <system-out/>
  <testcase name="ASST32a" time="91.357" classname="com.vrt.testcases.assetCreationTest"/>
  <system-out/>
  <testcase name="ASST14a" time="28.065" classname="com.vrt.testcases.assetCreationTest"/>
  <system-out/>
  <testcase name="ASST25" time="31.172" classname="com.vrt.testcases.assetCreationTest"/>
  <system-out/>
  <testcase name="ASST21" time="29.992" classname="com.vrt.testcases.assetCreationTest"/>
  <system-out/>
  <testcase name="ASST22" time="28.456" classname="com.vrt.testcases.assetCreationTest"/>
  <system-out/>
  <testcase name="ASST25" time="31.338" classname="com.vrt.testcases.assetCreationTest"/>
  <system-out/>
  <testcase name="ASST30a" time="21.796" classname="com.vrt.testcases.assetCreationTest"/>
  <system-out/>
  <testcase name="ASST122a" time="31.913" classname="com.vrt.testcases.assetCreationTest"/>
  <system-out/>
  <testcase name="ASST06" time="28.680" classname="com.vrt.testcases.assetCreationTest"/>
  <system-out/>
  <testcase name="ASST122a" time="28.615" classname="com.vrt.testcases.assetCreationTest"/>
  <system-out/>
  <testcase name="ASST22" time="31.351" classname="com.vrt.testcases.assetCreationTest"/>
  <system-out/>
  <testcase name="ASST25" time="32.619" classname="com.vrt.testcases.assetCreationTest"/>
  <system-out/>
  <testcase name="ASST25" time="30.317" classname="com.vrt.testcases.assetCreationTest"/>
  <system-out/>
  <testcase name="ASST10" time="29.905" classname="com.vrt.testcases.assetCreationTest"/>
  <system-out/>
  <testcase name="ASST31d" time="25.303" classname="com.vrt.testcases.assetCreationTest"/>
  <system-out/>
  <testcase name="ASST09" time="22.035" classname="com.vrt.testcases.assetCreationTest"/>
  <system-out/>
  <testcase name="ASST06" time="30.166" classname="com.vrt.testcases.assetCreationTest"/>
  <system-out/>
  <testcase name="ASST122a" time="29.500" classname="com.vrt.testcases.assetCreationTest"/>
  <system-out/>
  <testcase name="ASST29" time="30.841" classname="com.vrt.testcases.assetCreationTest"/>
  <system-out/>
  <testcase name="ASST10" time="30.163" classname="com.vrt.testcases.assetCreationTest"/>
  <system-out/>
  <testcase name="ASST25" time="31.008" classname="com.vrt.testcases.assetCreationTest"/>
  <system-out/>
  <testcase name="ASST10" time="28.762" classname="com.vrt.testcases.assetCreationTest"/>
  <system-out/>
  <testcase name="ASST22" time="30.555" classname="com.vrt.testcases.assetCreationTest"/>
  <system-out/>
  <testcase name="ASST42" time="46.564" classname="com.vrt.testcases.assetCreationTest"/>
  <system-out/>
  <testcase name="ASST31c" time="24.383" classname="com.vrt.testcases.assetCreationTest"/>
  <system-out/>
  <testcase name="ASST25" time="30.993" classname="com.vrt.testcases.assetCreationTest"/>
  <system-out/>
  <testcase name="ASST06" time="29.775" classname="com.vrt.testcases.assetCreationTest"/>
  <system-out/>
  <testcase name="ASST28" time="30.245" classname="com.vrt.testcases.assetCreationTest"/>
  <system-out/>
  <testcase name="ASST32b" time="86.622" classname="com.vrt.testcases.assetCreationTest"/>
  <system-out/>
  <testcase name="ASST06" time="29.856" classname="com.vrt.testcases.assetCreationTest"/>
  <system-out/>
  <testcase name="ASST21" time="30.813" classname="com.vrt.testcases.assetCreationTest"/>
  <system-out/>
  <testcase name="ASST122a" time="31.507" classname="com.vrt.testcases.assetCreationTest"/>
  <system-out/>
  <testcase name="ASST29" time="30.864" classname="com.vrt.testcases.assetCreationTest"/>
  <system-out/>
  <testcase name="ASST29" time="31.719" classname="com.vrt.testcases.assetCreationTest"/>
  <system-out/>
  <testcase name="ASST10" time="30.040" classname="com.vrt.testcases.assetCreationTest"/>
  <system-out/>
  <testcase name="ASST29" time="30.990" classname="com.vrt.testcases.assetCreationTest"/>
  <system-out/>
  <testcase name="ASST09" time="22.411" classname="com.vrt.testcases.assetCreationTest"/>
  <system-out/>
  <testcase name="ASST18" time="22.783" classname="com.vrt.testcases.assetCreationTest"/>
  <system-out/>
  <testcase name="ASST09" time="29.593" classname="com.vrt.testcases.assetCreationTest"/>
  <system-out/>
  <testcase name="ASST14a" time="29.988" classname="com.vrt.testcases.assetCreationTest"/>
  <system-out/>
  <testcase name="ASST19" time="30.568" classname="com.vrt.testcases.assetCreationTest"/>
  <system-out/>
  <testcase name="ASST05" time="31.520" classname="com.vrt.testcases.assetCreationTest"/>
  <system-out/>
  <testcase name="ASST122a" time="31.832" classname="com.vrt.testcases.assetCreationTest"/>
  <system-out/>
  <testcase name="ASST19" time="30.109" classname="com.vrt.testcases.assetCreationTest"/>
  <system-out/>
  <testcase name="ASST35" time="17.730" classname="com.vrt.testcases.assetCreationTest">
    <skipped/>
  </testcase> <!-- ASST35 -->
  <system-out/>
  <testcase name="ASST25" time="30.624" classname="com.vrt.testcases.assetCreationTest"/>
  <system-out/>
  <testcase name="ASST06" time="31.322" classname="com.vrt.testcases.assetCreationTest"/>
  <system-out/>
  <testcase name="ASST19" time="29.636" classname="com.vrt.testcases.assetCreationTest"/>
  <system-out/>
  <testcase name="ASST19" time="22.989" classname="com.vrt.testcases.assetCreationTest"/>
  <system-out/>
  <testcase name="ASST06" time="29.155" classname="com.vrt.testcases.assetCreationTest"/>
  <system-out/>
  <testcase name="ASST50" time="24.441" classname="com.vrt.testcases.assetCreationTest"/>
  <system-out/>
  <testcase name="ASST29" time="29.826" classname="com.vrt.testcases.assetCreationTest"/>
  <system-out/>
  <testcase name="ASST22" time="30.637" classname="com.vrt.testcases.assetCreationTest"/>
  <system-out/>
  <testcase name="ASST22" time="31.204" classname="com.vrt.testcases.assetCreationTest"/>
  <system-out/>
  <testcase name="ASST08" time="19.274" classname="com.vrt.testcases.assetCreationTest"/>
  <system-out/>
  <testcase name="ASST06" time="29.438" classname="com.vrt.testcases.assetCreationTest"/>
  <system-out/>
  <testcase name="ASST25" time="22.699" classname="com.vrt.testcases.assetCreationTest"/>
  <system-out/>
  <testcase name="ASST38" time="150.527" classname="com.vrt.testcases.assetCreationTest"/>
  <system-out/>
  <testcase name="ASST28" time="30.297" classname="com.vrt.testcases.assetCreationTest"/>
  <system-out/>
  <testcase name="ASST46b" time="110.729" classname="com.vrt.testcases.assetCreationTest"/>
  <system-out/>
  <testcase name="ASST02" time="28.997" classname="com.vrt.testcases.assetCreationTest"/>
  <system-out/>
  <testcase name="ASST05" time="30.256" classname="com.vrt.testcases.assetCreationTest"/>
  <system-out/>
  <testcase name="ASST09" time="28.627" classname="com.vrt.testcases.assetCreationTest"/>
  <system-out/>
  <testcase name="ASST25" time="28.823" classname="com.vrt.testcases.assetCreationTest"/>
  <system-out/>
  <testcase name="ASST25" time="30.545" classname="com.vrt.testcases.assetCreationTest"/>
  <system-out/>
  <testcase name="ASST19" time="30.402" classname="com.vrt.testcases.assetCreationTest"/>
  <system-out/>
  <testcase name="ASST19" time="28.631" classname="com.vrt.testcases.assetCreationTest"/>
  <system-out/>
  <testcase name="ASST12" time="21.936" classname="com.vrt.testcases.assetCreationTest"/>
  <system-out/>
  <testcase name="ASST06" time="29.789" classname="com.vrt.testcases.assetCreationTest"/>
  <system-out/>
  <testcase name="ASST29" time="30.923" classname="com.vrt.testcases.assetCreationTest"/>
  <system-out/>
  <testcase name="ASST28" time="30.056" classname="com.vrt.testcases.assetCreationTest"/>
  <system-out/>
  <testcase name="ASST48" time="37.890" classname="com.vrt.testcases.assetCreationTest"/>
  <system-out/>
  <testcase name="ASST29" time="30.138" classname="com.vrt.testcases.assetCreationTest"/>
  <system-out/>
  <testcase name="ASST51" time="25.001" classname="com.vrt.testcases.assetCreationTest"/>
  <system-out/>
  <testcase name="ASST41" time="47.203" classname="com.vrt.testcases.assetCreationTest"/>
  <system-out/>
  <testcase name="ASST22" time="31.272" classname="com.vrt.testcases.assetCreationTest"/>
  <system-out/>
  <testcase name="ASST10" time="29.289" classname="com.vrt.testcases.assetCreationTest"/>
  <system-out/>
  <testcase name="ASST21" time="32.035" classname="com.vrt.testcases.assetCreationTest"/>
  <system-out/>
  <testcase name="ASST25" time="30.689" classname="com.vrt.testcases.assetCreationTest"/>
  <system-out/>
  <testcase name="ASST29" time="31.799" classname="com.vrt.testcases.assetCreationTest"/>
  <system-out/>
  <testcase name="ASST19" time="29.756" classname="com.vrt.testcases.assetCreationTest"/>
  <system-out/>
  <testcase name="ASST26b" time="22.104" classname="com.vrt.testcases.assetCreationTest"/>
  <system-out/>
  <testcase name="ASST10" time="29.568" classname="com.vrt.testcases.assetCreationTest"/>
  <system-out/>
  <testcase name="ASST10" time="27.601" classname="com.vrt.testcases.assetCreationTest"/>
  <system-out/>
  <testcase name="ASST28" time="30.727" classname="com.vrt.testcases.assetCreationTest"/>
  <system-out/>
  <testcase name="ASST19" time="30.565" classname="com.vrt.testcases.assetCreationTest"/>
  <system-out/>
  <testcase name="ASST24" time="31.090" classname="com.vrt.testcases.assetCreationTest"/>
  <system-out/>
  <testcase name="ASST29" time="30.475" classname="com.vrt.testcases.assetCreationTest"/>
  <system-out/>
  <testcase name="ASST05" time="29.437" classname="com.vrt.testcases.assetCreationTest"/>
  <system-out/>
  <testcase name="ASST122a" time="30.306" classname="com.vrt.testcases.assetCreationTest"/>
  <system-out/>
  <testcase name="ASST06" time="29.221" classname="com.vrt.testcases.assetCreationTest"/>
  <system-out/>
  <testcase name="ASST22" time="29.870" classname="com.vrt.testcases.assetCreationTest"/>
  <system-out/>
  <testcase name="ASST22" time="30.337" classname="com.vrt.testcases.assetCreationTest"/>
  <system-out/>
  <testcase name="ASST10" time="28.099" classname="com.vrt.testcases.assetCreationTest"/>
  <system-out/>
  <testcase name="ASST19" time="31.070" classname="com.vrt.testcases.assetCreationTest"/>
  <system-out/>
  <testcase name="ASST10" time="27.739" classname="com.vrt.testcases.assetCreationTest"/>
  <system-out/>
  <testcase name="ASST25" time="29.737" classname="com.vrt.testcases.assetCreationTest"/>
  <system-out/>
  <testcase name="ASST29" time="30.139" classname="com.vrt.testcases.assetCreationTest"/>
  <system-out/>
  <testcase name="ASST21" time="29.282" classname="com.vrt.testcases.assetCreationTest"/>
  <system-out/>
  <testcase name="ASST14a" time="28.350" classname="com.vrt.testcases.assetCreationTest"/>
  <system-out/>
  <testcase name="ASST29" time="24.333" classname="com.vrt.testcases.assetCreationTest"/>
  <system-out/>
  <testcase name="ASST122a" time="31.147" classname="com.vrt.testcases.assetCreationTest"/>
  <system-out/>
  <testcase name="ASST19" time="29.838" classname="com.vrt.testcases.assetCreationTest"/>
  <system-out/>
  <testcase name="ASST18" time="31.372" classname="com.vrt.testcases.assetCreationTest"/>
  <system-out/>
  <testcase name="ASST29" time="23.428" classname="com.vrt.testcases.assetCreationTest"/>
  <system-out/>
  <testcase name="ASST06" time="30.336" classname="com.vrt.testcases.assetCreationTest"/>
  <system-out/>
  <testcase name="ASST28" time="32.029" classname="com.vrt.testcases.assetCreationTest"/>
  <system-out/>
  <testcase name="ASST25" time="32.632" classname="com.vrt.testcases.assetCreationTest"/>
  <system-out/>
  <testcase name="ASST29" time="31.281" classname="com.vrt.testcases.assetCreationTest"/>
  <system-out/>
  <testcase name="ASST25" time="23.737" classname="com.vrt.testcases.assetCreationTest"/>
  <system-out/>
  <testcase name="ASST10" time="28.946" classname="com.vrt.testcases.assetCreationTest"/>
  <system-out/>
  <testcase name="ASST09" time="29.806" classname="com.vrt.testcases.assetCreationTest"/>
  <system-out/>
  <testcase name="ASST52" time="23.748" classname="com.vrt.testcases.assetCreationTest"/>
  <system-out/>
  <testcase name="ASST02" time="29.853" classname="com.vrt.testcases.assetCreationTest"/>
  <system-out/>
  <testcase name="ASST26c" time="24.231" classname="com.vrt.testcases.assetCreationTest"/>
  <system-out/>
  <testcase name="ASST28" time="29.830" classname="com.vrt.testcases.assetCreationTest"/>
  <system-out/>
  <testcase name="ASST02" time="28.778" classname="com.vrt.testcases.assetCreationTest"/>
  <system-out/>
  <testcase name="ASST25" time="22.871" classname="com.vrt.testcases.assetCreationTest"/>
  <system-out/>
  <testcase name="ASST25" time="30.666" classname="com.vrt.testcases.assetCreationTest"/>
  <system-out/>
  <testcase name="ASST19" time="30.847" classname="com.vrt.testcases.assetCreationTest"/>
  <system-out/>
  <testcase name="ASST22" time="29.920" classname="com.vrt.testcases.assetCreationTest"/>
  <system-out/>
  <testcase name="ASST10" time="29.295" classname="com.vrt.testcases.assetCreationTest"/>
  <system-out/>
  <testcase name="ASST14a" time="29.883" classname="com.vrt.testcases.assetCreationTest"/>
  <system-out/>
  <testcase name="ASST21" time="29.920" classname="com.vrt.testcases.assetCreationTest"/>
  <system-out/>
  <testcase name="ASST06" time="28.784" classname="com.vrt.testcases.assetCreationTest"/>
  <system-out/>
  <testcase name="ASST122a" time="31.235" classname="com.vrt.testcases.assetCreationTest"/>
  <system-out/>
  <testcase name="ASST24" time="31.753" classname="com.vrt.testcases.assetCreationTest"/>
  <system-out/>
  <testcase name="ASST29" time="29.520" classname="com.vrt.testcases.assetCreationTest"/>
  <system-out/>
  <testcase name="ASST10" time="29.168" classname="com.vrt.testcases.assetCreationTest"/>
  <system-out/>
  <testcase name="ASST122a" time="31.429" classname="com.vrt.testcases.assetCreationTest"/>
  <system-out/>
  <testcase name="ASST06" time="30.450" classname="com.vrt.testcases.assetCreationTest"/>
  <system-out/>
  <testcase name="ASST19" time="29.982" classname="com.vrt.testcases.assetCreationTest"/>
  <system-out/>
  <testcase name="ASST06" time="28.339" classname="com.vrt.testcases.assetCreationTest"/>
  <system-out/>
  <testcase name="ASST19" time="30.253" classname="com.vrt.testcases.assetCreationTest"/>
  <system-out/>
  <testcase name="ASST05" time="31.029" classname="com.vrt.testcases.assetCreationTest"/>
  <system-out/>
  <testcase name="ASST122a" time="31.849" classname="com.vrt.testcases.assetCreationTest"/>
  <system-out/>
  <testcase name="ASST10" time="30.321" classname="com.vrt.testcases.assetCreationTest"/>
  <system-out/>
  <testcase name="ASST22" time="31.193" classname="com.vrt.testcases.assetCreationTest"/>
  <system-out/>
  <testcase name="ASST25" time="29.647" classname="com.vrt.testcases.assetCreationTest"/>
  <system-out/>
  <testcase name="ASST19" time="30.688" classname="com.vrt.testcases.assetCreationTest"/>
  <system-out/>
  <testcase name="ASST24" time="31.450" classname="com.vrt.testcases.assetCreationTest"/>
  <system-out/>
  <testcase name="ASST25" time="28.739" classname="com.vrt.testcases.assetCreationTest"/>
  <system-out/>
  <testcase name="ASST06" time="30.195" classname="com.vrt.testcases.assetCreationTest"/>
  <system-out/>
  <testcase name="ASST19" time="30.333" classname="com.vrt.testcases.assetCreationTest"/>
  <system-out/>
  <testcase name="ASST34" time="30.482" classname="com.vrt.testcases.assetCreationTest"/>
  <system-out/>
  <testcase name="ASST35" time="23.321" classname="com.vrt.testcases.assetCreationTest">
    <skipped/>
  </testcase> <!-- ASST35 -->
  <system-out/>
  <testcase name="ASST19" time="28.670" classname="com.vrt.testcases.assetCreationTest"/>
  <system-out/>
  <testcase name="ASST22" time="30.541" classname="com.vrt.testcases.assetCreationTest"/>
  <system-out/>
  <testcase name="ASST29" time="30.590" classname="com.vrt.testcases.assetCreationTest"/>
  <system-out/>
  <testcase name="ASST06" time="28.060" classname="com.vrt.testcases.assetCreationTest"/>
  <system-out/>
  <testcase name="ASST25" time="31.188" classname="com.vrt.testcases.assetCreationTest"/>
  <system-out/>
  <testcase name="ASST24" time="31.273" classname="com.vrt.testcases.assetCreationTest"/>
  <system-out/>
  <testcase name="ASST32c" time="91.053" classname="com.vrt.testcases.assetCreationTest"/>
  <system-out/>
  <testcase name="ASST19" time="28.216" classname="com.vrt.testcases.assetCreationTest"/>
  <system-out/>
  <testcase name="ASST10" time="30.542" classname="com.vrt.testcases.assetCreationTest"/>
  <system-out/>
  <testcase name="ASST25" time="31.195" classname="com.vrt.testcases.assetCreationTest"/>
  <system-out/>
  <testcase name="ASST10" time="29.854" classname="com.vrt.testcases.assetCreationTest"/>
  <system-out/>
  <testcase name="ASST04" time="23.364" classname="com.vrt.testcases.assetCreationTest"/>
  <system-out/>
  <testcase name="ASST19" time="29.934" classname="com.vrt.testcases.assetCreationTest"/>
  <system-out/>
  <testcase name="ASST25" time="30.506" classname="com.vrt.testcases.assetCreationTest"/>
  <system-out/>
  <testcase name="ASST29" time="32.137" classname="com.vrt.testcases.assetCreationTest"/>
  <system-out/>
  <testcase name="ASST27" time="27.152" classname="com.vrt.testcases.assetCreationTest"/>
  <system-out/>
  <testcase name="ASST54" time="24.413" classname="com.vrt.testcases.assetCreationTest"/>
  <system-out/>
  <testcase name="ASST10" time="29.212" classname="com.vrt.testcases.assetCreationTest"/>
  <system-out/>
  <testcase name="ASST22" time="29.817" classname="com.vrt.testcases.assetCreationTest"/>
  <system-out/>
  <testcase name="ASST14a" time="29.345" classname="com.vrt.testcases.assetCreationTest"/>
  <system-out/>
  <testcase name="ASST39" time="54.861" classname="com.vrt.testcases.assetCreationTest"/>
  <system-out/>
  <testcase name="ASST29" time="30.724" classname="com.vrt.testcases.assetCreationTest"/>
  <system-out/>
  <testcase name="ASST10" time="28.666" classname="com.vrt.testcases.assetCreationTest"/>
  <system-out/>
  <testcase name="ASST122a" time="29.731" classname="com.vrt.testcases.assetCreationTest"/>
  <system-out/>
  <testcase name="ASST19" time="29.192" classname="com.vrt.testcases.assetCreationTest"/>
  <system-out/>
  <testcase name="ASST10" time="28.121" classname="com.vrt.testcases.assetCreationTest"/>
  <system-out/>
  <testcase name="ASST22" time="30.847" classname="com.vrt.testcases.assetCreationTest"/>
  <system-out/>
  <testcase name="ASST23" time="8.949" classname="com.vrt.testcases.assetCreationTest"/>
  <system-out/>
</testsuite> <!-- com.vrt.testcases.assetCreationTest -->
