<?xml version="1.0" encoding="UTF-8"?>
<!-- Generated by org.testng.reporters.JUnitReportReporter -->
<testsuite skipped="2" hostname="INAS-LP024" name="com.vrt.testcases.setup_QualParametersTest" tests="92" failures="1" timestamp="2021-08-08T05:06:43 IST" time="2792.129" errors="3">
  <testcase name="QP016A" time="30.672" classname="com.vrt.testcases.setup_QualParametersTest"/>
  <system-out/>
  <testcase name="QP037" time="31.789" classname="com.vrt.testcases.setup_QualParametersTest"/>
  <system-out/>
  <testcase name="QP026" time="30.599" classname="com.vrt.testcases.setup_QualParametersTest"/>
  <system-out/>
  <testcase name="QP052" time="29.832" classname="com.vrt.testcases.setup_QualParametersTest"/>
  <system-out/>
  <testcase name="QP036" time="28.913" classname="com.vrt.testcases.setup_QualParametersTest"/>
  <system-out/>
  <testcase name="QP041" time="35.947" classname="com.vrt.testcases.setup_QualParametersTest"/>
  <system-out/>
  <testcase name="QP016B" time="30.571" classname="com.vrt.testcases.setup_QualParametersTest"/>
  <system-out/>
  <testcase name="QP014A" time="30.701" classname="com.vrt.testcases.setup_QualParametersTest"/>
  <system-out/>
  <testcase name="QP016A" time="30.778" classname="com.vrt.testcases.setup_QualParametersTest"/>
  <system-out/>
  <testcase name="QP021" time="29.610" classname="com.vrt.testcases.setup_QualParametersTest"/>
  <system-out/>
  <testcase name="QP007" time="31.181" classname="com.vrt.testcases.setup_QualParametersTest"/>
  <system-out/>
  <testcase name="QP043" time="32.212" classname="com.vrt.testcases.setup_QualParametersTest"/>
  <system-out/>
  <testcase name="QP053" time="32.321" classname="com.vrt.testcases.setup_QualParametersTest"/>
  <system-out/>
  <testcase name="QP034" time="30.709" classname="com.vrt.testcases.setup_QualParametersTest"/>
  <system-out/>
  <testcase name="QP044" time="33.522" classname="com.vrt.testcases.setup_QualParametersTest"/>
  <system-out/>
  <testcase name="QP028" time="31.957" classname="com.vrt.testcases.setup_QualParametersTest"/>
  <system-out/>
  <testcase name="QP019" time="30.954" classname="com.vrt.testcases.setup_QualParametersTest"/>
  <system-out/>
  <testcase name="QP016A" time="30.597" classname="com.vrt.testcases.setup_QualParametersTest"/>
  <system-out/>
  <testcase name="QP018A" time="30.486" classname="com.vrt.testcases.setup_QualParametersTest"/>
  <system-out/>
  <testcase name="QP039" time="31.157" classname="com.vrt.testcases.setup_QualParametersTest"/>
  <system-out/>
  <testcase name="QP018B" time="30.360" classname="com.vrt.testcases.setup_QualParametersTest"/>
  <system-out/>
  <testcase name="QP047" time="41.862" classname="com.vrt.testcases.setup_QualParametersTest"/>
  <system-out/>
  <testcase name="QP020" time="28.914" classname="com.vrt.testcases.setup_QualParametersTest"/>
  <system-out/>
  <testcase name="QP032" time="30.527" classname="com.vrt.testcases.setup_QualParametersTest"/>
  <system-out/>
  <testcase name="QP004" time="29.469" classname="com.vrt.testcases.setup_QualParametersTest"/>
  <system-out/>
  <testcase name="QP024" time="29.815" classname="com.vrt.testcases.setup_QualParametersTest"/>
  <system-out/>
  <testcase name="QP016A" time="30.912" classname="com.vrt.testcases.setup_QualParametersTest"/>
  <system-out/>
  <testcase name="QP005" time="29.615" classname="com.vrt.testcases.setup_QualParametersTest"/>
  <system-out/>
  <testcase name="QP038" time="31.515" classname="com.vrt.testcases.setup_QualParametersTest"/>
  <system-out/>
  <testcase name="QP045" time="36.110" classname="com.vrt.testcases.setup_QualParametersTest"/>
  <system-out/>
  <testcase name="QP016C" time="30.719" classname="com.vrt.testcases.setup_QualParametersTest"/>
  <system-out/>
  <testcase name="QP034" time="30.642" classname="com.vrt.testcases.setup_QualParametersTest"/>
  <system-out/>
  <testcase name="QP032" time="30.439" classname="com.vrt.testcases.setup_QualParametersTest"/>
  <system-out/>
  <testcase name="QP042" time="33.922" classname="com.vrt.testcases.setup_QualParametersTest"/>
  <system-out/>
  <testcase name="QP011" time="32.002" classname="com.vrt.testcases.setup_QualParametersTest"/>
  <system-out/>
  <testcase name="QP028" time="31.838" classname="com.vrt.testcases.setup_QualParametersTest"/>
  <system-out/>
  <testcase name="QP017" time="31.536" classname="com.vrt.testcases.setup_QualParametersTest"/>
  <system-out/>
  <testcase name="QP030" time="30.382" classname="com.vrt.testcases.setup_QualParametersTest"/>
  <system-out/>
  <testcase name="QP055" time="31.765" classname="com.vrt.testcases.setup_QualParametersTest"/>
  <system-out/>
  <testcase name="QP035" time="31.349" classname="com.vrt.testcases.setup_QualParametersTest"/>
  <system-out/>
  <testcase name="QP002_1" time="28.730" classname="com.vrt.testcases.setup_QualParametersTest"/>
  <system-out/>
  <testcase name="QP014C" time="30.442" classname="com.vrt.testcases.setup_QualParametersTest"/>
  <system-out/>
  <testcase name="QP022" time="29.640" classname="com.vrt.testcases.setup_QualParametersTest"/>
  <system-out/>
  <testcase name="QP029" time="33.239" classname="com.vrt.testcases.setup_QualParametersTest"/>
  <system-out/>
  <testcase name="QP058" time="30.240" classname="com.vrt.testcases.setup_QualParametersTest"/>
  <system-out/>
  <testcase name="QP018A" time="30.530" classname="com.vrt.testcases.setup_QualParametersTest"/>
  <system-out/>
  <testcase name="QP014B" time="30.424" classname="com.vrt.testcases.setup_QualParametersTest"/>
  <system-out/>
  <testcase name="QP018A" time="30.959" classname="com.vrt.testcases.setup_QualParametersTest"/>
  <system-out/>
  <testcase name="QP034" time="30.510" classname="com.vrt.testcases.setup_QualParametersTest"/>
  <system-out/>
  <testcase name="QP023" time="29.860" classname="com.vrt.testcases.setup_QualParametersTest"/>
  <system-out/>
  <testcase name="QP027B" time="30.597" classname="com.vrt.testcases.setup_QualParametersTest"/>
  <system-out/>
  <testcase name="QP018C" time="30.616" classname="com.vrt.testcases.setup_QualParametersTest"/>
  <system-out/>
  <testcase name="QP032" time="30.713" classname="com.vrt.testcases.setup_QualParametersTest"/>
  <system-out/>
  <testcase name="QP014A" time="30.699" classname="com.vrt.testcases.setup_QualParametersTest"/>
  <system-out/>
  <testcase name="QP001" time="29.230" classname="com.vrt.testcases.setup_QualParametersTest"/>
  <system-out/>
  <testcase name="QP033" time="32.891" classname="com.vrt.testcases.setup_QualParametersTest"/>
  <system-out/>
  <testcase name="QP032A" time="28.754" classname="com.vrt.testcases.setup_QualParametersTest">
    <error type="org.testng.TestNGException" message="
Method public void com.vrt.testcases.setup_QualParametersTest.QP032A(java.lang.String,java.lang.String) throws java.lang.InterruptedException,java.io.IOException,java.text.ParseException requires a @DataProvider named : QP032A in class com.vrt.utility.setupCreationUtility">
      <![CDATA[org.testng.TestNGException: 
Method public void com.vrt.testcases.setup_QualParametersTest.QP032A(java.lang.String,java.lang.String) throws java.lang.InterruptedException,java.io.IOException,java.text.ParseException requires a @DataProvider named : QP032A in class com.vrt.utility.setupCreationUtility
at org.testng.internal.Parameters.findDataProvider(Parameters.java:559)
at org.testng.internal.Parameters.handleParameters(Parameters.java:772)
at org.testng.internal.Parameters.handleParameters(Parameters.java:740)
at org.testng.internal.ParameterHandler.handleParameters(ParameterHandler.java:59)
at org.testng.internal.ParameterHandler.createParameters(ParameterHandler.java:38)
at org.testng.internal.TestInvoker$MethodInvocationAgent.invoke(TestInvoker.java:789)
at org.testng.internal.TestInvoker.invokeTestMethods(TestInvoker.java:147)
at org.testng.internal.TestMethodWorker.invokeTestMethods(TestMethodWorker.java:146)
at org.testng.internal.TestMethodWorker.run(TestMethodWorker.java:128)
at java.util.ArrayList.forEach(ArrayList.java:1257)
at org.testng.TestRunner.privateRun(TestRunner.java:764)
at org.testng.TestRunner.run(TestRunner.java:585)
at org.testng.SuiteRunner.runTest(SuiteRunner.java:384)
at org.testng.SuiteRunner.runSequentially(SuiteRunner.java:378)
at org.testng.SuiteRunner.privateRun(SuiteRunner.java:337)
at org.testng.SuiteRunner.run(SuiteRunner.java:286)
at org.testng.SuiteRunnerWorker.runSuite(SuiteRunnerWorker.java:53)
at org.testng.SuiteRunnerWorker.run(SuiteRunnerWorker.java:96)
at org.testng.TestNG.runSuitesSequentially(TestNG.java:1218)
at org.testng.TestNG.runSuitesLocally(TestNG.java:1140)
at org.testng.TestNG.runSuites(TestNG.java:1069)
at org.testng.TestNG.run(TestNG.java:1037)
at org.testng.remote.AbstractRemoteTestNG.run(AbstractRemoteTestNG.java:115)
at org.testng.remote.RemoteTestNG.initAndRun(RemoteTestNG.java:251)
at org.testng.remote.RemoteTestNG.main(RemoteTestNG.java:77)
]]>
    </error>
  </testcase> <!-- QP032A -->
  <system-out/>
  <testcase name="QP054" time="29.744" classname="com.vrt.testcases.setup_QualParametersTest"/>
  <system-out/>
  <testcase name="QP010_1" time="32.037" classname="com.vrt.testcases.setup_QualParametersTest"/>
  <system-out/>
  <testcase name="QP002" time="28.909" classname="com.vrt.testcases.setup_QualParametersTest"/>
  <system-out/>
  <testcase name="QP016A" time="30.524" classname="com.vrt.testcases.setup_QualParametersTest"/>
  <system-out/>
  <testcase name="QP010" time="29.722" classname="com.vrt.testcases.setup_QualParametersTest"/>
  <system-out/>
  <testcase name="QP027A" time="30.426" classname="com.vrt.testcases.setup_QualParametersTest"/>
  <system-out/>
  <testcase name="QP015" time="31.603" classname="com.vrt.testcases.setup_QualParametersTest"/>
  <system-out/>
  <testcase name="QP057" time="31.170" classname="com.vrt.testcases.setup_QualParametersTest"/>
  <system-out/>
  <testcase name="QP014A" time="30.635" classname="com.vrt.testcases.setup_QualParametersTest"/>
  <system-out/>
  <testcase name="QP006" time="29.650" classname="com.vrt.testcases.setup_QualParametersTest"/>
  <system-out/>
  <testcase name="QP030" time="30.548" classname="com.vrt.testcases.setup_QualParametersTest"/>
  <system-out/>
  <testcase name="QP060" time="30.219" classname="com.vrt.testcases.setup_QualParametersTest">
    <failure type="java.lang.AssertionError" message="The following asserts failed:
	FAIL: Incorrect SW version &amp; Console IP adress displayed in About window expected [1.2.0.15] but found [1.2.0.19],
	FAIL: Incorrect SW version &amp; Console IP adress displayed in About window expected [127.0.0.1] but found []">
      <![CDATA[java.lang.AssertionError: The following asserts failed:
FAIL: Incorrect SW version & Console IP adress displayed in About window expected [1.2.0.15] but found [1.2.0.19],
FAIL: Incorrect SW version & Console IP adress displayed in About window expected [127.0.0.1] but found []
at org.testng.asserts.SoftAssert.assertAll(SoftAssert.java:47)
at org.testng.asserts.SoftAssert.assertAll(SoftAssert.java:31)
at com.vrt.testcases.setup_QualParametersTest.QP060(setup_QualParametersTest.java:1671)
at sun.reflect.NativeMethodAccessorImpl.invoke0(Native Method)
at sun.reflect.NativeMethodAccessorImpl.invoke(NativeMethodAccessorImpl.java:62)
at sun.reflect.DelegatingMethodAccessorImpl.invoke(DelegatingMethodAccessorImpl.java:43)
at java.lang.reflect.Method.invoke(Method.java:498)
at org.testng.internal.MethodInvocationHelper.invokeMethod(MethodInvocationHelper.java:132)
at org.testng.internal.TestInvoker.invokeMethod(TestInvoker.java:599)
at org.testng.internal.TestInvoker.retryFailed(TestInvoker.java:214)
at org.testng.internal.MethodRunner.runInSequence(MethodRunner.java:58)
at org.testng.internal.TestInvoker$MethodInvocationAgent.invoke(TestInvoker.java:822)
at org.testng.internal.TestInvoker.invokeTestMethods(TestInvoker.java:147)
at org.testng.internal.TestMethodWorker.invokeTestMethods(TestMethodWorker.java:146)
at org.testng.internal.TestMethodWorker.run(TestMethodWorker.java:128)
at java.util.ArrayList.forEach(ArrayList.java:1257)
at org.testng.TestRunner.privateRun(TestRunner.java:764)
at org.testng.TestRunner.run(TestRunner.java:585)
at org.testng.SuiteRunner.runTest(SuiteRunner.java:384)
at org.testng.SuiteRunner.runSequentially(SuiteRunner.java:378)
at org.testng.SuiteRunner.privateRun(SuiteRunner.java:337)
at org.testng.SuiteRunner.run(SuiteRunner.java:286)
at org.testng.SuiteRunnerWorker.runSuite(SuiteRunnerWorker.java:53)
at org.testng.SuiteRunnerWorker.run(SuiteRunnerWorker.java:96)
at org.testng.TestNG.runSuitesSequentially(TestNG.java:1218)
at org.testng.TestNG.runSuitesLocally(TestNG.java:1140)
at org.testng.TestNG.runSuites(TestNG.java:1069)
at org.testng.TestNG.run(TestNG.java:1037)
at org.testng.remote.AbstractRemoteTestNG.run(AbstractRemoteTestNG.java:115)
at org.testng.remote.RemoteTestNG.initAndRun(RemoteTestNG.java:251)
at org.testng.remote.RemoteTestNG.main(RemoteTestNG.java:77)
]]>
    </failure>
  </testcase> <!-- QP060 -->
  <system-out/>
  <testcase name="QP018A" time="30.522" classname="com.vrt.testcases.setup_QualParametersTest"/>
  <system-out/>
  <testcase name="QP003" time="29.607" classname="com.vrt.testcases.setup_QualParametersTest"/>
  <system-out/>
  <testcase name="QP060" time="30.158" classname="com.vrt.testcases.setup_QualParametersTest">
    <skipped/>
  </testcase> <!-- QP060 -->
  <system-out/>
  <testcase name="QP018A" time="30.559" classname="com.vrt.testcases.setup_QualParametersTest"/>
  <system-out/>
  <testcase name="QP040" time="38.214" classname="com.vrt.testcases.setup_QualParametersTest"/>
  <system-out/>
  <testcase name="QP009" time="29.726" classname="com.vrt.testcases.setup_QualParametersTest"/>
  <system-out/>
  <testcase name="QP046" time="38.254" classname="com.vrt.testcases.setup_QualParametersTest"/>
  <system-out/>
  <testcase name="QP056" time="29.439" classname="com.vrt.testcases.setup_QualParametersTest"/>
  <system-out/>
  <testcase name="QP014A" time="30.695" classname="com.vrt.testcases.setup_QualParametersTest"/>
  <system-out/>
  <testcase name="QP032" time="30.426" classname="com.vrt.testcases.setup_QualParametersTest"/>
  <system-out/>
  <testcase name="QP030A" time="29.009" classname="com.vrt.testcases.setup_QualParametersTest">
    <error type="org.testng.TestNGException" message="
Method public void com.vrt.testcases.setup_QualParametersTest.QP030A(java.lang.String,java.lang.String) throws java.lang.InterruptedException,java.io.IOException,java.text.ParseException requires a @DataProvider named : QP030A in class com.vrt.utility.setupCreationUtility">
      <![CDATA[org.testng.TestNGException: 
Method public void com.vrt.testcases.setup_QualParametersTest.QP030A(java.lang.String,java.lang.String) throws java.lang.InterruptedException,java.io.IOException,java.text.ParseException requires a @DataProvider named : QP030A in class com.vrt.utility.setupCreationUtility
at org.testng.internal.Parameters.findDataProvider(Parameters.java:559)
at org.testng.internal.Parameters.handleParameters(Parameters.java:772)
at org.testng.internal.Parameters.handleParameters(Parameters.java:740)
at org.testng.internal.ParameterHandler.handleParameters(ParameterHandler.java:59)
at org.testng.internal.ParameterHandler.createParameters(ParameterHandler.java:38)
at org.testng.internal.TestInvoker$MethodInvocationAgent.invoke(TestInvoker.java:789)
at org.testng.internal.TestInvoker.invokeTestMethods(TestInvoker.java:147)
at org.testng.internal.TestMethodWorker.invokeTestMethods(TestMethodWorker.java:146)
at org.testng.internal.TestMethodWorker.run(TestMethodWorker.java:128)
at java.util.ArrayList.forEach(ArrayList.java:1257)
at org.testng.TestRunner.privateRun(TestRunner.java:764)
at org.testng.TestRunner.run(TestRunner.java:585)
at org.testng.SuiteRunner.runTest(SuiteRunner.java:384)
at org.testng.SuiteRunner.runSequentially(SuiteRunner.java:378)
at org.testng.SuiteRunner.privateRun(SuiteRunner.java:337)
at org.testng.SuiteRunner.run(SuiteRunner.java:286)
at org.testng.SuiteRunnerWorker.runSuite(SuiteRunnerWorker.java:53)
at org.testng.SuiteRunnerWorker.run(SuiteRunnerWorker.java:96)
at org.testng.TestNG.runSuitesSequentially(TestNG.java:1218)
at org.testng.TestNG.runSuitesLocally(TestNG.java:1140)
at org.testng.TestNG.runSuites(TestNG.java:1069)
at org.testng.TestNG.run(TestNG.java:1037)
at org.testng.remote.AbstractRemoteTestNG.run(AbstractRemoteTestNG.java:115)
at org.testng.remote.RemoteTestNG.initAndRun(RemoteTestNG.java:251)
at org.testng.remote.RemoteTestNG.main(RemoteTestNG.java:77)
]]>
    </error>
  </testcase> <!-- QP030A -->
  <system-out/>
  <testcase name="QP013" time="35.396" classname="com.vrt.testcases.setup_QualParametersTest"/>
  <system-out/>
  <testcase name="QP014A" time="30.653" classname="com.vrt.testcases.setup_QualParametersTest"/>
  <system-out/>
  <testcase name="QP034A" time="28.843" classname="com.vrt.testcases.setup_QualParametersTest">
    <error type="org.testng.TestNGException" message="
Method public void com.vrt.testcases.setup_QualParametersTest.QP034A(java.lang.String,java.lang.String) throws java.lang.InterruptedException,java.io.IOException,java.text.ParseException requires a @DataProvider named : QP034A in class com.vrt.utility.setupCreationUtility">
      <![CDATA[org.testng.TestNGException: 
Method public void com.vrt.testcases.setup_QualParametersTest.QP034A(java.lang.String,java.lang.String) throws java.lang.InterruptedException,java.io.IOException,java.text.ParseException requires a @DataProvider named : QP034A in class com.vrt.utility.setupCreationUtility
at org.testng.internal.Parameters.findDataProvider(Parameters.java:559)
at org.testng.internal.Parameters.handleParameters(Parameters.java:772)
at org.testng.internal.Parameters.handleParameters(Parameters.java:740)
at org.testng.internal.ParameterHandler.handleParameters(ParameterHandler.java:59)
at org.testng.internal.ParameterHandler.createParameters(ParameterHandler.java:38)
at org.testng.internal.TestInvoker$MethodInvocationAgent.invoke(TestInvoker.java:789)
at org.testng.internal.TestInvoker.invokeTestMethods(TestInvoker.java:147)
at org.testng.internal.TestMethodWorker.invokeTestMethods(TestMethodWorker.java:146)
at org.testng.internal.TestMethodWorker.run(TestMethodWorker.java:128)
at java.util.ArrayList.forEach(ArrayList.java:1257)
at org.testng.TestRunner.privateRun(TestRunner.java:764)
at org.testng.TestRunner.run(TestRunner.java:585)
at org.testng.SuiteRunner.runTest(SuiteRunner.java:384)
at org.testng.SuiteRunner.runSequentially(SuiteRunner.java:378)
at org.testng.SuiteRunner.privateRun(SuiteRunner.java:337)
at org.testng.SuiteRunner.run(SuiteRunner.java:286)
at org.testng.SuiteRunnerWorker.runSuite(SuiteRunnerWorker.java:53)
at org.testng.SuiteRunnerWorker.run(SuiteRunnerWorker.java:96)
at org.testng.TestNG.runSuitesSequentially(TestNG.java:1218)
at org.testng.TestNG.runSuitesLocally(TestNG.java:1140)
at org.testng.TestNG.runSuites(TestNG.java:1069)
at org.testng.TestNG.run(TestNG.java:1037)
at org.testng.remote.AbstractRemoteTestNG.run(AbstractRemoteTestNG.java:115)
at org.testng.remote.RemoteTestNG.initAndRun(RemoteTestNG.java:251)
at org.testng.remote.RemoteTestNG.main(RemoteTestNG.java:77)
]]>
    </error>
  </testcase> <!-- QP034A -->
  <system-out/>
  <testcase name="QP025" time="29.832" classname="com.vrt.testcases.setup_QualParametersTest"/>
  <system-out/>
  <testcase name="QP060" time="30.188" classname="com.vrt.testcases.setup_QualParametersTest">
    <skipped/>
  </testcase> <!-- QP060 -->
  <system-out/>
  <testcase name="QP031" time="33.358" classname="com.vrt.testcases.setup_QualParametersTest"/>
  <system-out/>
  <testcase name="QP048" time="43.868" classname="com.vrt.testcases.setup_QualParametersTest"/>
  <system-out/>
  <testcase name="QP012" time="34.102" classname="com.vrt.testcases.setup_QualParametersTest"/>
  <system-out/>
  <testcase name="QP030" time="30.803" classname="com.vrt.testcases.setup_QualParametersTest"/>
  <system-out/>
  <testcase name="QP030" time="1.859" classname="com.vrt.testcases.setup_QualParametersTest"/>
  <system-out/>
  <testcase name="QP034" time="1.875" classname="com.vrt.testcases.setup_QualParametersTest"/>
  <system-out/>
  <testcase name="QP028A" time="3.281" classname="com.vrt.testcases.setup_QualParametersTest"/>
  <system-out/>
</testsuite> <!-- com.vrt.testcases.setup_QualParametersTest -->
