<?xml version="1.0" encoding="UTF-8"?>
<!-- Generated by org.testng.reporters.JUnitReportReporter -->
<testsuite skipped="0" hostname="INAS-LP024" name="com.vrt.testcases.assetDetailsTest1" tests="83" failures="2" timestamp="2021-08-07T21:13:21 IST" time="2028.954" errors="2">
  <testcase name="ASST024_B" time="20.686" classname="com.vrt.testcases.assetDetailsTest1"/>
  <system-out/>
  <testcase name="ASST024_D" time="20.097" classname="com.vrt.testcases.assetDetailsTest1"/>
  <system-out/>
  <testcase name="ASST003" time="15.025" classname="com.vrt.testcases.assetDetailsTest1"/>
  <system-out/>
  <testcase name="ASST090" time="13.348" classname="com.vrt.testcases.assetDetailsTest1"/>
  <system-out/>
  <testcase name="ASST024_A" time="19.420" classname="com.vrt.testcases.assetDetailsTest1"/>
  <system-out/>
  <testcase name="ASST024_E" time="19.325" classname="com.vrt.testcases.assetDetailsTest1"/>
  <system-out/>
  <testcase name="ASST047" time="19.044" classname="com.vrt.testcases.assetDetailsTest1"/>
  <system-out/>
  <testcase name="ASST001" time="12.284" classname="com.vrt.testcases.assetDetailsTest1"/>
  <system-out/>
  <testcase name="ASST029" time="24.372" classname="com.vrt.testcases.assetDetailsTest1"/>
  <system-out/>
  <testcase name="ASST024_A" time="19.358" classname="com.vrt.testcases.assetDetailsTest1"/>
  <system-out/>
  <testcase name="ASST024_B" time="21.002" classname="com.vrt.testcases.assetDetailsTest1"/>
  <system-out/>
  <testcase name="ASST024_A" time="19.177" classname="com.vrt.testcases.assetDetailsTest1"/>
  <system-out/>
  <testcase name="ASST027" time="50.877" classname="com.vrt.testcases.assetDetailsTest1">
    <error type="org.openqa.selenium.NoSuchElementException" message="An element could not be located on the page using the given search parameters. (WARNING: The server did not provide any stacktrace information)
Command duration or timeout: 0 milliseconds
For documentation on this error, please visit: https://www.seleniumhq.org/exceptions/no_such_element.html
Build info: version: &#039;3.141.59&#039;, revision: &#039;e82be7d358&#039;, time: &#039;2018-11-14T08:17:03&#039;
System info: host: &#039;INAS-LP024&#039;, ip: &#039;192.168.186.234&#039;, os.name: &#039;Windows 10&#039;, os.arch: &#039;amd64&#039;, os.version: &#039;10.0&#039;, java.version: &#039;1.8.0_181&#039;
Driver info: io.appium.java_client.windows.WindowsDriver
Capabilities {app: Kaye.ValProbeRT_racmveb2qnw..., javascriptEnabled: true, ms:waitForAppLaunch: 10, platform: WINDOWS, platformName: WINDOWS}
Session ID: DDE66249-E707-445A-AED7-DF4C1C6C2420
*** Element info: {Using=accessibility id, value=DefaultGroupButton}">
      <![CDATA[org.openqa.selenium.NoSuchElementException: An element could not be located on the page using the given search parameters. (WARNING: The server did not provide any stacktrace information)
Command duration or timeout: 0 milliseconds
For documentation on this error, please visit: https://www.seleniumhq.org/exceptions/no_such_element.html
Build info: version: '3.141.59', revision: 'e82be7d358', time: '2018-11-14T08:17:03'
System info: host: 'INAS-LP024', ip: '192.168.186.234', os.name: 'Windows 10', os.arch: 'amd64', os.version: '10.0', java.version: '1.8.0_181'
Driver info: io.appium.java_client.windows.WindowsDriver
Capabilities {app: Kaye.ValProbeRT_racmveb2qnw..., javascriptEnabled: true, ms:waitForAppLaunch: 10, platform: WINDOWS, platformName: WINDOWS}
Session ID: DDE66249-E707-445A-AED7-DF4C1C6C2420
*** Element info: {Using=accessibility id, value=DefaultGroupButton}
at sun.reflect.NativeConstructorAccessorImpl.newInstance0(Native Method)
at sun.reflect.NativeConstructorAccessorImpl.newInstance(NativeConstructorAccessorImpl.java:62)
at sun.reflect.DelegatingConstructorAccessorImpl.newInstance(DelegatingConstructorAccessorImpl.java:45)
at java.lang.reflect.Constructor.newInstance(Constructor.java:423)
at org.openqa.selenium.remote.ErrorHandler.createThrowable(ErrorHandler.java:214)
at org.openqa.selenium.remote.ErrorHandler.throwIfResponseFailed(ErrorHandler.java:166)
at org.openqa.selenium.remote.http.JsonHttpResponseCodec.reconstructValue(JsonHttpResponseCodec.java:40)
at org.openqa.selenium.remote.http.AbstractHttpResponseCodec.decode(AbstractHttpResponseCodec.java:80)
at org.openqa.selenium.remote.http.AbstractHttpResponseCodec.decode(AbstractHttpResponseCodec.java:44)
at org.openqa.selenium.remote.HttpCommandExecutor.execute(HttpCommandExecutor.java:158)
at io.appium.java_client.remote.AppiumCommandExecutor.execute(AppiumCommandExecutor.java:239)
at org.openqa.selenium.remote.RemoteWebDriver.execute(RemoteWebDriver.java:552)
at io.appium.java_client.DefaultGenericMobileDriver.execute(DefaultGenericMobileDriver.java:42)
at io.appium.java_client.AppiumDriver.execute(AppiumDriver.java:1)
at io.appium.java_client.windows.WindowsDriver.execute(WindowsDriver.java:1)
at org.openqa.selenium.remote.RemoteWebDriver.findElement(RemoteWebDriver.java:323)
at io.appium.java_client.DefaultGenericMobileDriver.findElement(DefaultGenericMobileDriver.java:62)
at io.appium.java_client.AppiumDriver.findElement(AppiumDriver.java:1)
at io.appium.java_client.windows.WindowsDriver.findElement(WindowsDriver.java:1)
at io.appium.java_client.FindsByAccessibilityId.findElementByAccessibilityId(FindsByAccessibilityId.java:37)
at com.vrt.pages.Setup_GroupSensorsPage.click_DfltGrp_Btn(Setup_GroupSensorsPage.java:175)
at com.vrt.testcases.assetDetailsTest1.ASST027(assetDetailsTest1.java:1027)
at sun.reflect.NativeMethodAccessorImpl.invoke0(Native Method)
at sun.reflect.NativeMethodAccessorImpl.invoke(NativeMethodAccessorImpl.java:62)
at sun.reflect.DelegatingMethodAccessorImpl.invoke(DelegatingMethodAccessorImpl.java:43)
at java.lang.reflect.Method.invoke(Method.java:498)
at org.testng.internal.MethodInvocationHelper.invokeMethod(MethodInvocationHelper.java:132)
at org.testng.internal.TestInvoker.invokeMethod(TestInvoker.java:599)
at org.testng.internal.TestInvoker.invokeTestMethod(TestInvoker.java:174)
at org.testng.internal.MethodRunner.runInSequence(MethodRunner.java:46)
at org.testng.internal.TestInvoker$MethodInvocationAgent.invoke(TestInvoker.java:822)
at org.testng.internal.TestInvoker.invokeTestMethods(TestInvoker.java:147)
at org.testng.internal.TestMethodWorker.invokeTestMethods(TestMethodWorker.java:146)
at org.testng.internal.TestMethodWorker.run(TestMethodWorker.java:128)
at java.util.ArrayList.forEach(ArrayList.java:1257)
at org.testng.TestRunner.privateRun(TestRunner.java:764)
at org.testng.TestRunner.run(TestRunner.java:585)
at org.testng.SuiteRunner.runTest(SuiteRunner.java:384)
at org.testng.SuiteRunner.runSequentially(SuiteRunner.java:378)
at org.testng.SuiteRunner.privateRun(SuiteRunner.java:337)
at org.testng.SuiteRunner.run(SuiteRunner.java:286)
at org.testng.SuiteRunnerWorker.runSuite(SuiteRunnerWorker.java:53)
at org.testng.SuiteRunnerWorker.run(SuiteRunnerWorker.java:96)
at org.testng.TestNG.runSuitesSequentially(TestNG.java:1218)
at org.testng.TestNG.runSuitesLocally(TestNG.java:1140)
at org.testng.TestNG.runSuites(TestNG.java:1069)
at org.testng.TestNG.run(TestNG.java:1037)
at org.testng.remote.AbstractRemoteTestNG.run(AbstractRemoteTestNG.java:115)
at org.testng.remote.RemoteTestNG.initAndRun(RemoteTestNG.java:251)
at org.testng.remote.RemoteTestNG.main(RemoteTestNG.java:77)
]]>
    </error>
  </testcase> <!-- ASST027 -->
  <system-out/>
  <testcase name="ASST006" time="17.820" classname="com.vrt.testcases.assetDetailsTest1"/>
  <system-out/>
  <testcase name="ASST024_B" time="20.899" classname="com.vrt.testcases.assetDetailsTest1"/>
  <system-out/>
  <testcase name="ASST030" time="24.162" classname="com.vrt.testcases.assetDetailsTest1"/>
  <system-out/>
  <testcase name="ASST062" time="40.895" classname="com.vrt.testcases.assetDetailsTest1"/>
  <system-out/>
  <testcase name="ASST033" time="30.926" classname="com.vrt.testcases.assetDetailsTest1"/>
  <system-out/>
  <testcase name="ASST015" time="17.183" classname="com.vrt.testcases.assetDetailsTest1"/>
  <system-out/>
  <testcase name="ASST024_E" time="19.634" classname="com.vrt.testcases.assetDetailsTest1"/>
  <system-out/>
  <testcase name="ASST024_A" time="19.482" classname="com.vrt.testcases.assetDetailsTest1"/>
  <system-out/>
  <testcase name="ASST024_D" time="19.957" classname="com.vrt.testcases.assetDetailsTest1"/>
  <system-out/>
  <testcase name="ASST024_E" time="19.064" classname="com.vrt.testcases.assetDetailsTest1"/>
  <system-out/>
  <testcase name="ASST077" time="46.223" classname="com.vrt.testcases.assetDetailsTest1">
    <failure type="java.lang.AssertionError" message="The following asserts failed:
	FAIL:Reports tile count is  increasing  under Asset details page expected [3] but found [2]">
      <![CDATA[java.lang.AssertionError: The following asserts failed:
FAIL:Reports tile count is  increasing  under Asset details page expected [3] but found [2]
at org.testng.asserts.SoftAssert.assertAll(SoftAssert.java:47)
at org.testng.asserts.SoftAssert.assertAll(SoftAssert.java:31)
at com.vrt.testcases.assetDetailsTest1.ASST077(assetDetailsTest1.java:2000)
at sun.reflect.NativeMethodAccessorImpl.invoke0(Native Method)
at sun.reflect.NativeMethodAccessorImpl.invoke(NativeMethodAccessorImpl.java:62)
at sun.reflect.DelegatingMethodAccessorImpl.invoke(DelegatingMethodAccessorImpl.java:43)
at java.lang.reflect.Method.invoke(Method.java:498)
at org.testng.internal.MethodInvocationHelper.invokeMethod(MethodInvocationHelper.java:132)
at org.testng.internal.TestInvoker.invokeMethod(TestInvoker.java:599)
at org.testng.internal.TestInvoker.invokeTestMethod(TestInvoker.java:174)
at org.testng.internal.MethodRunner.runInSequence(MethodRunner.java:46)
at org.testng.internal.TestInvoker$MethodInvocationAgent.invoke(TestInvoker.java:822)
at org.testng.internal.TestInvoker.invokeTestMethods(TestInvoker.java:147)
at org.testng.internal.TestMethodWorker.invokeTestMethods(TestMethodWorker.java:146)
at org.testng.internal.TestMethodWorker.run(TestMethodWorker.java:128)
at java.util.ArrayList.forEach(ArrayList.java:1257)
at org.testng.TestRunner.privateRun(TestRunner.java:764)
at org.testng.TestRunner.run(TestRunner.java:585)
at org.testng.SuiteRunner.runTest(SuiteRunner.java:384)
at org.testng.SuiteRunner.runSequentially(SuiteRunner.java:378)
at org.testng.SuiteRunner.privateRun(SuiteRunner.java:337)
at org.testng.SuiteRunner.run(SuiteRunner.java:286)
at org.testng.SuiteRunnerWorker.runSuite(SuiteRunnerWorker.java:53)
at org.testng.SuiteRunnerWorker.run(SuiteRunnerWorker.java:96)
at org.testng.TestNG.runSuitesSequentially(TestNG.java:1218)
at org.testng.TestNG.runSuitesLocally(TestNG.java:1140)
at org.testng.TestNG.runSuites(TestNG.java:1069)
at org.testng.TestNG.run(TestNG.java:1037)
at org.testng.remote.AbstractRemoteTestNG.run(AbstractRemoteTestNG.java:115)
at org.testng.remote.RemoteTestNG.initAndRun(RemoteTestNG.java:251)
at org.testng.remote.RemoteTestNG.main(RemoteTestNG.java:77)
]]>
    </failure>
  </testcase> <!-- ASST077 -->
  <system-out/>
  <testcase name="ASST088" time="13.305" classname="com.vrt.testcases.assetDetailsTest1"/>
  <system-out/>
  <testcase name="ASST059" time="41.276" classname="com.vrt.testcases.assetDetailsTest1"/>
  <system-out/>
  <testcase name="ASST048" time="19.367" classname="com.vrt.testcases.assetDetailsTest1"/>
  <system-out/>
  <testcase name="ASST078" time="38.922" classname="com.vrt.testcases.assetDetailsTest1"/>
  <system-out/>
  <testcase name="ASST012" time="23.601" classname="com.vrt.testcases.assetDetailsTest1"/>
  <system-out/>
  <testcase name="ASST013" time="12.282" classname="com.vrt.testcases.assetDetailsTest1"/>
  <system-out/>
  <testcase name="ASST026STP" time="50.739" classname="com.vrt.testcases.assetDetailsTest1"/>
  <system-out/>
  <testcase name="ASST053A" time="39.451" classname="com.vrt.testcases.assetDetailsTest1"/>
  <system-out/>
  <testcase name="ASST054A_REP" time="28.066" classname="com.vrt.testcases.assetDetailsTest1"/>
  <system-out/>
  <testcase name="ASST020" time="28.879" classname="com.vrt.testcases.assetDetailsTest1"/>
  <system-out/>
  <testcase name="ASST076" time="24.474" classname="com.vrt.testcases.assetDetailsTest1"/>
  <system-out/>
  <testcase name="ASST024_B" time="20.867" classname="com.vrt.testcases.assetDetailsTest1"/>
  <system-out/>
  <testcase name="ASST018" time="18.685" classname="com.vrt.testcases.assetDetailsTest1"/>
  <system-out/>
  <testcase name="ASST024_A" time="19.712" classname="com.vrt.testcases.assetDetailsTest1"/>
  <system-out/>
  <testcase name="ASST024_E" time="19.374" classname="com.vrt.testcases.assetDetailsTest1"/>
  <system-out/>
  <testcase name="ASST043" time="20.254" classname="com.vrt.testcases.assetDetailsTest1"/>
  <system-out/>
  <testcase name="ASST068" time="23.753" classname="com.vrt.testcases.assetDetailsTest1"/>
  <system-out/>
  <testcase name="ASST004" time="34.460" classname="com.vrt.testcases.assetDetailsTest1">
    <failure type="java.lang.AssertionError" message="The following asserts failed:
	FAIL:The Audit trail record for Edit Assets activity is not exist  expected [Asset : &quot;Asset01&quot; &quot;Equipment ID&quot; field modified from &quot; 01 to 02 &quot; by  User ID : &quot;1&quot; , User Name : &quot;User1&quot;.] but found [Asset : &quot;Asset01&quot; &quot;Asset ID&quot; field modified from &quot; 01 to 02 &quot; by  User ID : &quot;1&quot; , User Name : &quot;User1&quot;.]">
      <![CDATA[java.lang.AssertionError: The following asserts failed:
FAIL:The Audit trail record for Edit Assets activity is not exist  expected [Asset : "Asset01" "Equipment ID" field modified from " 01 to 02 " by  User ID : "1" , User Name : "User1".] but found [Asset : "Asset01" "Asset ID" field modified from " 01 to 02 " by  User ID : "1" , User Name : "User1".]
at org.testng.asserts.SoftAssert.assertAll(SoftAssert.java:47)
at org.testng.asserts.SoftAssert.assertAll(SoftAssert.java:31)
at com.vrt.testcases.assetDetailsTest1.ASST004(assetDetailsTest1.java:395)
at sun.reflect.NativeMethodAccessorImpl.invoke0(Native Method)
at sun.reflect.NativeMethodAccessorImpl.invoke(NativeMethodAccessorImpl.java:62)
at sun.reflect.DelegatingMethodAccessorImpl.invoke(DelegatingMethodAccessorImpl.java:43)
at java.lang.reflect.Method.invoke(Method.java:498)
at org.testng.internal.MethodInvocationHelper.invokeMethod(MethodInvocationHelper.java:132)
at org.testng.internal.TestInvoker.invokeMethod(TestInvoker.java:599)
at org.testng.internal.TestInvoker.invokeTestMethod(TestInvoker.java:174)
at org.testng.internal.MethodRunner.runInSequence(MethodRunner.java:46)
at org.testng.internal.TestInvoker$MethodInvocationAgent.invoke(TestInvoker.java:822)
at org.testng.internal.TestInvoker.invokeTestMethods(TestInvoker.java:147)
at org.testng.internal.TestMethodWorker.invokeTestMethods(TestMethodWorker.java:146)
at org.testng.internal.TestMethodWorker.run(TestMethodWorker.java:128)
at java.util.ArrayList.forEach(ArrayList.java:1257)
at org.testng.TestRunner.privateRun(TestRunner.java:764)
at org.testng.TestRunner.run(TestRunner.java:585)
at org.testng.SuiteRunner.runTest(SuiteRunner.java:384)
at org.testng.SuiteRunner.runSequentially(SuiteRunner.java:378)
at org.testng.SuiteRunner.privateRun(SuiteRunner.java:337)
at org.testng.SuiteRunner.run(SuiteRunner.java:286)
at org.testng.SuiteRunnerWorker.runSuite(SuiteRunnerWorker.java:53)
at org.testng.SuiteRunnerWorker.run(SuiteRunnerWorker.java:96)
at org.testng.TestNG.runSuitesSequentially(TestNG.java:1218)
at org.testng.TestNG.runSuitesLocally(TestNG.java:1140)
at org.testng.TestNG.runSuites(TestNG.java:1069)
at org.testng.TestNG.run(TestNG.java:1037)
at org.testng.remote.AbstractRemoteTestNG.run(AbstractRemoteTestNG.java:115)
at org.testng.remote.RemoteTestNG.initAndRun(RemoteTestNG.java:251)
at org.testng.remote.RemoteTestNG.main(RemoteTestNG.java:77)
]]>
    </failure>
  </testcase> <!-- ASST004 -->
  <system-out/>
  <testcase name="ASST024STP" time="19.669" classname="com.vrt.testcases.assetDetailsTest1"/>
  <system-out/>
  <testcase name="ASST074" time="20.904" classname="com.vrt.testcases.assetDetailsTest1"/>
  <system-out/>
  <testcase name="ASST024_D" time="19.921" classname="com.vrt.testcases.assetDetailsTest1"/>
  <system-out/>
  <testcase name="ASST024_E" time="19.430" classname="com.vrt.testcases.assetDetailsTest1"/>
  <system-out/>
  <testcase name="ASST024_A" time="19.307" classname="com.vrt.testcases.assetDetailsTest1"/>
  <system-out/>
  <testcase name="ASST065" time="36.631" classname="com.vrt.testcases.assetDetailsTest1"/>
  <system-out/>
  <testcase name="ASST081" time="24.994" classname="com.vrt.testcases.assetDetailsTest1"/>
  <system-out/>
  <testcase name="ASST052B" time="18.199" classname="com.vrt.testcases.assetDetailsTest1"/>
  <system-out/>
  <testcase name="ASST024_E" time="19.633" classname="com.vrt.testcases.assetDetailsTest1"/>
  <system-out/>
  <testcase name="ASST024_A" time="19.362" classname="com.vrt.testcases.assetDetailsTest1"/>
  <system-out/>
  <testcase name="ASST009" time="25.895" classname="com.vrt.testcases.assetDetailsTest1"/>
  <system-out/>
  <testcase name="ASST024_E" time="19.408" classname="com.vrt.testcases.assetDetailsTest1"/>
  <system-out/>
  <testcase name="ASST001A" time="11.964" classname="com.vrt.testcases.assetDetailsTest1"/>
  <system-out/>
  <testcase name="ASST086" time="12.621" classname="com.vrt.testcases.assetDetailsTest1"/>
  <system-out/>
  <testcase name="ASST024_B" time="20.853" classname="com.vrt.testcases.assetDetailsTest1"/>
  <system-out/>
  <testcase name="ASST053B" time="25.102" classname="com.vrt.testcases.assetDetailsTest1"/>
  <system-out/>
  <testcase name="ASST050" time="21.283" classname="com.vrt.testcases.assetDetailsTest1"/>
  <system-out/>
  <testcase name="ASST084" time="24.317" classname="com.vrt.testcases.assetDetailsTest1"/>
  <system-out/>
  <testcase name="ASST008" time="26.704" classname="com.vrt.testcases.assetDetailsTest1"/>
  <system-out/>
  <testcase name="ASST024_A" time="19.367" classname="com.vrt.testcases.assetDetailsTest1"/>
  <system-out/>
  <testcase name="ASST052A" time="19.033" classname="com.vrt.testcases.assetDetailsTest1"/>
  <system-out/>
  <testcase name="ASST024_D" time="20.201" classname="com.vrt.testcases.assetDetailsTest1"/>
  <system-out/>
  <testcase name="ASST087" time="13.535" classname="com.vrt.testcases.assetDetailsTest1"/>
  <system-out/>
  <testcase name="ASST023" time="17.722" classname="com.vrt.testcases.assetDetailsTest1"/>
  <system-out/>
  <testcase name="ASST056" time="22.945" classname="com.vrt.testcases.assetDetailsTest1"/>
  <system-out/>
  <testcase name="ASST037" time="77.259" classname="com.vrt.testcases.assetDetailsTest1"/>
  <system-out/>
  <testcase name="ASST001B" time="44.553" classname="com.vrt.testcases.assetDetailsTest1"/>
  <system-out/>
  <testcase name="ASST024_B" time="21.292" classname="com.vrt.testcases.assetDetailsTest1"/>
  <system-out/>
  <testcase name="ASST038" time="21.799" classname="com.vrt.testcases.assetDetailsTest1"/>
  <system-out/>
  <testcase name="ASST017" time="13.128" classname="com.vrt.testcases.assetDetailsTest1"/>
  <system-out/>
  <testcase name="ASST024_E" time="19.842" classname="com.vrt.testcases.assetDetailsTest1"/>
  <system-out/>
  <testcase name="ASST024_C" time="22.398" classname="com.vrt.testcases.assetDetailsTest1"/>
  <system-out/>
  <testcase name="ASST024_F" time="19.783" classname="com.vrt.testcases.assetDetailsTest1"/>
  <system-out/>
  <testcase name="ASST044" time="41.498" classname="com.vrt.testcases.assetDetailsTest1"/>
  <system-out/>
  <testcase name="ASST014" time="18.050" classname="com.vrt.testcases.assetDetailsTest1"/>
  <system-out/>
  <testcase name="ASST025STP" time="81.110" classname="com.vrt.testcases.assetDetailsTest1">
    <error type="org.openqa.selenium.NoSuchElementException" message="An element could not be located on the page using the given search parameters. (WARNING: The server did not provide any stacktrace information)
Command duration or timeout: 0 milliseconds
For documentation on this error, please visit: https://www.seleniumhq.org/exceptions/no_such_element.html
Build info: version: &#039;3.141.59&#039;, revision: &#039;e82be7d358&#039;, time: &#039;2018-11-14T08:17:03&#039;
System info: host: &#039;INAS-LP024&#039;, ip: &#039;192.168.186.234&#039;, os.name: &#039;Windows 10&#039;, os.arch: &#039;amd64&#039;, os.version: &#039;10.0&#039;, java.version: &#039;1.8.0_181&#039;
Driver info: io.appium.java_client.windows.WindowsDriver
Capabilities {app: Kaye.ValProbeRT_racmveb2qnw..., javascriptEnabled: true, ms:waitForAppLaunch: 10, platform: WINDOWS, platformName: WINDOWS}
Session ID: 300E6292-E62F-47DE-B32E-26CD73C23268
*** Element info: {Using=name, value=Yes}">
      <![CDATA[org.openqa.selenium.NoSuchElementException: An element could not be located on the page using the given search parameters. (WARNING: The server did not provide any stacktrace information)
Command duration or timeout: 0 milliseconds
For documentation on this error, please visit: https://www.seleniumhq.org/exceptions/no_such_element.html
Build info: version: '3.141.59', revision: 'e82be7d358', time: '2018-11-14T08:17:03'
System info: host: 'INAS-LP024', ip: '192.168.186.234', os.name: 'Windows 10', os.arch: 'amd64', os.version: '10.0', java.version: '1.8.0_181'
Driver info: io.appium.java_client.windows.WindowsDriver
Capabilities {app: Kaye.ValProbeRT_racmveb2qnw..., javascriptEnabled: true, ms:waitForAppLaunch: 10, platform: WINDOWS, platformName: WINDOWS}
Session ID: 300E6292-E62F-47DE-B32E-26CD73C23268
*** Element info: {Using=name, value=Yes}
at sun.reflect.NativeConstructorAccessorImpl.newInstance0(Native Method)
at sun.reflect.NativeConstructorAccessorImpl.newInstance(NativeConstructorAccessorImpl.java:62)
at sun.reflect.DelegatingConstructorAccessorImpl.newInstance(DelegatingConstructorAccessorImpl.java:45)
at java.lang.reflect.Constructor.newInstance(Constructor.java:423)
at org.openqa.selenium.remote.ErrorHandler.createThrowable(ErrorHandler.java:214)
at org.openqa.selenium.remote.ErrorHandler.throwIfResponseFailed(ErrorHandler.java:166)
at org.openqa.selenium.remote.http.JsonHttpResponseCodec.reconstructValue(JsonHttpResponseCodec.java:40)
at org.openqa.selenium.remote.http.AbstractHttpResponseCodec.decode(AbstractHttpResponseCodec.java:80)
at org.openqa.selenium.remote.http.AbstractHttpResponseCodec.decode(AbstractHttpResponseCodec.java:44)
at org.openqa.selenium.remote.HttpCommandExecutor.execute(HttpCommandExecutor.java:158)
at io.appium.java_client.remote.AppiumCommandExecutor.execute(AppiumCommandExecutor.java:239)
at org.openqa.selenium.remote.RemoteWebDriver.execute(RemoteWebDriver.java:552)
at io.appium.java_client.DefaultGenericMobileDriver.execute(DefaultGenericMobileDriver.java:42)
at io.appium.java_client.AppiumDriver.execute(AppiumDriver.java:1)
at io.appium.java_client.windows.WindowsDriver.execute(WindowsDriver.java:1)
at org.openqa.selenium.remote.RemoteWebDriver.findElement(RemoteWebDriver.java:323)
at io.appium.java_client.DefaultGenericMobileDriver.findElement(DefaultGenericMobileDriver.java:62)
at io.appium.java_client.AppiumDriver.findElement(AppiumDriver.java:1)
at io.appium.java_client.windows.WindowsDriver.findElement(WindowsDriver.java:1)
at org.openqa.selenium.remote.RemoteWebDriver.findElementByName(RemoteWebDriver.java:404)
at io.appium.java_client.DefaultGenericMobileDriver.findElementByName(DefaultGenericMobileDriver.java:118)
at io.appium.java_client.AppiumDriver.findElementByName(AppiumDriver.java:1)
at io.appium.java_client.windows.WindowsDriver.findElementByName(WindowsDriver.java:1)
at com.vrt.pages.Setup_ReviewPage.click_Yes_TODAlertMsg_Btn(Setup_ReviewPage.java:332)
at com.vrt.testcases.assetDetailsTest1.ASST025STP(assetDetailsTest1.java:885)
at sun.reflect.NativeMethodAccessorImpl.invoke0(Native Method)
at sun.reflect.NativeMethodAccessorImpl.invoke(NativeMethodAccessorImpl.java:62)
at sun.reflect.DelegatingMethodAccessorImpl.invoke(DelegatingMethodAccessorImpl.java:43)
at java.lang.reflect.Method.invoke(Method.java:498)
at org.testng.internal.MethodInvocationHelper.invokeMethod(MethodInvocationHelper.java:132)
at org.testng.internal.TestInvoker.invokeMethod(TestInvoker.java:599)
at org.testng.internal.TestInvoker.invokeTestMethod(TestInvoker.java:174)
at org.testng.internal.MethodRunner.runInSequence(MethodRunner.java:46)
at org.testng.internal.TestInvoker$MethodInvocationAgent.invoke(TestInvoker.java:822)
at org.testng.internal.TestInvoker.invokeTestMethods(TestInvoker.java:147)
at org.testng.internal.TestMethodWorker.invokeTestMethods(TestMethodWorker.java:146)
at org.testng.internal.TestMethodWorker.run(TestMethodWorker.java:128)
at java.util.ArrayList.forEach(ArrayList.java:1257)
at org.testng.TestRunner.privateRun(TestRunner.java:764)
at org.testng.TestRunner.run(TestRunner.java:585)
at org.testng.SuiteRunner.runTest(SuiteRunner.java:384)
at org.testng.SuiteRunner.runSequentially(SuiteRunner.java:378)
at org.testng.SuiteRunner.privateRun(SuiteRunner.java:337)
at org.testng.SuiteRunner.run(SuiteRunner.java:286)
at org.testng.SuiteRunnerWorker.runSuite(SuiteRunnerWorker.java:53)
at org.testng.SuiteRunnerWorker.run(SuiteRunnerWorker.java:96)
at org.testng.TestNG.runSuitesSequentially(TestNG.java:1218)
at org.testng.TestNG.runSuitesLocally(TestNG.java:1140)
at org.testng.TestNG.runSuites(TestNG.java:1069)
at org.testng.TestNG.run(TestNG.java:1037)
at org.testng.remote.AbstractRemoteTestNG.run(AbstractRemoteTestNG.java:115)
at org.testng.remote.RemoteTestNG.initAndRun(RemoteTestNG.java:251)
at org.testng.remote.RemoteTestNG.main(RemoteTestNG.java:77)
]]>
    </error>
  </testcase> <!-- ASST025STP -->
  <system-out/>
  <testcase name="ASST034" time="26.749" classname="com.vrt.testcases.assetDetailsTest1"/>
  <system-out/>
  <testcase name="ASST002" time="13.481" classname="com.vrt.testcases.assetDetailsTest1"/>
  <system-out/>
  <testcase name="ASST075" time="23.843" classname="com.vrt.testcases.assetDetailsTest1"/>
  <system-out/>
  <testcase name="ASST007" time="16.304" classname="com.vrt.testcases.assetDetailsTest1"/>
  <system-out/>
  <testcase name="ASST032" time="21.138" classname="com.vrt.testcases.assetDetailsTest1"/>
  <system-out/>
</testsuite> <!-- com.vrt.testcases.assetDetailsTest1 -->
