<?xml version="1.0" encoding="UTF-8"?>
<!-- Generated by org.testng.reporters.JUnitReportReporter -->
<testsuite skipped="6" hostname="INAS-LP024" name="com.vrt.testcases.UM1" tests="94" failures="0" timestamp="2021-08-08T00:45:05 IST" time="3990.196" errors="1">
  <testcase name="ADMN069E" time="50.915" classname="com.vrt.testcases.UM1"/>
  <system-out/>
  <testcase name="ADMN014A" time="51.505" classname="com.vrt.testcases.UM1"/>
  <system-out/>
  <testcase name="ADMN069D" time="41.203" classname="com.vrt.testcases.UM1"/>
  <system-out/>
  <testcase name="ADMN040A" time="47.919" classname="com.vrt.testcases.UM1"/>
  <system-out/>
  <testcase name="ADMN028" time="33.405" classname="com.vrt.testcases.UM1"/>
  <system-out/>
  <testcase name="ADMN133" time="36.306" classname="com.vrt.testcases.UM1"/>
  <system-out/>
  <testcase name="ADMN069H" time="43.094" classname="com.vrt.testcases.UM1"/>
  <system-out/>
  <testcase name="ADMN037C" time="56.457" classname="com.vrt.testcases.UM1"/>
  <system-out/>
  <testcase name="ADMN045A" time="63.625" classname="com.vrt.testcases.UM1">
    <skipped/>
  </testcase> <!-- ADMN045A -->
  <system-out/>
  <testcase name="ADMN014" time="41.269" classname="com.vrt.testcases.UM1"/>
  <system-out/>
  <testcase name="ADMN016" time="32.880" classname="com.vrt.testcases.UM1">
    <skipped/>
  </testcase> <!-- ADMN016 -->
  <system-out/>
  <testcase name="ADMN043A" time="29.807" classname="com.vrt.testcases.UM1"/>
  <system-out/>
  <testcase name="ADMN067B" time="49.093" classname="com.vrt.testcases.UM1"/>
  <system-out/>
  <testcase name="ADMN041A" time="49.435" classname="com.vrt.testcases.UM1"/>
  <system-out/>
  <testcase name="ADMN021A" time="37.637" classname="com.vrt.testcases.UM1"/>
  <system-out/>
  <testcase name="ADMN020" time="42.877" classname="com.vrt.testcases.UM1"/>
  <system-out/>
  <testcase name="ADMN127" time="30.553" classname="com.vrt.testcases.UM1"/>
  <system-out/>
  <testcase name="ADMN016a" time="38.210" classname="com.vrt.testcases.UM1"/>
  <system-out/>
  <testcase name="ADMN037F" time="63.208" classname="com.vrt.testcases.UM1"/>
  <system-out/>
  <testcase name="ADMN032" time="34.318" classname="com.vrt.testcases.UM1"/>
  <system-out/>
  <testcase name="ADMN042B" time="37.618" classname="com.vrt.testcases.UM1"/>
  <system-out/>
  <testcase name="ADMN009" time="42.774" classname="com.vrt.testcases.UM1"/>
  <system-out/>
  <testcase name="ADMN022" time="40.957" classname="com.vrt.testcases.UM1"/>
  <system-out/>
  <testcase name="ADMN015A" time="34.358" classname="com.vrt.testcases.UM1"/>
  <system-out/>
  <testcase name="ADMN030" time="32.767" classname="com.vrt.testcases.UM1"/>
  <system-out/>
  <testcase name="ADMN045A" time="69.788" classname="com.vrt.testcases.UM1">
    <error type="org.openqa.selenium.NoSuchElementException" message="An element could not be located on the page using the given search parameters. (WARNING: The server did not provide any stacktrace information)
Command duration or timeout: 0 milliseconds
For documentation on this error, please visit: https://www.seleniumhq.org/exceptions/no_such_element.html
Build info: version: &#039;3.141.59&#039;, revision: &#039;e82be7d358&#039;, time: &#039;2018-11-14T08:17:03&#039;
System info: host: &#039;INAS-LP024&#039;, ip: &#039;127.0.0.1&#039;, os.name: &#039;Windows 10&#039;, os.arch: &#039;amd64&#039;, os.version: &#039;10.0&#039;, java.version: &#039;1.8.0_181&#039;
Driver info: io.appium.java_client.windows.WindowsDriver
Capabilities {app: Kaye.ValProbeRT_racmveb2qnw..., javascriptEnabled: true, ms:waitForAppLaunch: 10, platform: WINDOWS, platformName: WINDOWS}
Session ID: BB402C0F-0F2D-43FC-B0D9-4E21AEE84650
*** Element info: {Using=name, value=Enter User Credentials}">
      <![CDATA[org.openqa.selenium.NoSuchElementException: An element could not be located on the page using the given search parameters. (WARNING: The server did not provide any stacktrace information)
Command duration or timeout: 0 milliseconds
For documentation on this error, please visit: https://www.seleniumhq.org/exceptions/no_such_element.html
Build info: version: '3.141.59', revision: 'e82be7d358', time: '2018-11-14T08:17:03'
System info: host: 'INAS-LP024', ip: '127.0.0.1', os.name: 'Windows 10', os.arch: 'amd64', os.version: '10.0', java.version: '1.8.0_181'
Driver info: io.appium.java_client.windows.WindowsDriver
Capabilities {app: Kaye.ValProbeRT_racmveb2qnw..., javascriptEnabled: true, ms:waitForAppLaunch: 10, platform: WINDOWS, platformName: WINDOWS}
Session ID: BB402C0F-0F2D-43FC-B0D9-4E21AEE84650
*** Element info: {Using=name, value=Enter User Credentials}
at sun.reflect.NativeConstructorAccessorImpl.newInstance0(Native Method)
at sun.reflect.NativeConstructorAccessorImpl.newInstance(NativeConstructorAccessorImpl.java:62)
at sun.reflect.DelegatingConstructorAccessorImpl.newInstance(DelegatingConstructorAccessorImpl.java:45)
at java.lang.reflect.Constructor.newInstance(Constructor.java:423)
at org.openqa.selenium.remote.ErrorHandler.createThrowable(ErrorHandler.java:214)
at org.openqa.selenium.remote.ErrorHandler.throwIfResponseFailed(ErrorHandler.java:166)
at org.openqa.selenium.remote.http.JsonHttpResponseCodec.reconstructValue(JsonHttpResponseCodec.java:40)
at org.openqa.selenium.remote.http.AbstractHttpResponseCodec.decode(AbstractHttpResponseCodec.java:80)
at org.openqa.selenium.remote.http.AbstractHttpResponseCodec.decode(AbstractHttpResponseCodec.java:44)
at org.openqa.selenium.remote.HttpCommandExecutor.execute(HttpCommandExecutor.java:158)
at io.appium.java_client.remote.AppiumCommandExecutor.execute(AppiumCommandExecutor.java:239)
at org.openqa.selenium.remote.RemoteWebDriver.execute(RemoteWebDriver.java:552)
at io.appium.java_client.DefaultGenericMobileDriver.execute(DefaultGenericMobileDriver.java:42)
at io.appium.java_client.AppiumDriver.execute(AppiumDriver.java:1)
at io.appium.java_client.windows.WindowsDriver.execute(WindowsDriver.java:1)
at org.openqa.selenium.remote.RemoteWebDriver.findElement(RemoteWebDriver.java:323)
at io.appium.java_client.DefaultGenericMobileDriver.findElement(DefaultGenericMobileDriver.java:62)
at io.appium.java_client.AppiumDriver.findElement(AppiumDriver.java:1)
at io.appium.java_client.windows.WindowsDriver.findElement(WindowsDriver.java:1)
at org.openqa.selenium.remote.RemoteWebDriver.findElementByName(RemoteWebDriver.java:404)
at io.appium.java_client.DefaultGenericMobileDriver.findElementByName(DefaultGenericMobileDriver.java:118)
at io.appium.java_client.AppiumDriver.findElementByName(AppiumDriver.java:1)
at io.appium.java_client.windows.WindowsDriver.findElementByName(WindowsDriver.java:1)
at com.vrt.base.BaseClass.UserLoginPopup(BaseClass.java:191)
at com.vrt.testcases.UM1.ADMN045A(UM1.java:1640)
at sun.reflect.NativeMethodAccessorImpl.invoke0(Native Method)
at sun.reflect.NativeMethodAccessorImpl.invoke(NativeMethodAccessorImpl.java:62)
at sun.reflect.DelegatingMethodAccessorImpl.invoke(DelegatingMethodAccessorImpl.java:43)
at java.lang.reflect.Method.invoke(Method.java:498)
at org.testng.internal.MethodInvocationHelper.invokeMethod(MethodInvocationHelper.java:132)
at org.testng.internal.TestInvoker.invokeMethod(TestInvoker.java:599)
at org.testng.internal.TestInvoker.retryFailed(TestInvoker.java:214)
at org.testng.internal.MethodRunner.runInSequence(MethodRunner.java:58)
at org.testng.internal.TestInvoker$MethodInvocationAgent.invoke(TestInvoker.java:822)
at org.testng.internal.TestInvoker.invokeTestMethods(TestInvoker.java:147)
at org.testng.internal.TestMethodWorker.invokeTestMethods(TestMethodWorker.java:146)
at org.testng.internal.TestMethodWorker.run(TestMethodWorker.java:128)
at java.util.ArrayList.forEach(ArrayList.java:1257)
at org.testng.TestRunner.privateRun(TestRunner.java:764)
at org.testng.TestRunner.run(TestRunner.java:585)
at org.testng.SuiteRunner.runTest(SuiteRunner.java:384)
at org.testng.SuiteRunner.runSequentially(SuiteRunner.java:378)
at org.testng.SuiteRunner.privateRun(SuiteRunner.java:337)
at org.testng.SuiteRunner.run(SuiteRunner.java:286)
at org.testng.SuiteRunnerWorker.runSuite(SuiteRunnerWorker.java:53)
at org.testng.SuiteRunnerWorker.run(SuiteRunnerWorker.java:96)
at org.testng.TestNG.runSuitesSequentially(TestNG.java:1218)
at org.testng.TestNG.runSuitesLocally(TestNG.java:1140)
at org.testng.TestNG.runSuites(TestNG.java:1069)
at org.testng.TestNG.run(TestNG.java:1037)
at org.testng.remote.AbstractRemoteTestNG.run(AbstractRemoteTestNG.java:115)
at org.testng.remote.RemoteTestNG.initAndRun(RemoteTestNG.java:251)
at org.testng.remote.RemoteTestNG.main(RemoteTestNG.java:77)
]]>
    </error>
  </testcase> <!-- ADMN045A -->
  <system-out/>
  <testcase name="ADMN021" time="41.582" classname="com.vrt.testcases.UM1"/>
  <system-out/>
  <testcase name="ADMN011" time="40.657" classname="com.vrt.testcases.UM1"/>
  <system-out/>
  <testcase name="ADMN010" time="42.362" classname="com.vrt.testcases.UM1"/>
  <system-out/>
  <testcase name="ADMN032A" time="42.573" classname="com.vrt.testcases.UM1"/>
  <system-out/>
  <testcase name="ADMN013" time="41.981" classname="com.vrt.testcases.UM1"/>
  <system-out/>
  <testcase name="ADMN126A" time="40.268" classname="com.vrt.testcases.UM1"/>
  <system-out/>
  <testcase name="ADMN132" time="37.404" classname="com.vrt.testcases.UM1"/>
  <system-out/>
  <testcase name="ADMN033" time="34.728" classname="com.vrt.testcases.UM1"/>
  <system-out/>
  <testcase name="ADMN014B" time="50.932" classname="com.vrt.testcases.UM1"/>
  <system-out/>
  <testcase name="ADMN042A" time="37.461" classname="com.vrt.testcases.UM1"/>
  <system-out/>
  <testcase name="ADMN037D" time="47.898" classname="com.vrt.testcases.UM1"/>
  <system-out/>
  <testcase name="ADMN010" time="41.488" classname="com.vrt.testcases.UM1"/>
  <system-out/>
  <testcase name="ADMN027" time="33.045" classname="com.vrt.testcases.UM1"/>
  <system-out/>
  <testcase name="ADMN018" time="32.848" classname="com.vrt.testcases.UM1">
    <skipped/>
  </testcase> <!-- ADMN018 -->
  <system-out/>
  <testcase name="ADMN026" time="44.140" classname="com.vrt.testcases.UM1"/>
  <system-out/>
  <testcase name="ADMN037A" time="77.151" classname="com.vrt.testcases.UM1"/>
  <system-out/>
  <testcase name="ADMN037G" time="69.491" classname="com.vrt.testcases.UM1"/>
  <system-out/>
  <testcase name="ADMN009A" time="25.320" classname="com.vrt.testcases.UM1"/>
  <system-out/>
  <testcase name="ADMN010" time="41.036" classname="com.vrt.testcases.UM1"/>
  <system-out/>
  <testcase name="ADMN043" time="27.428" classname="com.vrt.testcases.UM1"/>
  <system-out/>
  <testcase name="ADMN017a" time="35.993" classname="com.vrt.testcases.UM1"/>
  <system-out/>
  <testcase name="ADMN036C" time="44.375" classname="com.vrt.testcases.UM1"/>
  <system-out/>
  <testcase name="ADMN008" time="31.627" classname="com.vrt.testcases.UM1"/>
  <system-out/>
  <testcase name="ADMN069J" time="38.801" classname="com.vrt.testcases.UM1"/>
  <system-out/>
  <testcase name="ADMN034B" time="46.772" classname="com.vrt.testcases.UM1"/>
  <system-out/>
  <testcase name="ADMN017" time="23.029" classname="com.vrt.testcases.UM1">
    <skipped/>
  </testcase> <!-- ADMN017 -->
  <system-out/>
  <testcase name="ADMN036A" time="53.924" classname="com.vrt.testcases.UM1"/>
  <system-out/>
  <testcase name="ADMN034" time="46.434" classname="com.vrt.testcases.UM1"/>
  <system-out/>
  <testcase name="ADMN019" time="30.659" classname="com.vrt.testcases.UM1"/>
  <system-out/>
  <testcase name="ADMN010" time="33.529" classname="com.vrt.testcases.UM1"/>
  <system-out/>
  <testcase name="ADMN036D" time="39.107" classname="com.vrt.testcases.UM1"/>
  <system-out/>
  <testcase name="ADMN037B" time="71.218" classname="com.vrt.testcases.UM1"/>
  <system-out/>
  <testcase name="ADMN034D" time="44.804" classname="com.vrt.testcases.UM1"/>
  <system-out/>
  <testcase name="ADMN126" time="37.962" classname="com.vrt.testcases.UM1"/>
  <system-out/>
  <testcase name="ADMN041B" time="58.963" classname="com.vrt.testcases.UM1"/>
  <system-out/>
  <testcase name="ADMN010" time="40.412" classname="com.vrt.testcases.UM1"/>
  <system-out/>
  <testcase name="ADMN045B" time="82.256" classname="com.vrt.testcases.UM1"/>
  <system-out/>
  <testcase name="ADMN006" time="33.855" classname="com.vrt.testcases.UM1"/>
  <system-out/>
  <testcase name="ADMN042" time="43.487" classname="com.vrt.testcases.UM1"/>
  <system-out/>
  <testcase name="ADMN129" time="41.817" classname="com.vrt.testcases.UM1"/>
  <system-out/>
  <testcase name="ADMN069G" time="53.714" classname="com.vrt.testcases.UM1"/>
  <system-out/>
  <testcase name="ADMN037E" time="45.534" classname="com.vrt.testcases.UM1"/>
  <system-out/>
  <testcase name="ADMN015" time="31.811" classname="com.vrt.testcases.UM1">
    <skipped/>
  </testcase> <!-- ADMN015 -->
  <system-out/>
  <testcase name="ADMN069B" time="45.746" classname="com.vrt.testcases.UM1"/>
  <system-out/>
  <testcase name="ADMN025" time="43.833" classname="com.vrt.testcases.UM1"/>
  <system-out/>
  <testcase name="ADMN069C" time="44.325" classname="com.vrt.testcases.UM1"/>
  <system-out/>
  <testcase name="ADMN069I" time="31.648" classname="com.vrt.testcases.UM1"/>
  <system-out/>
  <testcase name="ADMN128" time="33.061" classname="com.vrt.testcases.UM1"/>
  <system-out/>
  <testcase name="ADMN010" time="41.738" classname="com.vrt.testcases.UM1"/>
  <system-out/>
  <testcase name="ADMN031" time="43.123" classname="com.vrt.testcases.UM1"/>
  <system-out/>
  <testcase name="ADMN035" time="38.614" classname="com.vrt.testcases.UM1"/>
  <system-out/>
  <testcase name="ADMN044" time="43.695" classname="com.vrt.testcases.UM1"/>
  <system-out/>
  <testcase name="ADMN067A" time="66.260" classname="com.vrt.testcases.UM1"/>
  <system-out/>
  <testcase name="ADMN045A" time="70.716" classname="com.vrt.testcases.UM1">
    <skipped/>
  </testcase> <!-- ADMN045A -->
  <system-out/>
  <testcase name="ADMN039B" time="57.386" classname="com.vrt.testcases.UM1"/>
  <system-out/>
  <testcase name="ADMN012" time="41.506" classname="com.vrt.testcases.UM1"/>
  <system-out/>
  <testcase name="ADMN011A" time="34.250" classname="com.vrt.testcases.UM1"/>
  <system-out/>
  <testcase name="ADMN007" time="32.645" classname="com.vrt.testcases.UM1"/>
  <system-out/>
  <testcase name="ADMN024" time="41.077" classname="com.vrt.testcases.UM1"/>
  <system-out/>
  <testcase name="ADMN039A" time="47.461" classname="com.vrt.testcases.UM1"/>
  <system-out/>
  <testcase name="ADMN069F" time="44.547" classname="com.vrt.testcases.UM1"/>
  <system-out/>
  <testcase name="ADMN034C" time="45.206" classname="com.vrt.testcases.UM1"/>
  <system-out/>
  <testcase name="ADMN036B" time="53.953" classname="com.vrt.testcases.UM1"/>
  <system-out/>
  <testcase name="ADMN040B" time="57.021" classname="com.vrt.testcases.UM1"/>
  <system-out/>
  <testcase name="ADMN029" time="11.947" classname="com.vrt.testcases.UM1"/>
  <system-out/>
  <testcase name="ADMN034A" time="15.156" classname="com.vrt.testcases.UM1"/>
  <system-out/>
  <testcase name="ADMN130" time="1.467" classname="com.vrt.testcases.UM1"/>
  <system-out/>
  <testcase name="ADMN069A" time="11.961" classname="com.vrt.testcases.UM1"/>
  <system-out/>
</testsuite> <!-- com.vrt.testcases.UM1 -->
