<?xml version="1.0" encoding="UTF-8"?>
<!-- Generated by org.testng.reporters.JUnitReportReporter -->
<testsuite skipped="3" hostname="INAS-LP024" name="com.vrt.testcases.setup_GroupSensorsTest" tests="71" failures="1" timestamp="2021-08-08T05:06:43 IST" time="2133.630" errors="0">
  <testcase name="GS025" time="25.612" classname="com.vrt.testcases.setup_GroupSensorsTest"/>
  <system-out/>
  <testcase name="GS003" time="34.347" classname="com.vrt.testcases.setup_GroupSensorsTest"/>
  <system-out/>
  <testcase name="GS054" time="29.582" classname="com.vrt.testcases.setup_GroupSensorsTest"/>
  <system-out/>
  <testcase name="GS061" time="47.496" classname="com.vrt.testcases.setup_GroupSensorsTest"/>
  <system-out/>
  <testcase name="GS010" time="31.272" classname="com.vrt.testcases.setup_GroupSensorsTest"/>
  <system-out/>
  <testcase name="GS080" time="25.541" classname="com.vrt.testcases.setup_GroupSensorsTest">
    <skipped/>
  </testcase> <!-- GS080 -->
  <system-out/>
  <testcase name="GS031" time="30.527" classname="com.vrt.testcases.setup_GroupSensorsTest"/>
  <system-out/>
  <testcase name="GS046" time="31.658" classname="com.vrt.testcases.setup_GroupSensorsTest"/>
  <system-out/>
  <testcase name="GS075" time="27.289" classname="com.vrt.testcases.setup_GroupSensorsTest"/>
  <system-out/>
  <testcase name="GS001" time="29.051" classname="com.vrt.testcases.setup_GroupSensorsTest"/>
  <system-out/>
  <testcase name="GS020" time="24.868" classname="com.vrt.testcases.setup_GroupSensorsTest"/>
  <system-out/>
  <testcase name="GS028" time="29.130" classname="com.vrt.testcases.setup_GroupSensorsTest"/>
  <system-out/>
  <testcase name="GS014B" time="35.528" classname="com.vrt.testcases.setup_GroupSensorsTest"/>
  <system-out/>
  <testcase name="GS008" time="25.807" classname="com.vrt.testcases.setup_GroupSensorsTest"/>
  <system-out/>
  <testcase name="GS039" time="39.394" classname="com.vrt.testcases.setup_GroupSensorsTest"/>
  <system-out/>
  <testcase name="GS042" time="28.482" classname="com.vrt.testcases.setup_GroupSensorsTest"/>
  <system-out/>
  <testcase name="GS011" time="31.073" classname="com.vrt.testcases.setup_GroupSensorsTest"/>
  <system-out/>
  <testcase name="GS055" time="27.854" classname="com.vrt.testcases.setup_GroupSensorsTest"/>
  <system-out/>
  <testcase name="GS056" time="27.176" classname="com.vrt.testcases.setup_GroupSensorsTest"/>
  <system-out/>
  <testcase name="GS053" time="31.564" classname="com.vrt.testcases.setup_GroupSensorsTest"/>
  <system-out/>
  <testcase name="GS063" time="31.627" classname="com.vrt.testcases.setup_GroupSensorsTest"/>
  <system-out/>
  <testcase name="GS029" time="32.087" classname="com.vrt.testcases.setup_GroupSensorsTest"/>
  <system-out/>
  <testcase name="GS013" time="27.143" classname="com.vrt.testcases.setup_GroupSensorsTest"/>
  <system-out/>
  <testcase name="GS013" time="27.229" classname="com.vrt.testcases.setup_GroupSensorsTest"/>
  <system-out/>
  <testcase name="GS007" time="35.609" classname="com.vrt.testcases.setup_GroupSensorsTest"/>
  <system-out/>
  <testcase name="GS033" time="42.701" classname="com.vrt.testcases.setup_GroupSensorsTest"/>
  <system-out/>
  <testcase name="GS057" time="27.272" classname="com.vrt.testcases.setup_GroupSensorsTest"/>
  <system-out/>
  <testcase name="GS080" time="25.541" classname="com.vrt.testcases.setup_GroupSensorsTest">
    <skipped/>
  </testcase> <!-- GS080 -->
  <system-out/>
  <testcase name="GS018" time="26.878" classname="com.vrt.testcases.setup_GroupSensorsTest"/>
  <system-out/>
  <testcase name="GS043" time="47.620" classname="com.vrt.testcases.setup_GroupSensorsTest"/>
  <system-out/>
  <testcase name="GS032" time="32.096" classname="com.vrt.testcases.setup_GroupSensorsTest"/>
  <system-out/>
  <testcase name="GS048" time="31.116" classname="com.vrt.testcases.setup_GroupSensorsTest"/>
  <system-out/>
  <testcase name="GS073" time="24.729" classname="com.vrt.testcases.setup_GroupSensorsTest"/>
  <system-out/>
  <testcase name="GS023" time="48.006" classname="com.vrt.testcases.setup_GroupSensorsTest"/>
  <system-out/>
  <testcase name="GS049" time="30.560" classname="com.vrt.testcases.setup_GroupSensorsTest"/>
  <system-out/>
  <testcase name="GS047" time="30.824" classname="com.vrt.testcases.setup_GroupSensorsTest"/>
  <system-out/>
  <testcase name="GS014" time="18.711" classname="com.vrt.testcases.setup_GroupSensorsTest">
    <skipped/>
  </testcase> <!-- GS014 -->
  <system-out/>
  <testcase name="GS030" time="40.593" classname="com.vrt.testcases.setup_GroupSensorsTest"/>
  <system-out/>
  <testcase name="GS045" time="31.453" classname="com.vrt.testcases.setup_GroupSensorsTest"/>
  <system-out/>
  <testcase name="GS019" time="24.767" classname="com.vrt.testcases.setup_GroupSensorsTest"/>
  <system-out/>
  <testcase name="GS065" time="27.686" classname="com.vrt.testcases.setup_GroupSensorsTest"/>
  <system-out/>
  <testcase name="SC108" time="25.259" classname="com.vrt.testcases.setup_GroupSensorsTest"/>
  <system-out/>
  <testcase name="GS051" time="30.478" classname="com.vrt.testcases.setup_GroupSensorsTest"/>
  <system-out/>
  <testcase name="GS058" time="30.842" classname="com.vrt.testcases.setup_GroupSensorsTest"/>
  <system-out/>
  <testcase name="GS062" time="29.033" classname="com.vrt.testcases.setup_GroupSensorsTest"/>
  <system-out/>
  <testcase name="GS037" time="28.417" classname="com.vrt.testcases.setup_GroupSensorsTest"/>
  <system-out/>
  <testcase name="GS074" time="26.451" classname="com.vrt.testcases.setup_GroupSensorsTest"/>
  <system-out/>
  <testcase name="GS002" time="34.450" classname="com.vrt.testcases.setup_GroupSensorsTest"/>
  <system-out/>
  <testcase name="GS006" time="32.341" classname="com.vrt.testcases.setup_GroupSensorsTest"/>
  <system-out/>
  <testcase name="GS024" time="25.995" classname="com.vrt.testcases.setup_GroupSensorsTest"/>
  <system-out/>
  <testcase name="GS016" time="27.263" classname="com.vrt.testcases.setup_GroupSensorsTest"/>
  <system-out/>
  <testcase name="GS015" time="27.436" classname="com.vrt.testcases.setup_GroupSensorsTest"/>
  <system-out/>
  <testcase name="GS017" time="28.214" classname="com.vrt.testcases.setup_GroupSensorsTest"/>
  <system-out/>
  <testcase name="GS043_1" time="30.348" classname="com.vrt.testcases.setup_GroupSensorsTest"/>
  <system-out/>
  <testcase name="GS013" time="27.282" classname="com.vrt.testcases.setup_GroupSensorsTest"/>
  <system-out/>
  <testcase name="GS021" time="31.525" classname="com.vrt.testcases.setup_GroupSensorsTest"/>
  <system-out/>
  <testcase name="GS064" time="28.232" classname="com.vrt.testcases.setup_GroupSensorsTest"/>
  <system-out/>
  <testcase name="GS005_1" time="28.925" classname="com.vrt.testcases.setup_GroupSensorsTest"/>
  <system-out/>
  <testcase name="GS036" time="28.360" classname="com.vrt.testcases.setup_GroupSensorsTest"/>
  <system-out/>
  <testcase name="GS050" time="29.906" classname="com.vrt.testcases.setup_GroupSensorsTest"/>
  <system-out/>
  <testcase name="GS009" time="31.219" classname="com.vrt.testcases.setup_GroupSensorsTest"/>
  <system-out/>
  <testcase name="GS080" time="25.592" classname="com.vrt.testcases.setup_GroupSensorsTest">
    <failure type="java.lang.AssertionError" message="The following asserts failed:
	FAIL: Incorrect SW version &amp; Console IP adress displayed in About window expected [1.2.0.15] but found [1.2.0.19],
	FAIL: Incorrect SW version &amp; Console IP adress displayed in About window expected [127.0.0.1] but found []">
      <![CDATA[java.lang.AssertionError: The following asserts failed:
FAIL: Incorrect SW version & Console IP adress displayed in About window expected [1.2.0.15] but found [1.2.0.19],
FAIL: Incorrect SW version & Console IP adress displayed in About window expected [127.0.0.1] but found []
at org.testng.asserts.SoftAssert.assertAll(SoftAssert.java:47)
at org.testng.asserts.SoftAssert.assertAll(SoftAssert.java:31)
at com.vrt.testcases.setup_GroupSensorsTest.GS080(setup_GroupSensorsTest.java:2494)
at sun.reflect.NativeMethodAccessorImpl.invoke0(Native Method)
at sun.reflect.NativeMethodAccessorImpl.invoke(NativeMethodAccessorImpl.java:62)
at sun.reflect.DelegatingMethodAccessorImpl.invoke(DelegatingMethodAccessorImpl.java:43)
at java.lang.reflect.Method.invoke(Method.java:498)
at org.testng.internal.MethodInvocationHelper.invokeMethod(MethodInvocationHelper.java:132)
at org.testng.internal.TestInvoker.invokeMethod(TestInvoker.java:599)
at org.testng.internal.TestInvoker.retryFailed(TestInvoker.java:214)
at org.testng.internal.MethodRunner.runInSequence(MethodRunner.java:58)
at org.testng.internal.TestInvoker$MethodInvocationAgent.invoke(TestInvoker.java:822)
at org.testng.internal.TestInvoker.invokeTestMethods(TestInvoker.java:147)
at org.testng.internal.TestMethodWorker.invokeTestMethods(TestMethodWorker.java:146)
at org.testng.internal.TestMethodWorker.run(TestMethodWorker.java:128)
at java.util.ArrayList.forEach(ArrayList.java:1257)
at org.testng.TestRunner.privateRun(TestRunner.java:764)
at org.testng.TestRunner.run(TestRunner.java:585)
at org.testng.SuiteRunner.runTest(SuiteRunner.java:384)
at org.testng.SuiteRunner.runSequentially(SuiteRunner.java:378)
at org.testng.SuiteRunner.privateRun(SuiteRunner.java:337)
at org.testng.SuiteRunner.run(SuiteRunner.java:286)
at org.testng.SuiteRunnerWorker.runSuite(SuiteRunnerWorker.java:53)
at org.testng.SuiteRunnerWorker.run(SuiteRunnerWorker.java:96)
at org.testng.TestNG.runSuitesSequentially(TestNG.java:1218)
at org.testng.TestNG.runSuitesLocally(TestNG.java:1140)
at org.testng.TestNG.runSuites(TestNG.java:1069)
at org.testng.TestNG.run(TestNG.java:1037)
at org.testng.remote.AbstractRemoteTestNG.run(AbstractRemoteTestNG.java:115)
at org.testng.remote.RemoteTestNG.initAndRun(RemoteTestNG.java:251)
at org.testng.remote.RemoteTestNG.main(RemoteTestNG.java:77)
]]>
    </failure>
  </testcase> <!-- GS080 -->
  <system-out/>
  <testcase name="GS026" time="25.508" classname="com.vrt.testcases.setup_GroupSensorsTest"/>
  <system-out/>
  <testcase name="GS004" time="30.789" classname="com.vrt.testcases.setup_GroupSensorsTest"/>
  <system-out/>
  <testcase name="GS012" time="36.968" classname="com.vrt.testcases.setup_GroupSensorsTest"/>
  <system-out/>
  <testcase name="SC106" time="24.788" classname="com.vrt.testcases.setup_GroupSensorsTest"/>
  <system-out/>
  <testcase name="GS027" time="31.560" classname="com.vrt.testcases.setup_GroupSensorsTest"/>
  <system-out/>
  <testcase name="GS005" time="31.883" classname="com.vrt.testcases.setup_GroupSensorsTest"/>
  <system-out/>
  <testcase name="GS044" time="30.556" classname="com.vrt.testcases.setup_GroupSensorsTest"/>
  <system-out/>
  <testcase name="GS022" time="28.584" classname="com.vrt.testcases.setup_GroupSensorsTest"/>
  <system-out/>
  <testcase name="SC107" time="7.927" classname="com.vrt.testcases.setup_GroupSensorsTest"/>
  <system-out/>
</testsuite> <!-- com.vrt.testcases.setup_GroupSensorsTest -->
